Tue Jun 27 02:08:57 2023: Running validation tests on input files
Tue Jun 27 02:10:58 2023: Finished validating - Submitting job to queue
Tue Jun 27 02:10:58 2023: Job 1687820925 was submitted to queue.
Tue Jun 27 02:11:23 2023: Job 1687820925 started running.
Tue Jun 27 02:11:23 2023: Job Parameters:
Tue Jun 27 02:11:23 2023: Input file: k2-6.zip
Tue Jun 27 02:11:23 2023: Input type: STRUCTURE
Tue Jun 27 02:11:23 2023: CLUMPP search method: LargeKGreedy 
Tue Jun 27 02:11:23 2023: MCL cluster size threshold: 0.1 (default)
Tue Jun 27 02:11:23 2023: Extracting file: "k2-6.zip".
Tue Jun 27 02:15:01 2023: Sorting input files by K
Tue Jun 27 02:19:02 2023: Working on K=2
Tue Jun 27 02:19:02 2023: calling ExtractIndTableFromStructureFiles
Tue Jun 27 02:19:14 2023: calling ExtractIndTableFromStructureFiles
Tue Jun 27 02:19:14 2023: Executing CLUMPP for K=2.
Tue Jun 27 02:19:19 2023: Clustering K=2 with mcl.
Tue Jun 27 02:19:19 2023: no cutoff was used
Tue Jun 27 02:19:19 2023: Executing CLUMPP for major cluster.
Tue Jun 27 02:19:31 2023: Calculating major cluster LnProb mean and standard deviation.
Tue Jun 27 02:19:31 2023: LnProb mean: -385959.891666667
Tue Jun 27 02:19:31 2023: LnProb standard deviation: 72.2350891607446
Tue Jun 27 02:19:31 2023: Working on K=3
Tue Jun 27 02:19:31 2023: calling ExtractIndTableFromStructureFiles
Tue Jun 27 02:20:22 2023: calling ExtractIndTableFromStructureFiles
Tue Jun 27 02:20:22 2023: Executing CLUMPP for K=3.
Tue Jun 27 02:20:36 2023: Clustering K=3 with mcl.
Tue Jun 27 02:20:40 2023: cutoff used: 0.90
Tue Jun 27 02:20:40 2023: Executing CLUMPP for major cluster.
Tue Jun 27 02:21:16 2023: Calculating major cluster LnProb mean and standard deviation.
Tue Jun 27 02:21:16 2023: LnProb mean: -385697.416666667
Tue Jun 27 02:21:16 2023: LnProb standard deviation: 110.101578856373
Tue Jun 27 02:21:16 2023: Executing CLUMPP for minor clusters.
Tue Jun 27 02:21:31 2023: Calculating MinorCluster1 LnProb mean and standard deviation.
Tue Jun 27 02:21:31 2023: LnProb mean: -385802.58
Tue Jun 27 02:21:31 2023: LnProb standard deviation: 111.838799170952
Tue Jun 27 02:21:35 2023: Calculating MinorCluster2 LnProb mean and standard deviation.
Tue Jun 27 02:21:35 2023: LnProb mean: -386529.6
Tue Jun 27 02:21:35 2023: LnProb standard deviation: 0
Tue Jun 27 02:21:35 2023: Working on K=4
Tue Jun 27 02:21:35 2023: calling ExtractIndTableFromStructureFiles
Tue Jun 27 02:22:12 2023: calling ExtractIndTableFromStructureFiles
Tue Jun 27 02:22:12 2023: Executing CLUMPP for K=4.
Tue Jun 27 02:22:13 2023: Clustering K=4 with mcl.
Tue Jun 27 02:22:14 2023: cutoff used: 0.90
Tue Jun 27 02:22:14 2023: Executing CLUMPP for major cluster.
Tue Jun 27 02:22:30 2023: Calculating major cluster LnProb mean and standard deviation.
Tue Jun 27 02:22:30 2023: LnProb mean: -385629.1
Tue Jun 27 02:22:30 2023: LnProb standard deviation: 100.696653370407
Tue Jun 27 02:22:30 2023: Executing CLUMPP for minor clusters.
Tue Jun 27 02:22:41 2023: Calculating MinorCluster1 LnProb mean and standard deviation.
Tue Jun 27 02:22:41 2023: LnProb mean: -385756.65
Tue Jun 27 02:22:41 2023: LnProb standard deviation: 95.5508189394389
Tue Jun 27 02:22:41 2023: Working on K=5
Tue Jun 27 02:22:41 2023: calling ExtractIndTableFromStructureFiles
Tue Jun 27 02:22:55 2023: calling ExtractIndTableFromStructureFiles
Tue Jun 27 02:22:55 2023: Executing CLUMPP for K=5.
Tue Jun 27 02:22:56 2023: Clustering K=5 with mcl.
Tue Jun 27 02:22:57 2023: no cutoff was used
Tue Jun 27 02:22:57 2023: Executing CLUMPP for major cluster.
Tue Jun 27 02:23:08 2023: Calculating major cluster LnProb mean and standard deviation.
Tue Jun 27 02:23:08 2023: LnProb mean: -385692.2
Tue Jun 27 02:23:08 2023: LnProb standard deviation: 178.408576027052
Tue Jun 27 02:23:08 2023: Working on K=6
Tue Jun 27 02:23:08 2023: calling ExtractIndTableFromStructureFiles
Tue Jun 27 02:23:15 2023: calling ExtractIndTableFromStructureFiles
Tue Jun 27 02:23:15 2023: Executing CLUMPP for K=6.
Tue Jun 27 02:23:16 2023: Clustering K=6 with mcl.
Tue Jun 27 02:23:16 2023: cutoff used: 0.96
Tue Jun 27 02:23:16 2023: Executing CLUMPP for major cluster.
Tue Jun 27 02:23:21 2023: Calculating major cluster LnProb mean and standard deviation.
Tue Jun 27 02:23:21 2023: LnProb mean: -385775.233333333
Tue Jun 27 02:23:21 2023: LnProb standard deviation: 103.532365309907
Tue Jun 27 02:23:21 2023: Executing CLUMPP for minor clusters.
Tue Jun 27 02:23:24 2023: Calculating MinorCluster1 LnProb mean and standard deviation.
Tue Jun 27 02:23:24 2023: LnProb mean: -385649.4
Tue Jun 27 02:23:24 2023: LnProb standard deviation: 88.0046021523838
Tue Jun 27 02:23:27 2023: Calculating MinorCluster2 LnProb mean and standard deviation.
Tue Jun 27 02:23:27 2023: LnProb mean: -385544.433333333
Tue Jun 27 02:23:27 2023: LnProb standard deviation: 89.835200970078
Tue Jun 27 02:23:27 2023: Ordering clusters by size for K=2
Tue Jun 27 02:23:27 2023: Calling distruct for K=2.MajorCluster
Tue Jun 27 02:25:13 2023: Calculating best Average Distance between K=2 and K=3..
Tue Jun 27 02:25:13 2023: Calling distruct for K=3.MajorCluster
Tue Jun 27 02:25:17 2023: Calculating best Average Distance between K=3 and K=4..
Tue Jun 27 02:25:17 2023: Calling distruct for K=4.MajorCluster
Tue Jun 27 02:26:11 2023: Calculating best Average Distance between K=4 and K=5..
Tue Jun 27 02:26:12 2023: Calling distruct for K=5.MajorCluster
Tue Jun 27 02:26:14 2023: Calculating best Average Distance between K=5 and K=6..
Tue Jun 27 02:26:14 2023: Calling distruct for K=6.MajorCluster
Tue Jun 27 02:26:16 2023: Calculating best Average Distance between large cluster and K=3.MinorCluster1..
Tue Jun 27 02:26:16 2023: Calling distruct for K=3.MinorCluster1
Tue Jun 27 02:26:18 2023: Calculating best Average Distance between large cluster and K=3.MinorCluster2..
Tue Jun 27 02:26:18 2023: Calling distruct for K=3.MinorCluster2
Tue Jun 27 02:29:08 2023: Calculating best Average Distance between large cluster and K=4.MinorCluster1..
Tue Jun 27 02:29:08 2023: Calling distruct for K=4.MinorCluster1
Tue Jun 27 02:31:51 2023: Calculating best Average Distance between large cluster and K=6.MinorCluster1..
Tue Jun 27 02:31:51 2023: Calling distruct for K=6.MinorCluster1
Tue Jun 27 02:32:29 2023: Calculating best Average Distance between large cluster and K=6.MinorCluster2..
Tue Jun 27 02:32:30 2023: Calling distruct for K=6.MinorCluster2
Tue Jun 27 02:32:59 2023: Creating job summary PDF
Tue Jun 27 02:33:01 2023: Creating job zip file
