process_radtags v2.5, executed 2022-06-07 15:19:38 (zlib-1.2.11)
/opt/Software/stacks-2.5/process_radtags -P -p ../raw/rowE/ -o ./ -b ../barcodes/stacks-rowE-barcodes.csv -r -c -q --inline-null --renz-1 ecoRI --renz-2 bfaI
File	Retained Reads	Low Quality	Barcode Not Found	RAD cutsite Not Found	Total
Pteridium_Plate1_RowE_S213_L002_R1_001.fastq.gz	26761435	2137225	424516	30670084	59993260

Total Sequences	59993260
Barcode Not Found	424516
Low Quality	2137225
RAD Cutsite Not Found	30670084
Retained Reads	26761435

Barcode	Filename	Total	NoRadTag	LowQuality	Retained
AACT	arach1670-1	5534406	2967965	201408	2365033
CCTA	arach205-2	8602358	4576929	304636	3720793
TTACC	arach1133-2	4375576	2225720	162802	1987054
GAGGT	camp3791	180884	116588	4915	59381
AGACGT	gry290	9147056	4729863	335669	4081524
CCGATC	glab105	2131844	1081418	79496	970930
ATCTCGC	arach1643	10493060	5290431	333985	4868644
TATGGCC	wolf-1001	1612696	840065	57855	714776
GGAATTGC	gry321	462	450	0	12
CCTCAGGC	wolf-1002	17490402	8840655	656459	7993288

Sequences not recorded
Barcode	Total
AGATCGGA	64048
TATAGATC	34962
ATCCGCAA	33084
ATAGATCG	31496
TACCAATT	28566
TTATAGAT	23718
CTCAGGCA	21704
TCTCGCAA	20926
ACTCGCAA	14612
CCATCAAT	11986
ATTCGCAA	8676
TATGCCAA	8590
CTAAATTC	7982
CGATCAAT	6648
ATGGCCAA	6504
TTCCAATT	3478
TTGGCCAA	2864
TAGGCCAA	2292
CCCTCAGG	1986
AGAGTAAT	1784
AGCGTAAT	1746
CCGTCAAT	1556
CTCGCAAT	1272
TTTACCAA	1182
ATCGCAAT	1088
AGACTAAT	1084
TCCTCAGG	1068
ANATCGGA	1018
CCAGGCAA	1014
CGCAATTC	978
CCCTAAAT	966
AATAATTC	902
ACCAATTC	772
ATAACGCA	770
CNCAGGCA	714
TCCTAAAT	690
AATCAGGC	660
CAGGCAAT	646
CAACAGGC	568
ACAAAATT	536
TNTAGATC	520
TATCTCGC	516
ANCCGCAA	516
ACACAGGC	514
CNTCGGGC	512
ANAGATCG	504
ACCGCAAT	478
TNCCAATT	474
TCCGCAAT	470
AATAAATT	458
CAAAAATT	444
AAAAAATT	424
AGACCGTA	420
ATCCGCCA	418
CCCGCATT	410
ANTCGCAA	404
TAGACGTA	396
TNATAGAT	388
ATCACTAA	374
ATCCGCCT	368
ATCCGCCC	364
AATCTCGC	360
ACTCCTAA	350
ATCCGCCG	348
AATATAGA	348
CNTCAGAC	338
TNTCGCAA	330
ATCCTCGC	326
AAAAAGCA	322
ATTCTCGC	302
TCAGGCAA	290
ACGTAATT	284
ATCCGCAG	282
TGGCCAAT	274
ATCCGCAT	270
CNTCAGGT	268
AAGACGTA	264
TTATGGCC	256
CNATCAAT	248
AGGTAATT	244
TAGATCGG	232
ATATAGAT	228
ATAACTAA	220
GACCAAGA	210
ATCCGCTG	208
AAAAAAAA	206
ATCCCAAT	202
ACACACTA	196
AAACTAAT	194
CTCATGTT	192
ATGCCAAT	190
AGACTAGA	188
AGATCGAA	186
CATCAATT	186
CTCAGGCT	186
AAAAACAA	184
ANTAATTC	184
ATCCGCAC	180
ANGCGTAA	180
ATCCGCTT	180
TAACTAAT	178
CNAAATTC	174
CTATAGAT	174
CNGATATA	174
ATCCCCTT	172
ATCCGCGT	170
CCCGATCA	168
AGGACGTA	168
ATCCGCTC	166
CTCTCTCT	166
AAACCAAT	166
CATCAGGA	164
ATCCGCTA	160
AGACTAAA	160
TCGCAATT	160
GATCAATT	158
CNTTAGGC	158
ACACTAAA	154
TTCGCAAT	152
TNTCAGGC	152
CNCCAGGC	150
ANACATAA	148
CNTCGGCA	146
ATCCGCGG	144
CNTCAGCA	144
ATATAGCA	142
ATGGCCTA	142
CNTCAAGC	140
ATCCCCTC	140
AAAAAAAT	138
TATGGTTA	138
AAAAAATA	138
ATATCGTT	138
TATGGATC	136
TCCAATTC	134
CTCAGCAA	132
ATCCGCGA	132
ANCCCGCA	130
ANACATAT	130
ATCCGCGC	124
CCCGGCAA	122
ATCCCCCC	118
ACTCAGTC	118
TNTGCCAA	116
TCATCTGC	114
ANTCAGGC	114
ATAAGTAA	114
ATCCCCAA	114
CCACAGGA	112
GCTGGCCA	112
ATCCCCCA	112
ACTCAGGA	110
ANATGTAA	110
TTTATAGA	108
ANGGCCAA	108
CTAGGCAA	108
TCCGATCT	106
CTCGGCAA	106
AGATCAGA	104
ATCCCATT	102
GGCCAATT	102
TAACAAAT	102
CCCTATAG	98
ATCCCCCT	98
TCTCCAAT	98
TATGGTAT	98
ATGCAATT	98
AGATCGGN	98
AGAACTAA	98
ACGCAATT	92
ANCGTAAT	92
AGAACGTA	92
CATCAGTC	90
ACACATAA	90
ACAAAAAA	90
ATCCCCAT	90
AAACAGGC	88
TATATAGA	88
ATCCCTTC	88
CTGGCCAA	88
AAACAAAA	84
GNCTCGCA	84
GNACGTAA	84
ACTGCAAT	82
ACTCCAAT	82
TACCTAGA	76
TATTGGCC	76
TATTGAAT	76
CCGGCAAT	76
TCTGCAAT	74
ATCCCCAC	74
ATCCCATC	74
ACACGAAA	74
ATCAAGCA	74
AAGATCAA	72
TAATGGCC	72
ATCCCCTA	72
TCCGATCA	70
TAAACAAT	70
AGGCAATT	70
CNTCCGGC	70
ATCACACA	68
CTAGATCG	68
TNGGCCAA	68
ATCACTCA	66
ANTAAATT	66
AGACCGGA	66
ATCCCCTG	66
TATAGATA	66
AGATGGAA	64
CCGCAATT	64
CCACAGTC	62
AGATAGGA	62
CCGGATCA	62
AGATGGGA	62
ATTCCAAT	62
ANCACGCA	62
AGAAGAAA	60
ATACTTAA	58
GAGTAATT	58
ATCCCAAC	58
ATTGCAAT	58
ATATCGGA	58
GGGTAATT	58
CATCATGC	56
ATCACCCA	56
AGCAATTC	56
GNTCAGGC	56
ACTCATGC	56
ATCCCACA	56
CCGGTATA	56
CATCGGGC	56
AAACAAAT	56
ANTTCGCA	54
ACTCGGGC	54
TATGCCTT	54
AGGCCAAT	54
ATACGAAA	54
AATAGATC	52
ACCCTTAT	52
ATCCGCAN	52
GNCTAATT	52
ACCAAAAA	52
ATCCCACC	52
AGATATAG	52
ACTCCCCC	52
CCACACGC	50
ATACGCAA	50
ATCCCTCT	50
TATGCCAT	50
AGAACGGA	50
TNTAGCCA	50
TATATATC	50
TAAAGATC	50
ACTCCCAT	48
ATATCACA	48
ATCCTAGA	48
ATCCCATG	48
ATATCTCA	48
ACTCTCTC	48
ATCCCTTG	48
TATAGATN	48
CNACAGGC	48
ATCCCAAA	48
AGACAAAA	46
TTAAAAAA	46
CNAAAATT	46
TACCAATA	46
ATCCCTCC	46
GTATAGAT	46
ATCCCTCG	44
TCTCGCTA	44
ATCCCAGC	44
TNACAATT	44
GGCAATTC	44
GGATGGTT	44
ACAATAAA	44
AGACCAAA	44
ATATCGAA	44
ATAGATCN	44
ATAGATCA	44
ATTCCGCA	44
ATCCCAAG	44
ATCCCAGA	44
TAATAGAT	42
TAACAATT	42
CNCTCAGG	42
CCACATGC	42
ATCCCTTT	42
ATAACAAT	42
GNCGTAAT	42
AGATAGAT	42
CACAGGCA	42
TATAGAAC	42
ATCCCACT	42
ATCCCCAG	42
ATTCGCAG	42
ACAATCAA	40
CNTTATAG	40
ATAACAAA	40
ATTAGATC	40
AGGCATAT	40
TCCCCAAT	40
TTATAGAA	40
ATCAGGCA	40
AAAACGCA	40
CGGCAATT	40
ATCCCATA	40
AGATTGGA	40
CGATCATT	38
TTAAAGAT	38
ATAGAACG	38
CAGATAAA	38
ATTCGCAT	38
ACCGCATC	38
AGACTCTT	38
TNTGGCTA	38
ATCACGAA	38
ACTCCATT	38
ACAAAGGC	38
ANATCGCA	38
ACTCCCTC	38
CAAAAGCA	38
ACTCCATG	36
CNTCAGGG	36
ATAATTCA	36
ACCGCCAT	36
ACTCCTTC	36
ATAGGTCG	36
ATCCCTGC	36
ATCCCTCA	36
ATCCCCGA	36
GGTCAGGC	36
ATCCACTA	36
ANAGTAAT	36
TACCAATN	36
CNAATCAA	36
ATAAAGCA	36
TAGCCAAT	36
ACTCGCTA	34
AGTAATTC	34
CCATATAG	34
ATCCCCGC	34
CCACAATT	34
ATCCCTAC	34
CCACGGGC	34
CCGTATAG	34
CTCATGCA	34
CAGAACAA	34
TTAAAAAT	34
ATTCGCCT	34
ATTCCGAT	34
TACATGCT	32
GATAGATC	32
ACTCCCCT	32
CACAGCTC	32
ACTCCCTT	32
ACTCTCTT	32
ACTCCCAC	32
ATCAGCAA	32
ATCACTAC	32
CNTCAGGA	32
ATCCCTAA	32
TTGGCCTA	32
ATCCCTAT	32
CATCACGC	32
CAATCAAT	32
CAAAAGGC	30
AGATCGGG	30
ACCAGGCA	30
ATCCCAGT	30
TACAAATT	30
ACCGCCAA	30
ACTCACGC	30
ACCGCATG	30
ACTTATAG	30
ATAACTCA	30
ATCCCTTA	30
ATCCCGTT	30
ATCCCTGA	30
ATCGATCG	30
ACTCCATC	30
CNTCTGGC	30
ACTCCCAA	30
ACAAAATA	28
ACTCCCTA	28
ATTCGCGA	28
CTAATTCC	28
ACCCCAAA	28
TTATGGAT	28
ATATATCG	28
CTCAGGCG	28
TNTAAATT	28
CCACAGAC	28
ACCGCCCT	28
CCACAGCC	28
GNTAAATT	28
CACATCAA	28
CNTCATGC	28
ACCGCAAG	28
TNGCCAAT	28
TATGCCTA	28
CCAGCATT	28
AGATCTGA	28
AAACTAAA	28
AATCACCA	26
TACCAAAT	26
ATTCGCTA	26
ATCCCGTC	26
ACACAGGA	26
ATCCCTAG	26
TATAGATG	26
ATTCGCCA	26
ACCGCAGC	26
ATACAAAT	26
AAACCAAA	26
GTTGGTCC	26
ACTCCTTT	26
TATAAATC	26
AAAGGCCA	26
TNATCAAT	26
ACCGCCCC	26
ATCCCCGT	26
ACCGCTTG	26
ACTCAGGT	26
CAAAAAAT	26
AGACTACA	26
AGACTATT	26
ACCGCCAC	26
TTATAGAN	26
ATCCTCAA	26
ATAGATGG	24
ACCATCAA	24
AATCTTTG	24
AGATTATA	24
TNACTAAT	24
AGGTCGGA	24
TCTCGCAN	24
AGACTCAT	24
TGTGTGCA	24
ACCGCCGC	24
ACTCGGAA	24
ATCCCAGG	24
ACCGCCTA	24
ACCGCCTC	24
TATGCCAC	24
TATTATAG	24
CAAAAATA	24
TTATATAT	24
AGTCGGAA	24
ACCCATTT	24
TNCTAAAT	24
AAACTCAA	24
TATGCCTG	24
ACAATAGA	24
TACCGATT	24
AGACTCAA	24
ACCGCAAC	24
ATCACCAA	24
AGACTCCA	22
AAAACTAA	22
TTCCTTCA	22
CNGATTAT	22
CATCAGGT	22
TGCCAATT	22
ACTCGCAN	22
ATTCGCAC	22
CNCGCAAT	22
ACATCAAT	22
ATCCGGCA	22
ATCCGGAA	22
TCTCCCTC	22
ANGACGTA	22
AAGGGAGG	22
TTAAGAAT	22
AGAGTTAA	22
ACTCGTCC	22
ACCCGCAA	22
ACCCCTTC	22
ATCGCCGC	22
ATTCGCCC	22
AGGTATAG	22
TAAATGCT	22
ACGAACAA	22
ATAGATAG	22
CTCAGGCC	22
ATCCGAAA	22
ATGGCCAT	22
TCTCGCAC	22
ATCGGGCA	22
TCCGTTTT	22
TATGTCAA	22
ATCCCGAA	22
CATCAGAC	22
GTCTCACA	22
ATGGCAAT	22
TTTGCCAT	22
CATCAAGC	22
ACCGCTGC	22
TATGCTAG	22
CATCAGAA	22
ACCGCCAG	22
ATCCCCCG	22
CTTCGGGC	20
ATCAGCAG	20
ACTCCAAC	20
ATCCCGGC	20
TTGGCCTT	20
AGACTGTG	20
TCACGCAA	20
ANACCAAT	20
ATCGCCCC	20
CCACAAGC	20
CNCAATTC	20
ATCCCGTA	20
CATTAGGC	20
AGAGTATA	20
CGATCTAG	20
CCCCGGGC	20
AGACTCTC	20
CAAAAAAA	20
CATCAGCA	20
TNCGCAAT	20
ANGATCAA	20
ATCCCGAC	20
ACCCTTCC	20
ANCGCAAT	20
CCATCAAN	20
ACCCCTTT	20
ATCCACAA	20
AGATCGCA	20
TCTCGCAG	20
AAAGATCG	20
TCTCCATC	20
ACTCCTCA	20
TTGGCCAT	20
ACAAAAAT	20
ACTCGCAT	20
CATCAGCC	20
ACTCCTCT	20
ACCGCCTT	20
ATCAATTC	20
ACTCAGAC	20
CCACACCC	20
ACCGCCCG	20
TCTCACAA	20
AATCAGGA	20
ACTCCTTG	20
CNTGAATT	18
CACAGAAT	18
ACCGCAGA	18
GAGTATAG	18
TATGGGGG	18
ATTCGCAN	18
ATCCAATT	18
ATACTAAA	18
ACTCCCTG	18
ATAACCAA	18
AGATCGTA	18
ACCCCATT	18
TCTCCTCT	18
AGGTGGCC	18
AAACGAAA	18
ACTCCGCC	18
ACTCGCCC	18
CCCTCTCT	18
AGACTATA	18
ANACGCAA	18
TATGTACA	18
CAACATGC	18
ATACATAA	18
ACTCGCAC	18
TTGTTTTG	18
TATGCCTC	18
ACCGCATT	18
TGTCCATA	18
TATGCAAT	18
AGAGTCCC	18
ATCACATA	18
CCCCAAAA	18
TCCCGCAA	18
CCCGGGCA	18
ACCGCTTT	18
AGACAAAT	18
CGATATAG	18
TAAGGCTA	18
ATCACTCC	18
TNTGGCAA	18
CCACAGTA	18
ATATATCA	18
ATAACACA	18
ATAGAGCG	18
CCGTTATA	18
AGACTCCC	18
ATTCCCTC	18
TNTGACCA	18
AATGGACA	18
ACTCCAAA	18
ATAAAGAA	18
AAAAAGCC	18
TCTCGAAA	18
CTCTATTA	18
ACTCCACC	16
ACCCAAAT	16
CAAATAGA	16
CCCCAGAC	16
CAACAGTC	16
TGAGGTAA	16
TATGGTAG	16
TATGGGTA	16
ACCCAAGG	16
ACACTTAA	16
TATGCTCT	16
CTCTTGCT	16
ACCCCACA	16
TNACAAAT	16
CCCGAAAA	16
ACCCCACT	16
TATTCCCA	16
TATGACAA	16
ACACTTAT	16
TATCGCAA	16
TCTCGCAT	16
ATAGATTG	16
TAACGGAA	16
ANTTAATT	16
CTCTCACA	16
AGAACAAA	16
ATCGCGGC	16
CNGACAAT	16
ATAAATCG	16
ATCCCTGT	16
ACTCGCCG	16
ATCCCTGG	16
ATCCCGGA	16
ACTCCCAG	16
ACTCCTGA	16
GCGCAGGC	16
TAGGCCAT	16
ACTCCTCC	16
ATCCCCGG	16
ATTCCCAA	16
TCTGGCAA	16
ACAAAGAC	16
GGTCAACA	16
TTATAAAT	16
ACTCCCGC	16
CNGTCAAT	16
ACTCCCCG	16
ATGGATCG	16
ACTCAGCA	16
TTATTATA	16
CCACGTAA	16
TGATTATA	16
ANACCGTA	16
ACCCCCTT	16
ATCGCCAC	16
ACTCCACT	16
TGCAAGGA	16
AGACTAGT	16
GGATCGGA	16
ATCGCCCT	16
ACCCCTCT	16
ANCCAATT	16
CCATCAAA	16
ATCGCCTA	16
ACCGCAAA	16
ATTCGCTC	16
CNTTCAGG	16
ACCGCCTG	16
ATCGCCTT	16
TCTCGGCC	16
ACGATATA	16
CNACCAAT	16
ACGATAAA	16
ACTCCAGC	14
ACCGCGTC	14
ACCGCGAT	14
AGACTGCA	14
ACTCAGTA	14
ACACAAAA	14
ACCCAAAA	14
ACACACGC	14
ACCCTTTT	14
AGACTCAC	14
ACCCCCTG	14
AGACTATC	14
ACACTAAC	14
ACCCCTCC	14
AGACTAGG	14
AGACTAGC	14
TCTCCCTT	14
ACCCCATC	14
TCCCCCTT	14
AGACAGAT	14
ACCGCTCC	14
AATGCCAA	14
ACTTAGAT	14
ACTCTCAA	14
ACTCGAAA	14
TCTCTAGA	14
TCTCAGGA	14
ACAGATCG	14
TCTCGCCT	14
ACCGCTGT	14
ACTCCCCA	14
TAACAAAA	14
ATATCCAA	14
CNTCAGTC	14
CCACACTC	14
ATAAGTGA	14
ATAACGAA	14
ATAAATTC	14
CNCTAAAT	14
CNAGGCAA	14
ATAAAATT	14
CCATCAAG	14
CTAAATTA	14
ATAAAAAA	14
TAAGGACA	14
TAAGGCAA	14
CGTCAATT	14
TAATTCTT	14
TACAATTC	14
ANCAATTC	14
AATAAATA	14
AATAAGGC	14
GCAATTCC	14
CTTCAACA	14
CACAACAA	14
ATTCGCCG	14
CACCAGGC	14
CTTTATAG	14
ATTCCCAT	14
ATGTATGC	14
ATGGGGGG	14
ATGCGCAA	14
CTCAGGTA	14
ATAAGAAA	14
ATCGCCAA	14
TTTCTTCA	14
ATCCGAAT	14
ATCCCACG	14
CATTATAG	14
CTACGCAT	14
GGGTTATA	14
TTATAGAG	14
CTAAGGCA	14
TATGGGAG	14
TATAGATT	14
AGCCATTA	14
TATGGGTT	14
TATTAGAT	14
TATCAGGC	14
TATCCAAA	14
TATGTCGA	14
CCCCTCTT	14
TATGGATA	14
ACTCCAGA	12
CTCAGGCN	12
ATCCCGGT	12
ATCGCCTG	12
ACCATGGC	12
ACCGCGGC	12
GGAGGTAA	12
CATCCGGC	12
CTCACACA	12
ATCGCCGA	12
ACCGCTCT	12
CATCAAAA	12
ATCGCATT	12
ACCCAGCT	12
ACCGCGTG	12
ACTCCGTA	12
CCACACGA	12
CNGGCAAT	12
GTCCGCAA	12
TATGGAGT	12
ACCCCCAA	12
TATGGATT	12
ACTCCTAC	12
ATCACCCT	12
ACTCCGTG	12
ACCGCGAA	12
ATCCACAT	12
ACTCCCGT	12
ACTCCCGG	12
ATCCACCA	12
CTACAGGC	12
ATCCACCT	12
AGATCGAG	12
TNAGGCCA	12
ATCCCGAG	12
CTGCCTAC	12
TCTCCATA	12
ATTCGCGG	12
TCTCCATG	12
TCTCCATT	12
TATTGCAA	12
ATTCTCTC	12
CTGAGGCA	12
ATTGCCAA	12
ATTGCCAG	12
CACCAATT	12
CTTCAGGN	12
TTGGGGGG	12
TCTCCTCA	12
CAACATTC	12
TCTCCTGC	12
TCTCCTTC	12
TCTCCTTG	12
TATTTCCA	12
ATTATAGA	12
CTCAGACA	12
ACCGCTTC	12
ACCCATCC	12
CCGCGGGC	12
GCAATTCA	12
ACTCAGGN	12
AGCCTTAT	12
ATGCTTTA	12
CCCTTCTA	12
ACCGCTGG	12
ATTCCAAG	12
ACCCAAGC	12
ATTCCCCA	12
TTTAAAAA	12
CTCTCTCA	12
ATTCCCTT	12
AAAAAACA	12
TATTGTTG	12
CCCCGGCA	12
ACTCTACA	12
TNTACCAA	12
TTTTATAG	12
ANCCGTAA	12
TACCAGTT	12
TCCGCAGC	12
AGACTAAC	12
CNCAGGCT	12
TCCATTTT	12
TATGACAT	12
TCCCAATT	12
ACCCCTCA	12
TCCCTGTC	12
TAGGCAAT	12
AGGCGGAA	12
TCCCTATT	12
CGCAGGCA	12
CCATCATC	12
TAATGCTT	12
ATAAAACA	12
ATAAAAAT	12
ACCCGTTA	12
CCATGAAT	12
ANTCTCGC	12
ACCCCTGG	12
AGACTGTT	12
TAAGTCCA	12
AGACTGTA	12
ATAATTCC	12
ACCCCCCT	12
TGATTAAG	12
CCACATAA	12
ACCGCATA	12
CCCCAGGA	12
AGAGTTAT	12
ATAAGCTT	12
ATAAGCAT	12
ANACGGAA	12
ATAAGATT	12
ATAAGAGC	12
TAGGCCTC	12
CCCCAAGC	12
ACCGCACT	12
TATGCAGC	12
ACTCGGCA	12
ANCAAATT	12
TAAACAAA	12
ANATAATT	12
ACCGCAGT	12
AATAAAAT	12
CCCCAGGT	12
CCCCAATT	12
ACCCCTCG	10
CAACAGCT	10
ACCCCTAT	10
TCTCGGAA	10
CTCTCCTC	10
CTCCTTCA	10
CTCTTCCC	10
CTCCAGGC	10
CGCAACAA	10
TCTCTCTC	10
TCTCCTTT	10
CCGTCCAA	10
ACCGCCGG	10
ACCGCACA	10
CCGGGGAA	10
ACCGCACC	10
CCACATGA	10
CCACATCC	10
CTAATTCT	10
ACCCATAT	10
ACCGCCGT	10
AAAAAAAC	10
CNGACCAA	10
CTAATTCA	10
ACCGCCGA	10
CNTCCAGG	10
ACCGCCCA	10
CCACAGCA	10
CNTCAGAT	10
CNTCAAGG	10
CCCTCATT	10
CCCGCGAC	10
TCTCTCTT	10
CCATCTAG	10
CTCCAATT	10
CCATCGAT	10
ACCCTCTT	10
TCTTGGCA	10
CTCAGGAA	10
CCACACTA	10
ACCCTGTT	10
ACCCCTTG	10
ACCCTTGA	10
ACCCTTTC	10
ACCCATAC	10
ACCGCGTA	10
CCACTGGC	10
CCACTCAA	10
ACCCCAAC	10
CATGCAAG	10
AGAAAAAA	10
TCCCCAAC	10
TAATTAAG	10
TCCCCACT	10
TCCCCCAA	10
TCCCCCCT	10
ANTATAGA	10
TCCCCGTG	10
AGAATTCA	10
AGAATTAA	10
TCCCCTCC	10
ANTTATAG	10
ATAAAATA	10
AGAAATTA	10
TCCCATGG	10
ATAAACAT	10
ATAAACTG	10
ATAAACTT	10
ACTGCATC	10
ATAAAGTC	10
TAAATTCC	10
ACTGCAAA	10
ATAAATCA	10
TCCGCCAG	10
ATAACAGG	10
ATAACCTG	10
TCCGCCTT	10
ATAACGTT	10
TATCGACA	10
AGCAAAAA	10
AGCCAATC	10
AGATTAAT	10
AGCCCAAA	10
TATGTCAT	10
AGCGTATA	10
TATGGTTT	10
TATGGTTG	10
TATGGGAA	10
TATGGATG	10
TCAGGCCA	10
TATGCAAA	10
TATGATCC	10
ACTCGCGA	10
AGAGGGAA	10
AGAGCGGA	10
TAGTAGAT	10
AGACTGCT	10
AGACTGAC	10
ANACGAAA	10
AGACTCTA	10
ANACGAAT	10
ANACTTAA	10
ANAGGTAA	10
ANCCGCCT	10
TACCAATC	10
TACCAAGT	10
ATTCCATC	10
ATCGCCAT	10
ATCGCCCA	10
ACTCCACA	10
ATCGCGAG	10
GGAGCAGG	10
ATCGGCAA	10
ACTCATTC	10
GCGTAATT	10
GCCTCTAA	10
ATGCCAGC	10
ATGCCCCT	10
ACTCAGCC	10
ACTCACTC	10
ATCGCACA	10
ACTCACGA	10
ACTCACCA	10
ACTCAAGC	10
ATTCCCCC	10
ATTCCCTG	10
ATTCCTTT	10
TCTCCACT	10
ATTCGCGT	10
TCTCCCAA	10
TCTCCCAT	10
ATTTGCAA	10
TCTCCTCC	10
CTTCAGGA	10
ACTCCTAG	10
ACTCGAAT	10
ATAATAAA	10
ATAATCAA	10
ATAATTGT	10
ACTCCTTA	10
ACTCCTGC	10
ATACAAAA	10
GTCTCTCA	10
GTCTCCAA	10
ATAGATCC	10
ATATCCCA	10
GNTGGCCA	10
ACTCCTAT	10
CTTCAAGC	10
ATCAAGAA	10
ACTCCGTC	10
ATCAGCAT	10
ATCAGCCA	10
GGGTATAG	10
ACTCCCGA	10
ATCCACTT	10
ATCCAGAT	10
ATCCCGAT	10
GGCTCGCA	10
GGCTAATT	10
ACTCCATA	10
ATCGCAAC	10
TNTGGTCA	10
AAGCTTAT	10
AAACTTAT	10
TTCTTGCA	10
AAACATTA	10
AAACGCAA	10
ACAAATTC	10
AATCGCAA	10
ACCAAACT	10
AAAATAGA	10
ACACATTA	10
ACCCAAAC	10
TTTCGTTA	10
AAGAACAT	10
ACATCGGA	10
ACAAGTAA	10
ACACAGTA	10
TNGATCAA	10
ACACACTC	10
TNAACAAT	10
AGAAGGAA	8
ATCGCATG	8
GTATCGCA	8
CCAGGCGC	8
CGCAGCTC	8
CTCATGCT	8
ATCGCTGT	8
GGACATAT	8
TCTCTCAA	8
ATCGCTTG	8
CTCATGTG	8
TCTCGGCA	8
TAACGCCA	8
CTCCAAAA	8
CCACAGGT	8
ANACTAAT	8
TCTCGTAA	8
ATTCGCTG	8
CCGGAAAA	8
ATATCGTA	8
AATAAAAA	8
AGCACTTA	8
TAGAGCCA	8
ACACGCAA	8
TAGAGCCT	8
ATCGCCAG	8
ANGTAATT	8
TATGCCAN	8
TTGGCCTC	8
ATCGCGAA	8
TATGCATC	8
ATCGCTGA	8
TTAATGAG	8
ATCGCGTA	8
AAGGCCAA	8
AAAAAGAA	8
ACACTAAT	8
GTAGATCG	8
CTCTGGCA	8
ATATAGAA	8
ATATACCA	8
ACACTCTA	8
AGCAACTC	8
ACCGCTCA	8
ATTCCCCT	8
ATTCCCAC	8
CTCCATAG	8
GTCGCAAT	8
ATTCCATG	8
TCTTATAG	8
ATTCCATA	8
ACCGCTTA	8
CCCTTCCT	8
ACCGCTGA	8
CTCGGGCA	8
TNGACGTA	8
TCTTCCCT	8
ACCGCTAC	8
ANAAGTAA	8
GTCTCTCT	8
TGCCTTAT	8
TCCCCATG	8
TCCCCATC	8
TCCCCAGA	8
CTAATTTC	8
ACCGCGCC	8
ACATCGCA	8
TCTGCCAT	8
TTGGCCAC	8
TTGGCACA	8
TCCCCTTG	8
AAACTTTA	8
TCCCCTTC	8
ATTCGAAA	8
ATAGATCT	8
TCCCCTGG	8
ATTCCTTG	8
CCCTCCTT	8
ATTCCTTC	8
TAGCAGAT	8
CTACGAGG	8
TCCCCTCT	8
ATAGATAA	8
ATAAAACT	8
ATAAAAGT	8
TCTGGACA	8
GCTCGGGC	8
TCTGGCTC	8
GCTCGCAA	8
CTCTATGC	8
ATCCCGTG	8
TTCAGGCA	8
CCACGTCC	8
CATGACCA	8
ATCATGCA	8
ACTCCGAT	8
ACTCCGGC	8
ATCATAGA	8
AGCCGCAA	8
ATTTTTAC	8
CCCCATCA	8
TTGTAGAT	8
CCGTGCAA	8
CCCCATGC	8
CTGGCACT	8
TATGTAGA	8
TNACTATA	8
ANCCTCGC	8
ACTCCTGT	8
TAATTCAA	8
TTATACAT	8
TATGGTGT	8
ACTCGCAG	8
ATCCGATA	8
ACTCGCCA	8
CGAACAAT	8
ATCCACCC	8
TCCGCTTC	8
ACACACAC	8
TACCAACT	8
ATCCAGCA	8
TACAGATC	8
CAAATCAA	8
ACTCCACG	8
ACTCACTA	8
CAACAGGA	8
CNCGATCA	8
CATCTCCT	8
CCCCAGCA	8
ATCCATCT	8
ACTCACAA	8
ACTCCAGT	8
CTCAAAGC	8
TGGCCCTT	8
AGCGAAAA	8
TGGAGTCG	8
ACAAGAAA	8
AAAACGAA	8
GGGCGTAA	8
TGGCCTCA	8
AAACATAC	8
CGATAAGA	8
ATCCTCTG	8
ACTGACAC	8
TCTCATGC	8
ACTGCCAA	8
TAAGCCCA	8
CTGATATA	8
ATCAACAA	8
CGATCGGA	8
ATCAAAGC	8
ACTGGCAA	8
TCTCCAGA	8
TCCGCAGT	8
TCCCTTGT	8
ATCAAAGA	8
ACACCTAA	8
ATCGCACT	8
ATCGCAGA	8
TCTCCCAC	8
TTGGCAAA	8
ATCGCAGT	8
ANGCGTAT	8
ATCGCATA	8
TCTCCCCT	8
TCCGCCGC	8
ATCACTTC	8
TNAGGCAA	8
CTTCGGCA	8
ATCACTGC	8
ACACCAAA	8
TATGGGTC	8
CTCAATTC	8
AAACAGGA	8
TATTGAGC	8
ATCCGTAA	8
GGTGGCCA	8
ATCGCATC	8
TCCGCCGA	8
ATCACCTG	8
TNACAAAA	8
TTAGATCG	8
ACTCTCGC	8
ATCACCAT	8
AGCCAACA	8
GGCATGTT	8
ATCACAAT	8
TAAGGCTT	8
TCTCAGCA	8
TAGTTATA	8
ATAATGAG	8
ATAAGATC	8
ATAATCTT	8
CGGCATAT	8
GCATCCTG	8
CCATTGTG	8
CCGCCACC	8
ACCCATTG	8
CCATCTGT	8
TTTGCCCT	8
ATAAATTT	8
ATAAGCCA	8
ATAACCCA	8
CCATCACT	8
ACCCCAAT	8
AGTCATTA	8
ACCCCACC	8
AGGCTTAT	8
CCGCCCCT	8
AATCAACT	8
CCGCCCCA	8
ACCCAGGC	8
ACCCAGTG	8
ACCCAGTT	8
ATGCCGCA	8
CTCCCTCT	8
TATAGCAA	8
ATAATGTT	8
ACCCTCCT	8
AGGCTTCA	8
CCATTTTG	8
ACCCTCAC	8
ATAATGGC	8
ACCCATCT	8
ATAATGCA	8
ATAACATG	8
ACCCCCCA	8
ACCCCCCC	8
GCAATTCT	8
ACCCCTAG	8
ACCCCCCG	8
ACCCCTAA	8
TAAAAAAT	8
ACCCCCTC	8
ATAAGTGC	8
AGACTGAA	8
TNCTCAGG	8
AGACTGAT	8
TATAGAAA	8
ACCCCGCT	8
ATGGCCAC	8
ACCCCGCA	8
CCATGTAA	8
AGACTCCG	8
AGGGGGGC	8
AGACTACT	8
ATAAGGCT	8
TGTGGCTA	8
ACCCGAGT	8
AGGGTAAT	8
ATGGCCTC	8
CCATTATA	8
CTCCATTA	8
ACCCCTGT	8
AAACGGAA	8
AGACTGTC	8
ACCCCTGC	8
AGACTCCT	8
ACCCCCAT	8
AGACTCGC	8
ATAAAGGA	8
AGTTCGGA	8
CAGGCAAA	8
ACCCACTC	8
AGATCCGA	8
ATAAATAA	8
CCCTTTGC	8
CCGCCTCT	8
TCCCAGAT	8
TCCCATTG	8
ATAAAGTG	8
TCCCATTC	8
TCCCAGGC	8
CCACAAGA	8
ATGTGTGC	8
CCCTTTTT	8
ACCCACCA	8
TAGGCCTA	8
AGAGTCTT	8
CCATAGGT	8
AGAGTGAA	8
ATAACTTC	8
TCATCTAC	8
ACCCAATT	8
TAGGCCGA	8
AGATCGGT	8
ATAAAGCT	8
AATGCCTC	8
TTTGGAGT	8
CCATCGCT	8
TNCGGCCA	8
ATAATTTT	8
ATAAAGAG	8
ATAATTTC	8
AGAGGAAT	8
CTCCTTCC	8
ATAATTGC	8
AGGCATTA	8
TGCCCTCT	8
TATTGCTA	6
TCATAGGC	6
AGCATTAT	6
AGCCATGG	6
CATCATTC	6
TTTCGCAA	6
CGACCAGA	6
ATAAGGGA	6
TATTGCAT	6
TCATCCGC	6
TCCGCGCT	6
AGAGTCAT	6
CNCGGCAA	6
TATTGACA	6
ATAACCTT	6
GGGCCTTT	6
TCCGCGGC	6
CATCACAC	6
CCCCCATC	6
CCATGCCT	6
AGACTGCG	6
ATCACCCG	6
AAACAATT	6
AGACTGGA	6
CCACTCCT	6
AGACTGGG	6
AAAAGATC	6
ATAAGGGT	6
ATAAGGTG	6
CCCCAAAT	6
ATAACGGC	6
ACTCGTTC	6
TCCGCTCC	6
ACAATTCA	6
CTATTTTG	6
ATCACCAC	6
TCCGCCAC	6
AATGGCAA	6
ATCCAATG	6
CGTCCGGC	6
ATCCAATC	6
AGAGTCTG	6
CTCACGCA	6
CCATCCAT	6
ACTCGTAA	6
CATCATGA	6
CGTCAGAC	6
ACTCCTCG	6
AAGATTGA	6
CTGGCATG	6
TTAAGAAA	6
CTCAAGCA	6
CCCCCAAG	6
CAAGAGGA	6
ATAAGAGA	6
ATAAGACC	6
CAGCCCCT	6
CCCCCAAA	6
CTGGGCCC	6
ATCATAAA	6
CGTCAGCA	6
CCCCATTC	6
ATAAGAAG	6
ACTCCGGG	6
TCCGCTGA	6
ACAAAGTC	6
CGACACCA	6
CGACAATT	6
ACAAATAA	6
TCATTTGC	6
TGGCCTAT	6
TGGCCTGC	6
AGAGCTAA	6
ATAACTTG	6
ACAACAAA	6
CCCCAGGN	6
ACTCGCTG	6
TTTGGGTT	6
ATAAGGCC	6
CTGCTTTT	6
ATAAGGAA	6
ACTCGCGG	6
TCCGCTCA	6
ATAAGCTC	6
ATAAGCTA	6
ATCAGAGC	6
ATAAGCGG	6
CCATCCTA	6
CTCCCTCC	6
ATCAGCAC	6
ACTCGCTT	6
ATAACTCG	6
CCATCCTT	6
AGAGTGTC	6
CCCCAGTA	6
CCATCTTC	6
CCCCAGTC	6
TCCGCTCT	6
ATCCAAAA	6
ATAACCCG	6
ATAACCCT	6
CGACAACA	6
CTCCCTTC	6
ATCAGCCC	6
TTCAAATT	6
TCCCAAAG	6
AAGGACTC	6
ATAAAAAG	6
AAGACGTT	6
CGCCATGC	6
TCCCCTTT	6
TTAAAGAA	6
ATAAATCT	6
TCCCAAAC	6
ATAATTCT	6
ATAATTGA	6
CAGACAAT	6
CACCTTTG	6
TTAAACTC	6
ATACAACC	6
TTAATACC	6
TCCCCTCA	6
ANTCGTAA	6
ATAATGAT	6
TTAATCAA	6
ATAATGCC	6
CACCATCC	6
ATAATGCT	6
CGCAGGGG	6
CAGAGCAA	6
AGCAAAAT	6
TCCCCTAT	6
ATAATGGT	6
ATAATGTC	6
CTCCACCA	6
ATAATTAA	6
AAGGAGAT	6
ATAGCATT	6
CTCCACTA	6
CTCTCCCT	6
CGCTCAGG	6
ATAAAGCG	6
CTCGCAAA	6
ATAAACCA	6
AATCTTTA	6
ATAAAGAT	6
AGATGCAA	6
TCCCCCCC	6
CGCTCCGC	6
GTCTACAA	6
ATACGAAT	6
AGACCCGA	6
TCCCATTT	6
TGTCGTTA	6
TGTCGTTC	6
TCCCCACC	6
GTGAGGTT	6
TCCCCACA	6
ATACATCG	6
CCATCAAC	6
ATAAATAG	6
GTCCCGCA	6
AAAATTGA	6
TCCCACTT	6
CGCCTAGG	6
CGCCTCCA	6
TCACAGGC	6
ATAATGAC	6
ATAAACAA	6
CCATAACA	6
CTCTATCC	6
AGACAGAA	6
TCCCATCA	6
CCATAAGA	6
CCATAATG	6
CCATAATT	6
TCCCTTGG	6
TGTGGTAT	6
ACTGCGTT	6
TAAGCCAA	6
CACAAAAA	6
AGAGTTTT	6
ATCAAATA	6
TCCCTTTC	6
AGACTCGT	6
ACTGCCTG	6
CCATCATA	6
AAAGTAAT	6
ATCAAAAC	6
CGATGAAT	6
TCCCTTAA	6
ATCAAAAA	6
ACTTAATG	6
CTCCCCAA	6
CCAGAGGC	6
AGAGTTGA	6
TTTCAGGC	6
ACTGAGGC	6
CGATCAAG	6
CGATCAAN	6
TCCGCACT	6
CGATCAGT	6
CGATCATC	6
TTAATTCA	6
ACTGCATT	6
ACTGCCAC	6
CTGCAATT	6
ACTGCCCT	6
ATAACATC	6
ATCAAGCT	6
TTAATTGT	6
ACTGCCTC	6
ATATCCCT	6
TCCCTCCT	6
AGACTAAG	6
ACTTGACA	6
CAGATATA	6
CTCTTTCA	6
TTAATGAA	6
ATAACAAC	6
ACTTGCTT	6
TGTGCATT	6
CTCAGTCA	6
AGATATGG	6
AGCAAGAA	6
TCCCTACA	6
TCCCTAAG	6
CCAGGCCC	6
GTTCGCAA	6
TCCAGGCA	6
AGACTACC	6
AGATAATT	6
TGTGGCTT	6
CCATTCAA	6
ATAATACA	6
CTCCCATG	6
AAGCCCAA	6
ACTTAGGC	6
ATAATCAC	6
ATCACAAC	6
ATATGCAA	6
TCCCTCTC	6
TATTTTGT	6
TTAATGTG	6
TTAATGGA	6
ATAATCCA	6
TTAATGAT	6
ACCACCTC	6
TCTCGCCA	6
ATCGCTCT	6
ATCGCTCG	6
ATCGCTCC	6
ATCGCTCA	6
CCGGAGGC	6
TTTGGCGT	6
TATGCACT	6
TCTCGAAT	6
ATCGCTGC	6
GGACTTAT	6
ATGGCGCA	6
AGTCTTAT	6
ATCGCGTT	6
ATCGCGTG	6
AAAAAGGA	6
CCGCATAC	6
ACCACGAT	6
ATCGCGGG	6
ATCGGCCC	6
CNGCAGGC	6
TTGGCCCT	6
GGACATAA	6
CCCTCAAG	6
AATACATG	6
CCGCTTGG	6
CCGCATGG	6
CCGCATGC	6
AGCCTCCA	6
ACCACGCA	6
ATCGGAAT	6
CCGCATCA	6
ATTCGCTT	6
ACACTTTA	6
TCTCGCTT	6
TCTCGCTC	6
TCTCGCGG	6
TCTCGCGA	6
CTACTCTT	6
ATGGCCAG	6
TATACCAA	6
ACACCTTA	6
ACGCAATA	6
AATCAGTC	6
AATCATCC	6
ATCGCAAG	6
ACACCGGC	6
CTACTTTG	6
ACCCCGCG	6
ACGCAAGA	6
CCACATTC	6
CNTCATAG	6
ACCCCGAA	6
ACGCATCC	6
ATGGCATA	6
ACCCCCTA	6
ACGCCAAA	6
TATGCTAT	6
ATCGAGCA	6
TNGCAATT	6
ACCCCTGA	6
TCTCCTCG	6
CTTGTTAA	6
AATAACTC	6
ATTCTAGA	6
TCTCCTAA	6
ATGAATCG	6
ATTCTCAA	6
GCACACTT	6
TTTGGCGG	6
TATACATC	6
TATGCCAG	6
ATCGCCCG	6
AGGTAACT	6
ACCCCGTT	6
TTCTAGAT	6
ATGGCCCA	6
TCTCCCCC	6
ATCGCAGG	6
TATGAAGC	6
AATAATTT	6
ATTACGCA	6
TGCCCTTC	6
AGTGGGCC	6
TCTTGGCC	6
ACCCTCTC	6
ACCGCGAC	6
ATGGTTAT	6
CCGCCTTG	6
AAACTCAT	6
CTTTGCTT	6
CCCTTCTT	6
TATGAAGG	6
ATTCAGGC	6
ACCCTATA	6
TGCCTTCA	6
ATGGTGCC	6
AGGCATAA	6
TTCTTGTT	6
TGCACTCA	6
TATCTCAA	6
CNGGTCAA	6
AGTTCACG	6
TCTTGCAA	6
ACCAATAC	6
ACCCTTGT	6
AGGCGCAA	6
TATCGATC	6
ACCCTTAC	6
AATCAATC	6
GAACTTAT	6
ACCAACAA	6
ACCGCAGG	6
TAGGCCCA	6
ACCAAAGA	6
ATTAACAA	6
CCCTTTTG	6
GACCAAAA	6
CCGCCTCC	6
ATTCCTCC	6
TNCCCTAT	6
CNTCACGC	6
CCGCCAAT	6
ACCCGGCA	6
CTAAAATC	6
TTTGGCAG	6
CCCTCTCA	6
GCTGGCCT	6
AAACGCCA	6
CCCTCTTG	6
ATGGCTTC	6
GCTGGTCC	6
GCAGGGAG	6
ATCGTGCA	6
CCGCTGCC	6
CCCTCCAT	6
ATGGCTAT	6
CCCTCAGN	6
ATCGGTCG	6
TTTGGCAA	6
ATTCCAGC	6
ACCCTACT	6
GCATTACC	6
ANAATTCC	6
GCGTTTCC	6
CCGCGCCA	6
ACCCTACA	6
ACCCTAAT	6
TATGAATG	6
CCACATCT	6
CCCTTATA	6
ANACAGGC	6
AGGAGTTA	6
AATAATTA	6
CCGCCATC	6
TATGACTA	6
TATGACTC	6
AGGGCAAA	6
AATAATAG	6
ACCCAGCA	6
GATGGCGC	6
TATAGTTG	6
CCCCTTCT	6
ACCCAGTA	6
CCGCAATC	6
TATGGTGG	6
CCCCTTAT	6
AGGTGCAT	6
ACCCAGCC	6
CTTCCTTG	6
TATGGTTC	6
ANCCGCTA	6
AGTATAGA	6
CCGTCTAA	6
TATGTAAG	6
GATGCCAA	6
TCCGTTTG	6
CTTCATGT	6
AAAACAAT	6
CCACCCTC	6
ATCCATCC	6
ACCCATCA	6
ATCCATGT	6
ATCCGCTN	6
ATCCATTA	6
AGCCTTTA	6
TATAGTTC	6
ACCCACTA	6
TNTCCAAT	6
ATTGGTCC	6
TTGGCTCT	6
TTCGAATG	6
ANCCGCAC	6
TTCCTTAT	6
ATCCATTT	6
CCCCTTGT	6
TTTGAGGT	6
TTCCAAAT	6
TGATAGAT	6
TTGGGCAT	6
ATGCCTTC	6
TTCATGCA	6
TTCAATTC	6
TTCATGAT	6
CAAAAGCC	6
ACCCAATC	6
TATGTCTT	6
CCCCGAAA	6
AGGTTATA	6
CCCCCTCT	6
CCACCTGT	6
CTTCAGCA	6
TATATCCA	6
AAAACCCA	6
TCCTATAC	6
ACCCAAGA	6
ACCCACGA	6
CTTCAGAC	6
AGTAGATC	6
CTTCATGC	6
CCCCTCAA	6
AATCGCGA	6
TATGTGCA	6
CATGCAAA	6
ACCCATCG	6
CTTCAGGT	6
ATGCGCCA	6
TTGGGCAA	6
CAAAAACA	6
CNTGAGGC	6
CAAAAAGA	6
TTCCAATA	6
CNTCTAGA	6
ACGCGTGC	6
TATGGAAA	6
TCTCAGGN	6
TATGGAAC	6
ATCCTCGT	6
ATTGCACA	6
TACGGCGA	6
TATGGAAT	6
TACGCCCT	6
ACCCCATA	6
ANCCATTT	6
ACCCCAGC	6
ATCCTCCC	6
CCACCAGT	6
TTATGGGA	6
CCGTAGAA	6
ACCCCAGA	6
TGAGTTAT	6
ATCCTTTT	6
TATGCTTG	6
ACCCCATG	6
GCAAAACT	6
TCTCATAC	6
CATGGTGA	6
CTTGAATA	6
CCGCAAAA	6
AATAGCCA	6
ACCCAACC	6
AATCATTT	6
CCACCACA	6
ATCCTTCT	6
ATCCTTGA	6
ACCCCCAC	6
CCACCTTT	6
ATGCCAAA	6
CCACCATT	6
ATCCGTAT	6
CCGTCAAA	6
TGACTTAT	6
ACCCATTA	6
TNACGAAT	6
AGTCAGGC	6
TNATGGCC	6
TCGGCCAT	6
ACACAGTC	6
TNTCTCGC	6
ACGCCATT	6
CCGCACAA	6
AAAACAAA	6
ATCCGGCG	6
ANCCCCCT	6
AAAAATAG	6
ATCCTATG	6
GGGATATC	6
ANCCCAAT	6
CTATCTCT	6
TCTCCAAC	6
AATCCAAT	6
TATAGCTC	6
ATTGCCCC	6
CCCCCCCA	6
ATGCATGT	6
ATTGCGCA	6
TCTCCAAG	6
CATCTAGC	6
AGGTTTGT	4
AATACGCT	4
CTAAGGAT	4
CTAAATTN	4
AGTGTGTG	4
AGTGTGTA	4
TTAAAGTT	4
CTAAATTG	4
AAGCCCTC	4
AGTAAATT	4
ATAAATGT	4
AGGTTTCA	4
AATAGGCG	4
TTAAAGGA	4
TATAGCTT	4
TATAGCTG	4
TATAAGCA	4
ATAACCCC	4
CNTTAGAT	4
TATAATAT	4
TATACACC	4
TAAAGGAA	4
CAGGCTAG	4
CAGGCATC	4
TATACCTA	4
TAACGAAT	4
TAAAGTGT	4
CAGGCATA	4
TNCTAATT	4
TATAGACA	4
AGTCGCAG	4
ATAACCGT	4
AGTGGATG	4
CTAAAGAG	4
AATATATC	4
ATAAATTG	4
CTCCCCGA	4
TAGTGGTA	4
AGTGCTTG	4
CTCCCCCT	4
TAGTGCCA	4
ATAACAAG	4
TTTAGTGC	4
TATAAATT	4
CTAAAAGA	4
ATAACACC	4
ATAACACG	4
TATAGGTC	4
CAGGCACA	4
TAATCCAT	4
TAAGTACA	4
ANCCCAAC	4
ANCCCAGC	4
TAAGTGAA	4
ANCCCATT	4
TAAGTTCG	4
TTTCATAC	4
ANCCCCTA	4
CTCACTTT	4
AAAGGACA	4
CATGGCTT	4
TACGAATT	4
CATGGCTG	4
CATCAAGG	4
CTAGGCAT	4
CTAGGGCA	4
TAATCTTT	4
AAAGAAAT	4
CATTCCCT	4
AAAGTAAA	4
TTTCAATG	4
TAGACTCA	4
TTTGACAA	4
ANCAAAAT	4
AAGGGCTG	4
TAAGCCAT	4
CATCACCG	4
CTAGCCGG	4
TAAGCCCT	4
CTCAGCTT	4
AAGGGGAA	4
TAAGGCAT	4
TACGGCTC	4
CTCAGCAC	4
TACGGCTA	4
ATATTGCA	4
CATGAGCC	4
CATCAGGN	4
CATCATAA	4
CATCATAC	4
CATCATCA	4
AAAGAGAT	4
TACCATTT	4
TACCATGA	4
CATCAGGG	4
CTATAGGC	4
TACACCCA	4
CATCTAAA	4
TNTGCCCG	4
TNTGCCCT	4
TACCAAAA	4
CATCGGCA	4
CTATGCTG	4
CATGGACA	4
CATGGCAG	4
ANCCGCAT	4
TAATGCCA	4
CATCACGA	4
CATGGCAA	4
TAATTACA	4
TAATTATA	4
ANCCGCGA	4
TNGCCACA	4
ANCCGCTT	4
CTAGTCTG	4
TACCTAAT	4
TAATTCAG	4
TACCCTTT	4
CTCAAGCC	4
TNTCGCTA	4
ATAAACAG	4
ATAAACGT	4
ATAAACGG	4
ATAAACGC	4
CAGTCTCG	4
TAGCGCCT	4
CTCCATGG	4
ATAAACCC	4
CTCCATCT	4
AAACTTAA	4
AATAATTN	4
CTACACAC	4
TAGCCTCG	4
ATAAAATG	4
ATAAAATC	4
AATAAGTT	4
ANACGCAT	4
ATAAAAGG	4
ATAAAGGC	4
ATAAATCC	4
TAGGCTTG	4
CTAAGTTC	4
TAGGCTAT	4
ATAAAGTT	4
TAGGCCTT	4
ATAAAGGT	4
ATAAAGGG	4
AAGCTTTC	4
TNCTCGCA	4
ANAAAATT	4
AAACTGAG	4
AATACAAA	4
CTAATTCG	4
CTCCATTG	4
TAGGCAAC	4
CTCCATTC	4
TAAGATGA	4
ANTCATTA	4
CTCATGAC	4
TAGATGGC	4
TAAGAGCA	4
CTCAGGTG	4
AAGGCTTC	4
ANACTTGC	4
TAGATCAG	4
ANTCCAAC	4
AATAACGC	4
CATTGCCA	4
TAAGCACT	4
AATAAATC	4
ANGCGTTA	4
TNTGGGCA	4
ANATAGAT	4
CTACTTTC	4
ANACTCTT	4
CTACATTC	4
ATAAAACG	4
TAGCCCAA	4
TAGCCAGT	4
TAGCCACT	4
AAGGAGAA	4
TAGCAATT	4
CTACTCTC	4
AGTTCAAA	4
CTCATTTC	4
ANTCCTCT	4
ANTCCTAA	4
TNTGTATA	4
CTCATGCG	4
TAAGAAAG	4
ANTCCAAT	4
CTTGCTCT	4
ATTCGTAA	4
ATCGCGAT	4
ATCGCGAC	4
TTCTCTCT	4
ATCGCCGT	4
ATCGCCGG	4
ATTCTCCT	4
TTGGCCTG	4
TTCTCATT	4
CTTGCTTA	4
TTCTATCC	4
ATCGCAGC	4
ATCGCACC	4
TTCTGCTC	4
ATTCTTGA	4
ATCGCAAA	4
ATTCTTGG	4
CTTGCTAG	4
ATCGATCT	4
ATTCTTTA	4
ATCGATCA	4
CTTGCTAA	4
GGATAAAA	4
ATTGAACT	4
GGATCAAT	4
ATCGAGCG	4
ATCGACTG	4
ATCGGTCA	4
ATTCCCTA	4
GCTCGGCT	4
TTGGACAA	4
GCTCTGTC	4
ATTCCGCT	4
GCTCTTTC	4
CTTTAGGT	4
CTTTAGGC	4
ATTCCTCG	4
ATTCCTCT	4
GCTGTTAT	4
ATCGTCCG	4
TTGGCAAT	4
CTTGCCAC	4
GGAAGACG	4
TTGGCCAG	4
TTGGCCCA	4
ATTCGCGC	4
TTGGCCGA	4
TTGGCCGC	4
GGACCAAT	4
GGACGAAA	4
ATCGCTTC	4
ATTCGGAA	4
ATCGCTAT	4
GGACTTAA	4
ATCGCGTC	4
CTTCCCTA	4
ATTGGAGG	4
ATTGGCCT	4
TTCGCCAA	4
ATCCGCCN	4
CTTCGAAA	4
TTCCTGTT	4
ATTGTTGC	4
ATCCGATC	4
ATCCGAGT	4
GGCGTAAT	4
ATTTCACA	4
ATCCGACC	4
CTTCCGGC	4
GGCGGCAA	4
ATTTCGAT	4
TTCCTATG	4
TTCCTAGA	4
TTCCGCAA	4
TTCCGATT	4
CTTCCACA	4
ATTTCTCC	4
TTCCATGA	4
TTCCATAT	4
CTTCATCA	4
CTTCATAT	4
CTTCAGTC	4
TTCCAAGT	4
GGCCAAAA	4
ATCCTTTG	4
GGATGTAA	4
GGCAAGTT	4
ATCCTGTC	4
GGCACGTG	4
GGCAGCAA	4
ATCCTGCA	4
ATCCTGAG	4
ATCCTCGG	4
ATTGCATA	4
ATTGCATG	4
ATCCTCCG	4
ATCCTCAT	4
ATTCCCGT	4
ATTGCCAC	4
ATCCTAGC	4
ATCCTACC	4
ATTGCGAT	4
ATCCGTGG	4
ATCCGTGC	4
ATCCGTCT	4
GGCCGCAC	4
ATCCGTAG	4
ATCCGGTG	4
ATTGCTGG	4
ATCCGGGA	4
CTTCTCCT	4
ATGGCGAG	4
ATGGCACG	4
ATGATCAA	4
TTGAGCTA	4
ATGGCCAN	4
ATGACTTC	4
TTGAAAAT	4
GCAATTCG	4
GCACACAC	4
GCACAGAA	4
ATGGCCGT	4
ATGAAATT	4
GCACCGCC	4
ATGGCCTT	4
ATGATGGC	4
ATGGCGCC	4
ATGGCGGG	4
ATGGCTAA	4
GCAGATTG	4
GCAGGTGT	4
GAGAAAAT	4
GACGCAAT	4
GACGAATT	4
GCATAGTC	4
ATGGGGAT	4
GCATCTCG	4
TTGCAAAT	4
ATGGGTAT	4
ATGCCCCA	4
ATGCGTAA	4
GATCGAGG	4
ATGCGGCA	4
ATGCTAAG	4
GATCAGGC	4
ATGCCTTG	4
GATGACCC	4
ATGCCTGC	4
GATGACCT	4
ATGCCTCT	4
ATGCCTAA	4
ATGCCGCG	4
ATGCTACT	4
ATGGTGAA	4
GATGGGCA	4
GATAAATC	4
ATGCCATG	4
GATGGTCC	4
ATGCATTG	4
ATGCATGC	4
ATGCTTAG	4
ATGCTTCC	4
GATTATAG	4
ATGCAGCG	4
GAGAGATA	4
ATGCAAAA	4
ATGGCAAA	4
ATTCATGG	4
GCCTTCTG	4
GAACAATG	4
GAACAAGT	4
GAAAGAAC	4
ATTAATGC	4
CTTTTTTA	4
ATTAGCAA	4
CTTTTGCT	4
CTTTTGAG	4
ATTATACC	4
GCGCATTA	4
CTTTGTTT	4
ATTCACTT	4
GAACGTAA	4
CTTTCTCT	4
GCGTCTAT	4
ATTCCACT	4
ATTCCAGG	4
GCTCAACA	4
GCTCAACG	4
GCTCAGAC	4
ATTCCATT	4
TTGCGAAT	4
ATTCCCAG	4
GCTCCATA	4
GCTCCGGC	4
CTTTCAGC	4
ATGTCCAT	4
GCCAATTG	4
GACCGCTA	4
GCCACTTC	4
GCCAGAAA	4
GCCATCTG	4
GCCATGAT	4
ATGTACTC	4
ATGTACTT	4
ATGTAGCT	4
TTGCAAGC	4
GCCCATGC	4
GACAGTCT	4
GCCCCTGC	4
TTGGTAAA	4
GCCCGTTA	4
GCCCTAGC	4
GAATGGTT	4
GAATGGCA	4
ATGTGTCT	4
GCCGGCCC	4
GCCGTGGC	4
ATGTTCTT	4
GCCTAGGT	4
ATGTTTGC	4
TTCTTTTG	4
GAACTAAT	4
CTCGCTGC	4
CTCTATCT	4
ATACTCTT	4
GTCGAGCT	4
ATACTCAT	4
GTCGCGCA	4
ATACTAGT	4
ATACTAGC	4
ATACTAAT	4
CTCTAAAA	4
CTCGTCAA	4
CTCGTAGT	4
GTCTCCCT	4
CTCGGAAT	4
ATACTGTC	4
TTAAGGGA	4
CTCGCTAA	4
CTCGCCCT	4
GTCTTGCA	4
GTCTTGCT	4
GTGCAAGT	4
CTCGCCCG	4
CTCGCAAG	4
GTGGCCAA	4
GTGTAGCA	4
ATACATTA	4
GTGTCGGA	4
GTGTCGGT	4
GTCCCAAT	4
ATAGTCAG	4
ATAGGTGC	4
CACCCATT	4
ATAGGCCA	4
CTCTCTAA	4
ATAGCTTC	4
ATAGCTGC	4
ATAGCTGA	4
ATAGCTCA	4
CACCGTTA	4
ATAGCTAA	4
GTCCCAAC	4
ATAGCCGT	4
GTGTGTGT	4
ATAGCCAA	4
CACCTCGC	4
ATAGCAAT	4
CTCTCCCC	4
CTCTCCAC	4
CACGCTCA	4
CTCTCACT	4
ATAGACCG	4
AAGAAAAA	4
CTCTCACC	4
TTAATAAC	4
ATACTTGA	4
ATACTGTG	4
TAAAAGCT	4
CTCCTAAA	4
ATAAGTGT	4
TTAAGCAC	4
ATAAGTCT	4
GTTTGCTT	4
CAGATTGA	4
TTAAGCAA	4
ATAAGGTT	4
ATAAGGGG	4
TTAAGACC	4
ATAAGCCT	4
CTCCGCAA	4
AAGATGAG	4
CTCCTACG	4
ATAAGCAC	4
ATAAGATA	4
ATAAGAAT	4
ATAACTGT	4
TAAACACA	4
ATAACTCT	4
ATAACTAT	4
ATAACTAG	4
CTCCCTCA	4
TTAAATAG	4
CTCCCGCA	4
TAAAGAAC	4
ATAACGCG	4
ATAATTAC	4
CTCCTTTA	4
CTCCTTGT	4
GTGTTATA	4
GTGTTTAT	4
GTTACCGA	4
ATACACGA	4
ATACACAC	4
CTCCTTGG	4
AAGACATT	4
CTCCTTGA	4
ATAATTCG	4
TTAAGGAC	4
ATAATTAG	4
ATAGTCCA	4
ATAATGAA	4
ATAATCTA	4
TTTAGATC	4
GTTCTCCC	4
ATAATCCT	4
CTCCTGGT	4
CTCCTCTG	4
GTTGGCCA	4
CTCCTCCT	4
CTCCTCCG	4
CTCCTCCA	4
ATAATAGG	4
TTATAGAC	4
ATCATTGG	4
ATCATTGC	4
ATCATTAG	4
ATCATGGC	4
ATCATGCT	4
ATCATCTA	4
ATCATCAT	4
ATCATCAC	4
ATCATAAC	4
CTGGCTGT	4
ATCAGGCT	4
GGTAATTC	4
GGTAGATA	4
CTTCAAAG	4
CTGGCAAT	4
ATCAGATC	4
ATCAGAGG	4
CAAGGCAA	4
CAAGGCTT	4
ATCACTGA	4
ATCACTCT	4
ATCACTCG	4
CTGCTTAC	4
ATCACTAG	4
TTAGTCCC	4
ATCACGGA	4
CTGCCTTG	4
ATCCAGTG	4
TTGGTCAA	4
CAAAAGTC	4
CAAAATCA	4
CAAAATGC	4
CAAAATTC	4
CAAACAAG	4
CAAACGCA	4
CAAAGCCT	4
ATCCATTC	4
GGCTCGCG	4
CAAATATA	4
ATCCATAT	4
ATCCATAG	4
GGTGCACA	4
CAAATTCA	4
CAAATTCT	4
ATCCACTG	4
ATCCACTC	4
ATCCACGT	4
CAACACCA	4
TTGGTGCC	4
CAACAGAC	4
ATCCACAC	4
CAACAGAT	4
CAACAGCA	4
CAACAGCC	4
ATCCAAGA	4
ATATCGTG	4
ATCAACCA	4
ATCAAAGT	4
CACAAAAT	4
ATCAAACA	4
TTAATTCC	4
CNTGGCCA	4
CACAAATT	4
GNGATCAA	4
CACAACCA	4
ATATGGCA	4
CTGACCTA	4
ATATGATA	4
CACAATTA	4
ATCAACCG	4
CTCTTCCG	4
GTACAAAT	4
TTGTCTCA	4
ATATCCAC	4
GTACGTAA	4
CACAGGTG	4
CACATAAA	4
GTACTTTC	4
ATATAGTG	4
ATATAGCT	4
CACATTCC	4
ATATAACA	4
ATAGTTCG	4
ATCACACT	4
GGTGCCAA	4
ATCACGAC	4
CAATATAG	4
ATCACCTC	4
TTGTAGCG	4
GGTGGCTG	4
ATCACCGA	4
CAATCAGC	4
ATCACCCC	4
ATCACATG	4
ATCACATC	4
CAATGGAA	4
CAATGGCT	4
TTAAATAA	4
ATCACACC	4
TTAATTTC	4
ATCACAAG	4
ATCACAAA	4
TTAATTTA	4
ATCAATGT	4
CAATTCAG	4
CAATTCAT	4
ATCAATCC	4
ATCAATCA	4
ATCAAGGC	4
GNACCAAT	4
TCCATATG	4
ACACTCTT	4
CCATTCTT	4
CCCTAGGC	4
CCATTGCT	4
TGTGCAGA	4
CCCTAGCA	4
CCATTGTA	4
CGGCCCCA	4
CCCTACTT	4
CGGCACTC	4
AAAAGTCA	4
TTTTTAAT	4
AGACTACG	4
CGGCAAGG	4
TCCATGAT	4
CCATTTGT	4
CCATTTTC	4
TCCATGTC	4
CCCTAATT	4
TCCATTCA	4
TCCATTCT	4
CCCTAAAC	4
TCTCCTGA	4
TCCCAACC	4
CGGAGCGC	4
TCTCGTAT	4
TCTCTATC	4
CCGCTTTG	4
CCATGGCG	4
AGACTGGT	4
TCTCTAGC	4
CCATGGGT	4
AGACTGCC	4
AATGGCAC	4
AATGGCAT	4
CCATGTCT	4
AGACTCTG	4
CCATTAGG	4
TCCCAAGA	4
TCCACTTG	4
TCTCGGGC	4
CCCTATGA	4
AATGGCTA	4
CCATTATT	4
AGACTATG	4
CCCTATAA	4
TGTGGCAA	4
CCATTCAC	4
CGGCGTGC	4
TCTCGCCC	4
TGTGCCTT	4
CGCGCAGA	4
AGACCAAG	4
TCTCCCGA	4
TCTCCCCA	4
ACACGACG	4
TCCCCCAC	4
TCCCCCAG	4
CGCGGTGC	4
TCTCCCAG	4
ACGATTTG	4
ACGCAACA	4
ACACCTGG	4
TCCCCCGC	4
TCTCCCTA	4
TCCCCCTC	4
TGGAAGGC	4
ACGCACTC	4
TCTCCAGG	4
TGTCGAAT	4
ACGCAGAT	4
ACGCAGGC	4
ACGCAGGG	4
ACGCATAA	4
CCCGGCCG	4
TCTCCACG	4
TCCCCGAT	4
TCCCATAT	4
TCCCAATC	4
TCCCAATG	4
TCCCACAG	4
TCCCACAT	4
TCTCCTAT	4
CGGAAAAT	4
TCTCCTAG	4
TCCCACTC	4
TCCCAGCA	4
CCCGTCAA	4
CGCTGGCT	4
TCCCATAG	4
TCCACGGC	4
CCCGTAAA	4
TCTCCGGC	4
AAAAAGGC	4
CCGGGGGC	4
ACGAGCAA	4
TGTCTTCC	4
TGTCTTAT	4
TCTCCGAA	4
TGGAAACC	4
AGACCCAG	4
TCCCCAAA	4
TTTTGTTT	4
TCTGCCCA	4
AGATCCGG	4
AGATCCCA	4
CCGCTGAC	4
AGATCATT	4
AATGAGAT	4
AGATCACT	4
TTTGTCTC	4
CCCTCTAA	4
AGATCAAC	4
CCCTCGGG	4
CCCTCGGC	4
CCATCACC	4
TTTGTCGG	4
AGATATAT	4
TCAGCTCC	4
TGTTGCCA	4
TCAGGAGT	4
AATGCAAG	4
TCAGGCAC	4
TCAGGCTA	4
TCAGGCTC	4
AAAATATA	4
AGAGTTCC	4
CGTCGTAA	4
TCAGGTAT	4
TCACGGTA	4
AGATTAAG	4
TCTGTCCA	4
CNACAGAT	4
CCGCGTTT	4
CCGCTAAA	4
CCCTCTTT	4
TCACAGCT	4
CCATAAAT	4
TCACATGC	4
AGATGGTT	4
TTTGTCCT	4
AGATGCTT	4
CCATCATT	4
AGATGAAT	4
TCTGGCAC	4
CCCTCTTC	4
CCATAGCC	4
CCATAGGC	4
AGATCTCT	4
TGTTTAAG	4
AAAATCTA	4
AGATCGGC	4
CCATATAT	4
TTTTTGCC	4
CCATATGT	4
CCATGAAG	4
CCATCTAA	4
AAAATAAA	4
CCATCTCA	4
CCATCTCT	4
AAAAACGC	4
AGAGATCG	4
TCTCTTTG	4
AGAGAGAG	4
TCCAACTC	4
AGAGAAAT	4
CCCTCAGC	4
TCCAACTT	4
CCATCGGT	4
TCCAATAT	4
AAAAGTTT	4
TCTCTTGG	4
TCTCTTGC	4
TCCACAAA	4
TCCACATT	4
CCATGATT	4
CCGCTTCT	4
CCCTCACA	4
CCGCTTGT	4
CCATGCCG	4
CCGCTTTC	4
CCCTCCTC	4
AGAGTGTT	4
AGAGTGTA	4
CGTCGGGC	4
TCAGTTTG	4
TCATAAAT	4
TCTGCCAA	4
AGAGTGCA	4
TCATACGT	4
TCTGCATC	4
AATGCCCA	4
AGAGTCAC	4
AGAGTCAA	4
TCCCCGCA	4
CCATCCCA	4
CCCTCCGA	4
AGAGTAGG	4
CGTCAGTT	4
AGAGTAAA	4
CCATCCTC	4
TCTGCAAC	4
TTTTTGCA	4
TCATGTGC	4
AGAGGACA	4
AGAGGAAA	4
TGGCTCAT	4
CCCCACCT	4
TCCTCTTC	4
CCCCAGAA	4
TTTTCATT	4
TCCGCTAT	4
TCCTCTCT	4
CCCCAGCT	4
TGGGCGCA	4
TGGGCCAA	4
CGACAGGC	4
TGGGAAAA	4
CCGTTACG	4
CCCCTACA	4
TGGCTATT	4
CGACAGCC	4
CCCCATAA	4
TGGCGCCC	4
TCCTCCAA	4
ACAAACCG	4
ACAAACTA	4
TGGCGAAG	4
ACTCCGTT	4
TCCTCATT	4
ACAAAGCC	4
TCCTCAGN	4
ACTCTCAC	4
CCCCTGGC	4
CCCCTGGA	4
ACTGAAAA	4
ACTCTTTC	4
ACTCTTGG	4
TCCGCATA	4
ACTCTTAT	4
TCCGCATG	4
ACTCTGGC	4
CGAGGATG	4
ACTCTCCC	4
ACTCTCAT	4
TGGCCTGT	4
TCCGCCAT	4
TCCGCCCA	4
TCCGCCCC	4
TCCTTTCT	4
CCCCTCTC	4
CCCCAATC	4
ACTCGTCT	4
TCCTTCTC	4
TCCTTCCT	4
TCCGCGAG	4
CCCCTCAT	4
CCCCACCA	4
TCCGTTTA	4
ACAATATA	4
CCCCCACG	4
ACTCCAAG	4
ACAATTCT	4
CCCCCACT	4
ACTCAAGA	4
ACACATCC	4
ACTCAATA	4
ACTCATCA	4
ACTCATAA	4
ACACACCC	4
ACACACGA	4
CGAATCAA	4
CCCCCATT	4
ACTCAGGG	4
ACTCACAC	4
CCCCCCAA	4
ACACAGAA	4
TGGCACAA	4
CCCCCCTT	4
CCCCCCCC	4
ACACAGCC	4
ACTCAGAA	4
CCCCCCCT	4
CCCCCCTC	4
ACTCCGAC	4
TCCTCAGC	4
TCCTCAGA	4
TCCTCACC	4
ACTCCGGT	4
TCCTCAAG	4
CCCCCTTT	4
ACTCCGGA	4
ACTCCGCG	4
CCCCCTCA	4
ACTCCGCA	4
TCCTACTG	4
CCCCCTAT	4
ACTGCAAC	4
ACACATGC	4
ACTCCGAA	4
ACAAATAC	4
CCCCATTA	4
CCCCATTG	4
TGGCCCTC	4
TGGCCCCC	4
ACAAGATC	4
ACTCCAGG	4
ACTCAACC	4
TGGCCAGT	4
AAAAGTAA	4
TCCCGCTT	4
ACGCCTTT	4
ACGCGAGT	4
AGAACTTT	4
TCCCGGCC	4
ACACCCGT	4
TGTAGGTG	4
TCTCAGCC	4
ACGCGGTA	4
CGCATCTA	4
TCTCAGAC	4
TCTCAGAA	4
TCTCAGGT	4
AGAACATT	4
TGTAGATC	4
TCCCGTAG	4
CCGTAGAT	4
TCCCGTGG	4
TCTCAAGC	4
AGAAATAA	4
TCCCGTTG	4
CGCACTTT	4
CCGTATCA	4
TCCCTACC	4
ACGCTGAC	4
ACGCCCTG	4
TCCCCGCC	4
TCCCCGCT	4
AGACACAT	4
TCTCCACA	4
ACGCATTC	4
TCCCCGGC	4
AGACACAA	4
ACGCCACC	4
AGACAACT	4
ACGCCATC	4
CCCGGAGG	4
TGTCCATG	4
CCCGCAAG	4
ACGCCCTT	4
TGTCATAT	4
ACGCCGAT	4
TGTCACCC	4
CCCGGAAA	4
TCCCCTGA	4
TCCCCTGT	4
TCCCGATC	4
ACGCCTAT	4
TCCCGCAT	4
AGAAGCTT	4
AGAAGATA	4
TCCGACGA	4
TCCCTCTT	4
ACGTCGCA	4
TCGCGTAT	4
ACTTAATT	4
TCCCTGTT	4
CGATCTCC	4
CCGTCCTT	4
TCCCTTGC	4
CCGTCGAG	4
TCCCTTTT	4
TCCGAAAA	4
ACTGCTGA	4
ACGTCAAC	4
CCGTCGAT	4
TCGCATCC	4
ACTGCTAA	4
CGATCCGC	4
CCGTCGCT	4
ACTGCCTT	4
CCCCTTCA	4
ACTGCCTA	4
ACTGCCGC	4
CGATCATG	4
TCCGCAAG	4
CCCCTGGG	4
CCCGACAG	4
ACGCTGCA	4
CGCACATA	4
ACGCTGGA	4
CCCGATCT	4
TCGTCAGC	4
TCGTCAAT	4
TTTTGGCA	4
TCGGGCCA	4
ACTTTATA	4
ACTTGCCA	4
ACTTGCAC	4
TCGGCAAG	4
AGAGTGAT	4
ACTTGCAA	4
ACTTGAGT	4
CCGTCACC	4
CGCAACGG	4
TCGCTGAG	4
ACTTCATT	4
ACTTCACC	4
ACTTCACA	4
TCGCTAGC	4
ACGTATAG	4
TCCCTCTG	4
ACCGAACA	4
AAACCCCA	4
TGATGGCT	4
TATGTGCC	4
CCACCTTG	4
TGATGGAG	4
AGCCTTAA	4
TATCGCGT	4
TATGTGGG	4
AGGAGTAA	4
AATCAGAC	4
AATCAGAA	4
TATGTGTT	4
ACCCCGTC	4
TATCGCAC	4
AGCCTCCC	4
CCGCCGAT	4
TTTGGCTC	4
TGCAGTGC	4
AGCGCTTC	4
CNCTCGCA	4
TNACGTAA	4
AATCATGC	4
TATGCCGG	4
CNGGTATA	4
TATGACAC	4
TATGTTCA	4
AATCACAA	4
AAACCTTA	4
TATGTGAT	4
ACCGAAAA	4
TATGCCGA	4
TCTTGCCA	4
ACCCCGGC	4
TGCCAATG	4
CCACATAC	4
CCACTAAT	4
TATCCTTC	4
ACCGCACG	4
TATCCTCT	4
TTTGGGTA	4
ACCCATGG	4
TATGCACC	4
ACCATCCT	4
AGCCCTCA	4
TATTCCAA	4
AATCTAAT	4
CCGCAGGT	4
TATGACTT	4
ACCAAATC	4
TGCCACAC	4
AAACAGAA	4
CCGCCGCG	4
CCGCCGCT	4
CNGATTAA	4
TATGCATA	4
CCGCACGC	4
TATGTTCT	4
TATGCAGG	4
CNCGCATT	4
CCACACGT	4
TGACTGTT	4
ACCAAGGA	4
AGGCTTGT	4
AAACACTA	4
AAACACGC	4
ACCATCAG	4
ACCCCTAC	4
TATGAATA	4
ACCCTATC	4
ACCCTCAG	4
AATCCACA	4
AATCCAGT	4
TATGGGAC	4
ACCCTCAT	4
TATGGGAT	4
TATGGGGC	4
ACCCCGAG	4
ACCCCCGC	4
CCGCAGAC	4
ACCCTCCA	4
TATGCTCA	4
AATCCCTT	4
ACCACCCC	4
TATGGTAA	4
TTTGGAAT	4
ACCCGTCT	4
CCGCCAGT	4
ACCCGTTT	4
CNGATAAT	4
AATCAAGT	4
TATGCTGA	4
AGGCCTAA	4
TATGCTTA	4
AGGCGAAA	4
CCGCCATT	4
TATGGAAG	4
CCACAATC	4
ACCCGTCC	4
ACCCCCGT	4
TATGGAGC	4
TNCACCAA	4
CCACATGT	4
AGGCGAAT	4
TATGCTAC	4
TATGCTAA	4
ACCCGGCC	4
CCACAACA	4
TATGTATG	4
TATGAATC	4
AGCGGTCT	4
TATCTTTC	4
TTTGGCTT	4
CCACAAAA	4
TATGCGAA	4
CCGCCAAG	4
TATCTCTA	4
CCGCCAAC	4
CCGCCCTC	4
AGCCCTTA	4
ACCCTTCT	4
CCACCTAC	4
TGCAGACA	4
CCGCCACA	4
ACCCGTAA	4
AATCCTTG	4
AGCGTGAG	4
ACCCTGGA	4
AGGCAAGG	4
ACCCCGCC	4
ACCACCCA	4
CCACCGCG	4
TATGGTGC	4
TATGGTGA	4
AATCCGGT	4
AAAAAAGT	4
CCAGCTAT	4
TCAAAATT	4
CCCTTCTC	4
AGCACGAC	4
AGCACATG	4
AATATCTG	4
TGCCTTGA	4
AAACAACA	4
TGAGGCCT	4
CCAGGAAA	4
AGCAATTA	4
ACCCACAC	4
AAAATTTT	4
TCAAATTC	4
CCACAGCT	4
CCCTTCGC	4
CCGCGCGT	4
ACCGCTAA	4
AATCTCTG	4
TATTTAAG	4
AGGTCAAC	4
AATATCTT	4
TATTTCAA	4
ACCGCGTT	4
ACCAAAAT	4
TGACATTA	4
TGCGGCAT	4
AAACAACC	4
ACCACCTT	4
ACCGCTAG	4
ACCCAGAT	4
ACCCACTT	4
CCGCAGTC	4
TGCAATTC	4
ACATAATT	4
TCAATATA	4
ACCCCTTA	4
TGATACTC	4
CCGCAACA	4
CCGCGGCT	4
TATCAAAA	4
ACCGTACT	4
TCAAGGGT	4
TTTGGCAT	4
TATGAGTT	4
CCAGGGGT	4
AAACCATT	4
AGGTTAAG	4
ACCCAACT	4
TATATTGG	4
ACCCAACA	4
AGGTTGAA	4
TATGAGTA	4
ACCCAATA	4
CCAGGCTA	4
AATCTGGG	4
TATCACCA	4
AGGTCTAG	4
TCAACTTA	4
AGGTCTCT	4
AGATTTGA	4
TGAGGTAT	4
ACCCATAA	4
CNACGTAA	4
AGGTGAAG	4
CCAGGCTT	4
AGGTGCAA	4
ACCGGCAC	4
AGGTGCAG	4
TCAAGGCC	4
TGACTTGA	4
TATGAGAG	4
CCACTCTC	4
CCCTTTCT	4
CNTCAGCC	4
CCACTGCA	4
CNTCAGCT	4
TATCCCAA	4
AGCCAACC	4
AGCCACCA	4
ACCATGCA	4
AAAAAAGC	4
TATGCAAC	4
ACATGGAC	4
AGGTAAAT	4
AGCATTCG	4
AAACAATA	4
TATTGAAA	4
ACATTGCT	4
AAACCAAG	4
TATTCCCT	4
CNCATGTT	4
AGGGCTGT	4
TGCCATTA	4
AAACACAA	4
TGCCCACA	4
AGCAGTCA	4
TATCCCCT	4
AGCCATTG	4
CCACTCCA	4
AGGGGGGG	4
AATCTATG	4
AGCCATCC	4
AGCCACTA	4
ACCCGCCC	4
CCGCATAT	4
TGACAAGT	4
ACCCGATT	4
AGGTAGGC	4
TATCCAAT	4
AGGTAGAC	4
TGCCTCCA	4
ACCACTTC	4
TTTGGTAG	4
AATCTCTA	4
ACCCATAG	4
ACCGCGAG	4
TATCATCA	4
CCCTTTCC	4
CCAGCAAT	4
TATTGCTT	4
ACCGCGGT	4
TNCCCAAT	4
TTTGCCCA	4
CNCAAATT	4
CCGCAGTA	2
CTTCCTCG	2
CCGCAGAT	2
GAGACAGG	2
CCGTGCTA	2
GAGACAGC	2
GAGACTTA	2
CCGTCCTC	2
CTTCCTCT	2
CTTCGGTT	2
CCGCAGCA	2
CTTCTAAG	2
CCGCAGCG	2
CTTCGAAC	2
CCGTCAGT	2
CCGCAGCC	2
TTGATAAC	2
CTTCCTGT	2
CTTCTAGG	2
CTTCGAGA	2
CTTCGTCA	2
CCGTCCCC	2
CCGCAGGA	2
CCGTCCGG	2
CCGTCCCA	2
CCGCAGTT	2
TTTTGCAA	2
CTTCCTTT	2
GAGTGGGC	2
GATAGAGG	2
CCGTTGCT	2
TTTTCTAA	2
CCGTTAGG	2
TTGGGCTA	2
GATAAATA	2
CTTCAGGG	2
GATAAAAC	2
GAGTGGGT	2
TTGGGCCC	2
CCGCAATG	2
GAGTGCAA	2
CCGCACAT	2
GAGTGAGA	2
CCGTTAAA	2
GAGTGAAA	2
TTTTCTCA	2
CCGTGTTG	2
TTTTCTTT	2
CCGTGGAT	2
TTGGGATC	2
CTTCACTC	2
TTGCTTCA	2
GATCCTTG	2
CGAACCAA	2
GATCCACG	2
CCGCAACC	2
TTGGTCCA	2
CTTCACGC	2
CCGCAACG	2
CTTCACTA	2
CCGCAAGA	2
TTGGCTTT	2
CCGCAAGC	2
CTTCAGAA	2
CCGCAAGG	2
TTGACTAC	2
CGAAATTC	2
CTTCAGAG	2
GATCAAAA	2
TTGACTCT	2
CGAAACAA	2
CTTCCCAT	2
TTTTGAAA	2
GAGAGTCT	2
TTGAGCAT	2
CCGTCTTT	2
CTTCCACG	2
CTTCCATA	2
CTTCCATC	2
CTTCCCAA	2
CCGCAGAA	2
CTTCCCAC	2
GAGCATAA	2
CCGTCTGC	2
GAGAGAGG	2
GAGAGAGA	2
CCGTCTGA	2
CTTCCGAT	2
TTGAGCCG	2
CCGCAGAG	2
GAGAGACA	2
CTTCCTCA	2
CCGTCGTC	2
CTTCATGG	2
CCGCACTA	2
TTTTTTTT	2
GAGTCCTT	2
CTTCAGTT	2
GAGTCATT	2
TTGACTGT	2
TTGACTTG	2
CCGTGCCC	2
CTTCATCT	2
TTGGCTTG	2
CCGTCGGA	2
TTGAGAAG	2
CCGTGAGA	2
GAGTAATA	2
CCGTGAAT	2
CTTCATTT	2
TTGAGCAC	2
CCGCACTG	2
CTTCCACC	2
GAGCCGGA	2
CCGCCTGA	2
GAACTTTG	2
GAACTTTC	2
CCGCTTTT	2
CCGCCTAT	2
CCGCCTCA	2
TTGGCCGG	2
GAACCTGC	2
GAAATCTC	2
GAAAGAGA	2
GAAAAAGA	2
TTGGCCAN	2
CCGCTTAT	2
CCGCCTAG	2
CTTTTTCT	2
CCGCTGTC	2
CTTTTTAT	2
TTGGCATG	2
TTGGCAGT	2
CCGCTGGT	2
TTGCAAGG	2
CCGCCTTC	2
CTTTTGAT	2
CCGCTGCT	2
CCGCGACC	2
CCGCCGGC	2
GACAAAAT	2
CCGGCAGG	2
GAATTTTC	2
GAATTGCT	2
GAATTGAA	2
CCGGATCC	2
CCGCCCTT	2
GAATGGAG	2
GAATACAA	2
CTTGTTCC	2
GAATAATT	2
GAAGGTTG	2
TTGGAGAT	2
CCGGACTC	2
GAAGGTAA	2
CCGGACTA	2
CCGCCGGG	2
CCGGACAA	2
GAAGGCCA	2
GAAGGATA	2
TTTTTACG	2
GAAGGAGC	2
CCGGAATT	2
GAAGCTGA	2
CCGCGCTT	2
CCGCTATG	2
CTTTCCTC	2
CCGCTATC	2
CTTTATAC	2
CCGCTATA	2
CCGCGCTC	2
CCGCTACT	2
TTGCATTT	2
TTGGAATT	2
TTGGAACT	2
TTGCTTTA	2
TTGCTTGT	2
CTTTAGCA	2
CCGCGGCA	2
CCGCGGCC	2
TTGCTTCT	2
CCGCTAAC	2
CCGCGTTC	2
TTGCTAGA	2
CCGCGTCA	2
CCGCGTAC	2
CTTTCCCC	2
TTGCTAGC	2
TTTTTTTC	2
CTTTGCAT	2
CTTGTTTA	2
TTGCACTC	2
CTTTTCCT	2
CTTTTATG	2
CTTTTAGC	2
TTGGACCA	2
CCGCGATG	2
CTTTGTCC	2
CTTTGGCA	2
CTCTTATA	2
CTTTGCCA	2
CCGCGATT	2
CCGGCATA	2
CTTTACAA	2
CTTTCTGT	2
CTTTACAT	2
TTGCAGAG	2
CTTTACCA	2
CTTTAGAT	2
TTGCATAT	2
CCGCTGAT	2
CTTTCGGC	2
CTTTCGCG	2
CTTTCGCC	2
CTTGAATT	2
GAGAACGG	2
TTTTGGCT	2
GAGAAATC	2
CCGTAAAA	2
CCGCATTT	2
CCGCCAAA	2
CCGGTTCC	2
GACGGAGT	2
CCGGTGGC	2
TTGGCGTT	2
CCGGTGAA	2
CCGGTATT	2
CCGTAAAT	2
CTTGACAT	2
GACGAAGA	2
GACGAACT	2
CTTGAGAA	2
CCGCCAGG	2
CCGGTATC	2
GACCTTGA	2
CTTGAGGT	2
GACCTTAT	2
CTTGCAAT	2
CTTGCATA	2
CTTCTTGG	2
TTGATGTT	2
CTTCTCGG	2
CCGTCAAN	2
CTTCTCGT	2
CCGTCAAG	2
CTTCTGCA	2
CTTCTGGC	2
CCGTCAAC	2
CCGCATCG	2
CCGCATCT	2
CCGCATGT	2
CTTCTTCT	2
GACCTGGT	2
CTTCTTTT	2
CCGTATAT	2
GAGAACTC	2
CTTGAACG	2
TTTTGGCC	2
TTGGCTAG	2
CCGTAGCA	2
CCGCATTG	2
TTGGCTAA	2
CTTGAAGC	2
CCGTACTT	2
CCGGGAAA	2
CCGGGGGG	2
CCGCCCGG	2
GACATCTC	2
CCGGGCCC	2
GACATCGT	2
GACATATA	2
CTTGGCCA	2
CTTGGTCG	2
CCGCCCTA	2
CCGGGCAT	2
GACAGGGA	2
CCGGGCAA	2
CCGCCCGC	2
CTTGTAGA	2
CTTGTCTG	2
GACACATC	2
GACACAAT	2
CTTGTGCT	2
CCGGCGGG	2
CCGGCGAG	2
CCGGCATC	2
GACAATTA	2
GACAACAC	2
GACAAATT	2
GACCAGGA	2
CTTGCCCG	2
GACCTGCT	2
CTTGCGCT	2
TTTTGGGT	2
CCGCCATG	2
GACCTCTT	2
CCGCCCAC	2
GACCTAAT	2
TTTTGGTC	2
GACCGTTG	2
GACCGAGA	2
CCGGTAAA	2
CTTCTATA	2
CTTGCTGA	2
GACCACCG	2
GACCAAGT	2
CCGGGTGA	2
TTGCAACC	2
CCGGGTAA	2
CCGCCCAG	2
CCGCCCCG	2
CTTGGAGG	2
CTTGGCAA	2
GACATTAT	2
CNCCAGTC	2
CTCAATGA	2
TTTCGTTC	2
TTTCTAAC	2
CTCAAGGC	2
TTTCTAGC	2
CNCATTCC	2
TTTCTATG	2
TTTCTCTG	2
CTCAATGC	2
CNCCCCTT	2
TTTCTGTC	2
TTTCTTAT	2
CNCCCTCA	2
CTCAAGAG	2
CNCCTTTC	2
TTTCTTCT	2
CTCAAGAC	2
CTCACATG	2
CNCAGCTA	2
CTCAGAGC	2
TTTCAGGG	2
CTCACTTC	2
CTCACTCT	2
CTCACCTC	2
CTCACCCA	2
CTCACCAA	2
CNCCTTTT	2
CTCACAGA	2
CTCACACG	2
TTTCATGC	2
CTCAATTA	2
CTCAATGT	2
CTCAATGG	2
CNCATGCG	2
CTATACCA	2
CTATCAAT	2
CTATATGT	2
CTATATAG	2
TTTGGGCG	2
CTATAGCC	2
CNCTCTAA	2
CTATAGAG	2
CNCTCTCT	2
CTATCAGG	2
CTAGTTGC	2
TTTCTTTG	2
CTAGTTCC	2
CTAGTGTT	2
CTAGTGGG	2
CTAGTGCA	2
CNCTGACT	2
CTAGTGAA	2
TTTGGGCT	2
CTCAAAGA	2
TTTCTTGC	2
CTATTTCC	2
CTATTGAG	2
CNCGCTCC	2
CTATGTGC	2
TTTCTTTA	2
CNCGGCCA	2
CNCAGCCC	2
CTATGATG	2
CTATCTGA	2
CTATCGCA	2
CNCTATCC	2
CTATCCGC	2
CTATCCAT	2
CTATCATG	2
TTTGGTGT	2
CGTTTATA	2
CNAAAAAC	2
CTCCATAA	2
TTTGTACC	2
CNAATACA	2
CNAATAGA	2
CNAATCTA	2
CNACAATT	2
CGTTGGCC	2
CTCCAGTC	2
TTTATATT	2
CTCCAGCC	2
TTTGGTCT	2
CTCCAGAA	2
CTCCACTC	2
CNACCTAG	2
CTCCACAG	2
CTCCCAAG	2
CGTGCAAG	2
CTCCCATC	2
TTTGTTGC	2
TTTGTTAG	2
CTCCCAGG	2
CTCCCACT	2
CTCCCACG	2
CTCCCACA	2
TTTATCCC	2
CGTGGTCA	2
CGTGTGCT	2
CTCCCAAC	2
CGTGTGTA	2
CGTTATCA	2
CTCCATGT	2
CGTTGAAT	2
TTTCACAT	2
CNATAGGT	2
CTCAGGGC	2
TTTCAAGA	2
CNATCCCC	2
TTTGGTAT	2
CNATGGGC	2
CNATGTTA	2
CNATTGCT	2
CTCAGGGG	2
TTTCACTT	2
CNCACAAC	2
CTCAGCTG	2
CTCAGCTA	2
CTCAGCCT	2
CNCAGCAA	2
CTCAGCAG	2
CNACTGTG	2
CNACCTGG	2
CTCCAACT	2
CTCCAAAG	2
CNACCTTT	2
CTCATTTA	2
TTTATGAA	2
CTCATGGT	2
CNACTAGT	2
CNCTTACC	2
TTTATGTG	2
CNACTTGA	2
CTCATCTA	2
CTCAGTTA	2
CNAGGCCG	2
CNAGTTGC	2
TTTCAAAA	2
CTAACCAA	2
CTAAGTAC	2
CTAAGGGT	2
TTTGACCA	2
CNGTATAG	2
CTAAGACT	2
CTAACTCG	2
CTAACGCA	2
CTAACCGG	2
TTTGGAAC	2
CNGTGGTT	2
CNGTTATA	2
TTTGACGT	2
TTTGCTTG	2
TTTGCCTT	2
CTAAATAG	2
CTAAATAC	2
CNTCAATT	2
CTAATGCA	2
CTACAAAA	2
CTAATTGG	2
TTTGGATT	2
CNGCCTTC	2
CNGCTCAA	2
CNGCTGCC	2
TTTGACAG	2
CTAATGGG	2
CTAAAGTC	2
TTTGGAAG	2
CTAATCTC	2
CTAATCAC	2
CTAATAGT	2
CNGCTTCC	2
CTAATAGA	2
CTAAGTTT	2
CNTGCATA	2
TTTGACTA	2
TTTGCATA	2
TTTGAGCC	2
TTTGAGGG	2
TTTGCAGC	2
CNTGTAGA	2
GNCCCGCA	2
CNTCGCAA	2
CNTTGTTT	2
CNTGCAAT	2
TTTGCACT	2
TTTGCAAC	2
CNTCGGGT	2
CNTGACGC	2
CNTCTCCT	2
TTTGATGA	2
CNTCTTGG	2
CTAAAACA	2
CTAAAGGA	2
CNTCACAA	2
CTAAACTC	2
CTAAACGA	2
CNTCAGAA	2
CTAAACCA	2
CTAAAACC	2
TTTGCCCC	2
CTACAAAG	2
CNTCAGTA	2
CTAAAAAC	2
TTTGCCAG	2
TTTGCCAA	2
CNTTTCAT	2
CNTTTATA	2
CNTCCAAC	2
CTAGATTC	2
CTAGGAGT	2
CTAGCTTC	2
CTAGCTCT	2
CTAGCTCA	2
CTAGCATG	2
CTAGCATC	2
CTAGCAGA	2
CTAGCAAT	2
CNGATAAA	2
CTAGATGC	2
TTTGAAGC	2
CTAGAGGA	2
CTAGAGCT	2
TTTGGGAT	2
CTAGAGAC	2
CTAGACAC	2
CTAGAAGC	2
CNGAATGG	2
CTAGTATT	2
CNCTTTGC	2
CTAGGTTT	2
CTAGGTTA	2
CTAGGTCC	2
CNGAAAAA	2
CTAGGTAC	2
CTAGGCCT	2
CNGATGAA	2
TTTGGGCA	2
CTAGGCAC	2
CNGACCTT	2
TTTGAACA	2
CNGAGATA	2
CTAGGATG	2
CNGAGCAA	2
CTACACTT	2
CNGCATCT	2
CTACGAGC	2
CTACATTG	2
CNGCCAAT	2
CTACATGG	2
CTACATCT	2
CTACATCC	2
CNGCCGCG	2
CTACGCGA	2
CNGCCTCT	2
CTACACCT	2
TTTGGCAC	2
CTACACAA	2
CTACAATG	2
CTACAAGC	2
CTACAAAT	2
CNGATTTA	2
CTACTTGG	2
CTACTTGC	2
CTACTTCT	2
CTACTTAA	2
CNGATGCT	2
CTACTGCT	2
TTTGGCTA	2
CTACTCTG	2
CGTGAGGG	2
CTACTAGC	2
CNGCAATT	2
CTACTACA	2
CTACTAAA	2
CTACGTGC	2
CTACGTAA	2
CTACGGAT	2
CGATTGTA	2
CGATCTCT	2
CGATGGCT	2
CGATTAAT	2
CGATTATA	2
TTGTCAAT	2
CTGAGCAA	2
CGATTGAT	2
CTGAGAAG	2
CGATCTAT	2
CGCAAAAA	2
CTCTTTTT	2
CTCTTTTG	2
TTTTAGCA	2
CTCTTTTC	2
CTCTTTGT	2
CGCAACAT	2
CTCTTTGC	2
CGATCCCT	2
CTGCATGG	2
CTGCAGAT	2
TTTTATAC	2
CTGCAGAA	2
TTTTAGGC	2
CGATCCAT	2
CTGCACTT	2
CGATCCCG	2
CGCAACTC	2
CTGCAACT	2
CTGATGTC	2
CTGATAGA	2
CGATCGAT	2
CGATCTAC	2
TTTTAGCC	2
TTGTATCC	2
CTCTGCCT	2
CGCACCTC	2
CTCTGTGT	2
CTCTGTGC	2
TTGTGGTG	2
CTCTGTCT	2
CGCACTAT	2
CTCTGGGA	2
CGCACTTC	2
CGCACAGC	2
CGCAGATC	2
CGCAGCAA	2
TTGTGTAG	2
CTCTGATT	2
CTCTGACT	2
CTCTCTTT	2
TTGTGTCC	2
CTCTCTTA	2
CTCTTATC	2
CTCTTTCT	2
CTCTTGTT	2
TTGTCCCT	2
CTCTTCGT	2
TTGTCGTG	2
CGCAATCT	2
CGCAATGC	2
CGCAATTA	2
TTTTATCC	2
TTGTGAGC	2
TTGTGGGA	2
CNTCTTGT	2
TTTTAGAT	2
CGCACAAC	2
CTCTTACC	2
CTCTTAAT	2
CTGGTCCA	2
CTGTGTTG	2
CTGTGAGT	2
CTGTCCTT	2
CTGTCATT	2
CTGTCAAT	2
CTGTAACC	2
CTGGTTTT	2
CTGGTGAA	2
CTGTTAGA	2
CGACAGAT	2
CTGGGTTC	2
CTGGGTAT	2
CTGGGCAT	2
CTGGCTTG	2
CTGGCGGA	2
CTGGCATT	2
TTTTCCCT	2
TTGGTGTA	2
CGAACGAG	2
CTTCAATT	2
CTTCAATC	2
CGAACGGC	2
CTTCAACN	2
CGAAGCAT	2
CGAAGTGT	2
CGAATAGA	2
CTGGCACA	2
TTGGTGTT	2
TTGGTTTC	2
TTGTACAA	2
CTGTTTAG	2
CTGTTGGA	2
TTGTACGT	2
TTGTACTT	2
CTGCCTAG	2
CTGCCTGG	2
CGACGGAA	2
TTTTCAAT	2
CTGCCTCT	2
CGAGAAAT	2
CGAGAACC	2
CGAGATCT	2
CGAGGAAA	2
CGACGATC	2
TTTTCAAG	2
TTGTAGTA	2
CTGCCACC	2
CGAGGCTC	2
CGAGGGGT	2
CTGCATTT	2
CGATAAAT	2
CGACCAGC	2
CGACATTG	2
TTTTCCAA	2
CTGGCAAA	2
CTGGATAC	2
CGACCAAG	2
CGACCAAT	2
CTGGAGCA	2
CTGCTTCT	2
TTGTGTGT	2
CGACCCCA	2
CTGCTCTA	2
CGACCGGA	2
CTGCTCCA	2
CTGCTATG	2
CTGCGTGT	2
CTGCGTAC	2
CTCCTGCT	2
CGGATTTC	2
CGGCAAGA	2
TTTAGAAC	2
CGGCAATC	2
CGGCATAC	2
CGGCATTT	2
CGGCCCTG	2
CGGCCGCC	2
CGGATAAA	2
CTCCTCTT	2
CGGCGATT	2
CGGCGTAT	2
CTCCTCAG	2
CTCCTATA	2
CTCCTAAT	2
CTCCGTTT	2
CTCCGTGC	2
CTCCTTGC	2
CGCTGCCC	2
CTCCTTTC	2
CGCTGTGT	2
CGCTTAGT	2
CGCTTCGG	2
CGCTTGGT	2
CGCTTTCC	2
CGGAAATA	2
CTCCGGGT	2
TTTACTGT	2
CGGAATTC	2
CGGACAAT	2
CGGACGGC	2
CGGAGATA	2
CGGAGCTT	2
CGGAGGCA	2
CGTCCAGG	2
CGTCAAGC	2
CTCCCTGC	2
CTCCCTGA	2
TTTGTTTC	2
CGTCAGGA	2
CGTCAGGN	2
CGTCAGGT	2
CTCCCGGA	2
CTCCCTGG	2
CGTCCTGA	2
CTCCCCTT	2
CTCCCCTA	2
CGTCGCAT	2
CGTCGGCA	2
CTCCCCAT	2
CTCCCATT	2
CGTCTTCT	2
CTCCGCAC	2
CGGCTGAA	2
CTCCGGCG	2
CTCCGGCA	2
CTCCGCTG	2
CGGGAGAA	2
CGGGCATC	2
CTCCGCGA	2
CTCCGCCC	2
CTCGAGAT	2
CGGGGCGG	2
CGGGGGGA	2
CGGGGGGC	2
CTCCGAAA	2
CGGTAATT	2
CTCCCTTG	2
CGTCAAAA	2
CGCCGGTG	2
CTCTCCCG	2
CTCTCCCA	2
CGCCCCCT	2
CTCTCCAA	2
CGCCCGAG	2
CTCTCAGG	2
CGCCCTCG	2
CGCCGCCG	2
CGCCATCT	2
CGCCGTAC	2
TTTACAAA	2
CGCCTCAA	2
CTCTCAAT	2
CTCTCAAC	2
TTTACCAT	2
CGCCTCGG	2
CTCTATGA	2
CGCATGAG	2
CGCAGGAT	2
TTGTTCTG	2
CGCATCAC	2
CTCTCTAT	2
CTCTCTAG	2
CTCTCTAC	2
CTCTCGTA	2
CTCTCCTT	2
CGCCTCGT	2
CGCATGCA	2
CGCATGTA	2
CGCATTGG	2
CGCATTTT	2
TTTAAGCT	2
CGCCAACG	2
CGCCAATC	2
CGCTCGGA	2
CTCGCTCC	2
CTCGCTAC	2
CGCGTTTA	2
CGCTAATA	2
CGCTACCA	2
CGCTAGAT	2
CTCGCATA	2
TTTACCTA	2
CGCGTTGA	2
CTCGCAAC	2
CTCGATGC	2
CTCGATCC	2
CGCTCTCA	2
CTCGATCA	2
CTCGAGCC	2
CGCTCTCT	2
CGCGATTA	2
CGCCTCTG	2
CTCTATAG	2
CGCCTTGA	2
CGCGAATA	2
CGCGACTT	2
CTCTAGAT	2
CTCTACAT	2
CTCTAATC	2
CTTCACAA	2
CTCGTTGA	2
CTCGTCTC	2
CGCGCGCA	2
CTCGGCCG	2
TTTACCCA	2
CGCGGAGG	2
CGCGGCAT	2
TCACAAAT	2
TCACTACC	2
TCACTAAT	2
TCACGTTA	2
TCACGCTC	2
TGTTTCGT	2
TGTTTTAC	2
TCACGAAT	2
TCACATTT	2
TCACATGG	2
TCACATGA	2
TCACAGGG	2
TCACAATT	2
TCACTATT	2
TCACAAAC	2
TCACAAAA	2
TCAATTTG	2
TCAATTGG	2
TCAATTGA	2
TCAATTCT	2
TGTTTTGT	2
TGTTTTTG	2
TCAATGAT	2
TNAAAACC	2
TCAAGCTA	2
TCAGCCCA	2
TCATAAGG	2
TCAGTCTC	2
TGTTACAC	2
TGTTACCG	2
TCAGGCTG	2
TGTTATAG	2
TCAGGAGA	2
TGTTGAAA	2
TCAGGAAA	2
TGTTGCTT	2
TCAGCTAC	2
TCAGCCCT	2
TCAAGCGA	2
TCAGCAAG	2
TCAGATTA	2
TGTTGGCC	2
TGTTGGCT	2
TGTTGGGC	2
TGTTGGGG	2
TGTTGTCC	2
TGTTGTTA	2
TCACTTGT	2
TGTTTATG	2
TCACTCAA	2
TATTCTCA	2
TATTGGGG	2
TATTGGCT	2
TATTGGCA	2
TATTGCAC	2
TNAACCAA	2
TATTGATG	2
TATTGATC	2
TATTGATA	2
TNACAAGA	2
TNACAGCA	2
TATTCTGT	2
TATTCTCC	2
TATTGTAC	2
TATTCATC	2
TATTCACG	2
TATTCACA	2
TATTCAAG	2
TATTATTT	2
TATTATTG	2
TATTATCT	2
TNACATAG	2
TNACATTA	2
TATTACAA	2
TATTAAGG	2
TATTTTTG	2
TCAAGCAT	2
TCAACGTG	2
TCAACGGA	2
TCAACCTA	2
TCAACAGA	2
TCAAATCC	2
TCAAATCA	2
TNAACAAG	2
TCAAAGGG	2
TCAAAGGA	2
TCAAACTG	2
TCAAAAGC	2
TCATAGAG	2
TATTTTAT	2
TATTTGTC	2
TATTTGCT	2
TATTTGCC	2
TATTTCCT	2
TATTTATC	2
TATTTAGG	2
TATTGTTC	2
TATTGTGC	2
TATTGTCT	2
TATTGTCC	2
TCCAGTGG	2
TCCCAACT	2
TCCCAACA	2
TCCCAAAT	2
TGTGATGT	2
TCCATTGT	2
TCCATGTT	2
TCCATGTG	2
TCCATGCG	2
TCCATGCA	2
TCCATCAG	2
TCCATAAT	2
TCCATAAA	2
TCCCAAGT	2
TCCAGTAA	2
TCCAGGTT	2
TCCAGGAG	2
TCCAGCCT	2
TCCAGCCC	2
TCCAGACC	2
TGTGCACC	2
TGTGCATG	2
TCCACTTT	2
TGTGCCAA	2
TGTGCCAC	2
TCCCATAC	2
TCCCCCCA	2
TCCCCCAT	2
TGTCGTCC	2
TCCCCATT	2
TGTCTACA	2
TCCCCAAG	2
TGTCTAGC	2
TCCCATTA	2
TCCCATGT	2
TGTCTCTT	2
TCCCATCT	2
TCCCATCC	2
TGTGCTTG	2
TCCCAGTT	2
TCCCAGTG	2
TCCCAGTC	2
TCCCAGCC	2
TCCCAGAA	2
TCCCACTA	2
TCCCACCC	2
TCCCACCA	2
TCCCACAC	2
TCCCACAA	2
TGTGAGCC	2
TGTGTGCN	2
TCCAACGA	2
TCCAACCA	2
TCCAACAA	2
TCCAAACA	2
TCCAAAAC	2
TGTGTGCC	2
TCATTGGC	2
TCATTATA	2
TCATGTGT	2
TCATGTAG	2
TCATGGCA	2
TCATGCCT	2
TCCAACTA	2
TCATGCCA	2
TCATGATG	2
TCATGAAT	2
TCATGAAC	2
TCATCCTC	2
TGTGTGTG	2
TCATCAGC	2
TCATCAAT	2
TGTGTTAA	2
TCATCAAG	2
TCATAGAT	2
TGTGGTGC	2
TGTGGAAT	2
TGTGGACG	2
TGTGGCAT	2
TGTGGGCA	2
TGTGGGCC	2
TCCACTTA	2
TGTGGGTG	2
TCCACTGC	2
TCCACTCT	2
TGTGGTCA	2
TGTGGTCC	2
TATGTTTT	2
TGTGTCCA	2
TCCACGTT	2
TCCACGAC	2
TCCACCTT	2
TCCACCAT	2
TGTGTCGG	2
TCCAATTA	2
TCCAATCG	2
TCCAAGTG	2
TCCAAGTC	2
TCCAAGCC	2
TAGTGGCA	2
TNCGGCTC	2
TATAGAGC	2
TATAGACC	2
TATACTGG	2
TATACACA	2
TATAAGCC	2
TATAACCT	2
TATAAAAC	2
TAGTTATG	2
TAGTTAAT	2
TAGTGGTG	2
TAGTGGCC	2
TNCGGCCT	2
TAGTGGAA	2
TAGTGCCG	2
TAGTGCCC	2
TAGTGAAA	2
TAGTCAAG	2
TAGTAGGC	2
TNCTCCCC	2
TAGTACTG	2
TAGTACCC	2
TAGTACAT	2
TAGGGCTC	2
TATATGCT	2
TATCATTT	2
TNCGCATG	2
TATCAGCC	2
TATCACTC	2
TATCACCG	2
TATCACAG	2
TNCGCCAA	2
TATCAAGG	2
TATCAACA	2
TATATTTG	2
TATATTTC	2
TATATTAA	2
TAGGGCTA	2
TATATGAT	2
TNCGCCGT	2
TATATATA	2
TATATAGG	2
TATAGTTT	2
TATAGGAC	2
TATAGCGG	2
TATAGCGC	2
TATAGCGA	2
TATAGCAG	2
TATAGCAC	2
TAGCCACC	2
TNCTTTTT	2
TAGCCTAG	2
TNGACTGT	2
TAGCCGAA	2
TAGCCCTT	2
TNGAGTCG	2
TAGCCCGA	2
TAGCCCCT	2
TAGCCCAT	2
TAGCCCAC	2
TAGCCATC	2
TAGCCAGA	2
TAGCCTCT	2
TAGCATTA	2
TAGCATGT	2
TAGCAGGC	2
TAGCAGCG	2
TAGCAGCA	2
TAGCACCT	2
TAGCAAAT	2
TAGATTCG	2
TNGATCGG	2
TAGAGTTC	2
TAGAGGTA	2
TAGGCCAN	2
TAGGGCAC	2
TAGGGCAA	2
TAGGGAAA	2
TAGGCTTT	2
TAGGCTTC	2
TAGGCTGT	2
TAGGCGTT	2
TAGGCCGT	2
TAGGCCCT	2
TAGGCCCG	2
TNCTCTTC	2
TNCGCATC	2
TAGGCCAC	2
TAGGCATG	2
TAGGCACC	2
TAGGAGTG	2
TAGGACTG	2
TAGGACCG	2
TAGGACCA	2
TAGCTTTA	2
TAGCTTCC	2
TAGCCTTA	2
TAGCCTGA	2
TATGCGAT	2
TNATTGAC	2
TNCAATTC	2
TATGGAGG	2
TATGGAGA	2
TATGCTTT	2
TATGCTCG	2
TATGCTCC	2
TNCATATT	2
TATGCGTG	2
TATGCGGC	2
TATGCGCG	2
TATGCGCA	2
TNATCTGC	2
TNCCAAGC	2
TATGCCGC	2
TNCCATCC	2
TATGCATG	2
TNCCATGC	2
TATGCAGA	2
TATGCACG	2
TATGCACA	2
TNCCATTA	2
TATGCAAG	2
TATGATTG	2
TATGTCAG	2
TATGTTTG	2
TATGTTGG	2
TATGTTCG	2
TATGTTAT	2
TATGTTAG	2
TATGTGTG	2
TATGTGGA	2
TATGTGCT	2
TATGTGCG	2
TATGTCTA	2
TATGTCGT	2
TNACTAAG	2
TATGATCT	2
TATGTCAC	2
TATGTAGT	2
TATGTACT	2
TNACTCAT	2
TNAGATCG	2
TNAGCATT	2
TATGGTAC	2
TATGGGTG	2
TNAGGTAT	2
TATGGGGT	2
TNATCCAA	2
TNCGATCT	2
TNCCTTTC	2
TATCTTAT	2
TATCTCTT	2
TNCGATCA	2
TATCTCCG	2
TATCTCCA	2
TATCTATG	2
TATCGGGC	2
TATCGCGC	2
TATCGATA	2
TATCGACT	2
TATCGACC	2
TATCTTCA	2
TATCCTCC	2
TATCCTCA	2
TATCCTAC	2
TATCCCTT	2
TATCCCTG	2
TATCCCCG	2
TATCCCCA	2
TATCCATA	2
TATCCACA	2
TATCCAAC	2
TNCGCAGC	2
TATGACGA	2
TNCCCTAG	2
TATGATCA	2
TATGATAT	2
TATGAGTG	2
TATGAGTC	2
TATGAGGC	2
TATGAGCG	2
TATGAGCC	2
TATGAGCA	2
TATGACTG	2
TATGACGG	2
TGTCGCAA	2
TNCCCTGA	2
TATGAATT	2
TATGAAGA	2
TNCCTGCA	2
TATGAACG	2
TATGAACC	2
TATGAACA	2
TATGAAAC	2
TATGAAAA	2
TATCTTTT	2
TATCTTTA	2
TGCTAATT	2
TCTGAAAA	2
TCTCTTTA	2
TCTCTTGT	2
TCTCTTCG	2
TCTCTTCA	2
TCTCTGGG	2
TGCGGGGC	2
TGCGGTCC	2
TCTCTATG	2
TCTCTATA	2
TGCGGTGC	2
TCTCGTTC	2
TCTGAACA	2
TCTCGCTG	2
TGCTCGAT	2
TCTCGCGC	2
TGCTCGCT	2
TGCTCTAA	2
TGCTCTGG	2
TGCTGAAA	2
TCTCGATT	2
TCTCGAGA	2
TCTCGACG	2
TCTCGACC	2
TCTGCCCG	2
TCTGGCTA	2
TCTGGCAT	2
TGCGGCCA	2
TCTGGAGC	2
TCTGCTTA	2
TCTGCTCT	2
TCTGCTCG	2
TCTGCTAG	2
TCTGCTAC	2
TCTGCGTC	2
TCTGCGCA	2
TCTGCCTT	2
TGCTGAAC	2
TCTGCCCC	2
TCTGCCAC	2
TCTGCATG	2
TCTGCATA	2
TCTGCAGG	2
TCTGCAGC	2
TCTGCACC	2
TGCGGCCT	2
TCTGATGT	2
TCTGACTT	2
TCTGACCA	2
TGGAGCAT	2
TCTCCAAA	2
TCTCATTC	2
TCTCATGG	2
TCTCATCA	2
TCTCATAT	2
TCTCAGTT	2
TCTCAGCT	2
TCTCACGC	2
TCTCACCT	2
TCTCACCC	2
TCTCACCA	2
TCTCACAG	2
TGGACTTA	2
TCTCAATG	2
TCTCAACC	2
TCTCAAAG	2
TCGTTCCC	2
TCGTCTGC	2
TCGTCTGA	2
TCGTCGAA	2
TCGTCAAC	2
TCGGTGAT	2
TCGGTCTT	2
TCGGCCGG	2
TCTCCGTC	2
TGCTGAAT	2
TGCTGACT	2
TCTCCTTA	2
TCTCCTGT	2
TCTCCTGG	2
TGCTGCCT	2
TGCTGCTA	2
TGCTTCAA	2
TGCTTGCC	2
TCTCCTAC	2
TCTCCGTG	2
TGCTTTTC	2
TCTGGGAC	2
TCTCCGGG	2
TCTCCGGA	2
TCTCCGCA	2
TCTCCGAT	2
TCTCCGAC	2
TGGAAAGA	2
TGGAACAA	2
TCTCCCCG	2
TGGAACTC	2
TGGACGTG	2
TCTCCACC	2
TGAACTAT	2
TGCAAGGC	2
TGCAATCA	2
TGCAATGA	2
TGACATTC	2
TGACAGGT	2
TGACAAAT	2
TGAATGTA	2
TGAATGAC	2
TGAATCCT	2
TGAAGTAG	2
TGAAGTAA	2
TGAAGACT	2
TGCAAGAA	2
TGAACGTT	2
TGAACAGA	2
TGAAACAG	2
TCTTTGGC	2
TCTTTCCT	2
TCTTTCAA	2
TCTTTACC	2
TGCACATG	2
TCTTGTTT	2
TCTTGTCA	2
TCTTGGTA	2
TGATCTTA	2
TGAGGTTC	2
TGAGGTTA	2
TGAGTTTA	2
TGAGGTCT	2
TGAGGGAG	2
TGAGGCCC	2
TGAGGCAT	2
TGAGGCAC	2
TGATAGGA	2
TGATCGGA	2
TGATCTGC	2
TGAGGATT	2
TCTTGGCT	2
TGATGAGC	2
TGACTCTC	2
TGATGGTT	2
TGATGTAA	2
TGATGTGA	2
TGATTAGG	2
TGCAAACG	2
TGACTAGA	2
TGACTAAG	2
TGACGCGG	2
TGACGATG	2
TGCGCTAA	2
TGCCGTGT	2
TGCCTATT	2
TCTTGAAA	2
TCTTCTTC	2
TCTTCGTT	2
TCTTCGAT	2
TGCCTGCG	2
TCTTCATC	2
TGCCTTGC	2
TGCCTTGT	2
TGCGAAGA	2
TGCGCCTA	2
TGCCCTGA	2
TCTTCAGG	2
TCTTATGT	2
TCTTAGCG	2
TCTTAGCC	2
TCTGTTAT	2
TCTGTGGC	2
TCTGTCTC	2
TCTGTATA	2
TCTGGGTT	2
TCTGGGGT	2
TCTGGGCC	2
TGCATGAG	2
TCTTGGAA	2
TGCACTTT	2
TCTTGCTC	2
TCTTGCTA	2
TGCAGCCA	2
TCTTGCCT	2
TGCAGCTC	2
TCTTGCCC	2
TCTTGCAC	2
TCTTGACG	2
TCTTGACA	2
TCGGCCAA	2
TGCATGTT	2
TGCATTTC	2
TGCCAAAA	2
TGCCAAAG	2
TGCCAATC	2
TGCCACCT	2
TGCCACTT	2
TGCCAGTC	2
TGCCCACC	2
TGCCCCGG	2
TGCCCTAT	2
TCCCTTTG	2
TCCGCACG	2
TCCGCACC	2
TGGTTAGC	2
TGTAAATT	2
TCCGCAAC	2
TCCGATTC	2
TCCGATGC	2
TGTACCTT	2
TGTACGAC	2
TCCGAGTG	2
TCCGAATC	2
TCCGAAAG	2
TGGTGTTT	2
TCCCTTCT	2
TCCCTTCC	2
TCCCTTCA	2
TCCCTTAG	2
TGTACTAA	2
TCCCTGGG	2
TCCCTGGA	2
TCCCTGCC	2
TGTACTCC	2
TGTACTTG	2
TCCCTCTA	2
TCCGCCCT	2
TGGGTTGG	2
TCCGCGTT	2
TGGTACAG	2
TCCGCGTC	2
TGGTATCT	2
TCCGCGCA	2
TCCGCGAC	2
TGGTCGGC	2
TGGTCGGT	2
TCCGCCTC	2
TCCGCCTA	2
TGGTCGTA	2
TCCCTCGA	2
TCCGCCCG	2
TGGTCTAG	2
TGGTCTAT	2
TGGTCTCG	2
TGGTCTTT	2
TCCGCCAA	2
TCCGCATT	2
TCCGCATC	2
TGGTGGCC	2
TCCGCAGA	2
TGGTGGTG	2
TGTCCTTC	2
TCCCGCCT	2
TCCCGCCC	2
TCCCGCAN	2
TCCCGCAG	2
TGTATAGA	2
TCCCGACT	2
TCCCCTCG	2
TCCCCTAC	2
TCCCCTAA	2
TGTCCAAT	2
TCCCCGTT	2
TGTCCTCG	2
TCCCGCGG	2
TCCCCGTC	2
TCCCCGTA	2
TCCCCGGG	2
TCCCCGGA	2
TGTCGAAC	2
TCCCCGAG	2
TCCCCGAC	2
TCCCCGAA	2
TCCCCCTG	2
TCCCCCTA	2
TCCCCCGT	2
TCCCTAAA	2
TCCCTCCC	2
TCCCTCCA	2
TCCCTCAT	2
TCCCTCAG	2
TCCCTCAC	2
TGTAGAAA	2
TCCCTATA	2
TCCCTAGT	2
TCCCTAGC	2
TCCCTACT	2
TGTAGATA	2
TCCGCTAG	2
TCCCGTTT	2
TCCCGTTC	2
TCCCGTGT	2
TGTAGCAA	2
TCCCGTAA	2
TCCCGGTG	2
TGTAGCCA	2
TGTAGCTT	2
TCCCGGGG	2
TGTAGTTG	2
TCCCGGAG	2
TCCTCGCG	2
TCCTTTTT	2
TCCTTTTC	2
TCCTTTGA	2
TCCTTGTA	2
TCCTTCTT	2
TCCTTCGG	2
TCCTTCCG	2
TCCTTAAC	2
TCCTGTTG	2
TCCTGGCC	2
TCCTGCCG	2
TCCTCTTA	2
TCGACGAA	2
TCCTCGCC	2
TCCTCGCA	2
TCCTCCTG	2
TCCTCCTC	2
TCCTCCCG	2
TGGAGCTC	2
TCCTCACT	2
TCCTATTG	2
TCCTATGC	2
TCCTATAT	2
TCCTATAG	2
TCGCCAAT	2
TCGGCAGG	2
TCGCTTTC	2
TCGCTTGT	2
TCGCTTAC	2
TCGCGTTG	2
TCGCGTGA	2
TCGCGTCG	2
TCGCGGGC	2
TCGCGCTT	2
TCGCGATG	2
TCGCCTGC	2
TCGCCCAA	2
TCCTAGGC	2
TCGCATGA	2
TCGCATCG	2
TCGCATCA	2
TCGCAGTA	2
TCGCAGCA	2
TCGCACTT	2
TCGCACCC	2
TCGCACAC	2
TCGCAACT	2
TCGCAAAG	2
TCGAGATC	2
TCCGCTCG	2
TGGCCGCT	2
TGGCCGGG	2
TGGCCGGT	2
TGGCCTAA	2
TGGCCTAC	2
TGGCCTAG	2
TGGCCTCT	2
TCCGCTGC	2
TGGCCTGG	2
TGGCCTTC	2
TGGCGTAA	2
TGGCTATC	2
TGGCCATT	2
TGGCTTGA	2
TGGCTTTC	2
TGGGCAGA	2
TGGGCATG	2
TGGGCCGA	2
TGGGCGGT	2
TGGGCTTG	2
TGGGGATG	2
TGGGGCCT	2
TGGGGCTA	2
TGGGTCCT	2
TGGCATTA	2
TCCTAGCC	2
TCCTACTC	2
TCCTACCC	2
TCCTAACC	2
TCCTAAAG	2
TGGATGGC	2
TCCGTGTT	2
TCCGTGAT	2
TGGCAACA	2
TCCGTCTT	2
TCCGTCTA	2
TAGAGCGC	2
TCCGTCAA	2
TCCGGGTG	2
TGGCATTC	2
TCCGGAAT	2
TCCGCTTA	2
TGGCCAAA	2
TCCGCTGT	2
TCCGCTGG	2
TGGCCAAN	2
TGGCCACT	2
TGGCCAGA	2
GGCAAGGC	2
GGCCAGGT	2
GGCCACTA	2
TTCGCGAC	2
TTCGCGTA	2
GGCCAATA	2
GGCCAACA	2
TTCGCTAC	2
GGCATTCA	2
GGCATATA	2
TTCGCTAG	2
GGCAGGAG	2
TTCGCTCG	2
GGCCATAG	2
GGCAAAGG	2
GGATTGTA	2
TTCGGAAT	2
GGATGGTG	2
GGATGGGG	2
GGATGGCT	2
GGATGCGG	2
TTCGGATC	2
GGATCGCA	2
GGATACAA	2
GGAGTAAT	2
TTCGCCAC	2
TTCCTGGA	2
TTCCTGTG	2
TTCCTTAG	2
TTCCTTGT	2
TTCCTTTA	2
TTCCTTTG	2
TTCCTTTT	2
TTCGAGAG	2
TTCGCAAG	2
TTCGCACA	2
TTCGCAGC	2
TTCGCATC	2
TTCGGTCT	2
TTCGCCCC	2
GGCGGCTA	2
TTCGCCTC	2
GGCGCCGC	2
GGCGAAAA	2
GGCCTCGC	2
GGCCTACT	2
GGCCTAAC	2
GGCCTAAA	2
GGCCCCTG	2
GGCCATTG	2
GCTTGTCT	2
GGACATTT	2
GGACATTA	2
TTCTTAAC	2
GGAATTTG	2
TTCTTAAT	2
GGAATTAG	2
GGAATGGG	2
GGAACTAA	2
GGAACAGG	2
GGAACAAA	2
GCTTTCTT	2
GCTTTCGC	2
TTCTGCTG	2
GCTTGGTA	2
GCTTGGCC	2
GCTTGCTT	2
GCTTCTTC	2
GCTTCCGC	2
GCTTATCT	2
GCTTAGGC	2
GCTTAGCG	2
GCTTAATT	2
GCTGTTGA	2
GCTGTGGC	2
GGAGGACA	2
GGAGGTAT	2
TTCGTCCA	2
TTCGTGCA	2
TTCGTTGC	2
TTCTACCA	2
TTCTATGC	2
TTCTCAAC	2
TTCTCACA	2
TTCTCCCA	2
TTCTCGGA	2
TTCTCGTG	2
TTCTCGTT	2
GGCGGGCG	2
TTCTCTTC	2
TTCTCTTG	2
TTCTGCTA	2
GGAGCAGC	2
GGAGACAC	2
GGAGAAAG	2
GGACTTCC	2
GGACTAAT	2
GGACGGTT	2
GGACGGTA	2
GGACCTAA	2
GGGAGCAA	2
GGGCGAAC	2
GGGCCGGC	2
GGGCCGAA	2
GGGCATCT	2
TTATATAG	2
TTATATGC	2
TTATATTC	2
TTATGAAT	2
TTATGATA	2
GGGATGGT	2
TTATGCCA	2
TTATGGCT	2
GGGCGAGG	2
GGGACGTA	2
GGGACATG	2
GGCTTGCA	2
GGCTCTGA	2
TTATGGTC	2
TTATGGTG	2
TTATTAAT	2
TTATTACT	2
TTATTCCC	2
TTATTCCG	2
TTATTCTG	2
GGGGGGGC	2
TTATAGGT	2
GGGTGTGT	2
GGGTGGTC	2
GGGTGGGG	2
GGGTGGGA	2
GGGTCTGG	2
GGGTCTCC	2
GGGTCGGA	2
GGGTCCAA	2
GGGTATGG	2
TTATAGTT	2
TTATATAA	2
TTATTGAT	2
GGGGGGCG	2
GGGGGCCA	2
GGGGGAAT	2
GGGGCTCG	2
GGGGCATT	2
GGGGAAAT	2
GGGGAAAA	2
GGGCTAGT	2
GGGCGTAC	2
GGGCGGTT	2
GGGCGCAC	2
TTCCGTGC	2
GGCTATAG	2
TTCCACGC	2
TTCCACTT	2
TTCCAGGG	2
TTCCATAC	2
TTCCATCT	2
TTCCATGC	2
TTCCATTC	2
TTCCATTT	2
TTCCGATC	2
TTCCGCTA	2
TTCCGGTA	2
GGCTATTT	2
TTCCGTTA	2
TTCCGTTG	2
TTCCTACG	2
TTCCTATT	2
TTCCTGAT	2
GGCTAGGG	2
GGCTAGAT	2
TTCCTGCA	2
TTCCTGCT	2
GGCGTGTA	2
GGCGTCAA	2
TTCATTGT	2
TTATTGTT	2
TTATTTAT	2
TTCAAGTC	2
TTCACCAA	2
TTCACCCA	2
TTCACGCA	2
TTCAGACC	2
TTCAGGCC	2
TTCAGGTG	2
TTCAGTAT	2
TTCATAAA	2
GCTGTCCA	2
TTCATTTT	2
TTCCAAAA	2
TTCCAATC	2
TTCCAATG	2
TTCCAATN	2
TTCCACAC	2
TTCCACAT	2
TTCCACCT	2
TTCCACGA	2
GGCTCCTC	2
GGCTCATT	2
GCAGGGCA	2
GCATGCAC	2
GCATGATT	2
GCATGAAC	2
GCATCTAG	2
GCATCGCA	2
GCATCAGC	2
GCATCAAG	2
GCATATAT	2
GCATACTT	2
GCATACGC	2
GCATAACC	2
GCAGTTCG	2
GCATGCTT	2
GCAGGCCA	2
GCAGGCAG	2
GCAGGATG	2
GCAGCCCA	2
GCAGAGCA	2
GCACTCTC	2
GCACGTAA	2
GCACGCTT	2
GCACGCTC	2
GCACCTCA	2
GCACCCTA	2
GCCATCTT	2
GCCCCTTT	2
GCCCCTAC	2
GCCCCGCC	2
GCCCCCAC	2
GCCCCATG	2
GCCCATTC	2
GCCCAGTA	2
GCCCAGGT	2
GCCCAATC	2
GCCCAACC	2
GCCATTGG	2
GCCATTGC	2
GCACCAGC	2
GCCATCTC	2
GCCAGGCA	2
GCCACTCC	2
GCCACTAC	2
GCCACGGT	2
GCCACGCT	2
GCCAATTC	2
GCCAATGT	2
GCCAATGA	2
GCCAAGGA	2
GCATTATA	2
GATGGTAA	2
GATTTAGA	2
GATTGTGG	2
GATTGGGT	2
GATTGGCA	2
GATTGCGG	2
GATTAATC	2
GATTAAGC	2
GATGGTTT	2
GATGGTTC	2
GATGGTTA	2
TTGACAAT	2
TTGACCAA	2
GATTTATC	2
GATGGGGG	2
GATGGGCC	2
GATGGCAC	2
TTGACCAC	2
GATGGACA	2
GATGCCAG	2
GATGCCAC	2
GATGAAGA	2
TTGACCAT	2
GATCTAAT	2
GATCGCCT	2
GCAAGGCC	2
GCACCACG	2
GCACATTG	2
GCACACCC	2
TTCTTTTT	2
GCAATGTC	2
GCAATGAA	2
GCAATCCC	2
GCAATACC	2
GCAAGTTG	2
GCAAGTGG	2
GCAAGGTA	2
GCCCGATT	2
GCAAGCTG	2
GCAAGCAC	2
GCAACTAG	2
GCAACACC	2
GCAACAAC	2
GCAAATTC	2
GCAAACAA	2
GCAAAATT	2
GCAAAAGC	2
TTGAATTA	2
GATTTTAT	2
GCGTAAAG	2
GCTCAATT	2
GCTCAAGA	2
GCGTTCCT	2
GCGTTCAA	2
GCGTGTGT	2
GCGTGGCT	2
GCGTGGCG	2
GCGTGCCT	2
GCGTCCAA	2
GCGTCAGC	2
GCGTACTG	2
GCGTAATC	2
GCTCACAT	2
GCGGGCCC	2
GCGGGCCA	2
GCGGCTTC	2
GCGGACTC	2
GCGGACAC	2
GCGGAATT	2
GCGGAAAA	2
GCGCTCAA	2
GCGCTAGA	2
GCGCGTAG	2
GCGCCTAC	2
GCTCGCGA	2
GCTGGGGT	2
GCTGGCTT	2
GCTGGCTG	2
GCTGCTTG	2
GCTGAATC	2
GCTCTTGT	2
GCTCTCTG	2
GCTCTCTC	2
GCTCTCAC	2
GCTCTATA	2
GCTCTAAC	2
GCTCGTCG	2
GCGCCCGT	2
GCTCGATA	2
GCTCCTTC	2
GCTCCTGT	2
GCTCCTAC	2
GCTCCCCC	2
GCTCCAGG	2
GCTCCACT	2
GCTCATTC	2
GCTCATGC	2
GCTCATAA	2
GCTCAGGA	2
GCCGGACC	2
GCCTCGTG	2
GCCTCGCT	2
GCCTCGCA	2
GCCTCCTC	2
GCCTCCCG	2
GCCTCACC	2
GCCTACAT	2
GCCTAATT	2
GCCGTAGC	2
GCCGGTTA	2
GCCGGATG	2
GCCGGAGC	2
GCCTCTTC	2
GCCGCTTC	2
GCCGCTAG	2
GCCGCCGC	2
GCCGCCGA	2
GCCGATCA	2
GCCCTTTC	2
GCCCTGGC	2
GCCCTGAT	2
GCCCTCTC	2
GCCCTATG	2
GCCCGGGG	2
GCGACAGC	2
GCGCCCCG	2
GCGCATCG	2
GCGCATCA	2
TTCTTTGC	2
GCGCAGCA	2
GCGCACTT	2
GCGCAAAA	2
GCGATAGA	2
GCGAGCTG	2
GCGAGCAA	2
GCGACATT	2
TTATAGGG	2
GCGAAGCA	2
GCGAAATT	2
TTCTTTGT	2
GCGAAATC	2
GCCTTTCG	2
GCCTTGTC	2
GCCTTGAC	2
GCCTTCGC	2
GCCTGTTC	2
GCCTGCTG	2
GCCTCTTG	2
TAAGCCCC	2
TAAGGTTG	2
TAAGGTTA	2
TAAGGTAT	2
TAAGGGCT	2
TAAGGGCA	2
TAAGGCTG	2
TAAGGCTC	2
TNTGGCAT	2
TAAGGCAC	2
TNTGGCGA	2
TAAGGACT	2
TAAGGAAG	2
TAAGTAGG	2
TAAGCCAG	2
TNTGGCTG	2
TAAGCATA	2
TAAGCAGG	2
TNTGGGCC	2
TAAGCAAT	2
TAAGCAAG	2
TAAGCAAC	2
TNTGGTTA	2
TAAGACGC	2
TAAGACCT	2
TAATCTCG	2
TAATGTGG	2
TAATGTAT	2
TAATGGTT	2
TAATGGGA	2
TNTGGATA	2
TNTGGATG	2
TAATGCCC	2
TAATGCAT	2
TAATGCAG	2
TAATGAGC	2
TAATGACC	2
TAATGACA	2
TAAGACCA	2
TAATCTAG	2
TAATCCTT	2
TAATCCCA	2
TAATCAAT	2
TAATATCA	2
TNTGGCAC	2
TAATACCT	2
TAAGTGAC	2
TAAGTCTA	2
TNTGGCAG	2
TAAGTCAA	2
TTAAAGAC	2
TAAATTGG	2
TAAATTCT	2
TTAAAAGA	2
TTAAAATA	2
TTAAACAA	2
TAAATTCG	2
TTAAACAT	2
TTAAACCA	2
TTAAACCC	2
TTAAACTA	2
TAAATTCA	2
TAAATGAA	2
TTAAAACT	2
TTAAAGCT	2
TAAATCTC	2
TAAATCCC	2
TAAATAGT	2
TAAATAGA	2
TTAAAGTA	2
TAAAGTTA	2
TAAAGCCT	2
TAAAGCCA	2
TAAAGCAC	2
TTAAAGTG	2
TAACGACG	2
TAAGAAGT	2
TAACTTTG	2
TAACTTGA	2
TAACTCTG	2
TAACTCCA	2
TAACTATA	2
TAACTAAA	2
TAACGTTA	2
TNTGTCTC	2
TNTGTGCA	2
TNTGTGTA	2
TNTGGAGT	2
TAACATAG	2
TAACAGTT	2
TNTTATAG	2
TAACAGGC	2
TAACACCG	2
TNTTGCCA	2
TNTTGCGA	2
TNTTGGCC	2
TNTTTTGG	2
TTAAAACA	2
TAAATTTT	2
TNTCCCCA	2
TNTAGATG	2
TACGCCCC	2
TACGCCAA	2
TACGACGC	2
TNTATAGA	2
TACCTTTA	2
TACCTTGT	2
TACCTTGC	2
TACCTTCA	2
TACCTGTA	2
TACCTGCC	2
TACCTCCA	2
TACGGCTT	2
TACCTATT	2
TACCTATC	2
TNTCCCCT	2
TNTCCTCT	2
TACCTACT	2
TACCTACA	2
TNTCCTGA	2
TACCGGGT	2
TACCGCCG	2
TNTCGCAG	2
TACCCTCT	2
TAGACCCA	2
TAGAGCCC	2
TAGAGCAC	2
TAGAGATC	2
TAGAGAAT	2
TAGACTTT	2
TAGACTTG	2
TNGCGAAG	2
TAGACTTA	2
TNGGCCAT	2
TAGACGTT	2
TNGGGCCA	2
TNGGGCGA	2
TACCCTAT	2
TAGACACA	2
TNGTGATG	2
TAGAAACA	2
TACGTTCT	2
TNGTTGAA	2
TACGTGCA	2
TACGTCTT	2
TACGTCCC	2
TACGTACA	2
TACGGTCA	2
TACGGGCA	2
TACACAAG	2
TACATGGT	2
TACATGGA	2
TACATGAT	2
TACATCCA	2
TACAGGCA	2
TACAGCCA	2
TACAGCAC	2
TACACTTT	2
TACACTCT	2
TACACCTT	2
TACACACG	2
TACACACA	2
TACATGTC	2
TNTGCCTA	2
TACAAGGA	2
TNTGCCTT	2
TACAAACC	2
TACAAACA	2
TAATTTAT	2
TAATTGCT	2
TAATTGCA	2
TNTGCTAT	2
TAATTCTC	2
TAATTCCA	2
TACCAGAT	2
TACCCGCC	2
TACCCCGA	2
TACCCATG	2
TACCCAGA	2
TACCCACT	2
TACCCAAG	2
TACCATGT	2
TACCATAG	2
TNTCGGCC	2
TACCAGTC	2
TACCAGCC	2
TAAAGCAA	2
TACCACTT	2
TACCACCA	2
TACCACAC	2
TNTCTTCT	2
TACCAATG	2
TNTCTTTC	2
TNTGACAT	2
TNTGCCCA	2
TACCAAGG	2
TACCAAGC	2
TACATGTG	2
GTAATTCC	2
TTAATCCC	2
GTACTGTT	2
GTACTATA	2
GTACGTGC	2
TTAATCCT	2
GTACGGCC	2
GTACGAAT	2
TTAATCTA	2
TTAATCTT	2
GTACATGT	2
GTACAATT	2
GTAATTCT	2
TTAATCCA	2
GTAATTCA	2
GTAAACGG	2
GTAAAAGT	2
GNTTCGCA	2
GNTGGTCC	2
TTAATGCG	2
GNTCAATT	2
TTAATGTT	2
GNGTGACT	2
GNGTAATT	2
GNGGAGGA	2
GTCAAATG	2
GTCCCCAC	2
GTCCATCC	2
GTCCATAA	2
GTCCAGTC	2
GTCATCGG	2
GTCATCCC	2
GTCAGGCA	2
GTCACTCT	2
GTCACGCA	2
GTCAAGGG	2
GTCAAGCT	2
GTCAAGAC	2
GNGGAGAG	2
GTATGTGT	2
GTATGGGA	2
GTATGACT	2
TTAATCAC	2
GTATACAT	2
GTAGTGTG	2
GTAGTGTC	2
TTAATCAG	2
TTAATCAT	2
GTAGGCTA	2
GTAGCCAT	2
TTAGTTCA	2
TTAGATGA	2
GGTGGCCT	2
TTAGGCAT	2
GGTGCCAG	2
GGTGACGG	2
GGTCTGGC	2
GGTCGTAA	2
GGTCGGCG	2
GGTCCACA	2
TTAGGCTC	2
TTAGTCCT	2
TTAGTGTA	2
GGTGGGCT	2
GGTCACAA	2
GGTCAAGC	2
TTAGTTTG	2
GGTCAAAT	2
GGTATTCT	2
GGTAGCGT	2
TTATAATA	2
TTATACTA	2
GGTAGATC	2
GGTAACTG	2
GGTAAATT	2
GGTTTGGT	2
GNGATCTA	2
GNGATATA	2
TTAATTAC	2
GNCTCACA	2
GNCCCCGT	2
GNCCAATT	2
GNCCAAGA	2
GNCAATTC	2
GNACGTAT	2
TTAATTCG	2
TTAATTGA	2
GTCCCCCA	2
GGTTTCTG	2
GGTTTCAT	2
GGTTGTTC	2
GGTTCTTC	2
GGTTACTG	2
GGTGTTAT	2
GGTGTAAG	2
GGTGTAAA	2
TTAGAGAC	2
GGTGGTGT	2
TTAGAGAT	2
GTTCTGCT	2
GTTGTTCT	2
TTAAGCTA	2
GTTGTTAT	2
GTTGTAGG	2
TTAAGCTG	2
GTTGGGTC	2
GTTGGCCT	2
GTTGGCCC	2
TTAAGCTT	2
GTTGCTGC	2
GTTGATGT	2
GTTCTTCT	2
GTTGTTGT	2
GTTCTACA	2
GTTCCTCT	2
GTTCCAAA	2
TTAAGGAG	2
GTTCAGTA	2
GTTCAGGC	2
GTTATCCC	2
TTAAGGAT	2
GTTAGCCT	2
GTGTGTTT	2
TTAAGGCC	2
TTAAGAAG	2
TTAAATAC	2
TAAAGATA	2
TAAACCCT	2
TTAAATGC	2
TAAACCCA	2
TTAAATGG	2
TTAAATTG	2
TTAAATTT	2
TAAAATGG	2
TAAAAGTC	2
TAAAAGGT	2
TAAAAGGA	2
GTGTCTCT	2
TAAAAGCA	2
TAAAAGAA	2
TAAAACAA	2
TAAAAATT	2
TAAAAATC	2
TAAAAAGA	2
TAAAAAAA	2
NGATCGGA	2
GTTTTCTT	2
GTTTCTTG	2
GTTTCCGC	2
GTCCGCGA	2
GTCTAGCA	2
GTCTACTT	2
GTCGTCTG	2
TTAAGTAT	2
GTCGTCAA	2
GTCCTTTG	2
GTCCTTGA	2
GTCCTCTG	2
GTCCTCCT	2
TTAATAAA	2
GTCCGCTT	2
GTCCGCTC	2
GTCTCAAA	2
GTCCGCCC	2
GTCCCTCT	2
TTAATAAG	2
GTCCCCTT	2
TTAATAAT	2
TTAATACA	2
TTAATAGG	2
TTAATATC	2
TTAATATG	2
TTAATATT	2
GTCCCCGA	2
GTCTTCTG	2
GTGTCGCT	2
GTGTCGCA	2
GTGTATTG	2
GTGGGAAG	2
GTGGCGGT	2
GTGGACAA	2
GTGCTTAT	2
GTGCCATA	2
GTGCCAAA	2
GTGCATGT	2
GTGCACGT	2
GATCGATC	2
GTCTTAGC	2
GTCTGGCA	2
GTCTGCAA	2
TTAAGGGG	2
GTCTCGTA	2
GTCTCGAA	2
GTCTCCTC	2
GTCTCCTA	2
GTCTCCAT	2
TTAAGTAA	2
TTAAGTAC	2
ANCGTATA	2
ANTCAGAC	2
ANTCACTA	2
ANTCAAGT	2
ANTCAACC	2
ANTAAATG	2
ANGTGTGG	2
ANGTCGCA	2
ANGGGAGG	2
ANGCTACT	2
ANGCCCAC	2
ANGCAATT	2
ANCGTGTT	2
ANTCATAT	2
ANCGCTGC	2
ANCGCGTG	2
ANCGCGCA	2
ANCGCGAT	2
ANCGCCTG	2
ANCGCCGC	2
ANCGCCCC	2
ANCGCCAC	2
ANCCTGCA	2
ANCCTACC	2
ANCCGTCA	2
ANCCGCTG	2
ANTGAACC	2
ATAAATAC	2
ATAAAGAC	2
ATAAACGA	2
ATAAACCT	2
ATAAACAC	2
ATAAAAGA	2
ATAAAACC	2
ANTTTGTG	2
ANTTGTCT	2
ANTTCTCC	2
ANTGGCCA	2
ANTGAATT	2
ANCCGCGT	2
ANTCTGAC	2
ANTCTCCA	2
ANTCGCTT	2
ANTCCTTT	2
ANTCCTCC	2
ANTCCGCA	2
ANTCCCTC	2
ANTCCCCA	2
ANTCCCAC	2
ANTCCCAA	2
ANTCCATG	2
ANTCCACA	2
ANAGTTAG	2
ANCAATCA	2
ANCAATAG	2
ANCAAACA	2
ANATGTAT	2
ANATGGAA	2
ANATGCCA	2
ANATCGCT	2
ANATCGAA	2
ANATCAGA	2
ANATATAG	2
ANATAATA	2
ANAGTTAT	2
ANCACATC	2
ANAGTATG	2
ANAGTATC	2
ANAGGTCG	2
ANAGCATG	2
ANAGAGCG	2
ANACTTTA	2
ANACTTAT	2
ANACTCCA	2
ANACTAGG	2
ANACTAGA	2
ANACTAAA	2
ANACGGAT	2
ANCCACTG	2
ANCCGCGG	2
ANCCGCCA	2
ANCCGCAG	2
ANCCCTGT	2
ANCCCTGC	2
ANCCCTCT	2
ANCCCTCA	2
ANCCCGTC	2
ANCCCGGA	2
ANCCCCTC	2
ANCCCACA	2
ANCCATGA	2
ATAAATGA	2
ANCCACCA	2
ANCCACAT	2
ANCCAAGT	2
ANCATATT	2
ANCATAGG	2
ANCATAGA	2
ANCATACT	2
ANCAGGGC	2
ANCACTCC	2
ANCACGGA	2
ANCACCCA	2
ATACAGCT	2
ATACTCAA	2
ATACTATC	2
ATACGGAA	2
ATACGCTT	2
ATACGCGA	2
ATACGCCG	2
ATACGCCC	2
ATACATGC	2
ATACATGA	2
ATACATAT	2
ATACATAG	2
ATACATAC	2
ATACTCGC	2
ATACAGAG	2
ATACACTT	2
ATACACTA	2
ATACAATA	2
ATACAAAG	2
ATAATTTG	2
ATAATTTA	2
ATAATGGG	2
ATAATGCG	2
ATAATCTG	2
ATAATCGG	2
ATAATCGA	2
ATAGAGCC	2
ATAGGCAA	2
ATAGGATC	2
ATAGGAAC	2
ATAGGAAA	2
ATAGCTTT	2
ATAGCTAG	2
ATAGCCTA	2
ATAGCCCA	2
ATAGCATG	2
ATAGCAGT	2
ATAGCACC	2
ATAGAGTG	2
ATAATCCG	2
ATAGAGAG	2
ATAGAATC	2
ATAGAAGT	2
ATAGAAGC	2
ATACTTTG	2
ATACTTAT	2
ATACTGGA	2
ATACTGCT	2
ATACTGCG	2
ATACTCTC	2
ATACTCGT	2
ATAACGAC	2
ATAAGATG	2
ATAAGACT	2
ATAAGACA	2
ATAAGAAC	2
ATAACTTT	2
ATAACTGG	2
ATAACTGC	2
ATAACTAC	2
ATAACGTG	2
ATAACGGA	2
ATAACGCT	2
ATAACGAG	2
ATAAGCAG	2
ATAACCTA	2
ATAACCGG	2
ATAACCGC	2
ATAACCAT	2
ATAACCAG	2
ATAACCAC	2
ATAACATT	2
ATAACATA	2
ATAACAGT	2
ATAACACT	2
ATAAATGG	2
ATAAATGC	2
ATAAGTTA	2
ATAATCAT	2
ATAATCAG	2
ATAATATT	2
ATAATATN	2
ATAATATG	2
ATAATATC	2
ATAATAGT	2
ATAATAGC	2
ATAATAAT	2
ATAAGTTT	2
ATAAGTTG	2
ATAAGTTC	2
ANACGCTA	2
ATAAGTCC	2
ATAAGTCA	2
ATAAGTAG	2
ATAAGGTC	2
ATAAGGTA	2
ATAAGGGN	2
ATAAGGCG	2
ATAAGGCA	2
ATAAGGAT	2
ATAAGCCG	2
ATAAGCCC	2
AGGCCGTA	2
AGGCTTTA	2
AGGCTGGC	2
AGGCTCAA	2
AGGCTATA	2
AGGCGGTG	2
AGGCGGAT	2
AGGCGCTA	2
AGGCGACT	2
AGGCGAAG	2
AGGCCTTT	2
AGGCCTTC	2
AGGCCTAT	2
AGGGAGGA	2
AGGCCGAA	2
AGGCCCCG	2
AGGCATGC	2
AGGCATAG	2
AGGCATAC	2
AGGCACGT	2
AGGCAAGA	2
AGGCAACA	2
AGGATTAT	2
AGGATGGA	2
AGGATAGC	2
AGGAGTAT	2
AGGGTGCT	2
AGGTGGGA	2
AGGTCTTG	2
AGGTCGTG	2
AGGTCGAA	2
AGGTCCAT	2
AGGTCATA	2
AGGTCAAT	2
AGGTATGC	2
AGGTACTA	2
AGGTACCA	2
AGGTAATN	2
AGGTAACA	2
AGGAGAAC	2
AGGGTCGT	2
AGGGGTTA	2
AGGGGTGG	2
AGGGGGGT	2
AGGGGGCA	2
AGGGGCAT	2
AGGGCTAG	2
AGGGCGGG	2
AGGGCGGA	2
AGGGCGAC	2
AGGGCCGT	2
AGGGATGA	2
AGCCTGAC	2
AGCGGAAT	2
AGCGCCCA	2
AGCGCATC	2
AGCGCAGG	2
AGCGCAAT	2
AGCGCAAA	2
AGCGAGGA	2
AGCGAAAT	2
AGCCTTGT	2
AGCCTTCT	2
AGCCTTCA	2
AGCCTTAG	2
AGCGGCGG	2
AGCCTCTA	2
AGCCTCGC	2
AGCCTCCG	2
AGCCTCAC	2
AGCCTATT	2
AGCCGGTT	2
AGCCGGAG	2
AGCCGCGG	2
AGCCGCAG	2
AGCCGCAC	2
AGCCGAGG	2
AGCCCTCT	2
AGCGTTCT	2
AGGAGAAA	2
AGGACTTT	2
AGGACTTC	2
AGGACTTA	2
AGGACTAC	2
AGGACCTT	2
AGGACCTA	2
AGGACATC	2
AGGACATA	2
AGGAATCG	2
AGGAAGAT	2
AGCGTTTG	2
AGGTGGGC	2
AGCGTTCC	2
AGCGTTAT	2
AGCGTGGC	2
AGCGTCTA	2
AGCGTCAA	2
AGCGTATT	2
AGCGTATC	2
AGCGTAAN	2
AGCGTAAG	2
AGCGGTTG	2
AGCGGTTA	2
AGTTATGC	2
AGTTTCTG	2
AGTTTACT	2
AGTTGTTG	2
AGTTGTTA	2
AGTTGCTC	2
AGTTGATC	2
AGTTGAAT	2
AGTTGAAG	2
AGTTCTTC	2
AGTTCTCT	2
AGTTCTAG	2
AGTTCCTT	2
AGTTTGAC	2
AGTTATAG	2
AGTTAGCC	2
AGTTAATT	2
AGTGTTTG	2
AGTGTTCT	2
AGTGTGTT	2
AGTGTCAA	2
AGTGGTCA	2
AGTGGTAA	2
AGTGGCTG	2
AGTGGCCA	2
AGTGGCAC	2
ANAACGCA	2
ANACGATG	2
ANACCTAT	2
ANACCGGA	2
ANACATTA	2
ANAATTAG	2
ANAATTAA	2
ANAATGGC	2
ANAAGTCC	2
ANAAGTAT	2
ANAAGCTA	2
ANAAGCCT	2
ANAAGAAG	2
AGTGGATC	2
ANAACCCG	2
ANAACCCA	2
ANAAAGGT	2
ANAAAGCA	2
ANAAAGAC	2
ANAAACAA	2
ANAAAAAT	2
ANAAAAAA	2
AGTTTTGT	2
AGTTTTAC	2
AGTTTGAT	2
AGTATCCG	2
AGTCCCCT	2
AGTCCCAA	2
AGTCCATG	2
AGTCATTT	2
AGTCATGA	2
AGTCATAA	2
AGTCAGTG	2
AGTCAGTA	2
AGTCACTT	2
AGTCAACG	2
AGTATGTG	2
AGTATGGC	2
AGTCCCTG	2
AGTAGGTC	2
AGTACTAC	2
AGTACATG	2
AGTAAGTT	2
AGTAACCT	2
AGGTTGCT	2
AGGTTGAC	2
AGGTTCTT	2
AGGTTATC	2
AGGTTAAT	2
AGGTGTAT	2
AGGTGGTT	2
AGTCTGAC	2
AGTGGAGG	2
AGTGGAAG	2
AGTGGAAA	2
AGTGCTGT	2
AGTGCGCC	2
AGTGCCTA	2
AGTGCCCA	2
AGTGCATG	2
AGTGATAG	2
AGTGAGCC	2
AGTGACTT	2
AGTCTTGC	2
ATAGGCTA	2
AGTCTCTC	2
AGTCTCGC	2
AGTCTCCT	2
AGTCTACA	2
AGTCGCTA	2
AGTCGCGA	2
AGTCGCAA	2
AGTCGATC	2
AGTCCTTG	2
AGTCCTCT	2
AGTCCTAG	2
ATGCTCAT	2
ATGGAACA	2
ATGGAAAG	2
ATGCTTGT	2
ATGCTTGA	2
ATGCTTCT	2
ATGCTGGG	2
ATGCTGGA	2
ATGCTGCT	2
ATGCTCTC	2
ATGCTCCT	2
ATGCTCCG	2
ATGCTCCC	2
ATGGAGAG	2
ATGCTCAA	2
ATGCTATT	2
ATGCTATC	2
ATGCTAGG	2
ATGCTACC	2
ATGCTAAT	2
ATGCGTTA	2
ATGCGTGG	2
ATGCGGTG	2
ATGCGGAT	2
ATGCGCAT	2
ATGCGATG	2
ATGGCTCC	2
ATGGTGGC	2
ATGGTATT	2
ATGGTATA	2
ATGGGTCA	2
ATGGGGGC	2
ATGGGGGA	2
ATGGGCTG	2
ATGGGCAC	2
ATGGGCAA	2
ATGGGATG	2
ATGGGAGA	2
ATGGCTTG	2
ATGCCTGG	2
ATGGCTCA	2
ATGGCTAC	2
ATGGCCGC	2
ATGGCCCT	2
ATGGCATG	2
ATGGCAGT	2
ATGGCAAG	2
ATGGCAAC	2
ATGGATTT	2
ATGGATCA	2
ATGGATAC	2
ATGGAGGA	2
ATGAGTTG	2
ATGCACAA	2
ATGCAATC	2
ATGCAAGT	2
ATGCAAGA	2
ATGCAAAG	2
ATGATTTT	2
ATGATTAT	2
ATGATTAG	2
ATGATGCA	2
ATGATGAT	2
ATGATCTC	2
ATGATCCT	2
ATGCACAT	2
ATGAGGTA	2
ATGAGGCT	2
ATGAGCAC	2
ATGAGATT	2
ATGAGAGA	2
ATGACTCT	2
ATGACTAA	2
ATGACGTA	2
ATGACCAT	2
ATGACCAA	2
ATGAATTG	2
ATGAATTC	2
ATGCCAAC	2
ATGCCTGA	2
ATGCCTAG	2
ATGCCGCC	2
ATGCCCTT	2
ATGCCCGC	2
ATGCCCAT	2
ATGCCCAG	2
ATGCCCAA	2
ATGCCATT	2
ATGCCATC	2
ATGCCATA	2
ATGCCACT	2
ATGGTGGG	2
ATGCATTC	2
ATGCATGA	2
ATGCATCA	2
ATGCATAG	2
ATGCAGTA	2
ATGCAGGC	2
ATGCAGCA	2
ATGCAGAG	2
ATGCAGAC	2
ATGCACTC	2
ATGCACCT	2
ATTCCCCG	2
ATTCGGCA	2
ATTCGAAT	2
ATTCCTTA	2
ATTCCTGT	2
ATTCCTGC	2
ATTCCTGA	2
ATTCCTAT	2
ATTCCTAC	2
ATTCCTAA	2
ATTCCGTT	2
ATTCCGCC	2
ATTCCCGC	2
ATTCGGTC	2
ATTCCAGT	2
ATTCCAGA	2
ATTCCACC	2
ATTCCACA	2
ATTCCAAA	2
ATTCATTA	2
ATTCATGA	2
ATTCAGGA	2
ATTCACAA	2
ATTCAATG	2
ATTCAACC	2
ATTCAACA	2
ATTCTTTC	2
ATTGCCCA	2
ATTGCATT	2
ATTGCAAA	2
ATTGATTG	2
ATTGATCA	2
ATTGAGCA	2
ATTGACCT	2
ATTGACCA	2
ATTGAATA	2
ATTGAAGT	2
ATTGAAGC	2
ATTGAAGA	2
ATTCAAAT	2
ATTCTTGT	2
ATTCTTCC	2
ATTCTTAG	2
ATTCTGGG	2
ATTCTGAG	2
ATTCTCTT	2
ATTCTCCC	2
ATTCTCCA	2
ATTCTACT	2
ATTCTAAG	2
ATTCGTCT	2
ATGTCCAA	2
ATGTTACA	2
ATGTGTGA	2
ATGTGTAC	2
ATGTGGTC	2
ATGTGGCA	2
ATGTGCTA	2
ATGTGCAG	2
ATGTGATC	2
ATGTCTGC	2
ATGTCTCA	2
ATGTCGTT	2
ATGTCCTA	2
ATGTTCAT	2
ATGTCACC	2
ATGTCACA	2
ATGTCAAG	2
ATGTCAAA	2
ATGTATAT	2
ATGTACTA	2
ATGTAAGC	2
ATGTAAGA	2
ATGTAAAG	2
ATGGTTTG	2
ATGGTTTC	2
ATGGTGTG	2
ATTAACAT	2
ATTCAAAC	2
ATTATTTT	2
ATTATACA	2
ATTATAAG	2
ATTAGCCT	2
ATTAGACT	2
ATTACTAC	2
ATTAATTG	2
ATTAATTA	2
ATTAAGGA	2
ATTAAGCA	2
ATTAAGAA	2
ATGAAGTC	2
ATTAACAC	2
ATTAAATC	2
ATTAAAGA	2
ATTAAACT	2
ATTAAACA	2
ATTAAAAC	2
ATGTTTGT	2
ATGTTGTC	2
ATGTTGGA	2
ATGTTGCT	2
ATGTTGAA	2
ATCACCGG	2
ATCAGCCT	2
ATCAGACG	2
ATCAGAAA	2
ATCACTTT	2
ATCACTTG	2
ATCACTTA	2
ATCACTGT	2
ATCACTGG	2
ATCACGTG	2
ATCACGTA	2
ATCACGGC	2
ATCACGAG	2
ATCAGCGA	2
ATCACCGC	2
ATCACCAG	2
ATCACATT	2
ATCACAGT	2
ATCACAGG	2
ATCAATTT	2
ATCAATTG	2
ATCAATGC	2
ATCAATCT	2
ATCAATCG	2
ATCAAGTC	2
ATCAAGGG	2
ATCATACA	2
ATCATGTG	2
ATCATGTC	2
ATCATGCC	2
ATCATGAG	2
ATCATGAA	2
ATCATCTT	2
ATCATCGT	2
ATCATCCA	2
ATCATATG	2
ATCATATA	2
ATCATAGG	2
ATCATACC	2
ATCAACTG	2
ATCATAAT	2
ATCAGTTG	2
ATCAGTGA	2
ATCAGTCG	2
ATCAGTCA	2
ATCAGTAG	2
ATCAGTAA	2
ATCAGGGT	2
ATCAGGCC	2
ATCAGGAT	2
ATCAGGAC	2
ATCAGCTA	2
ATATAGAC	2
ATATCGAT	2
ATATCCTC	2
ATATCATG	2
ATATCATA	2
ATATCACT	2
ATATCAAT	2
ATATCAAG	2
ATATCAAA	2
ATATATGT	2
ATATATGC	2
ATATATAC	2
ATATAGGA	2
ATATCGGC	2
ATATACCG	2
ATATAAAA	2
ATAGTTAG	2
ATAGTGGG	2
ATAGTCGG	2
ATAGTCGC	2
ATAGTCAA	2
ATAGTAGG	2
ATAGTAAA	2
ATAGGTAT	2
ATAGGGTA	2
ATAGGGCG	2
ATATGTTG	2
ATCAACTA	2
ATCAACGC	2
ATCAACCC	2
ATCAACAC	2
ATCAAAGG	2
ATCAAACT	2
ATCAAAAG	2
ATATTTCC	2
ATATTCTG	2
ATATTCGC	2
ATATTATT	2
ATATTAGT	2
ATCATGTT	2
ATATGTTA	2
ATATGGTG	2
ATATGCCC	2
ATATGCCA	2
ATATGCAG	2
ATATCTTT	2
ATATCTTC	2
ATATCTGA	2
ATATCTCT	2
ATATCGTC	2
ATATCGGT	2
ATCGAGTG	2
ATCGGATG	2
ATCGGAGC	2
ATCGCTTT	2
ATCGCTTN	2
ATCGCTGG	2
ATCGCTAG	2
ATCGCTAC	2
ATCGCTAA	2
ATCGCGGA	2
ATCGCCTC	2
ATCGATGG	2
ATCGATGA	2
ATCGGCCG	2
ATCGAGGT	2
ATCGAGGA	2
ATCGAGCT	2
ATCGAGAG	2
ATCGAGAA	2
ATCGAAGT	2
ATCGAACC	2
ATCCTTTA	2
ATCCTTGC	2
ATCCTTCG	2
ATCCTTCC	2
ATCCTTAT	2
ATCGTAGC	2
ATGAAGGA	2
ATGAAGAA	2
ATCGTTGT	2
ATCGTTGA	2
ATCGTTAC	2
ATCGTGCT	2
ATCGTGCG	2
ATCGTGAA	2
ATCGTCGT	2
ATCGTCCT	2
ATCGTCAA	2
ATCGTATA	2
ATCCTTAG	2
ATCGGTTA	2
ATCGGTGA	2
ATCGGTCT	2
ATCGGTAT	2
ATCGGTAG	2
ATCGGTAC	2
ATCGGGTC	2
ATCGGGGG	2
ATCGGCTT	2
ATCGGCTC	2
ATCGGCCT	2
ATCCAGTA	2
ATCCGGAT	2
ATCCGGAC	2
ATCCGATG	2
ATCCGAGG	2
ATCCGAGA	2
ATCCGACT	2
ATCCGACG	2
ATCCGAAG	2
ATCCGAAC	2
ATCCATCG	2
ATCCATCA	2
ATCCATAA	2
ATCCGGCC	2
ATCCAGGT	2
ATCCAGCT	2
ATCCACGG	2
ATCCACGA	2
ATCCAATA	2
ATCCAAGG	2
ATCCAACT	2
ATCCAACG	2
ATCCAACA	2
ATCCAAAT	2
ATCCAAAG	2
ATCCAAAC	2
ATCCTACA	2
ATCCTTAA	2
ATCCTGTT	2
ATCCTGGG	2
ATCCTGGC	2
ATCCTGCT	2
ATCCTCGN	2
ATCCTCCT	2
ATCCTCCA	2
ATCCTCAC	2
ATCCTATT	2
ATCCTATA	2
ATCCTAGG	2
AGCCCGCT	2
ATCCTAAG	2
ATCCGTTT	2
ATCCGTTG	2
ATCCGTTC	2
ATCCGTGT	2
ATCCGTCA	2
ATCCGGTT	2
ATCCGGTA	2
ATCCGGGT	2
ATCCGGGG	2
ATCCGGCT	2
AATGGTTG	2
ACAAAAAC	2
AATGTTGC	2
AATGTTCC	2
AATGTGAA	2
AATGTCGT	2
AATGTCCT	2
AATGTCCA	2
AATGTCAT	2
AATGTCAG	2
AATGTATG	2
AATGTAGC	2
AATGTAGA	2
ACAAAAGC	2
AATGGTTC	2
AATGGTCG	2
AATGGTCC	2
AATGGTAG	2
AATGGGTG	2
AATGGGCA	2
AATGGCTT	2
AATGGCTG	2
AATGGCTC	2
AATGGAGG	2
AATGGACC	2
AATGGAAC	2
ACAACCGA	2
ACACACAA	2
ACAATTTA	2
ACAATTCG	2
ACAAGGAT	2
ACAAGCCC	2
ACAAGATA	2
ACAAGAGT	2
ACAAGAGA	2
ACAAGACA	2
ACAAGAAC	2
ACAACTAA	2
ACAACGGA	2
AATGCTTT	2
ACAACAGC	2
ACAACACG	2
ACAACACC	2
ACAAATGT	2
ACAAATGC	2
ACAAATGA	2
ACAAAGTA	2
ACAAAGGA	2
ACAAAGCA	2
ACAAACTT	2
ACAAACAC	2
ACAAAATG	2
AATCGTAG	2
AATCTGCA	2
AATCTCTT	2
AATCTCAT	2
AATCTCAA	2
AATCTATT	2
AATCTATC	2
AATCTAGG	2
AATCTAGC	2
AATCTAAG	2
AATCTAAC	2
AATCTAAA	2
AATCGTTA	2
AATCTTAA	2
AATCGGGC	2
AATCGCCA	2
AATCCTTT	2
AATCCTAT	2
AATCCTAA	2
AATCCGCA	2
AATCCGAT	2
AATCCCTG	2
AATCCCGT	2
AATCCCCT	2
AATCCATT	2
AATCCATG	2
AATGACGT	2
AATGCTTC	2
AATGCTTA	2
AATGCTAT	2
AATGCCTT	2
AATGCCGA	2
AATGCCCT	2
AATGCATG	2
AATGCATC	2
AATGCAGA	2
AATGCAAA	2
AATGATTT	2
AATGATCG	2
ACACACCA	2
AATGACCC	2
AATGACAA	2
AATGAATT	2
AATGAATC	2
AATGAAGG	2
AATGAAGA	2
AATCTTTC	2
AATCTTGT	2
AATCTTGC	2
AATCTTGA	2
AATCTTAC	2
ACCACAGG	2
ACCAGCTC	2
ACCAGATT	2
ACCAGAAG	2
ACCACTCC	2
ACCACGTT	2
ACCACGGG	2
ACCACGGA	2
ACCACCCT	2
ACCACCAG	2
ACCACCAC	2
ACCACCAA	2
ACCACATC	2
ACCAGGCC	2
ACCAATTA	2
ACCAATAA	2
ACCAAGTT	2
ACCAAGGC	2
ACCAAGCA	2
ACCAAGAA	2
ACCAACTT	2
ACCAAATT	2
ACCAAAGT	2
ACCAAACN	2
ACCAAAAC	2
ACATTGGA	2
ACCATGTG	2
ACCCACCG	2
ACCCACCC	2
ACCCACAT	2
ACCCACAA	2
ACCCAATG	2
ACCCAAGT	2
ACCCAACG	2
ACCCAAAG	2
ACCATTTT	2
ACCATTGT	2
ACCATTCT	2
ACCATTAG	2
ACATTGAT	2
ACCATGGG	2
ACCATGCC	2
ACCATCAT	2
ACCATATT	2
ACCATAGT	2
ACCATACT	2
ACCATAAC	2
ACCAGTCG	2
ACCAGTCC	2
ACCAGGGC	2
ACCAGGCT	2
ACACGATA	2
ACAGACAT	2
ACACTTTT	2
ACACTTGA	2
ACACTGGA	2
ACACTGAA	2
ACACTCCT	2
ACACTCAA	2
ACACTACA	2
ACACGCTT	2
ACACGCTC	2
ACACGCAG	2
ACACGATT	2
ACAGCACT	2
ACACCTGC	2
ACACCTAG	2
ACACCGAA	2
ACACCCTA	2
ACACCAGT	2
ACACATGG	2
ACACATCT	2
ACACATAT	2
ACACATAC	2
ACACAGAT	2
ACACAGAC	2
ACACACGT	2
ACATATCT	2
ACATTGAA	2
ACATTAGT	2
ACATTACA	2
ACATGTGC	2
ACATGTAT	2
ACATGTAA	2
ACATGGTG	2
ACATGGGC	2
ACATGCTT	2
ACATGAAA	2
ACATCACT	2
ACATCAAA	2
AATCCATC	2
ACATACAA	2
ACATAAGT	2
ACAGTTGC	2
ACAGTCTT	2
ACAGGTTA	2
ACAGGGCC	2
ACAGGCTT	2
ACAGGCAT	2
ACAGGCAA	2
ACAGCGTC	2
ACAGCCTT	2
AAACGCCT	2
AAAGACCT	2
AAAGACAT	2
AAAGAACC	2
AAAGAAAA	2
AAACTGCT	2
AAACTCCT	2
AAACTCCG	2
AAACTATA	2
AAACTAGT	2
AAACTAGC	2
AAACTAAN	2
AAACGGAT	2
AAAGAGCA	2
AAACGCAT	2
AAACGAAC	2
AAACCTTT	2
AAACCTAG	2
AAACCTAC	2
AAACCTAA	2
AAACCGGC	2
AAACCCTT	2
AAACCCTA	2
AAACCCAG	2
AAACCCAC	2
AAACCCAA	2
AAAGGCCT	2
AAAGTTTA	2
AAAGTTGG	2
AAAGTTCA	2
AAAGTCTT	2
AAAGTCTA	2
AAAGTATC	2
AAAGGTTG	2
AAAGGTTA	2
AAAGGTGT	2
AAAGGTGC	2
AAAGGTAA	2
AAAGGGCC	2
AAACCATA	2
AAAGCTCC	2
AAAGCTCA	2
AAAGCGTT	2
AAAGCGTA	2
AAAGCCCT	2
AAAGCCAT	2
AAAGCATT	2
AAAGCACA	2
AAAGATGA	2
AAAGATCA	2
AAAGATAG	2
AAAGATAA	2
AAAACACT	2
AAAAGGCA	2
AAAAGGAG	2
AAAAGCGT	2
AAAAGCAA	2
AAAAGAGT	2
AAAAGAGC	2
AAAACTCA	2
AAAACGCC	2
AAAACCAT	2
AAAACCAG	2
AAAACCAA	2
AAAACATG	2
AAAAGGCT	2
AAAAATTA	2
AAAAATCA	2
AAAAATAC	2
AAAAATAA	2
AAAAAGTA	2
AAAAAGGT	2
AAAAACTA	2
AAAAACGT	2
AAAAACCA	2
AAAAACAT	2
AAAAACAC	2
AAAAAAGG	2
AAAATTTG	2
AAACATGA	2
AAACATCC	2
AAACATAG	2
AAACATAA	2
AAACAGTC	2
AAACAGCC	2
AAACAGCA	2
AAACAGAC	2
AAACACCA	2
AAACACAT	2
AAACAAGG	2
AAACAAGA	2
AAGAAACA	2
AAAATTGG	2
AAAATTCG	2
AAAATTAA	2
AAAATCGC	2
AAAATCCT	2
AAAATCAT	2
AAAATCAA	2
AAAATAAG	2
AAAAGGTG	2
AAAAGGTA	2
AAAAGGGA	2
AATAAGAC	2
AATAGTGA	2
AATAGGCT	2
AATAGATT	2
AATACCCC	2
AATACAGA	2
AATACACG	2
AATACACA	2
AATAATGG	2
AATAATGC	2
AATAATAA	2
AATAAGTC	2
AATAAGCC	2
AATAGTTC	2
AATAAATG	2
AAGGGTAT	2
AAGGGGTG	2
AAGGGCTA	2
AAGGGCCT	2
AAGGGCAA	2
AAGGGAAT	2
AAGGCCAC	2
AAGGCACA	2
AAGGAGTT	2
AAGGAGGA	2
AAGGAGCT	2
AATCAATG	2
AATCCAAG	2
AATCCAAC	2
AATCCAAA	2
AATCATTG	2
AATCATTA	2
AATCATAT	2
AATCAGCC	2
AATCACTG	2
AATCACTA	2
AATCACGC	2
AATCACGA	2
AATCACCC	2
AAGGAGCC	2
AATCAAGG	2
AATCAAGC	2
AATCAAGA	2
AATCAACG	2
AATATTTA	2
AATATTGA	2
AATATTCT	2
AATATTCC	2
AATATCCT	2
AATATCAA	2
AATATACA	2
AAGAGTAC	2
AAGCAGCA	2
AAGCACTC	2
AAGCACAC	2
AAGCAAAG	2
AAGATTCC	2
AAGATTAT	2
AAGATGTT	2
AAGATGCA	2
AAGATGAT	2
AAGATATA	2
AAGATACC	2
AAGAGTCG	2
AAGCATAA	2
AAGAGCCA	2
AAGAGAGT	2
AAGACGTN	2
AAGACGTG	2
AAGAATTA	2
AAGAAGTT	2
AAGAAGGT	2
AAGAACTG	2
AAGAACAG	2
AAGAAATT	2
AAGAAAGT	2
AAGAAAGA	2
AAGCGCTG	2
AAGGACTT	2
AAGGAAGT	2
AAGGAACA	2
AAGGAAAC	2
AAGCTTGG	2
AAGCTTCA	2
AAGCTGAT	2
AAGCTCCC	2
AAGCTCCA	2
AAGCTAGA	2
AAGCTACA	2
AAGCGTAA	2
ACCCACTG	2
AAGCGATA	2
AAGCCTTA	2
AAGCCTGA	2
AAGCCCTT	2
AAGCCCCA	2
AAGCCATG	2
AAGCCATC	2
AAGCCACG	2
AAGCATTT	2
AAGCATGT	2
AAGCATCC	2
AGACAATT	2
AGACCAGA	2
AGACCAAT	2
AGACAGTT	2
AGACAGTG	2
AGACAGTC	2
AGACAGTA	2
AGACAGGA	2
AGACAGCC	2
AGACAGAG	2
AGACACTA	2
AGACACAG	2
AGACACAC	2
AGACCAGT	2
AGACAATG	2
AGACAACC	2
AGAATTGT	2
AGAATTGA	2
AGAATTAT	2
AGAATGTT	2
AGAATGGC	2
AGAATGCG	2
AGAATCGG	2
AGAATATT	2
AGAATAGA	2
AGAATACC	2
AGACTCTN	2
AGAGCTTA	2
AGAGCTCC	2
AGAGCTAG	2
AGAGCGTT	2
AGAGCGCT	2
AGAGCCTC	2
AGAGCATC	2
AGAGCAAA	2
AGAGATAA	2
AGAGAGTG	2
AGAGAATG	2
AGACTGAG	2
AGAATAAT	2
AGACTCGG	2
AGACTCGA	2
AGACTAAN	2
AGACCGTG	2
AGACCGAA	2
AGACCCTG	2
AGACCCTC	2
AGACCCTA	2
AGACCCAT	2
AGACCCAC	2
AGACCCAA	2
AGACCATA	2
ACTTACAT	2
ACTTGTAT	2
ACTTGCGT	2
ACTTGCGG	2
ACTTGAGG	2
ACTTGAAG	2
ACTTCTAC	2
ACTTCCAT	2
ACTTCAAA	2
ACTTATTC	2
ACTTATGA	2
ACTTATAT	2
ACTTACGT	2
ACTTTCAA	2
ACTTAATC	2
ACTTAACC	2
ACTTAAAT	2
ACTTAAAG	2
ACTGTTTG	2
ACTGTTAT	2
ACTGTGAT	2
ACTGGTCC	2
ACTGGGGT	2
ACTGGCTT	2
ACTGGCTG	2
ACTGGCTA	2
AGAAAGGG	2
AGAATAAG	2
AGAATAAA	2
AGAAGGGA	2
AGAAGAGA	2
AGAAGACG	2
AGAAGACA	2
AGAACTCA	2
AGAACGTT	2
AGAACGAA	2
AGAACCGT	2
AGAAATAT	2
AGAAATAG	2
AGAGGAGC	2
AGAAAGGA	2
AGAAAGAA	2
AGAAACTC	2
AGAAACTA	2
AGAAACCT	2
AGAAAAAC	2
ACTTTTTT	2
ACTTTTGC	2
ACTTTTAG	2
ACTTTCTC	2
ACTTTCGT	2
AGCACTAT	2
AGCAGTCT	2
AGCAGTAA	2
AGCAGGCG	2
AGCAGCTC	2
AGCAGCCT	2
AGCAGCCC	2
AGCAGATC	2
AGCAGAGA	2
AGCAGACA	2
AGCACTTC	2
AGCACTGG	2
AGCACTCA	2
AGCATAGT	2
AGCACTAC	2
AGCACTAA	2
AGCACGCA	2
AGCACGAG	2
AGCACAAT	2
AGCAATTG	2
AGCAAGTT	2
AGCAACTT	2
AGCAACCG	2
AGCAAATT	2
AGCAAAGA	2
AGCAAACC	2
AGCCAACT	2
AGCCCGCA	2
AGCCCCTC	2
AGCCCAAT	2
AGCCCAAG	2
AGCCCAAC	2
AGCCATTT	2
AGCCATGT	2
AGCCATAT	2
AGCCAGTA	2
AGCCACAG	2
AGCCAATT	2
AGCCAAGA	2
AGCAAACA	2
AGCATGTT	2
AGCATGTG	2
AGCATGGT	2
AGCATGGG	2
AGCATGGC	2
AGCATGCC	2
AGCATGCA	2
AGCATGAG	2
AGCATCTT	2
AGCATCTC	2
AGCATCGG	2
AGAGTGAC	2
AGATACGG	2
AGATACGA	2
AGATAAGT	2
AGATAACC	2
AGAGTTTC	2
AGAGTTTA	2
AGAGTTGC	2
AGAGTTAG	2
AGAGTGGT	2
AGAGTGGG	2
AGAGTGGA	2
AGAGTGCT	2
AGATAGAA	2
AGAGTCGT	2
AGAGTCCA	2
AGAGTCAG	2
AGAGTATG	2
AGAGTAGT	2
AGAGTACC	2
AGAGTACA	2
AGAGTAAG	2
AGAGGGTA	2
AGAGGCTT	2
AGAGGCTA	2
AGAGGCCA	2
AGATGAAA	2
AGATTTTA	2
AGATTTAT	2
AGATTTAC	2
AGATTGTT	2
AGATTGTC	2
AGATTGAT	2
AGATTGAC	2
AGATTCAA	2
AGATGGTA	2
AGATGCCT	2
AGATGATG	2
AGATGATC	2
ACTGCTTG	2
AGATCTTT	2
AGATCTTG	2
AGATCTGG	2
AGATCTAA	2
AGATCCAG	2
AGATCAAG	2
AGATATTT	2
AGATATTG	2
AGATATGA	2
AGATAGTG	2
AGATAGTA	2
ACGAACTA	2
ACGCAAGG	2
ACGATTCT	2
ACGATTAT	2
ACGATGCT	2
ACGATGAA	2
ACGATAGA	2
ACGAGGTC	2
ACGACTCA	2
ACGACGCA	2
ACGAATTC	2
ACGAAGAT	2
ACGAAGAA	2
ACGCAATC	2
ACGAACAG	2
ACGAAATT	2
ACCGTTAC	2
ACCGTGAA	2
ACCGTCTC	2
ACCGGTTT	2
ACCGGTTA	2
ACCGGTGT	2
ACCGGCTT	2
ACCGGAGG	2
ACCGGACC	2
ACCGGAAT	2
ACGCCCCG	2
ACGCGCAN	2
ACGCGATT	2
ACGCGAAA	2
ACGCCTTA	2
ACGCCTCG	2
ACGCCGTT	2
ACGCCGTC	2
ACGCCGTA	2
ACGCCGGA	2
ACGCCGCC	2
ACGCCGCA	2
ACGCCCCT	2
ACCGCTCG	2
ACGCCCCA	2
ACGCCAGG	2
ACGCATGT	2
ACGCATGC	2
ACGCATCA	2
ACGCATAC	2
ACGCAGTA	2
ACGCAGAG	2
ACGCACTT	2
ACGCACCT	2
ACGCACCC	2
ACCCGAAT	2
ACCCGGAT	2
ACCCGGAG	2
ACCCGGAC	2
ACCCGCTT	2
ACCCGCTG	2
ACCCGCTC	2
ACCCGCGG	2
ACCCGCCT	2
ACCCGCCG	2
ACCCGCAT	2
ACCCGCAC	2
ACCCGATA	2
ACCCGGGT	2
ACCCGAAC	2
ACCCGAAA	2
ACCCCGTG	2
ACCCCGGA	2
ACCCCGAT	2
ACCCCGAC	2
ACCCCACG	2
ACCCCAAG	2
ACCCATTC	2
ACCCATGC	2
ACCCATGA	2
ACCCAGCG	2
ACCCTTCG	2
ACCGCTAT	2
ACCGCGGG	2
ACCGCGGA	2
ACCGCGCT	2
ACCGCGCG	2
ACCGATTG	2
ACCGACAG	2
ACCGAATT	2
ACCGAACT	2
ACCGAAAT	2
ACCCTTTG	2
ACCCTTGG	2
ACGCGGCA	2
ACCCTTCA	2
ACCCTGTA	2
ACCCTGAC	2
ACCCTCTG	2
ACCCTAGG	2
ACCCTAGC	2
ACCCTACC	2
ACCCTAAA	2
ACCCGTCG	2
ACCCGTAT	2
ACCCGGTT	2
ACTCGGTA	2
ACTCTCTG	2
ACTCTAGT	2
ACTCTAGG	2
ACTCTAGC	2
ACTCTAGA	2
ACTCTACG	2
ACTCTAAG	2
ACTCTAAA	2
ACTCGTGT	2
ACTCGTGC	2
ACTCGTAT	2
ACTCGGTG	2
ACTCTGCT	2
ACTCGGGT	2
ACTCGGCT	2
ACTCGGCG	2
ACTCGGCC	2
ACTCGGAG	2
ACTCGCTC	2
ACTCGCGT	2
ACTCGCGC	2
ACTCGCCT	2
ACTCCTGN	2
ACTCCTGG	2
ACTCCGCT	2
ACTGCAGC	2
ACTGCTTC	2
ACTGCTTA	2
ACTGCTGT	2
ACTGCTGC	2
ACTGCTCT	2
ACTGCTCG	2
ACTGCGAA	2
ACTGCCGA	2
ACTGCCCG	2
ACTGCCCA	2
ACTGCCAT	2
ACTGCAGT	2
ACTCCGAG	2
ACTGCAGA	2
ACTGCACT	2
ACTGCACC	2
ACTGACAG	2
ACTGAATC	2
ACTCTTTT	2
ACTCTTCA	2
ACTCTTAG	2
ACTCTGTC	2
ACTCTGTA	2
ACTCTGGA	2
ACGCTCCT	2
ACGCTTTG	2
ACGCTTGG	2
ACGCTTCT	2
ACGCTTCG	2
ACGCTTCC	2
ACGCTTCA	2
ACGCTGTA	2
ACGCTGGT	2
ACGCTGGC	2
ACGCTGAT	2
ACGCTCTA	2
ACGCTCGG	2
ACGGCAAG	2
ACGCTCCA	2
ACGCTCAT	2
ACGCTCAA	2
ACGCTATT	2
ACGCTATA	2
ACGCTAGA	2
ACGCTACG	2
ACGCTAAC	2
ACGCGTTT	2
ACGCGTCT	2
ACGCGTCC	2
ACGCGGTG	2
ACGTTATA	2
ACTCATTT	2
ACTCATTA	2
ACTCATGA	2
ACTCATCT	2
ACTCATCC	2
ACTCAGCG	2
ACTCAGAG	2
ACTCACGT	2
ACTCACCT	2
ACTCACCC	2
ACTCAATG	2
ACTCAACT	2
ATAATCCC	2
ACGTGGGT	2
ACGTGCAC	2
ACGTCAAT	2
ACGTAGTT	2
ACGTAAAT	2
ACGGTGGC	2
ACGGTCAT	2
ACGGTATG	2
ACGGTAGC	2
ACGGGGGG	2
ACGGCCAA	2
CCACTAGG	2
CCACGCGC	2
CCACGCTC	2
CCACGGCA	2
CCACGTGA	2
CCACGTGT	2
CCACTACA	2
CCACTACT	2
CCACTAGA	2
CCACTAGC	2
CCACGCCG	2
CCACTATC	2
CCACTATG	2
CATTTTGT	2
CATTTTGA	2
CATTTGCC	2
CCACTTAT	2
CCAGAAAT	2
CCAGACAA	2
CCAGACTA	2
CCACCTAG	2
CCCTTGCC	2
CCCTTGCT	2
CCCTTTCG	2
CCCTTTGA	2
CCCTTTGG	2
CCCTTTTC	2
CCACCGAT	2
CCACCGTG	2
CCACCTAA	2
CCAGATCG	2
CCACCTCC	2
CCACCTCG	2
CCACCTGC	2
CCACCTTA	2
CCACGAAC	2
CCACGAAG	2
CCACGACG	2
CCACGAGC	2
CCACGCAT	2
CCAGTTCT	2
CATTGGGT	2
CATTGGCA	2
CCAGGTAA	2
CCAGGTCT	2
CCAGGTTA	2
CCAGTATC	2
CCAGTCAA	2
CCAGTGAG	2
CCAGTGCA	2
CCAGGGGG	2
CCAGTTTC	2
CCATAAAA	2
CATTGCCT	2
CATTGCAC	2
CATTGAAA	2
CATTCTTT	2
CATTCTCA	2
CATTCTAG	2
CATTCCTC	2
CCAGCTCC	2
CCAGATGC	2
CCAGATTT	2
CCAGCACC	2
CCAGCACT	2
CCAGCATC	2
CCAGCCGT	2
CCAGCCTG	2
CCAGCGAA	2
CCAGCGCA	2
CCCTTGAA	2
CCAGCTGT	2
CCAGCTTC	2
CATTTAGA	2
CATTTAAG	2
CATTGGTG	2
CCAGGCCT	2
CCAGGCGG	2
CCAGGCTC	2
CCAGGGAC	2
CCACACTT	2
CCCCCAGA	2
CCCCCACA	2
CCCCCAAT	2
CCCCATGG	2
CCCCATGA	2
CCCCATCC	2
CCCCAGTT	2
CCCCAGGG	2
CCACACCT	2
CACGTGCT	2
CCACAGAA	2
CCACAGAG	2
CCACAGCG	2
CCCCAGCC	2
CCCCAGAT	2
CCCCACTC	2
CCCCACGC	2
CCCCACAG	2
CCCCACAC	2
CACCGACA	2
CACCCCAA	2
CACCCCCC	2
CACCCCTC	2
CACCCTCA	2
CACCCTGA	2
CCCCCCAT	2
CCCCCATG	2
CCCCCATA	2
CCCCCAGC	2
CCCCACAA	2
CACCTAGG	2
CACCTCTC	2
CACCTGCA	2
CACCTTTC	2
CACGAAGT	2
CACGCAAA	2
CACGCACA	2
CACGCAGC	2
CACGGATG	2
CCCTGCAT	2
CCCTCTAT	2
CCCTCTCC	2
CCCTCTGC	2
CCCTCTTA	2
CCCTGAAG	2
CCCTGAAT	2
CCCTGACC	2
CCCTGACT	2
CCCTGATT	2
CCACCCTT	2
CCCTGCCC	2
CCCTGGGA	2
CCCTGTCA	2
CCCTGTCC	2
CCCTTACA	2
CCCTTATT	2
CCCTTCAA	2
CCCTTCAC	2
CCCTTCTG	2
CCCCAACA	2
CCACAGGG	2
CCACAGGN	2
CCACAGTT	2
CCACATAG	2
CCACATAT	2
CCACATCG	2
CCCCAAGG	2
CCCCAACG	2
CCCCAACC	2
CATTCATG	2
CCCCAAAC	2
CCACCAAA	2
CCACCAAT	2
CCACCAGA	2
CCACCAGG	2
CCACCATA	2
CCACCATG	2
CCACCCAT	2
CCACCCCC	2
CAGATTTG	2
CAGAAATT	2
CAGAATCC	2
CAGACCAT	2
CAGAGCGC	2
CAGATATT	2
CAGATGAA	2
CAGATGTT	2
CAGATTAA	2
CAGATTAT	2
CAGAAATA	2
CAGCAACA	2
CAGCAAGG	2
CAGCAATT	2
CAGCACCA	2
CAGCACCG	2
CAGCACTT	2
CAGCAGGG	2
CAGCATGC	2
CAGCATTA	2
CATCACTG	2
CCATCGCC	2
CATCCACT	2
CATCATTG	2
CATCATTA	2
CATCATGT	2
CATCATAG	2
CCATCTAT	2
CATCAGCT	2
CATCAGAT	2
CAGCCTTG	2
CATCACGG	2
CATCACCT	2
CATCACCC	2
CATCACAA	2
CATCAATA	2
CATCAACC	2
CCATCTCC	2
CCATCTGC	2
CAGAAAAA	2
CCATTCTG	2
CAGTCCAC	2
CAGTTACA	2
CCATTTCC	2
CCATTTCA	2
CCATTTAT	2
CCATTGTT	2
CCATTGTC	2
CCATTGGA	2
CCATTGAA	2
CAGTATAG	2
CCATTCCT	2
CCATTCAT	2
CCATTAGT	2
CCATGGAA	2
CCATCTTA	2
CCATGAGA	2
CCATGATG	2
CCATGCGA	2
CCATGCAA	2
CAGGCAAN	2
CAGCCTTT	2
CAGCGAAA	2
CAGCGGAA	2
CAGCGGCC	2
CAGCTCTC	2
CAGCTGTG	2
CAGGAAAT	2
CAGGAGTA	2
CAGGCAAG	2
CCATCGAG	2
CAGGCATT	2
CAGGCGAT	2
CAGGCGTC	2
CAGGCTAT	2
CAGGCTGT	2
CAGGCTTC	2
CAGGGATA	2
CAGGGCAA	2
CAGGGTAA	2
CATGGACG	2
CATGGGGT	2
CATGGGAC	2
CATGGGAA	2
CATGGCGA	2
CCATACAT	2
CCATACCA	2
CCATACCT	2
CATGGCAC	2
CATGGATG	2
CATGGTAT	2
CATGCTCG	2
CATGCCGG	2
CATGCCCA	2
CATGCCAT	2
CATGCATC	2
CATGCAGG	2
CATGCACC	2
CATGATCG	2
CATGAGTA	2
CATGTAGC	2
CATTATGC	2
CATTAGGT	2
CATTAGGA	2
CATTAGCA	2
CATTAGAG	2
CATTACGC	2
CATGTTTA	2
CATGTCCG	2
CATGTATA	2
CATGAGGG	2
CATGTAGA	2
CATGTAAG	2
CATGGTGT	2
CCATTTTT	2
CCATTTGG	2
CCATTTCT	2
CCATTTCG	2
CATGGTGG	2
CATGGTCT	2
CATCGTCA	2
CCATCCAA	2
CCATCCAC	2
CCATCCAG	2
CCATCCCC	2
CATCTCAC	2
CATCTAGA	2
CATCGTTA	2
CATCGTGG	2
CATCGTCG	2
CCATCATG	2
CATCCTTT	2
CATCCTTC	2
CATCCTGC	2
CCATCCCT	2
CCATCCGA	2
CCATCCGC	2
CCATCCGT	2
CCATCCTG	2
CCATCGAA	2
CCATAGAC	2
CATGACCC	2
CATGACAT	2
CATGAACG	2
CATGAACA	2
CATCTTTT	2
CATCTTTC	2
CATCTTAG	2
CCATACGT	2
CCATACTT	2
CCCCACTT	2
CCATAGAT	2
CCATAGGG	2
CCATATCC	2
CCATCAGA	2
CCATCAGG	2
CATCTGAA	2
CATCTCTA	2
CCATCAGT	2
CCCCTGTG	2
CCCCTCGA	2
CCCCTCGG	2
CCCCTCGT	2
CCCCTGAC	2
CCCCTGAT	2
CCCCTGCA	2
CCCCTGCC	2
CCCCTGGT	2
CAAGATAG	2
CCCCTTCC	2
CCCCTTCG	2
CCCCTTGA	2
CCCCTTGC	2
CCCCTTTA	2
CCCCTTTC	2
CCCCTTTG	2
CCCCTTTT	2
CAACTGGA	2
CAACCCAT	2
CAACCCCT	2
CAACCTCA	2
CAACCTTA	2
CAACCTTC	2
CAACGCAA	2
CAACGCTT	2
CAACTAAG	2
CCCGAAAC	2
CAACTTAC	2
CAACTTAT	2
CAACTTTC	2
CAAGACGG	2
CAAGAGCA	2
CAAGAGCC	2
CAAGAGCG	2
CAAGGAGA	2
CCCGCTAC	2
CCCGCTCA	2
CAAGATCC	2
CAAGCAAA	2
CACCCATC	2
CAAGCATG	2
CAAGCCGT	2
CAAGCGAT	2
CCCGCTAA	2
CAAGGATT	2
CAAGGGAG	2
CAAGGGTC	2
CAAGGTAT	2
CAAGGTTA	2
CAAGTAAA	2
CAAGTAAT	2
CCCGCAGT	2
CCCGAAGC	2
CCCGAAGT	2
CCCGACCG	2
CCCGAGCC	2
CCCGAGGC	2
CCCGATAT	2
CCCGATCN	2
CCCGCAAT	2
CAACATCC	2
CCCGCATA	2
CCCGCATG	2
CCCGCCCA	2
CCCGCCCC	2
CCCGCCGG	2
CCCGCCTG	2
CCCGCGGC	2
ATTTCGAA	2
ATTGTGTG	2
ATTGTGTT	2
ATTTACAA	2
ATTTATAG	2
ATTTCAAT	2
ATTTCATA	2
ATTTCCCA	2
ATTTCCTG	2
ATTGTCTG	2
ATTGCCGC	2
ATTTCGTA	2
ATTTCGTC	2
ATTTCTAC	2
ATTTCTCT	2
ATTTCTGC	2
ATTTGATT	2
ATTTGGCT	2
ATTGGCAA	2
ATTGCCTC	2
ATTGCCTT	2
ATTGCGCT	2
ATTGCTAT	2
ATTGCTGT	2
ATTGCTTT	2
ATTGGAAA	2
ATTGGAGA	2
ATTTGGGA	2
ATTGGGTT	2
ATTGGTAG	2
ATTGGTGT	2
ATTGTAGA	2
ATTGTATC	2
ATTGTCCA	2
ATTGTCCT	2
CCCCGAGT	2
CAACAAGC	2
CAACACCC	2
CAACACGC	2
CAACAGCG	2
CAACATAC	2
CCCCCTGG	2
CCCCCTTC	2
CCCCCTTG	2
CAACAAGA	2
CCCCGATC	2
CCCCGCCC	2
CCCCGGCG	2
CCCCGGTC	2
CCCCGTGC	2
CCCCTATT	2
CAACATCA	2
CAAAATGA	2
ATTTGTCA	2
ATTTGTCC	2
ATTTTCTC	2
ATTTTGCA	2
ATTTTTCC	2
CAAAAAAG	2
CAAAACGC	2
CAAAAGGA	2
CAAGCAAT	2
CAAACGCC	2
CAAACTCC	2
CAAAGATC	2
CAAAGTAA	2
CAAAGTCA	2
CAAAGTTT	2
CAAATGCT	2
CAATAGCA	2
CCCTATTT	2
CCCTATTG	2
CCCTATTC	2
CCCTATGG	2
CCCTATGC	2
CCCTATAN	2
CCCTAGTG	2
CCCTAGTC	2
CCCTAGTA	2
CAATGTGG	2
CAATGGCA	2
CAATGCGA	2
CAATCTTC	2
CAATCATA	2
CAATAGGC	2
CCCTCAAA	2
CAAGTTCA	2
CAAGTTAT	2
CAAGTCCT	2
CAAGTACA	2
CCCTAGAT	2
CCCTACTA	2
CCCTACCG	2
CCCTACAG	2
CCCTAAGG	2
CCCGTTTG	2
CCCGTTAA	2
CCCGTCGC	2
CCCGTCCT	2
CCCGTCCC	2
CCCGTCAC	2
CACAACTA	2
CCCTCCAG	2
CCCTCCGG	2
CCCTCGCA	2
CCCTCTAC	2
CCCCCGTC	2
CAATTGCA	2
CCCTCATG	2
CCCTCAGT	2
CAATTCTT	2
CAATTGCC	2
CACAAACA	2
CACAACAC	2
CAATTCGC	2
CACAACAG	2
CACAACCG	2
CACCAGTG	2
CAATTCGA	2
CAATTCCT	2
CACAAGGA	2
CACAATGG	2
CACAATGT	2
CACAATTT	2
CACACAAT	2
CACACAGG	2
CACACATA	2
CACACATC	2
CAATTCAC	2
CAATTATA	2
CCCTCAGA	2
CCCTCACT	2
CACAGCAA	2
CCCCCTAA	2
CCACAAAT	2
CCACAACT	2
CCACACAA	2
CACCAGGT	2
CACCAGAA	2
CACCACCG	2
CCCCCGGG	2
CCCCCGAG	2
CACCACAC	2
CCCCCGAC	2
CCACACAC	2
CACAGCCC	2
CACAGGCT	2
CACCAAGA	2
CACAGGTT	2
CACAGTAT	2
CACATACA	2
CACATATA	2
CACATGGC	2
CACATTCA	2
CACATTCG	2
CCCGGGAT	2
CCCGCTTG	2
CCCGGAGA	2
CCCGGATA	2
CCCGGCCT	2
CCCGGGAA	2
CCCGGGCC	2
CCCGGGCN	2
CCCGGGTA	2
CCCGGGTT	2
CCCGTATA	2
CACACTAA	2
CACACTTT	2
