process_radtags v2.5, executed 2022-05-20 16:46:51 (zlib-1.2.11)
/opt/Software/stacks-2.5/process_radtags -P -p ./raw/ -o ./fastqs/ -b stacks-rowA-barcodes.txt -r -c -q --inline-null --renz-1 ecoRI --renz-2 bfaI
File	Retained Reads	Low Quality	Barcode Not Found	RAD cutsite Not Found	Total
Pteridium_Plate1_RowA_S209_L002_R1_001.fastq.gz	10853624	892206	210184	12565188	24521202

Total Sequences	24521202
Barcode Not Found	210184
Low Quality	892206
RAD Cutsite Not Found	12565188
Retained Reads	10853624

Barcode	Filename	Total	NoRadTag	LowQuality	Retained
AACT	arach167-4	4538832	2334637	171273	2032922
CCTA	arach1629-1	6506814	3405385	234919	2866510
TTACC	arach1285-10	752406	384502	27592	340312
GAGGT	arach410-1	3980688	2105996	141959	1732733
AGACGT	paedo356-4	52560	44926	606	7028
CCGATC	gry17376	174	168	0	6
ATCTCGC	arach2664	113848	58731	3461	51656
TATGGCC	arach8241	6140370	3100137	229602	2810631
GGAATTGC	gry4508	2224808	1130190	82794	1011824
CCTCAGGC	387CRDQ	518	516	0	2

Sequences not recorded
Barcode	Total
TATGCCAA	36440
ATGGCCAA	26768
TATAGATC	17864
TTGGCCAA	10702
GAATTGCA	9982
TAGGCCAA	8712
TTATAGAT	8478
AGGTAATT	7548
AGATCGGA	5874
GGATTGCA	5166
CTAAATTC	5064
TACCAATT	3808
ATAGATCG	3676
GGGTAATT	3250
GGAATGCA	2720
GAGTAATT	2682
TGGCCAAT	1150
CTCTCTCT	1024
ATGCCAAT	972
GGAATTCA	968
TTATGGCC	856
GTGTGTGT	790
CACACACA	770
TNTGGGCA	678
CCCTAAAT	586
AATAATTC	584
TNTGCCAA	514
GATTGCAA	486
AATATAGA	466
TCCTAAAT	450
GGCCAATT	426
ACAAAATT	418
TTCCAATT	412
ANGGCCAA	394
CTGGCCAA	386
AAAAAATT	368
TATTGGCC	358
AGGCCAAT	346
TCATCTGC	340
CAAAAATT	338
AATAAATT	318
GGGAATTG	308
GCTGGCCA	286
ATCCGCAA	270
TNTAGATC	256
TNTAGCCA	250
TNGGCCAA	244
GNAATGGC	240
TGGAATTG	238
TAGCCAAT	226
GNATTGCA	222
AAACTAAT	214
GGAATTTG	210
GGTAATTC	210
GGTTGCAA	206
TGAGGTAA	202
TAATGGCC	194
TATGGTTA	192
CTATAGAT	186
TCTCTCTC	180
TCTCGCAA	168
CCCGCATT	166
ACACACAC	162
TTTACCAA	160
GGATGGTT	158
TATGCAGC	156
GTTGGTCC	152
TGTCCATA	150
TGTGTGCA	148
GGAAATTG	148
GGATGCAA	140
TAGATCGG	138
GGAGGTAA	138
TGTGTGTG	138
AGGTATAG	138
GACCAAGA	134
GAGAGAGA	134
CNAAATTC	130
ACTCGCAA	130
GAATGCAA	126
TNATAGAT	122
GAAGGTAA	118
TNTGACCA	118
ATATATAT	116
TACATGCT	116
TTTGCCAT	114
TATGGTAT	110
TCTCGGCC	104
GAGTATAG	104
ATGGCAAT	102
ANTAATTC	100
TAACTAAT	98
TATGGATC	98
GNGTAATT	98
ANATCGGA	96
ANGTAATT	94
TATTATAG	92
ACCAATTC	90
GNGATATA	90
TNTGGCAA	88
GTGTGTAT	88
ATTCGCAA	88
TCTTGCCA	86
ATGGCCTA	86
ATGGCCAT	84
TATCGACA	80
TATGCCAT	72
TATCCAAA	70
GGAATAGA	70
TAATGCCA	68
GNAATTGT	68
TATGTCAA	68
TNTGGCTA	68
AAACTCAA	66
CGGTAATT	66
TATGCCTT	64
TTTGGGTT	64
TATTGAGC	64
TAAGTCCA	62
TGCCAATT	62
TATTCCCA	62
GAATTGCT	62
ACAATATA	60
TATGCAAA	60
AAAGGCCA	60
CTAGATCG	58
TNTGGTCA	56
TATGCACA	56
GGGTATAG	52
GGAATTCT	52
TATGCAAT	52
TATTTCCA	52
ATATAGAT	50
TNCCAATT	50
GTATGTGT	50
GAGTAAAT	50
ATTGGTCC	50
TAAGGCAA	50
TATGGGGG	48
ANAGATCG	48
TATATAGA	48
TATGACAA	46
GGAATTAT	46
TAAGGACA	46
TATAGATA	46
TAATGCTT	44
GGTGGCCA	44
ANGGTAAT	44
ANTAAATT	44
TATGGATG	44
GAATTGTA	44
TNCGGCCA	42
GNGATAAT	42
TATGTGCA	42
TATGGAAA	42
TGTCCATG	42
TATGCTAA	42
GTGTATGT	40
TCTGACAT	40
CAGACAGA	40
CACATACA	40
CACACATA	40
TNGCCAAT	38
TATGGATA	38
TTTATAGA	38
GCCAATTC	38
TCCGTTTT	38
ATTGCAAT	38
TATTGAAT	38
GGAAAAGC	38
TAGGCCAT	38
TAAATACA	38
TATGCCTC	36
TATGCCAN	36
GNAGTAAT	36
AAAAAAAT	36
AATGCCAA	34
AAAAAAAA	34
TTCATGCA	34
GATCTAAT	34
ATAGTCCA	34
CAAATAGA	34
AGAGAGAG	34
AGACAGAC	34
CATGCAAG	34
GAAGAAGA	34
ATGGCAAA	34
TCATTTGC	34
AATGGCAA	34
AAAAAATA	34
TATTGCAA	34
TTGGGCAT	32
TTGGCCAT	32
CTCACACA	32
TATACCAA	32
ACACATAC	32
CTTGCTTA	32
TATGCCTA	30
GACAGACA	30
TATGCCAC	30
CNTGGCCA	30
AAGGGAGG	30
TCATGTGC	30
TTGGCAAT	30
GGTGTGTG	30
TAAGCCAA	28
CTGGCACT	28
TAAATGCT	28
AATAGATC	28
TATGTACA	28
AAGGCCAA	28
TATGGGTA	28
TCTTCCCT	28
AAGCTAAT	26
TTTGACAA	26
TATGCCTG	26
TCTGGACA	26
TAGCCCCT	26
GATAGATC	26
GNTAAATT	26
TAACAAAT	26
TATATATC	26
GAGAATGA	26
TAATTAAG	26
TATAGATN	26
CNTTATAG	26
TTTGGCGT	26
TAACGCCA	26
TATGAATT	26
TATGTGTG	26
TTTCTATG	26
GTGGCCAA	26
TATGTCTT	26
TATCTCCA	26
AATAAAAA	24
GTATAGAT	24
ATGGGCAA	24
ATGGCCAN	24
CCCTATAG	24
CTAATTCA	24
TTCTTGCA	24
AGACTAGA	24
GGACATGC	24
TATCCAAT	24
TGTGTATG	24
TATGGAGA	24
TCAATTGC	24
AAACCAAT	24
TATGCCAG	24
GGTGCAAT	24
TAAATTGC	24
GTTGCAAT	24
CACACACC	24
TATGCGAA	24
GNACTTGC	24
TACCTAGA	24
TATGACTT	24
TCCAATTC	22
CTCTATTA	22
ATGACCAA	22
GNAATGCA	22
TATGTAAA	22
TATCCCCA	22
TATGTGTA	22
TATGCTGA	22
TTAATTGC	22
TATGCTAG	22
AATGGCAT	22
GAAATAAA	22
TATTGACA	22
TATGTTGA	22
TATGTTGG	22
ACAGGCTT	22
ANAATTGC	22
TAGGCATG	22
TNAGGCCA	22
TTTGCCCT	22
TTTGGCTT	22
TTTTGGCA	22
GATTATAG	22
CNCTCTCT	22
GGAAGCAA	22
CTGTGTGT	20
AAGGGCTA	20
TGGCCAAA	20
TGATGGCT	20
GTCTCTCT	20
GGGATATA	20
TNTGGCAT	20
AGTGGGCC	20
TATTACAC	20
AAACAAAT	20
GGAATTTA	20
TATGGGTT	20
TNTAAATT	20
TATGGTGG	20
TATGGTGT	20
CNCACACA	20
ANGCCAAT	20
ATGGACAA	20
TTGGCCTA	20
CTCTCTCA	20
GTGTGTGA	20
TATGAGCC	20
GATGAAAT	20
GGAGCAAT	20
GTGCATGT	20
CNAAAATT	20
TTGGCCAC	20
TAAGCCCA	20
TAAATTCT	20
TNTGGACA	18
TTATAGAA	18
AATCGCCA	18
GATGGACA	18
AATGGACA	18
ACACTCAA	18
TAATAGAT	18
TAAAGATC	18
ACATACAT	18
TTAAAGAT	18
CNCTAATT	18
GAGTAGAT	18
CATGGACA	18
CAAAAAAA	18
TAAGACCA	18
ATAAACTG	18
TATGCATA	18
AGAAGAAG	18
CATGCCCT	18
AAGAAGAA	18
TCTGGCAA	18
ACTTATAG	18
TTGGGCTA	18
CTAATTCT	18
TGTGGCAT	18
TATGGAAT	18
TATGGAGT	18
TGTGTGTA	18
ATTATAGA	18
GAGCAAAT	18
TATGGTAC	18
TTGGCCTT	16
GNGTGTGT	16
ATGGCCAC	16
TATGCCGA	16
CTAGGCAC	16
AGGTTAGA	16
CACACACT	16
TATTCCCT	16
ATAATTCA	16
GGCCTTGC	16
TATAGGCA	16
TATGAAGA	16
TATGACAT	16
AGATCGAA	16
TAAACAAT	16
TATGGTTT	16
GNAATTAC	16
CATGCACA	16
TCAAGGCC	16
TATAGCTT	16
TATAGCTA	16
GNTTGCAA	16
CCATATAG	16
TATAGCAA	16
AATGTCCA	16
TAGTGGTA	16
TATATGCT	16
ACCAAAAA	16
TATAGACA	16
CTATGCCC	16
GAGAGTAC	16
TATGGGAA	16
GGAATGGG	16
CTAATTCC	16
CNCTAAAT	16
GGAATTAG	16
AAAGGGCC	14
CATGCCAA	14
GTAGATCG	14
TATAGGTC	14
TATGTAGA	14
TATAGGCT	14
AATGTAAT	14
AATGTCTG	14
TATCAAAA	14
GNAATCGC	14
AAAGTAAT	14
TTTGTCCT	14
TATAGATT	14
TAAGTCAA	14
ATGGCTCA	14
ACTGGCCA	14
ACTCTCTC	14
TTGGGCAA	14
ATGTGTGT	14
AATGGCAC	14
GTGTGGTG	14
GAGAAAAT	14
ATGGCGGC	14
TAAATTCA	14
TATAGATG	14
TCTTGGCA	14
CTAATTGC	14
CGCACACA	14
GGTGTATG	14
TATCGCAA	14
TGTGCCAA	14
TATGGAAG	14
TTGTTTTG	14
AGATCGGN	14
TATGTTCT	14
TTTCAATG	14
AATCTTTG	14
CAAAAAAT	14
GGGTTATA	14
CNTGAATT	14
TCAGGCCA	14
AGTGTGTG	14
ACACACAT	14
TAGGGCAA	14
GTGTGAGA	14
ATGGCCCA	14
TATACATC	14
ATGGCCGA	14
TATGTGCG	14
GNTGGCCA	14
GGTATAGA	14
TATGGGTC	14
ATGGCCTC	14
TATGGAGG	14
TAGGCTTG	14
GTGTGCGT	14
CAAATTCC	14
TACCAATA	14
ATAGCCAA	14
TTTGGCAT	14
ATGGCCTT	12
AATGACCT	12
TATGGATT	12
TGTGTGTT	12
TCTTATAG	12
ATAACGCA	12
TNATGGCC	12
CATGTGCT	12
TATAGAAA	12
TATAAATC	12
GGTTTGTG	12
ACAATAGA	12
ATCCGCTA	12
TTTTTGCA	12
TNTGGCTT	12
GGAACAAT	12
TATTGACT	12
CAAATTGC	12
GTAAATGC	12
CTATCTCT	12
GGATTCAA	12
TNTGACCG	12
CAAATTCA	12
TATGGTTG	12
ATGGCTGG	12
TATGTCGA	12
GAATAGCA	12
TATGTCAC	12
CTAAAGTC	12
CACCATAC	12
TAGTGCCT	12
ACCATTCT	12
TATGTACT	12
ACCCTATA	12
TATGTAAT	12
ATGTGTGC	12
TATATATA	12
TATATCCA	12
GTGTATGG	12
TTGGCACA	12
GNAGTTGC	12
TATGCTTA	12
TCTGCCTT	12
TATGCTCT	12
ATACACAC	12
ATAACATG	12
AATAGCCA	12
TTTGTCCC	12
GNCTAATT	12
CNACCAAT	12
TATTGGGC	12
TCTGGCTT	12
GATGGCAA	12
TCTGGGCA	12
TCCCCAAT	12
TACAATTC	12
TCATGGCA	12
ATAATGAA	12
TTTGAGGT	12
TCTGTCCA	12
TATGATGC	12
GGAATAGT	12
TAGGAAAT	12
CCCTCTCT	12
GTATGGTG	12
GGACTTGA	12
ATAAGGCA	12
TTGGCAAA	12
GATGGAAT	12
CATGTCCT	12
TGTGTGAG	12
TATTTATG	12
CATGTATT	12
TAGGCCTT	12
CATGTAAG	12
CTGGCATG	12
TATCCCAA	12
ATAAGGCT	12
TAAGGAAA	12
TATGTGCC	10
TATGTGGG	10
TATACACA	10
CATCAGCA	10
TNATCTGC	10
GACACACA	10
TACACACA	10
TATGGGAG	10
TATGGGAT	10
ATAAGTTT	10
ATGCCCAA	10
TATGGGGA	10
TATGCAAC	10
CATGGGCC	10
ACATACAC	10
TATGTCTA	10
ATAATGAT	10
ATAAACTT	10
TTTGGCAG	10
GCACACAC	10
TTTAGTGC	10
TATGGTGA	10
ACAAAATA	10
TCAGGCTT	10
TAATTATA	10
AGATGGTT	10
GAATTCAA	10
CGGCCAAT	10
GGAATCAA	10
ATAATCAC	10
GTGGGTGT	10
GATGCAAT	10
TATGAATA	10
CACGTAAT	10
TGTGTGCC	10
TACGCCAA	10
TAAAGCCA	10
AGGTAATN	10
ACCCAAGC	10
ATAAGCAG	10
CAAGGATT	10
TATAGGCC	10
TATTGCTA	10
CTCTCTTT	10
ATACAAAT	10
GTGCGTGC	10
AAAAATAG	10
AAACGCCA	10
TAAGCCTC	10
CATGGAAG	10
CAATCCCC	10
TATGCTCA	10
CATGGGGC	10
CATTGGCA	10
TACCGGGT	10
ACTCTCTT	10
TATCACCA	10
TATCAATT	10
TATGTCAT	10
TATGCAGA	10
GAATGCCC	10
TATGCTTC	10
CATGACCT	10
TATGCATC	10
CATGGCTA	10
TCTGGCTC	10
TNCTAAAT	10
TATAGCAC	10
TATGCATG	10
GATGGTCC	10
TAAGAAGG	10
ATAAGTGT	10
GCTGGTCC	10
TGAGCCTC	10
TTATAAAT	10
TATTGTTG	10
TATTGTGA	10
TAAACACA	10
TAGGCCTA	10
AATGGTCC	10
AAACTTAT	10
GNGCTATA	10
TATTGTGT	10
TTAGGCCT	10
TATTGGTT	10
TCATCAGC	10
TTAAAAAT	10
TCATATGC	10
TAGGACCT	10
ANTATAGA	10
TAGTGGTT	10
ATGCCCTA	10
TGAGGTAT	10
TTATTATA	10
CGCAATTC	10
TATTGTAG	10
TTTTGGCC	10
TCCGCCAT	10
GNAATTCA	10
CTTTATAG	10
TAAGTACA	10
GACCTAAT	10
TATGTTGT	10
GGATTGCT	10
AATAGGCG	10
AATCAACT	10
TATTCACT	10
ATAACAAT	10
CTTGTTAA	10
TTCGAGCC	10
ATGGCACT	10
TAGGCCAG	10
AATGGCTT	10
TTTGACCA	8
TGTGTTGG	8
TGTGTTTA	8
GTTGTATG	8
TTTGGCTG	8
TGTTACAC	8
TATCTTCC	8
TCAAGCCT	8
GAATTATA	8
TATGCAGT	8
TATTCTTG	8
TATCATTT	8
ATAATTCC	8
TATGGTAA	8
ATTGCCAA	8
CGTGGCCA	8
ATTGCCAT	8
TATGGTAG	8
TATCTCGC	8
ATAACCTC	8
GCTCTCTC	8
ATGGCGAA	8
AGGTAAAT	8
ATAAAATA	8
CATTCTTC	8
TACGTGTG	8
TGTAGCCA	8
TATGGGTG	8
TATGGGGT	8
GGTGCTGC	8
TGAGGTTA	8
AATGCCCA	8
CATTATAG	8
CTCGCAAT	8
ATAAAACT	8
TTATGGAT	8
TTGGCCAG	8
AGGTAATA	8
TTTGGCAC	8
CATTGTCC	8
CCATTAGG	8
TATTTTCT	8
ACGGCCAA	8
AATGGAGG	8
CAGCACCG	8
TTTGGCTC	8
TATCTCTC	8
TATGCCGG	8
TAGGCCCT	8
TTCATGAT	8
ATGGCAGG	8
TATGCTGG	8
TCTTCCTT	8
TCTGCCCT	8
CTCTCACA	8
TAGGCCAN	8
GGTCCTCC	8
TGGCCGGT	8
CCCCAAAA	8
ATAAGGTG	8
AAACCAAA	8
TATTCAAG	8
TTGGCACT	8
GATATTCA	8
TGAATAGC	8
CGGGTAAT	8
TGGCCCTT	8
TGGCCACT	8
TGGCCAGT	8
TAGGCCAC	8
TGTGCATG	8
GTCACACA	8
TTTGCCAC	8
AAACCCCA	8
CAAGGCCT	8
CATGCATG	8
TATCGTCC	8
TTTGTCAT	8
TGGCCCCG	8
TATCTCAA	8
GTGAGTGT	8
CGAATAGC	8
GATGCTTG	8
GTGTTTGT	8
AGGCCAAC	8
CACACACG	8
GNCCAATT	8
TATTGAAA	8
TATTATCT	8
ACTCACTC	8
CTTCAACA	8
CAGGCACT	8
TATGGAGC	8
CATGGTGG	8
CAGGCCAA	8
TAAGGGCA	8
TAATGAAG	8
CATGGTAG	8
GGAATGCC	8
TATCCCCT	8
TGTGGTAA	8
TCTGCCAT	8
TTTCTTCA	8
ATAATTTG	8
TGGCCGTT	8
AATAGAGC	8
GCATGTGT	8
GACCAAAT	8
TATGCTTG	8
ATAACCCA	8
TATTATTG	8
TATGTTCA	8
ACATATAC	8
TATACCCT	8
GCAAATGC	8
TGATGGTA	8
ANACCAAT	8
TGCCAATG	8
CAACACAC	8
ATGGCTTT	8
TATAGAAC	8
ATAATCCA	8
TATGACAC	8
AGATCAGA	8
TCTTAGCA	8
ATAAATCA	8
GGATGGCT	8
TTTGACTT	8
TATAGAGC	8
TAAGGCAC	8
AGTTAATT	8
ANTTATAG	8
TCTCGCCA	8
TGATTATA	8
GGATGGCA	8
TTGTCCTT	8
TTTGGGGT	8
ACCACTAC	8
TTGGCCTC	8
TNTTGGCC	8
TATAAGGC	8
GGTTGGAT	8
TAATGCAA	8
ATGTATGT	8
ATAAGACT	8
GGATTGCN	8
AGTGGCCT	8
TGCAATGT	8
ATCCACTA	8
TTGACCAA	8
TTTGGTCC	8
TNTTGCCA	8
TAGCCCTT	8
ACCACCTC	8
TAGTTATA	8
TAGGACAA	8
GATTTAAT	8
TAGTTAAT	8
TTAAAAAA	8
CTTGGTCC	8
CCACCACA	8
TCTCACAC	8
TATGATAT	8
TGATGGGG	8
GGAAATCT	8
TATGACTA	8
TATACCCC	8
TAATGCAT	8
TTGGTCCT	8
TATGAAAT	8
TATTTGTG	8
TAGTGCCA	8
CCATCACC	8
CNCAAATT	8
ATAAAACA	8
TCCGACCA	8
ATGGTCAA	8
ATCCGCCC	8
TATGTAAG	8
CTCTTTCT	8
GTATGTAT	8
GATCGGAA	8
TAAAGGAA	8
TATTTTAG	8
ANCCAATT	8
TAGCCACT	8
AGGTGATT	8
TATATCCT	8
ATATCGTT	8
TATGGTTC	8
TAAAGGCT	8
TTATAGAN	8
ATAAAGAA	8
ACAAAAAT	8
TTGAGTGC	8
ANCCGCAA	8
TATCTTTA	8
GNGATTGC	8
TAGCCCCA	8
GGATTGTA	8
TATAGCAT	8
ATGGCTAA	8
AATGTCCT	8
TGGCTTGA	8
TATAACTA	8
TACGTAAT	8
TAGCCTCC	8
TGATTAAG	8
ANATAATT	8
TAGCCTCT	8
TATAGTGC	8
ATAAAAAC	8
TCGGGCCA	8
TNTGGGCC	8
GAGAGAAT	8
TCGGCCAA	8
TATAACCA	8
TATGATTG	8
TATAGTCT	8
CAAGTAAT	6
ANGGTTTT	6
TGGGCCAA	6
AGATGGAA	6
TATTGCTG	6
AGATGGCT	6
TATTCTTT	6
TGGCCCGA	6
ATAAGTCT	6
TATGAGTG	6
ATAAAGTC	6
ATAACAGT	6
TATTGGCT	6
ANGGCGAA	6
TATTCTAC	6
TAAGATAA	6
TATTCCAA	6
ATAACACA	6
ATAAAGAG	6
TATGCACT	6
TATGCACG	6
TATGATGG	6
TGGCTAGT	6
ATAACAAC	6
TTTGCAAA	6
TAAGAGCA	6
TATGCAAG	6
AGCCAATT	6
TTTGGCAA	6
GNCATTGC	6
CAAAAATA	6
TGGGCAGT	6
CTCTCTCC	6
AGCAAAAA	6
AGCAAATT	6
ATAAATTC	6
GTGTATAT	6
TCTGTCGG	6
ATAAAGGT	6
AGCCTAAA	6
ATAACAGG	6
TATGATCT	6
TAATCTGC	6
GCTCACAC	6
ATAAACTC	6
CGCTAATT	6
AGGTTCTC	6
TGATGGAC	6
GNAACTGC	6
TATGTTTT	6
TGCCCAAT	6
ATAACTGG	6
TATGTATT	6
ATAACTGC	6
GAGAGAGG	6
ATAAGCAA	6
AGTAATTC	6
TTTGGTGC	6
ATAAGCAT	6
GTGTGAGC	6
AGGTTATA	6
ANCAAATT	6
TATTGGCA	6
TAATGTTG	6
AGGTTAAA	6
TGCCCTTC	6
ANCAATTC	6
TTTGGGCT	6
TTTGTGCT	6
CAATCACA	6
ATAAGCCG	6
ATAACTCC	6
TATGTGGT	6
ATAACTTG	6
ATAACTTT	6
CACGCACA	6
ATAACTTC	6
TGATGGTT	6
ANTTAATT	6
TGATGGTG	6
TATGTTAG	6
AAAGTCAA	6
ATAAGACC	6
GGTTGCTA	6
TAAGGCAT	6
ATAAAAGA	6
GGTTGATT	6
TATGTGCT	6
TATTTAAT	6
CAAATTCT	6
ANACATAT	6
ATAAGATC	6
ATAAGATG	6
TATGTCTC	6
ANTGGCCA	6
TTTGGTAA	6
TATGTTTA	6
ATAAGGTC	6
ATAAACAG	6
CAGCTAAT	6
TAATTCCA	6
CTGGCATA	6
GAGCCTTT	6
GAGCGTGT	6
TGGATGGC	6
AAAGCCTT	6
GACCAACA	6
TGAGCATG	6
ATAAGGTA	6
TGGCACTG	6
GNAATTCC	6
GTGTAATT	6
TATGCTAT	6
GACGAAAT	6
ATAACCAA	6
CACACATT	6
TATTTCTA	6
TATTTCTT	6
TATGCGCA	6
TGGCCATT	6
TTTGCCTA	6
ATAAACCC	6
ATAACATT	6
CTGGCAAT	6
TATTGGAG	6
TATTGATC	6
CACCAATT	6
CGGAATTG	6
AGGTAATG	6
TATTGAAC	6
CACCAAAA	6
TATTAGAT	6
TGCGTCCT	6
AGGGCCAA	6
CAGATATA	6
TATGGGGC	6
ATAAACCT	6
TATTGCAT	6
TATGGGAC	6
TTTGGTGT	6
ATAAACAA	6
AAAGGCAA	6
CAATGGGC	6
AAAGGATA	6
TAAGGCTA	6
GGTGATGC	6
ATAAACAC	6
TTTGCTGA	6
ATGGCTCC	6
AATGGTTC	6
TTAGGCTA	6
TTAGGCCA	6
AATGTCAA	6
ATGGCTAT	6
CCATACAC	6
AATGTTTT	6
TACGGGCA	6
CCATAAGA	6
TTAATATA	6
AATGGTCT	6
TTAAGCAA	6
CTTGTCCA	6
ATCCTCGC	6
TTAAACAA	6
GAGTGTTG	6
TAGTTTAG	6
GTTGTGTG	6
TNTGTGTG	6
GGATTTCA	6
CCATGGTT	6
CTAAGTTC	6
TTATGGTC	6
TAGGGCAT	6
GGATAGAT	6
TTATGGCT	6
AATGACCA	6
TAATACAA	6
TAGGGTGA	6
ATGGCCCT	6
TTATGATC	6
GAGTGGTT	6
ATGGCCTG	6
TTATATGC	6
TAGTCTTG	6
TAAATTCC	6
TTATAGGT	6
TTATAGCT	6
AATGGCGT	6
AATGGCTC	6
TTAGTCCA	6
GGAAATCC	6
TTGTGTTG	6
CTCAATCT	6
TNTGACCT	6
GAGTCTTG	6
CCACAACC	6
ATCACTTC	6
TNTCGCAA	6
TATAGACC	6
CTCACTCT	6
GGCAGTGC	6
TAACAATT	6
GCGGGCCA	6
GAGTCCGA	6
TTTTGCCT	6
ACCCAAAA	6
TATAGCTG	6
CTCATGCA	6
GCAATAGC	6
TATAGGTA	6
TATAGGTG	6
ACAATTTC	6
TNTGTCCA	6
TNTGGTCG	6
ACAAAAAA	6
ACAAATTC	6
ATGGTGTG	6
ACAATAGC	6
CCACTTGG	6
CCACTTCA	6
TCAGGCTA	6
ACAATTGC	6
AATCTCCA	6
TNTGGCGG	6
CTAAATTA	6
TACGCACA	6
CTATGTGT	6
ATCCCAAT	6
TNTGCGAA	6
TNTGCCCT	6
TNTGCCCA	6
GTTGGCCT	6
ATGCCCTT	6
AAGCTTAT	6
AAGGAAAA	6
GATGGTGT	6
CCGTATAG	6
GATGGCTA	6
GGAATATA	6
TTGCACTT	6
TCATGGGA	6
GAAAGTGC	6
TAGCTAAT	6
TTGGGCCT	6
TAAACTCT	6
TCATGGCC	6
CTACTCAA	6
GAAATGCA	6
GATGCCAA	6
TTGACCGG	6
TTGGTCAA	6
GATCTTCA	6
GATCTTAT	6
CTTTGGCC	6
TAGAGCCT	6
CTACAAAA	6
TTGGCCCG	6
TTGGCCCC	6
TTGGCCCA	6
TAGAGCCA	6
TTGGCCAN	6
TAGAGCAG	6
CTACAACC	6
TTGGCATG	6
TTCTCTCT	6
GGAATGCT	6
AAGAACAT	6
TAGACTTG	6
TAGCAACA	6
TAGCACCT	6
CTTTGGCA	6
CTAATTCG	6
GAAAATGC	6
TAGACTCA	6
TAGGCTAC	6
TAGACATC	6
TCCGTCTT	6
TCATCTAC	6
GGAGGTAT	6
CCCCACCA	6
TTGTATGT	6
TAAGTTTT	6
TAGGCCTC	6
TAAAACAA	6
TCATCGGC	6
TTTTGTGT	6
TAGGCTCC	6
TTATTGTC	6
AATCGACA	6
GTATATGT	6
TAGGCTGG	6
TCATCCGC	6
TAGGCTTC	6
TTATGTTG	6
AATCTCAA	6
TAGGCAAT	6
CCCTAATT	6
GAAATTGT	6
TTGGTCTA	6
TTCGCAAT	6
CTACTTCT	6
GATCGAGG	6
TTGGTCTC	6
AATAAAAT	6
AATAAAGA	6
TTGGTGCC	6
TGGGCGCA	6
AATACCAT	6
ATGGCACC	6
TAGGCACA	6
CCCCTCTC	6
TCCGGCCA	6
GGAATAAC	6
GATCACTA	6
TAGGCATA	6
GGAAGTGT	6
TCTGCCCA	6
TCTGGCTG	6
TATCTCTT	6
TATCTCTA	6
TTTTACCT	6
CATGAATT	6
TATTTTTT	6
ACTCCCAA	6
CATGGGTG	6
TGTGGGTA	6
CATGGTTG	6
CATGACCA	6
TGTGGCTT	6
ACTCTACA	6
CATGGGGA	6
TGTGGCTC	6
TATCCCTT	6
ACTCTCAC	6
TGTGGCAA	6
CATGTACT	6
CATGTGAG	6
TGTGTTGA	6
TTTCTAGC	6
TATCTTTC	6
TGTGTCTC	6
TGTGTCTA	6
CATGTAGG	6
TGTGTCCA	6
CATGGGAA	6
GGGTATGG	6
ATAATGTC	6
GAATTGCN	6
CATGTACA	6
CATGTAAT	6
ACTCAAGA	6
ATAATGTG	6
TCTGCCAA	6
AGAATTGA	6
GGGGCACT	6
AGAATTTC	6
ATACACAT	6
TATTTTGT	6
CATGCCAC	6
AGAAATGC	6
AGAACGGA	6
CATGCAGG	6
CATGCTAA	6
TGTGAAAA	6
GGGGGAAT	6
GGGGGAGG	6
TGTCCTTT	6
CATGCAAC	6
TAAGAAAG	6
TATCTAGA	6
CATGCAAA	6
GGGGGTGG	6
TATTTTTC	6
CATGGCAT	6
AAACATTC	6
ATAATTCT	6
CATGGCAA	6
TCTGCTAA	6
TAACTATA	6
TCTGGAAG	6
GAATTGAA	6
TTTGACAT	6
TCTGGACT	6
ATAATTGC	6
ACTTCATT	6
TCTGGCTA	6
TGTGCCAT	6
TCTGGAGT	6
ATTGGTCA	6
ATATATCG	6
TACCCTTC	6
TTTGACTA	6
TGGTGCCT	6
TATGAAGC	6
TATGAAGG	6
GTGTGTCT	6
GGGTTTGT	6
TAATCCCA	6
TATGAAGT	6
TAATCATA	6
TGTTATCT	6
CATTTGCC	6
TATGAATC	6
GTCTGTGT	6
TNACAAAT	6
AGATAGAT	6
TATATCTA	6
CTCTCGTA	6
TTTGTTTG	6
GAATGGCA	6
TATGAGCA	6
ATTTGGAG	6
TATGACGG	6
TATGACGT	6
TCTCTCTT	6
GCTTGTGT	6
TATGACTC	6
GTTCTTAG	6
ATAATCAA	6
TATGAGGC	6
CTTGGCAA	6
TATGAAAA	6
GAATGACA	6
CTTCTTCT	6
ACCGCAAT	6
TGTTGCTA	6
CATGTTTG	6
TGTTGTCC	6
ATAGGTCG	6
TTTTATAG	6
TATGAAAC	6
ATGTGTAT	6
TGTTTAAG	6
TATTTGTC	6
TCTCTCCC	6
CTAAAATC	6
CTTCTTTT	6
GTTAGTGT	6
GAATGGTT	6
AGATCCGA	6
ATATGTGT	6
CATTCTCC	6
TATCAATG	6
CATTCTAG	6
CTCGCACA	6
ATGACCTC	4
CAAAATTC	4
CAAGGCTT	4
GTGCGCAT	4
ATTTTCAA	4
ATGCTGCA	4
TATTTGCC	4
GTCCCTAT	4
CAAGGAGC	4
GTGCCCTT	4
TCTGGTAA	4
ATGCCCAC	4
ATTGTCCA	4
CNAAAGTC	4
TCATGGTT	4
TAATGAGC	4
ATTTGCAA	4
ATGCCTTT	4
ATGGACCA	4
TAAGTCTC	4
CTTTCTCT	4
GTCCATGG	4
TATTGGCG	4
TCATGCCT	4
ATGCAAAG	4
TAAGTCCT	4
TAAGTCCC	4
ATGATGTT	4
ATTTGGAC	4
TCAGGACA	4
CTTGCCTA	4
ATGTCCCA	4
ATGTCCAT	4
ATTAGATC	4
TCAGCTGC	4
ATGTCCAA	4
CTTGGCTA	4
ATGTAGGT	4
GTGGATTG	4
GTGGCATA	4
ATTAGTGG	4
TAATGACA	4
TAATCCCT	4
TCAGGCCC	4
CTTGAAAT	4
TATTTATA	4
CAAATAAC	4
CTTGGCGC	4
CGGCGGCA	4
TAATATTT	4
GTGGCACT	4
GTCTGTAT	4
TCACGTCA	4
ATGTTATA	4
TCACATGG	4
TAATCACA	4
ATGGTAAT	4
TATTTACT	4
TCACTCAC	4
ATGTCCTT	4
TCACACAG	4
TCAGACAT	4
ATGTCCCT	4
TCACACAC	4
TATTTTTA	4
CAACTAAT	4
TAAGGTTC	4
ATGGCCAG	4
TATTGTCT	4
TATTGTCC	4
TATTTTTG	4
ATTGGGTG	4
CNCGCATT	4
ATTGGCAG	4
TATTGGTG	4
GTGCTATA	4
TAAGTACC	4
TATTGGGT	4
GTGCATAT	4
CAAACACG	4
CAAGCCCA	4
TCATAGCC	4
ATGGGTTT	4
ATGGGCCT	4
ATGGGCCA	4
TAAGGTCA	4
TCAAGGCT	4
TAATCGAT	4
TATTGTTA	4
TCATACAC	4
CNACCAAA	4
ATTGCCTG	4
ATGGCGCC	4
TATTTCAC	4
GTGGCCTT	4
CAACCCAT	4
CGGTATAG	4
TATTGTGC	4
TACGAATT	4
GTTGGTTG	4
GTTGGTTA	4
CTATTGTT	4
GTTGGTGA	4
GTTGGTCT	4
CCACGACG	4
TATAATGC	4
TAACAAGG	4
CCACCATA	4
TATACCCA	4
TATAAGCT	4
CTCACATT	4
CCACACAC	4
TATACTCA	4
TATACTTC	4
TATAGAGA	4
CTAAATAC	4
TACCTTTC	4
TAACACTA	4
TACCTCCC	4
TATAGCGA	4
CTAAATTT	4
CCATAAAT	4
TAGTGGAG	4
CTATCGAG	4
CCAGGTCT	4
GTTGTGGT	4
CTATGAGA	4
CTATGATG	4
TATAAAAT	4
CTATGCGG	4
CTATGCTC	4
TATAGGTT	4
TATAAATT	4
CTAAATTN	4
TACGCCGG	4
CTAAATTG	4
CCACTGAC	4
TATAAGCA	4
TATAAGCC	4
CCACTCTC	4
CCACTCAT	4
CATTCTCT	4
GTTCCCTT	4
CATTTCCT	4
GTTATTTT	4
CATTTATG	4
TATATTGT	4
TATATTTC	4
CATTGGTC	4
CATTGGCT	4
CTCCTGAA	4
TATCAAGG	4
TATATTAA	4
CATTAATT	4
CATGTTTT	4
CATGTTGC	4
CATGTTCA	4
CATGTTAT	4
TATCATCC	4
CATGTGTG	4
CTCGGCAA	4
TATCATTC	4
TATCATTG	4
CNTTTATA	4
TACCTAAT	4
CTAAAATT	4
TATAGTTC	4
TATAGTTT	4
TATATAAA	4
CTCATGTA	4
TATATACC	4
TACCGATT	4
TATATATT	4
CTCCAATA	4
CTAACTAA	4
TATATCCC	4
TATATCCG	4
TAACATTT	4
CTCCACAC	4
TATATCTC	4
TATATGAC	4
TATATGTC	4
TAACGCAA	4
TATATGTG	4
CCCTCTGA	4
TAGCGCCT	4
TAGCTAAA	4
CCCTTTGG	4
CTACGGGC	4
TAGCTGCC	4
TAGCTTAT	4
TAGCTTCT	4
CCCTGACT	4
CCCTGAAA	4
CCCTCTTG	4
CTACGACA	4
CCCTCCCT	4
TAGGAAGC	4
CCCTAGTA	4
TAGGACTT	4
CTACTTAT	4
CTACTTCC	4
CTAATGCT	4
TAGGATGA	4
CTAATCCT	4
TAGGCAAA	4
TAGCCAAC	4
TAAATCCA	4
CTACACAC	4
TAAATATC	4
CTACAGAT	4
TAGCAATG	4
TAGACTGG	4
TAGCAGAT	4
TAGACTGC	4
TAGCATAT	4
TAGCCAAA	4
CCCGAAAA	4
TAAAGGCC	4
TAGCCATG	4
TAGCCCAA	4
CCGGGAAA	4
CCGGCAAA	4
CCGGAAAA	4
TAGACGTA	4
TAGCCGCT	4
TAGCCTAT	4
CCATCAAG	4
CCATTCCC	4
TAAATTAT	4
CCATGTGC	4
TAGTAAAA	4
CCATGTAA	4
CCATGGGC	4
CTATCCAT	4
CTATCCCT	4
CCATCCTC	4
TAGTGCAT	4
CCATTGAG	4
CCATATGT	4
CCATATGG	4
TAGTGCCC	4
CCATATAT	4
CCATAGGT	4
CCATAGGA	4
CCATAGAT	4
CCATAAGT	4
CTATCCTT	4
TAGTGGAA	4
TAGGCTCT	4
CCCCTTGA	4
CCCCGTCC	4
CCCCCCCT	4
CTAATAGA	4
CTAAGTTT	4
TAGAATTT	4
CCCCACTA	4
TAGAACCA	4
TAGAACAA	4
TAGGCTAA	4
TACCAATN	4
TAGGCTTA	4
CTAGGCAT	4
TAGGGCTA	4
GTTTTTGT	4
TAGGGGCA	4
GTTTGTGT	4
TAAATGTC	4
GTTTGTGC	4
CCATTGGT	4
CACGGCCT	4
TATGTCGT	4
TAATGTCC	4
TATGTGAC	4
TATGTGAG	4
TATGTGAT	4
TAAGGCAG	4
TATGTGGA	4
CGAGAGAG	4
CACGGCTT	4
TATGTTAA	4
CTCTTTTC	4
TATGTTCC	4
CACGCATG	4
CGAGGTAA	4
TAATGGTC	4
CACCTTGT	4
TATGTTTG	4
CACCTCAA	4
TATTAAAT	4
TATTAAGA	4
TATTACAA	4
CAGAGCCA	4
TAAGCCTT	4
TATGCTGC	4
GTGTGGGT	4
TATGGAAC	4
CAGGCTTT	4
CAGGCTGT	4
CGAAATGC	4
CAGGCACA	4
CAGGAAAT	4
TAAGGAAT	4
TATTACCA	4
CAGACCCC	4
TAAGGACT	4
CAGAACTT	4
GTGTGCAT	4
TAAGGATG	4
TATGTACC	4
TATGTAGC	4
GTGTGAGT	4
TATGTATA	4
TATTCTGG	4
CNCTTTGT	4
CTGGCCTA	4
CACACAAC	4
CACACAAA	4
CGCCACTC	4
TAATGCTN	4
GTGTATGC	4
TATTCGTA	4
CACAAAGA	4
TATTCTCC	4
CACACATC	4
CGCTCTCT	4
CAATGGCA	4
TAATGATT	4
CAATGACC	4
CAATGAAC	4
TATTGATA	4
TATTGCGT	4
CAAGTTCA	4
CAAGTCTT	4
TATTGCTC	4
CACATAAT	4
CACCACAC	4
CACCAACA	4
CTGCCTAC	4
CACATTCC	4
CACATGTA	4
CACATGCT	4
CGATACAC	4
TATTAGGT	4
CACATATA	4
CGATCGGA	4
CTCTTATA	4
TAATGGCG	4
CACAGGTG	4
CACAGAAA	4
CGCACATA	4
CACACTTA	4
CACACTAA	4
TATTCAAT	4
TATTCACA	4
CACACATG	4
TAACTCCA	4
CATGGAGC	4
TATCGATC	4
CATGGACC	4
CATGGAAA	4
CATGCTTT	4
CATGCTCA	4
CATGCTAT	4
TATCGCAC	4
CTCTATCT	4
TATCGGCT	4
TATCCTTG	4
TATCGTAG	4
TATCTAAA	4
TATCTAAT	4
TACATGTG	4
CATGAGGA	4
CTCTCCCT	4
TACATATT	4
TACATACC	4
TATCTCCT	4
CATGACGT	4
TACCAAGA	4
TATCCAAC	4
TACCAATC	4
CATGTCCG	4
CATGTCCA	4
CTCTAAAA	4
TATCCATT	4
CATGTACC	4
CATGGTTT	4
CATGGTGT	4
CATGGTGC	4
CATGACCC	4
CATGGTCC	4
TATCCCTA	4
TATCCCTC	4
TATCCGCA	4
CTCTACTA	4
TATCCTCA	4
GTGTGTTT	4
CATGGCAG	4
CATGGCAC	4
TATGATTC	4
TATGAGAA	4
TATGAGCT	4
TACACCAC	4
TATGAGGT	4
TATGAGTA	4
TATGATAC	4
TATGATAG	4
TATGATGA	4
TACACACC	4
CTCTCTCG	4
TACACTTT	4
TATGCATT	4
TAAGATGA	4
TAAGCAAC	4
TAAGCATA	4
TATGCCGC	4
TAAGCATC	4
CAGTGTCT	4
TAAGCCCC	4
TAAGCCCT	4
TACAGATC	4
CATCTTTG	4
TATCTGAT	4
GTGTGTGG	4
TATCTTAC	4
TATCTTAG	4
CATCTAAT	4
TACATAAA	4
TATCTTAT	4
TATCTTGC	4
GTGTGTGC	4
CAAGGTGG	4
CATCGCCA	4
CATCGATG	4
TATGAAAG	4
CATCCCTC	4
TATGAACA	4
TATGAACT	4
TAAGACCT	4
TATGACAG	4
TATGACGC	4
GGAATATC	4
GGTGGTAG	4
TTGTAGAT	4
TNACAATT	4
GGAATACC	4
GGTGGCTG	4
TTGGTCTT	4
GAGCAAAA	4
AGGTAACT	4
ACGTGTGT	4
AGGTCTTC	4
TNAATTCA	4
GGTGCTTG	4
TGCGGCCA	4
GGTGCCAA	4
TGCGTGTA	4
AGGGATTC	4
TGCTAAAA	4
GGTGCAAG	4
GAGCATCT	4
AGGTTAAT	4
AGTAGCAC	4
GGTGTGGG	4
GATTGCCA	4
TGCCCAGC	4
TGCCCCAA	4
GGTGTCAA	4
GGTGTATT	4
GGAAGAGC	4
TTGTCACC	4
GGAATCGG	4
TNACTAGA	4
AATCTAAT	4
GGTGTAAT	4
TTGTATAG	4
GGTGGTTG	4
GGTGGTGC	4
AGGTCTTT	4
AGGTCTTG	4
TTGGCCCT	4
GGCTATTT	4
GATATATA	4
AGGAAATT	4
TGGCAATT	4
GGAATGTA	4
TTGGCGAA	4
TGGCACCG	4
TTGGCCGC	4
TGGCACTT	4
AGGAATTT	4
GGTCCCTT	4
TGGCCAAG	4
TGGCCAAN	4
GGAGTGAG	4
TTGGCATT	4
TTGGCATC	4
TTGGCATA	4
TGGCCCAC	4
GGAATGCG	4
AGGCGGAC	4
TGCTGCTT	4
AGGCCTTA	4
AGGCCTCA	4
AGGCCAAG	4
GGCTATGG	4
GGTCTTTG	4
TGGAAAAA	4
GGTCTTGG	4
AGTAGCTT	4
TGGACCCT	4
AGGATTTC	4
TGGAGCCT	4
TGGAGGCA	4
TGGAGGCC	4
TTGGCTAT	4
AGGACTTC	4
TGGATGGT	4
TGAGTGTG	4
AATGATCT	4
GCAATTGA	4
GNAATGCT	4
GCAATTCC	4
GAGACATC	4
TGAGTGCC	4
GAGACCCT	4
TNCCTAGC	4
TTTACCCA	4
GAGTAATN	4
GAGACGAC	4
ANCGAATT	4
TNCATGCT	4
GNAATAGC	4
TGATAGCT	4
TGATAGGC	4
TTATGCTG	4
ANCAACCA	4
TTTAGCTT	4
GNATTTGC	4
TGAATGGT	4
TGAATTTT	4
GNATGGTT	4
GNATGCAA	4
GGCCTCAG	4
GAGTAGAA	4
TGACTCAA	4
GGATCGGA	4
GAGAGAAA	4
GGATCGCA	4
GNAGGTAA	4
TTATGCCA	4
GNAGAAGA	4
TTATGCCT	4
GNAATTGA	4
TGAGGAAT	4
TGAGGCCC	4
AGTGAGTG	4
GATTTATA	4
TGCAACTA	4
GGATAATA	4
TGCAATTT	4
TGCACACA	4
GATACTAC	4
GGAACTTA	4
GGTTCATC	4
AGTGCCAG	4
AGTGTGTA	4
GGCTAATT	4
AATCTCAC	4
TGCATGTT	4
GGTTAAAA	4
TTGTCCTA	4
TNACTATA	4
TTGTCCCC	4
GGTGTTAT	4
ANAAGCAG	4
GAGAGAGC	4
GAGAGAGT	4
ANACTAAT	4
AATGACCC	4
GAGAGATA	4
AATGAACA	4
GGAAATGT	4
TGATGGCA	4
ANACACAC	4
TGTTTTTA	4
GNAAATGC	4
TTGTGTGT	4
TTGTGTGG	4
TTGTGGTT	4
GAGAGGTG	4
TTATGGGA	4
GGAACTCA	4
AATGAAAA	4
GGACTTCA	4
GGACTGTC	4
TGTCCGCC	4
AATAGCTT	4
GGGGGCAC	4
TGTCCTTA	4
TTGACGCC	4
TGTCTATG	4
GATGCCAC	4
GGGGGAAA	4
GGGGGTAC	4
GGGGCTGC	4
GGACTTGG	4
TTCTTTAT	4
TGTGACCA	4
TTCTTGTT	4
ACTTTTTT	4
AATAGCCC	4
TGTGACTG	4
TGTGAGAG	4
TGTAGGCA	4
TTCCAATN	4
GGGTATAT	4
TGTAGATC	4
GGGTAGTT	4
GGGTAGGG	4
GGACTAGC	4
TGTAGCCT	4
GATGGCAC	4
GATCAATG	4
GATGAGAA	4
GGGAGTGC	4
TGTGTGCT	4
TTGAGCCG	4
GGGTAATG	4
TGTATGTG	4
GGACTGGC	4
TTGACTTT	4
TTGACTGC	4
TGTGTAAT	4
TTCGCCAA	4
TGTGGATG	4
ACTCTTGC	4
GGGCGGTA	4
TGTGGCGT	4
ACTCACAC	4
ACTCACGC	4
AATAAATA	4
TTCCTTAT	4
TGTGGACT	4
TGTGGTTT	4
TGTGGTCC	4
TGTGGTCT	4
CTTTTCTC	4
GATCCATC	4
TGTGGTGG	4
ACTCCAAG	4
TGTGGTGT	4
TGTGCCTT	4
TGTGTCCT	4
TGTGAGTG	4
GGAGAAGC	4
TTCTTATA	4
GATGACCT	4
GGAGAATG	4
GGAGACGG	4
ACTTATTC	4
TGTGCCTG	4
TTCATTTG	4
TGTGCTAC	4
TGTGCTCC	4
TGTGCTGA	4
TGTGTATT	4
TGTGGAAG	4
GGGCTTGC	4
TGTGTATA	4
TTCGGCCA	4
TGGCTTGT	4
AAGCCAAT	4
AAGCCATT	4
AAGCCCTT	4
TGGCTACC	4
AGCCACAA	4
TGGCTACT	4
TGTTTCTC	4
TGTTTATG	4
GGTAGATC	4
TGGCCTTT	4
GGAATTTT	4
TGGGAAAG	4
TTGGAAAG	4
GGCTTGCA	4
AGATTGGA	4
AGATTGCA	4
TGGGCCAT	4
GGACAATT	4
TGTTTGTG	4
GGAATTAN	4
AAGAATTC	4
TGGCCCTC	4
TGGCCGAA	4
AAGATATA	4
TGGCCGCT	4
GGTATGTG	4
AGCGAGAG	4
AGCGAAAA	4
GATGGTTT	4
GGAATTCG	4
TGGCCTAG	4
TGGCCTAT	4
TGGCCTCC	4
TTGGCAAC	4
AGCCCAAT	4
AAGCCAAG	4
TTCACCCA	4
TGGTTCGT	4
AAGGCTAT	4
TTGCATGT	4
TTGCATGG	4
GGGTGACA	4
GGAGGTTA	4
GGGTCTTG	4
AAGGGAAT	4
AAGGGATG	4
AGAGAAAG	4
AGAGGCTA	4
AAGGGCCA	4
GGAGGTGG	4
TTGCACAC	4
GATGGCGC	4
AATCAATG	4
GGAGGTCC	4
TGTAAGGC	4
TGTGTTTG	4
AAGGCAAT	4
GATGGTTG	4
AGATATAG	4
TGGGGAAG	4
TGGGGAGT	4
GGGAAAGC	4
GGAGTAAT	4
GATGGTCT	4
GGGTTAAT	4
GGGTTAAG	4
TTTAGCCC	4
GGGAAATT	4
AAGGCACT	4
GGGTGTGC	4
TGTTGATC	4
GGGAAGGA	4
GGGAAGTT	4
AAGGCGAC	4
GGGTGGTT	4
TCTCTCGC	4
GCTCCTCT	4
ATCACTAA	4
TTTGGTCT	4
AAAGTCCA	4
GGATGGCC	4
GAATGAGA	4
TCTCTATG	4
TCTCTCAC	4
ATATGTGC	4
TTTGGTTA	4
GGATGGAT	4
ATATGGTG	4
GAGTGAGA	4
AATGTTTC	4
ATATCTCA	4
GAGTGAAT	4
ACACTATA	4
TTTGGGTA	4
GNTGTAAA	4
ATCCCTAT	4
TCGTCACA	4
TCGTCTAC	4
TCGTGGCC	4
ATCCGCTC	4
TTTGTCTT	4
GGATTATA	4
GTAATTGT	4
AAAGACAA	4
ACACCACA	4
ATATATGT	4
AAAGATCG	4
GAGTGCAA	4
ACACCTTA	4
ACACGCAC	4
TNTGCCCC	4
TTTGGTTT	4
ATCCACCA	4
TCTCCCTC	4
AAAGGACA	4
TTAGGCAT	4
GNTAATTC	4
GCCAACCA	4
GAATTCGA	4
ATAGGAAT	4
GAATTGCC	4
GCCAACAC	4
GCTTGGAA	4
GAGTCTGA	4
AATGTCTT	4
GGATGCAT	4
ATAGATCA	4
ATAGATAG	4
ATACTTAT	4
TCTGCCGT	4
GCTGCTTT	4
GAATTTCA	4
TTTGCCTT	4
ATACACCA	4
TCTGGCAC	4
TNTGAGCA	4
AATGTTGA	4
TTTGGGCG	4
ATATATAG	4
TTTGGGCA	4
ATATAGCA	4
GAATGGCC	4
GCCACCAG	4
ATAGTTCG	4
TCTGAATT	4
GCTCAATT	4
GAGTCTTT	4
TTTGGCGG	4
GGATGGAC	4
TTTGGACC	4
ATAGGCTT	4
ATAGGCTA	4
GGCACACT	4
TNTCTCTC	4
ATAGGCCA	4
AAAAGCCT	4
TTTTGGGG	4
GCCTTCCT	4
GAGTGTTC	4
TCCATCTT	4
GAGTGGTG	4
GAAATATA	4
TCCCCACC	4
AAAAGCCA	4
GAAATTAC	4
TCCAGCTA	4
TNTTCTTT	4
TCCCCCTC	4
TCCCTCTC	4
AAAAGGCA	4
GAAATTGA	4
TTTTGATG	4
ACAAACAA	4
GAACTAAT	4
AAAATAGA	4
AAAACACA	4
TNTGTTCA	4
TTTTTGGG	4
GCGATAGA	4
TTTTTGCG	4
CTTTTTTT	4
TTTTTGCC	4
GAGTGTGG	4
GCCTTTAT	4
AAAACAAT	4
GAACTTAT	4
GAGTGTGA	4
GGATTGGG	4
TNTGTGCA	4
GTATTGTG	4
TTTTGTCC	4
GAGTGTAA	4
GTATTATG	4
GTATGTTT	4
TCCAGCCA	4
TCGGGGCG	4
AAACGCAA	4
GAGTGGAT	4
TCGCCTGC	4
GTAGCCTA	4
TTTGTTGA	4
GCGTTTAT	4
TTTGTGGA	4
AAACTATA	4
ATCGCCAA	4
GAGTGGCA	4
ATCGATCG	4
AAACTCAT	4
AAACTCTT	4
ATCCTTTT	4
ATCCTTAT	4
ACACATTA	4
GTACTTGC	4
TTTGTGCC	4
TTTGTGCA	4
GAGTGGCT	4
GAAGAAAA	4
TNTTGGCA	4
TCCGTTTA	4
TCCTAAAG	4
GGATTGAG	4
AAACAAAA	4
ACAATATC	4
ACAATCAC	4
TCCTATTC	4
GAATTGCG	4
GAAGGTCT	4
TNTGGCTC	4
TCCTGCAC	4
ACACAAAC	4
AAACATCA	4
GTAGTGAC	4
TCCTTACC	4
GGCAAATT	4
GCGTGTGT	4
GNGGAATT	4
TTATAGTT	4
TCTTCTTC	4
ATAAATAC	4
ACCATCAC	4
ATAAATAA	4
ACCATGGC	4
ATAAAGGG	4
GGATCTTG	4
ATAAATGT	4
ATAAAGCT	4
ATAAAGCC	4
ATAAAGCA	4
ATAAAGAT	4
TTTGACAC	4
TCTTGATA	4
TCTTGCCC	4
ATAAACCA	4
GACCTTGG	4
TCTTATAA	4
TNTAGCTT	4
ACCAAGTG	4
GNGGCCAA	4
GACCTCTT	4
ATAACCTT	4
GNGGCATA	4
GAGTCCCT	4
TTATATAT	4
AATGGGTG	4
GCAGTACT	4
ATAACCAT	4
ATAACATC	4
TCTTCTCC	4
TTATAGAC	4
ATAACAAA	4
ATAAATTG	4
GNGAATTG	4
GCACTTGA	4
TCTTTCTC	4
ACCCATTA	4
ANGTATAG	4
TCTTTGTC	4
TNGGGCCA	4
TCTTTTGC	4
GNGAGAGA	4
TCTTTACC	4
GAGTATGC	4
GCACTCAC	4
TGAAAAGG	4
GCTTCTCT	4
ACCCTTAA	4
ACCGAAAA	4
TGAAATGC	4
GCTTGCTT	4
ATAAAAAA	4
TCTTGCTA	4
TTTGAAGA	4
TCTTGCTT	4
GAGTCACA	4
ATAAAAGC	4
ATAAAACG	4
ATAAAACC	4
TTTGAACG	4
TTTGCCCC	4
TCTTGGCG	4
ANTTGCAA	4
TCTTGGCT	4
GAGTATTT	4
TCTTGTCA	4
TCTTGTCC	4
GCTTATGG	4
TCTTTAAT	4
ATAAGCTT	4
GGCAGAGG	4
ATAAGCCC	4
GAGTCGTG	4
ATAAGCCT	4
GCATACGC	4
TNTCATGT	4
ATAATCTG	4
ATAAGCGT	4
ATAAGCTG	4
GACATAAT	4
GCATGTAC	4
GNGTCTTT	4
TTTGCCAA	4
GACCAATG	4
ATAAGGAA	4
ATAAGTGA	4
ATAAGGAG	4
AATGTAAG	4
ATAATATT	4
TCTGTTTA	4
TTTGATTG	4
GACCAAAA	4
GGCACTCA	4
GACATTGC	4
GCATATGA	4
ATAACTCT	4
AATGGTCG	4
ATAATCTT	4
TCTGTCAA	4
GACCTAAA	4
TNTCGTCC	4
TTAGTCTA	4
GCATACAC	4
ATAATAGC	4
ATAATAAT	4
ATAAGAAA	4
ATAAGAAG	4
GNGGGTAA	4
GNGTATAG	4
GACCATTC	4
ATAATGGC	4
ATAATGCT	4
TTTGCCCA	4
GCTGGCCT	4
AATGGTAC	4
GCATACAT	4
ACATGGTC	4
ATAAGTTG	4
GNGTGAGA	4
TCTTAATT	4
ATAAGATT	4
GACACAAT	4
GGAGTGGA	2
GGAGCTTT	2
TAAAACCA	2
GTTTATGT	2
GGAGTGCA	2
GGATCTCT	2
GTTTGCGT	2
GGATCTGA	2
GTTTGAGC	2
GTTTGGAG	2
GTTTGAAT	2
GGAGCTAG	2
GTTTCTTC	2
GGAGCTGC	2
TAAAAAGG	2
GGATCATT	2
GGAAGTGA	2
TAAAATCC	2
GTTTGTAA	2
TAAAACAT	2
TAAAAGGG	2
GTTTCCTA	2
TAAAAAAT	2
NTAAATTC	2
TAAAAAAA	2
GTTTATGG	2
GGAGTCTG	2
TAAAACCT	2
GGAGTTCA	2
GGAGTTGT	2
TAAAACTC	2
GGATGAAC	2
GGAGTGAA	2
GGATTCCA	2
TAAAAACC	2
GGATTAGG	2
GGAGTATA	2
GGAGTTCC	2
GGATTACA	2
GGATGTGT	2
GGATGGGT	2
GGATGGTC	2
TAAAACTT	2
GGAGTGGG	2
GTTTATAG	2
GGATATGC	2
TAAAAGAC	2
GTTTCCCG	2
GGATTGCG	2
GTTTGTAG	2
GGATAGTT	2
GGATAGCA	2
GGATGATG	2
GGAGGATC	2
TAAAAAGC	2
GGAGGTAC	2
GGATGAGG	2
TAAAACCC	2
GGAGTTAC	2
GGATTCGG	2
GTTTTGTG	2
GTTTATAT	2
GCTGTCTG	2
TAAGACCC	2
TAAGACCG	2
GCTGTTCT	2
GCTGTTAG	2
TAAGACGC	2
TAAGACTC	2
TAAGACTT	2
TAAGAGAA	2
TAAGAGAG	2
TAAGAGAT	2
TAAGAGTA	2
GCTTAACT	2
GCTGGTTG	2
TAAGATGT	2
TAAGCAAA	2
TAAGCAAT	2
TAAGCACT	2
GCTGGAAG	2
GCTGATCT	2
TAAGCTGA	2
TAAGCTTT	2
TAAGGAAG	2
GCTGATAC	2
TAACTACT	2
TAACGACA	2
GCTTGTAC	2
GCTTGGCC	2
TAACGCAC	2
TAACGCTC	2
GCTTGCAA	2
GCTTCTGT	2
TAACGTCT	2
GCTTCTAT	2
GCTTCGTT	2
TAACTACA	2
GCTGAATA	2
GCTTCATT	2
TAACTCAA	2
TAACTCTC	2
TAACTTTT	2
TAAGAAAC	2
TAAGAACT	2
GCTTAGCA	2
GCTTAGAT	2
GCTTAAGA	2
TAAGAATA	2
TAAGACAT	2
GCGTCGTA	2
GCGTTGTG	2
GCGTTATT	2
GCGTTAGA	2
TAAGGGAT	2
GCGTGTGC	2
GCGTGTGA	2
TAAGGGCC	2
TAAGGGCT	2
GCGTGTAT	2
GCGTGGGG	2
TAAGGTCT	2
GCTCAACC	2
GCGTAATT	2
TAAGGTGA	2
TAAGGTTA	2
GCGGCACT	2
TAAGTAAG	2
GCGCGTGT	2
TAAGTAGG	2
GCGCGCGT	2
TAAGTCAG	2
GCGCACAC	2
GATACTGC	2
TAAGGCTT	2
GCTCTTGC	2
GCTCTGTG	2
TAAGGAGA	2
GCTCTATA	2
GCTCTACA	2
GCTCGTGT	2
GCTCGTAC	2
GCTCGCCC	2
TAAGGCGA	2
TAAGGCGC	2
TAAGGCTG	2
GCTTTCCA	2
GCTCCCTC	2
GCTCCCGC	2
GCTCCATA	2
TAAGGGAA	2
GCTCCACC	2
GCTCATGT	2
GCTCATAT	2
GCTCACTG	2
TAAGGGAC	2
GCTCACGC	2
GCTCAAGG	2
GGACAATN	2
GGACGCTT	2
GGACGATG	2
TAAAGATA	2
TAAAGATT	2
GGACGACT	2
TAAAGCTA	2
GGACCTAG	2
TAAAGCTG	2
GGACACCA	2
TAAAGGAT	2
TAAAGGCA	2
TAAAGAGA	2
GGACAATC	2
TAAAGGGA	2
GGACAAGC	2
TAAAGGTA	2
TAAAGGTT	2
TAAAGTAC	2
TAAAGTCC	2
TAAAGTGA	2
TAAAGTGC	2
TAAATAAC	2
TAAATAGC	2
GGACTTGT	2
GGAGCGAG	2
TAAAATGC	2
TAAAATGT	2
GGAGCCAA	2
GGAGCAGG	2
GGAGATAG	2
GGAGAGTG	2
TAAAATTA	2
GGAGAGCC	2
GGAGAGAG	2
TAAACAAG	2
TAAATATT	2
TAAACATC	2
TAAACCAA	2
TAAACCAT	2
TAAACCCA	2
TAAACTAG	2
TAAACTAT	2
GGACTCTT	2
TAAACTGT	2
TAAAGAAG	2
GGACTACC	2
GGACGGCC	2
GGAAAGGC	2
TAACAACA	2
TAACAAGA	2
GGAACTCT	2
GGAACTCC	2
GGAACCTC	2
GGAAATTT	2
TAACACGT	2
GGAAATGG	2
GGAAATCA	2
GGAAATAC	2
GGAAAGGG	2
GGAACTGN	2
TAACACTC	2
GGAAAGAG	2
GGAAAAGA	2
GGAAAACC	2
GGAAAAAC	2
TAACATCA	2
TAACATCC	2
TAACATGC	2
GCTTTGGA	2
TAACATGT	2
TAACATTC	2
GGAATAAA	2
TAAATCAA	2
TAAATCAT	2
GGAATGGT	2
TAAATCTT	2
GGAATGCN	2
GGAATCTG	2
GGAATCGN	2
GGAATCCT	2
GGAATCCC	2
GGAATAGG	2
TAAATGAA	2
GGAGCGGC	2
GGGCCATT	2
GGAAGGCA	2
GGAAGCCC	2
GGAAGCAT	2
GGAAGAGA	2
GGAAGACT	2
GGAAGAAT	2
GGAAGAAC	2
TAAATTTC	2
GGAACTTG	2
TAACAAAA	2
GNCGTAAT	2
GNGCTCTA	2
GNGCTAAT	2
GNGCCCTT	2
GNGATGTA	2
GTGTATGA	2
GNGAGTTG	2
GNCTTGCT	2
GNCTTATG	2
GNCTCGCA	2
GTGTATTT	2
GTGTCAAG	2
GTGTCAAT	2
GNCTAGTT	2
GNCGTGTC	2
GNGCTTAT	2
GNCCCTGC	2
GNCATAGA	2
GNCACACA	2
GNCAAATA	2
GNATGTAT	2
GNATAGAT	2
GTGTCACT	2
GNAGTTAG	2
GTGTCCCA	2
GNAGTGCA	2
GTGTCCTC	2
GNACGTAT	2
GNACCAAT	2
GNGGCAAT	2
GNGTAGTT	2
GTGCGTGT	2
GNGTAGCA	2
GTGCTTCA	2
GTGGAATT	2
GNGGGTGA	2
GNGGGTAC	2
GNGGCTCA	2
GTGGCCCT	2
GNGGCTAT	2
GNGGCCAT	2
GTGGGAAT	2
GTGGGCTG	2
GNACACCG	2
GTGGGCTT	2
GNGGATGA	2
GNGGAGTC	2
GNGGAGAT	2
GTGGGGCT	2
GNGGACCA	2
GTGTAATG	2
GNGGAACA	2
GTGTACCC	2
GTGTAGCT	2
GNGGAAAT	2
GNGGAAAA	2
GTGTAGGT	2
GGTGTATA	2
GGTTCGAC	2
GGTTATGT	2
GGTTATGG	2
GGTTATAG	2
GGTTAGTC	2
GGTTAAGC	2
GGTGTTGG	2
GGTGTTGC	2
GGTGTTGA	2
GGTGTGTA	2
GGTGTCGC	2
GTGTGCAA	2
GGTGTATC	2
GGTTGAGG	2
GGTGTAGC	2
GGTGTAAA	2
GGTGGTCG	2
GGTGGGAT	2
GGTGGGAG	2
GGTGGGAA	2
GGTGGCTT	2
GGTGGCTC	2
GGTGGAGT	2
GGTGGAGG	2
GGTGGACT	2
GGTGGACA	2
GGTGCAAC	2
GTGTGACA	2
GNAATTGG	2
GNAATTAT	2
GNAATTAG	2
GNAATGGT	2
GTGTCGGT	2
GTGTCGTA	2
GTGTCTCT	2
GTGTCTGT	2
GTGTCTTC	2
GNAATAGA	2
GTGTCTTG	2
GTGTGAAA	2
GTGTGAAT	2
GTGCGTAT	2
GNAAGCAA	2
GNAAATTG	2
GGTTTTTT	2
GGTTTTCT	2
GGTTTTCC	2
GGTTTGCG	2
GGTTTGAA	2
GTGTGACT	2
GGTTTCTG	2
GGTTTCCT	2
GGTTGGTT	2
GGTTGGTC	2
GGTTGCAG	2
GTAGCACC	2
GTCGATGG	2
GTCGCCAA	2
GTATATAT	2
GTATATAC	2
GTATAGGG	2
GTATACCT	2
GTATAAGT	2
GTCGGTTT	2
GTAGTCCA	2
GTAGTATG	2
GTAGGTTT	2
GTAGGTTA	2
GTAGGTGT	2
GTAGCCTG	2
GTATCCCC	2
GTAGCAAA	2
GTCGTATG	2
GTAGACAA	2
GTCTATCT	2
GTAGAATT	2
GTCTCCAT	2
GTCTCCTA	2
GTACTATA	2
GTACGCTT	2
GTCTCCTC	2
GTCTCCTG	2
GTCTCTAT	2
GTACGCCT	2
GTATTCTA	2
GTCAGGGG	2
GTCCACAC	2
GTCCACGC	2
GTCCAGAA	2
GTCAATCG	2
GTCAAGAA	2
GTCAACAT	2
GTCAAAGT	2
GTCCAGAG	2
GTCCATCT	2
GTATTTGT	2
GTCCATTT	2
GTCCCAAG	2
GTACGCAT	2
GTCCCCAC	2
GTATGTGC	2
GTATGTCT	2
GTATGTAA	2
GTCCGTGT	2
GTCCTCAC	2
GTCCTCCA	2
GTCCTTGG	2
GTATGCTT	2
GTATGATG	2
GTCGATGA	2
GTATGAGC	2
GTATCGTG	2
GNGTTTCG	2
GTGAAAGT	2
GNTATTTT	2
GTGAAGGG	2
GNTATACA	2
GTGACAAC	2
GTGACACT	2
GTGAGAGA	2
GTGAGCCG	2
GTGAGTGA	2
GTGATAAG	2
GTGATGAG	2
GTGCAAAT	2
GTGCAATT	2
GTGAAACA	2
GNGTTTCC	2
GNGTTATA	2
GNGTGTAT	2
GCGATTGC	2
GTGCCAAT	2
GTGCCGAT	2
GNGTCAAG	2
GTGCCGCC	2
GNGTATGC	2
GTGCCGTA	2
GTGCCTCG	2
GNGTATAC	2
GTGCGGGT	2
GTCTGATA	2
GTAATTGA	2
GTAATTCC	2
GTAATTCA	2
GTCTCTGT	2
GTAATGGG	2
GTAATCGC	2
GTAATCAC	2
GTAATAGC	2
GTAATAGA	2
GTAAGCCA	2
GTAACACG	2
GTAAAGGA	2
GTAAACAC	2
GGTGATGG	2
GNTTTTCT	2
GNTTGTGT	2
GTCTGGAG	2
GNTGTTTT	2
GNTGTTAT	2
GTCTGTCT	2
GTCTGTGA	2
GNTGTCGA	2
GNTGTATC	2
GTCTGTTC	2
GTCTTCTC	2
GTCTTTGC	2
GTCTTTGT	2
GGCTACAT	2
GGCTGGTT	2
GGCTCTCT	2
GGCTCGAC	2
GGCTCCAC	2
GTTACCCA	2
GTTACTCG	2
GGCTATAC	2
GTTACTCT	2
GGCTAGTG	2
GGCTAGGT	2
GGCTAGAT	2
GGCTACTC	2
GTTATGTC	2
GGCTACCT	2
GTTACCAG	2
GTTCAATG	2
GGCTAAAG	2
GTTCGTGC	2
GGCGTTGC	2
GGCGTGAG	2
GTTCTACC	2
GGCGGCAA	2
GTTCTACG	2
GTTCTCAG	2
GTTCTCTC	2
GGCGCCGC	2
GGCGAGAC	2
GTTCTTCT	2
GGGAGATG	2
GTGTTGAT	2
GGGCCAGA	2
GGGCACCA	2
GGGCAATT	2
GGGATTGT	2
GGGATTGN	2
GGGATTCA	2
GTGTTTAT	2
GGGATGGG	2
GTGTTTTT	2
GGGATGCT	2
GGGATGCA	2
GGGATCTT	2
GGCGACAA	2
GGGAGAGC	2
GGGAGAAA	2
GGGACTGC	2
GGGACAGC	2
GGGACACC	2
GGGAATTT	2
GTTAAAAA	2
GTTAACAA	2
GGCTTTGA	2
GGCTTGAG	2
GGCTTCTT	2
GGCTTACA	2
GTTAAGCC	2
GGCAAGTC	2
GGCAGCTA	2
GGCAGCAC	2
GTTGCCAC	2
GGCACGAG	2
GTTGCCAG	2
GGCACGAA	2
GTTGCTAA	2
GGCAATTC	2
GTTGCTAG	2
GGCAATGC	2
GTTGGCAT	2
GTTGGCCA	2
GTTGGCCC	2
GGCATAGC	2
GTTGGTCA	2
GGCAAGGG	2
GGCAAGGC	2
GGCAAGCA	2
GTTGGTTC	2
GGCAAGAA	2
GGCAACCC	2
GGCAAAGG	2
GTTGTAAT	2
GGCAAACC	2
GTTGTATA	2
GGATTTTT	2
GTTGTCAT	2
GGCCCCTT	2
GGCCTTTG	2
GGCCTTGG	2
GGCCTTCG	2
GGCCTGGT	2
GTTGAATC	2
GGCCTGCT	2
GTTGACAA	2
GGCCTGCA	2
GGCCTCTG	2
GGCCGATT	2
GGCCCTCT	2
GGCCCTAG	2
GTTGATGG	2
GTGTTCGC	2
GGCCCCTA	2
GGCCATGA	2
GGCCAAGT	2
GGCCAAGG	2
GGCCAAGA	2
GTTGATTG	2
GGCCAAAA	2
GTTGATTT	2
GGCATTGT	2
GGCATTCA	2
GGCATGTG	2
GGCATGAT	2
GGCATATC	2
GGTAAACA	2
GTGTGTAG	2
GGTAGGTT	2
GGTAGGTC	2
GGTAGGTA	2
GGTAGCTG	2
GGTAGAGA	2
GGTAATTA	2
GGTAATGC	2
GGTAATAG	2
GGTAAGGG	2
GGTAAGAC	2
GGTAACAC	2
GTGTGTCA	2
GGTAAATT	2
GGTAGTGC	2
GGGTTTTG	2
GGGTTTGG	2
GGGTTCTC	2
GGGTTAGA	2
GGGTGTTT	2
GGGTGTTC	2
GGGTGTGT	2
GGGTGTGA	2
GGGTGTCC	2
GGGTGTCA	2
GGGTGTAT	2
GGGTGGGG	2
GGGTGCTA	2
GTGTGGTT	2
GGTGACAC	2
GGTGAAGT	2
GGTCTGCT	2
GGTCTGCA	2
GGTCTCTC	2
GGTCTCAG	2
GGTCTAGG	2
GGTCTACC	2
GGTCCTGA	2
GGTCCTCT	2
GGTCCTAT	2
GGTCCCCT	2
GGTCCATT	2
GGGTGCAG	2
GGTCCACG	2
GGTCAGGG	2
GTGTGTAC	2
GGTCAGCC	2
GGTCACAA	2
GGTCAATG	2
GGTCAACA	2
GGTATTGG	2
GGTATGTA	2
GGTATCAT	2
GGTATCAA	2
GGTATATG	2
GGTAGTTT	2
GGGGAGCC	2
GGGGCTTG	2
GTGTGTTA	2
GGGGCTAG	2
GGGGCGGG	2
GGGGCCCG	2
GGGGCAGC	2
GGGGCAAT	2
GTGTGTTG	2
GGGGATTG	2
GGGGATGC	2
GGGGATAA	2
GGGGAGTT	2
GGGGAGGT	2
GGGGGAGA	2
GGGGACGT	2
GGGGAAAT	2
GGGCTTTG	2
GGGCTTAA	2
GTGTTATA	2
GTGTTATG	2
GGGCGTGC	2
GGGCGCAG	2
GGGCGATA	2
GGGCGAGT	2
GTGTTCAG	2
GGGCGAGC	2
GGGCCTCC	2
GGGTAGCC	2
GGGTCTTT	2
GGGTCTTA	2
GGGTCTGG	2
GGGTCTCT	2
GGGTCTAG	2
GGGTCGAC	2
GGGTCCAC	2
GGGTCACG	2
GGGTCAAG	2
GGGTATGT	2
GGGTATGC	2
GGGTATCC	2
GGGTAGGC	2
GGATTGGC	2
GGGTACGG	2
GGGTACGC	2
GGGTACCA	2
GGGTACAA	2
GGGTAATA	2
GGGTAAGG	2
GGGGGTTA	2
GGGGGTCC	2
GGGGGGTG	2
GGGGGGGT	2
GGGGGGCG	2
GGGGGGAT	2
GGGGGATA	2
TGTCCTCT	2
TGTGACCT	2
TGTGACCC	2
TGTGACAT	2
TGTGACAA	2
TGTGAATG	2
TGTGAACT	2
TGTCTTTC	2
TGTCTCTT	2
TGTCTCTC	2
TGTCCTTG	2
TGTGACTA	2
TGTCCTAA	2
TGTCCCTA	2
TGTCCCAG	2
TGTCCATT	2
TGTCCATN	2
TGTCACGG	2
TGTCACGC	2
TGTCAAGA	2
TGTCAAAG	2
TGTGCTAG	2
TGTGGGTG	2
TGTGGGGT	2
TGTGGGAT	2
TGTGGCTG	2
TGTGGCTA	2
TGTGGCAG	2
TGTGGATA	2
TGTGGACA	2
TGTGGAAT	2
TGTGCTTG	2
TGTATGTT	2
TGTGCGTG	2
TGTGCCTA	2
TGTGCCGT	2
TGTGCCCA	2
TGTGCCAC	2
TGTGCACA	2
TGTGATGC	2
TGTGAGGG	2
TGTGAGAT	2
TGGTCCAT	2
TGGTTTCT	2
TGGTTGAG	2
TGGTTATA	2
TGGTGTGT	2
TGGTGTCG	2
TGGTGCCA	2
TGGTGAGA	2
TGGTCCTT	2
TGGTCCTC	2
TGGTCCTA	2
TGTAAAAA	2
TGGTCACT	2
TGGTCAAA	2
TGGTATGT	2
TGGTACAA	2
TGGTAAAT	2
TGGGTTAT	2
TGGGTGCG	2
TGGGGTAG	2
TGGGGTAA	2
TGTAGCAG	2
TGTATGAT	2
TGTATATG	2
TGTAGTTA	2
TGTAGGTC	2
TGTAGGCT	2
TGTAGCTT	2
TGTAGCTC	2
TGTAGCCG	2
TGTAGCAT	2
TGTGGTGC	2
TGTAGCAA	2
TGTAGACC	2
TGTACGTG	2
TGTACGAG	2
TGTACCTT	2
TGTACATA	2
TGTAAGGA	2
TGTAAATT	2
TGTAAATA	2
TNATGCTT	2
TNCTGTGG	2
TNCTGAGT	2
TNCTCTTT	2
TNCGTTTT	2
TNCGTCCA	2
TNCCTTCA	2
TNCCTTAT	2
TNCATGAC	2
TNCACATC	2
TNATTAAG	2
TNCTTATA	2
TNATCTTC	2
TNATCTAC	2
TNATCAAT	2
TNAGTAGG	2
TNAGGTAA	2
TNAGGCAA	2
TNAGGAGA	2
TNAGCCAA	2
TNAGACAC	2
TNGGCGCA	2
TNGTGGAG	2
TNGTAGTG	2
TNGTAGAT	2
TNGGTTAT	2
TNGGTGTT	2
TNGGTAGG	2
TNGGTAAT	2
TNGGGCTA	2
TNGGGCAT	2
TNAGAAAT	2
TNGGCGAA	2
TNGGCAGG	2
TNGGCAAT	2
TNGGAAGT	2
TNGCGGTA	2
TNGCACAC	2
TNGAGAGA	2
TNGAATTG	2
TNCTTGCA	2
TGTGTCTT	2
TGTTATTT	2
TGTTATAG	2
TGTTAGAG	2
TGTTACCC	2
TGTTAAAC	2
TGTGTTCT	2
TGTGTGTC	2
TGTGTGGT	2
TGTGTGGG	2
TGTGTGAT	2
TGTTCCTT	2
TGTGTCTG	2
TGTGTCGT	2
TGTGTCGA	2
TGTGTCAT	2
TGTGTCAC	2
TGTGTCAA	2
TGTGTACT	2
TGTGTACA	2
TGTGGTTG	2
TNAAAAAA	2
TNACTAAT	2
TNACAGAT	2
TNAATTGC	2
TNAATTCC	2
TNAATGCT	2
TNAAGGCT	2
TNAAGCGC	2
TNAAGATC	2
TNAACAAT	2
TGGGGGCG	2
TGTTTGTT	2
TGTTTAGT	2
TGTTTAGC	2
TGTTGTTA	2
TGTTGTCT	2
TGTTGCTT	2
TGTTGCCT	2
TGTTGCCA	2
TGTTCGAT	2
TGATTTCT	2
TGCACGGT	2
TGCACGCA	2
TGCACCTT	2
TGCACCGT	2
TGCACCCT	2
TGCAATTC	2
TGCAATGC	2
TGCAATAT	2
TGCAATAG	2
TGCAAATG	2
TGCACTCT	2
TGATTGCA	2
TGATTCGG	2
TGATTCAG	2
TGATTATG	2
TGATTAGG	2
TGATGTGT	2
TGATGTCT	2
TGATGTCC	2
TGATGTCA	2
TGCCATTT	2
TGCCGGTA	2
TGCCGAGG	2
TGCCCTCG	2
TGCCCTAC	2
TGCCCTAA	2
TGCCCCTT	2
TGCCCCAC	2
TGCCCACG	2
TGCCCACA	2
TGATGTAT	2
TGCCATAG	2
TGCCATAC	2
TGCCACTG	2
TGCCACAT	2
TGCATTTT	2
TGCATTGT	2
TGCATTGC	2
TGCATTCA	2
TGCAGCCT	2
TGAGCTAG	2
TGAGGGCT	2
TGAGGGCC	2
TGAGGCTA	2
TGAGGCGG	2
TGAGGCCT	2
TGAGGCAA	2
TGAGCTTT	2
TGAGCTTA	2
TGAGCTCT	2
TGAGCTAT	2
TGAGGGGG	2
TGAGCGAG	2
TGAGCCTA	2
TGAGCCCA	2
TGAGCCAT	2
TGAGCATA	2
TGAGCACG	2
TGAGAGTA	2
TGAGAGAG	2
TGACTGGC	2
TGATCCCC	2
TGATGTAA	2
TGATGGAT	2
TGATGCTG	2
TGATGCAC	2
TGATGCAA	2
TGATGATA	2
TGATGAGC	2
TGATCGGA	2
TGATCCCT	2
TGCCGGTT	2
TGATCCAC	2
TGATCAGC	2
TGATAGAT	2
TGATAAGT	2
TGAGTTAT	2
TGAGTGGC	2
TGAGTCTG	2
TGAGTCCT	2
TGAGGTGG	2
TGGCCGAG	2
TGGCTACA	2
TGGCGTAT	2
TGGCCTGT	2
TGGCCTGA	2
TGGCCTCT	2
TGGCCTCG	2
TGGCCTAC	2
TGGCCGTA	2
TGGCCGGC	2
TGGCCGAT	2
TGGCTAGG	2
TGGCCCCT	2
TGGCCCCA	2
TGGCCCAT	2
TGGCCATG	2
TGGCCATA	2
TGGCCACC	2
TGGCCAAC	2
TGGCATTC	2
TGGCATAT	2
TGGGCACG	2
TGGGGGCA	2
TGGGGGAA	2
TGGGGCCT	2
TGGGGCAT	2
TGGGCGGT	2
TGGGCCTG	2
TGGGCCTA	2
TGGGCCCT	2
TGGGCCAC	2
TGGCACTA	2
TGGGAGGC	2
TGGGACTG	2
TGGGACCT	2
TGGGAAAA	2
TGGCTTTC	2
TGGCTTCT	2
TGGCTGAA	2
TGGCTCTA	2
TGGCTATG	2
TGCCTTCT	2
TGCGTATG	2
TGCGGGCC	2
TGCGGCAT	2
TGCGGCAG	2
TGCGGCAA	2
TGCGCTCT	2
TGCGCATG	2
TGCCTTTT	2
TGCCTTTC	2
TGCCTTGG	2
TGCGTTTA	2
TGCCTTAT	2
TGCCTGTT	2
TGCCTGGG	2
TGCCTGCA	2
TGCCTGAT	2
TGCCTCAT	2
TGCCTATA	2
TGCCTAGC	2
TGCCGTAT	2
TGGACCAT	2
TGGCACGT	2
TGGCACCA	2
TGGCACAC	2
TGGCAAGA	2
TGGATGTG	2
TGGATCTA	2
TGGAGCGA	2
TGGAGCCA	2
TGGACCTT	2
TNGTTTCC	2
TGGACACA	2
TGCTTCTT	2
TGCTTCAA	2
TGCTGTCA	2
TGCTGGTG	2
TGCTGCAA	2
TGCTCCAT	2
TGCTCCAA	2
TGCTAGAG	2
TTGTCTCA	2
TTGTGGGT	2
TTGTGGCC	2
TTGTGCTT	2
TTGTGCCC	2
TTGTGCCA	2
TTGTGCAA	2
TTGTGAGC	2
TTGTGAAT	2
TTGTCTTC	2
TTGTCTCC	2
TTGTGTTA	2
TTGTCGGC	2
TTGTCCTG	2
TTGTCCGG	2
TTGTCCAG	2
TTGTCCAC	2
TTGTCCAA	2
TTGTCACA	2
TTGTCAAG	2
TTGTCAAA	2
TTTACAAT	2
TTTAGGCC	2
TTTAGGCA	2
TTTAGCTA	2
TTTAGCCA	2
TTTAGATC	2
TTTAGACA	2
TTTAGAAC	2
TTTACCTT	2
TTTACCCT	2
TTTACATG	2
TTGTATTG	2
TTTAACCA	2
TTGTTTTA	2
TTGTTTGG	2
TTGTTTAT	2
TTGTTGGG	2
TTGTTGCA	2
TTGTTCCC	2
TTGTGTTT	2
TTGTGTTC	2
TTGGCAAG	2
TTGGCTCT	2
TTGGCTCA	2
TTGGCTAG	2
TTGGCTAC	2
TTGGCGTC	2
TTGGCGGG	2
TTGGCCGA	2
TTGGCAGT	2
TTGGCAGG	2
TTGGCACC	2
TTGGCTGG	2
TTGGAGGC	2
TTGGACTG	2
TTGGACTA	2
TTGGACCT	2
TTGGACAA	2
TTGGAAAA	2
TTGCTTGT	2
TTGCTTCA	2
TTGCTGCC	2
TTGGGTTC	2
TTGTAGTC	2
TTGTACAT	2
TTGGTTTT	2
TTGGTTAT	2
TTGGTGGA	2
TTGGTGCA	2
TTGGTCTG	2
TTGGTACG	2
TTGGTACA	2
TTTAGGGT	2
TTGGGTTA	2
TTGGGTGG	2
TTGGGTGC	2
TTGGGGGG	2
TTGGGCCG	2
TTGGGCCA	2
TTGGGACC	2
TTGGCTTT	2
TTGGCTTG	2
TTTGTACT	2
TTTGTGTG	2
TTTGTGCG	2
TTTGTGAG	2
TTTGTCTN	2
TTTGTCTG	2
TTTGTCTC	2
TTTGTCTA	2
TTTGTCCA	2
TTTGTATC	2
TTTGTAGG	2
TTTGTGTT	2
TTTGTACC	2
TTTGGTGG	2
TTTGGTCA	2
TTTGGTAT	2
TTTGGTAG	2
TTTGGTAC	2
TTTGGGGA	2
TTTGGGAT	2
TTTGGGAA	2
TTTTCTTT	2
TTTTTTGT	2
TTTTTGCT	2
TTTTTGAA	2
TTTTTCTC	2
TTTTTCCT	2
TTTTGGTA	2
TTTTGGCG	2
TTTTGGAC	2
TTTTGCTT	2
TTTGGCTA	2
TTTTCCCT	2
TTTTATCT	2
TTTTAGCC	2
TTTTAGAT	2
TTTTAGAC	2
TTTTACGG	2
TTTTACCA	2
TTTGTTTA	2
TTTGTTGC	2
TTTCTGTG	2
TTTGAGCA	2
TTTGAGAA	2
TTTGACGT	2
TTTGACCG	2
TTTGACCC	2
TTTGACAG	2
TTTGAATG	2
TTTGAACC	2
TTTGAAAG	2
TTTGAAAA	2
TTTGAGCT	2
TTTCTCTT	2
TTTCTCTA	2
TTTCTAGT	2
TTTCGATG	2
TTTCACCT	2
TTTATGGC	2
TTTATGGA	2
TTTATCAA	2
TTTATACT	2
TTTGCCGT	2
TTTGGAGC	2
TTTGGACT	2
TTTGGAAA	2
TTTGCTCT	2
TTTGCTCA	2
TTTGCTAT	2
TTTGCTAA	2
TTTGCGTG	2
TTTGCCTG	2
TTGCTAGA	2
TTTGCCAG	2
TTTGCATG	2
TTTGCAGT	2
TTTGCACT	2
TTTGCACC	2
TTTGCACA	2
TTTGATGG	2
TTTGAGTA	2
TTTGAGGG	2
TNTTTGCC	2
TTAAGAGT	2
TTAAGAAT	2
TTAAATTC	2
TTAAATGG	2
TTAAATGC	2
TTAAACCC	2
TTAAAAGC	2
TTAAAACA	2
TNTTTTTT	2
TNTTTTTG	2
TTAAGGCT	2
TNTTGGTT	2
TNTTGCAA	2
TNTTGAAT	2
TNTTCCTA	2
TNTGTTTC	2
TNTGTTGG	2
TNTGTGTA	2
TNTGTGCT	2
TNTGTGCC	2
TTATACAT	2
TTATGGCN	2
TTATGGCA	2
TTATGCTC	2
TTATGCCC	2
TTATGAGT	2
TTATGACT	2
TTATGACC	2
TTATGAAT	2
TTATATAG	2
TNTGTGAC	2
TTAGGCTG	2
TTAGGCTC	2
TTAGGCAC	2
TTAGGCAA	2
TTAGGACC	2
TTAGATAA	2
TTAATGAC	2
TTAATCTT	2
TTAATAGC	2
TNTCCAAA	2
TNTGATAT	2
TNTGACTT	2
TNTGACAT	2
TNTGAATT	2
TNTGAATA	2
TNTCTCCT	2
TNTCTACC	2
TNTCGGCC	2
TNTCGCCA	2
TNTCCTTG	2
TNTGATGC	2
TNTATGTG	2
TNTATAGA	2
TNTAGGTC	2
TNTAGGCA	2
TNTAGGAA	2
TNTAGCGG	2
TNTAGCAT	2
TNTACCCA	2
TNTACCAA	2
TNTGGCGA	2
TNTGTCTG	2
TNTGTCCT	2
TNTGTCCG	2
TNTGGTTA	2
TNTGGTGG	2
TNTGGTAT	2
TNTGGGAT	2
TNTGGCTG	2
TNTGGCGC	2
TTATGGGG	2
TNTGGCAC	2
TNTGGATT	2
TNTGGATC	2
TNTGGAAT	2
TNTGCTCT	2
TNTGCTCA	2
TNTGCTAG	2
TNTGCCAT	2
TNTGCAGC	2
TTCTTGGA	2
TTGAGCCT	2
TTGAGAAC	2
TTGACTAG	2
TTGACGAT	2
TTGACCTT	2
TTGAAGCC	2
TTGAACCT	2
TTGAAAGA	2
TTGAAAAA	2
TTCTTGGC	2
TTGAGCGA	2
TTCTTATT	2
TTCTTACC	2
TTCTGTTG	2
TTCTGTCT	2
TTCTGCTC	2
TTCTGCAT	2
TTCTCTTT	2
TTCTCAAT	2
TTCTATCT	2
TTGCAACC	2
TTGCTACT	2
TTGCTACC	2
TTGCGTGG	2
TTGCGTGC	2
TTGCGGGA	2
TTGCGGCT	2
TTGCGCCA	2
TTGCGCAT	2
TTGCATAT	2
TTCTATCC	2
TTGATTTA	2
TTGATGTA	2
TTGATGGC	2
TTGATGCC	2
TTGAGTCC	2
TTGAGGTT	2
TTGAGGTG	2
TTGAGGGG	2
TTGAGCTA	2
TTATTTGC	2
TTCATGTT	2
TTCATGTA	2
TTCATGAC	2
TTCATCCC	2
TTCAGATT	2
TTCAGAGA	2
TTCACGGC	2
TTCACATT	2
TTATTTTG	2
TTATTTTA	2
TTCATTGC	2
TTATTCCC	2
TTATTACC	2
TTATTAAG	2
TTATGTTC	2
TTATGTTA	2
TTATGTGT	2
TTATGTGG	2
TTATGTCC	2
TTATGGGT	2
TTCCTATT	2
TTCGTAAT	2
TTCGGCAT	2
TTCGCGCT	2
TTCGCCGC	2
TTCGATCA	2
TTCGAACG	2
TTCCTTCT	2
TTCCTGCT	2
TTCCTCAA	2
TGACTCTT	2
TTCCGGCT	2
TTCCGCAA	2
TTCCGATT	2
TTCCATTT	2
TTCCATAT	2
TTCCATAG	2
TTCCAGGT	2
TTCCACTA	2
TTCCAAAA	2
TAGGGTGG	2
TAGTCTTA	2
TAGTCTCT	2
TAGTCGTT	2
TAGTCCTC	2
TAGTCATT	2
TAGTATGT	2
TAGTATGG	2
TAGTATCT	2
TAGTAAGT	2
TAGGGTTG	2
TAGTCTTT	2
TAGGGTCA	2
TAGGGGCC	2
TAGGGCTT	2
TAGGGCTC	2
TAGGGCGT	2
TAGGGCGG	2
TAGGGACA	2
TAGGGAAT	2
TAGGGAAA	2
TAGTTTTT	2
TATAAGTA	2
TATAAGGT	2
TATAACCC	2
TATAACAA	2
TATAAATA	2
TATAAAGG	2
TATAAAGC	2
TATAAACA	2
TATAAAAG	2
TATAAAAC	2
TAGGCTTT	2
TAGTTTTC	2
TAGTTTTA	2
TAGTTGAT	2
TAGTGTGT	2
TAGTGTGA	2
TAGTGTAG	2
TAGTGCTT	2
TAGTGCAG	2
TAGTGAAC	2
TAGCTCGA	2
TAGGAATT	2
TAGGAATG	2
TAGGAACT	2
TAGGAACC	2
TAGGAAAG	2
TAGGAAAA	2
TAGCTTCC	2
TAGCTGGT	2
TAGCTGGG	2
TAGCTCTC	2
TAGGACAT	2
TAGCTAGT	2
TAGCTACC	2
TAGCCTGA	2
TAGCCTCA	2
TAGCCTAA	2
TAGCCGGT	2
TAGCCGAT	2
TAGCCCGT	2
TAGCCCCC	2
TAGGCATT	2
TAGGCTGC	2
TAGGCTAT	2
TAGGCGTC	2
TAGGCGAG	2
TAGGCGAA	2
TAGGCCTG	2
TAGGCCGG	2
TAGGCCGA	2
TAGGCCCC	2
TATAAGTT	2
TAGGCATC	2
TAGGCACT	2
TAGGCACC	2
TAGGCAAC	2
TAGGATCT	2
TAGGATAG	2
TAGGAGTT	2
TAGGAGTA	2
TAGGACTA	2
TATCATGT	2
TATCCTGA	2
TATCCTCT	2
TATCCTAA	2
TATCCCTG	2
TATCCCGA	2
TATCCCCC	2
TATCCATA	2
TATCCAGT	2
TATCCACG	2
TATCCACA	2
TATCCTTC	2
TATCATAG	2
TATCATAA	2
TATCACGT	2
TATCACCC	2
TATCACAG	2
TATCACAA	2
TATCAAGT	2
TATCAACC	2
TATCAAAC	2
TATGAATG	2
TATGCACC	2
TATGATTT	2
TATGATTA	2
TATGATGT	2
TATGATCC	2
TATGATAA	2
TATGAGTC	2
TATGAGGA	2
TATGAGCG	2
TATATTTT	2
TATCTTGT	2
TATCTGTC	2
TATCTCAT	2
TATCTATG	2
TATCTACT	2
TATCGTGT	2
TATCGTAA	2
TATCGCTA	2
TATCGCGA	2
TATACATA	2
TATAGCAG	2
TATAGAGG	2
TATAGACT	2
TATAGAAG	2
TATACTAC	2
TATACGCA	2
TATACCTG	2
TATACCGG	2
TATACCAT	2
TATACCAC	2
TATAGCTC	2
TATACAGC	2
TATACACT	2
TATACACC	2
TATACAAT	2
TATAATTG	2
TATAATCC	2
TATAATCA	2
TATAATAG	2
TATAATAC	2
TATATGAT	2
TATATTTG	2
TATATTGG	2
TATATTCA	2
TATATTAT	2
TATATTAG	2
TATATGTT	2
TATATGTA	2
TATATGCC	2
TATATGCA	2
TAGCCCAT	2
TATATGAA	2
TATATCTT	2
TATATCGG	2
TATATCAT	2
TATATCAG	2
TATATATG	2
TATATACA	2
TATAGTTG	2
TATAGGAA	2
TAATTTTG	2
TACAATGC	2
TACAATAC	2
TACAAGTG	2
TACAAGGT	2
TACAAGGA	2
TACAAGCT	2
TACAAATA	2
TACAAAGA	2
TACAAACA	2
TAATTTTT	2
TACAATTG	2
TAATTTTA	2
TAATTTGA	2
TAATTTAA	2
TAATTGTT	2
TAATTGGT	2
TAATTGGA	2
TAATTGCA	2
TAATTGAT	2
TAATTGAG	2
TACAGGCC	2
TACATTGG	2
TACATTGC	2
TACATTCT	2
TACATGGC	2
TACATGCC	2
TACATGCA	2
TACATGAT	2
TACATGAG	2
TACATAAT	2
TAATTCTC	2
TACAGCGT	2
TACAGCGA	2
TACAGCCG	2
TACAGCCC	2
TACAGAGA	2
TACACTGA	2
TACACCTT	2
TACACCCT	2
TACACATA	2
TAATATTG	2
TAATGATG	2
TAATGACT	2
TAATCTCC	2
TAATCTAT	2
TAATCCTT	2
TAATCCTA	2
TAATCCGT	2
TAATCCAA	2
TAATCAAT	2
TAATCAAG	2
TAATGCCC	2
TAATAGCC	2
TAATACCT	2
TAATAATT	2
TAATAAGA	2
TAAGTTTC	2
TAAGTTGC	2
TAAGTGGA	2
TAAGTGCT	2
TAAGTGAT	2
TAATGTAA	2
TAATTCCT	2
TAATTCAC	2
TAATTAGT	2
TAATTAGG	2
TAATTACA	2
TAATTAAA	2
TAATGTTT	2
TAATGTGA	2
TAATGTAG	2
TACATTTG	2
TAATGGTT	2
TAATGGTG	2
TAATGGTA	2
TAATGGGG	2
TAATGGGC	2
TAATGGAT	2
TAATGGAA	2
TAATGCTA	2
TAATGCCT	2
TAGACCGG	2
TAGAGTGC	2
TAGAGTCC	2
TAGAGGCA	2
TAGAGCTG	2
TAGAGATC	2
TAGAGAGT	2
TAGACTTA	2
TAGACTGA	2
TAGACTAC	2
TAGACGCG	2
TAGATAAA	2
TAGACCCT	2
TAGACCAG	2
TAGACCAA	2
TAGACATT	2
TAGACACA	2
TAGAAAGC	2
TAGAAAAA	2
TACGTTGG	2
TACGTGCG	2
TAGCATCG	2
TAGCCCAC	2
TAGCCATT	2
TAGCCATA	2
TAGCCAGG	2
TAGCCACC	2
TAGCCACA	2
TAGCATTT	2
TAGCATGT	2
TAGCATGA	2
TACGTGAC	2
TAGCACTG	2
TAGATTGG	2
TAGATTCT	2
TAGATGTG	2
TAGATGGT	2
TAGATCCA	2
TAGATATG	2
TAGATATC	2
TAGATAAT	2
TACCATGG	2
TACCGTGA	2
TACCGCAT	2
TACCGAAA	2
TACCCTAA	2
TACCCCTA	2
TACCCCAA	2
TACCCATT	2
TACCCATC	2
TACCATTT	2
TACCATTG	2
TACCTCTC	2
TACCAGTC	2
TACCACTC	2
TACCACCG	2
TACCACCC	2
TACCACCA	2
TACCACAC	2
TACCAATG	2
TACCAAGT	2
TACCAAAT	2
TACGCCTC	2
TACGTCAT	2
TACGGTGC	2
TACGGGTA	2
TACGGGAA	2
TACGGCAA	2
TACGGAGC	2
TACGGAGA	2
TACGGACT	2
TACGGACA	2
TATGCCGT	2
TACGCCGC	2
TACGCCCT	2
TACGCCAT	2
TACGAGGA	2
TACGAGCC	2
TACGAGAG	2
TACGAAAT	2
TACCTTCC	2
TACCTCTG	2
TCTCCCCT	2
TCTCTATA	2
TCTCTAAT	2
TCTCGTCC	2
TCTCGTAG	2
TCTCGGCT	2
TCTCGCTA	2
TCTCGAGC	2
TCTCCTTC	2
TCTCCTAA	2
TCTCCGTC	2
TCTCTCTA	2
TCTCCCCA	2
TCTCATTG	2
TCTCATCT	2
TCTCATAT	2
TCTCACTC	2
TCTCACCA	2
TCTCAATG	2
TCTCAATC	2
TCTCAATA	2
TCTGACTT	2
TCTGCAGG	2
TCTGCAGA	2
TCTGATGT	2
TCTGATCT	2
TCTGATCA	2
TCTGAGTT	2
TCTGAGCG	2
TCTGAGCA	2
TCTGAGAA	2
TCTCAAGT	2
TCTGACCA	2
TCTGACAG	2
TCTGACAA	2
TCTGAATG	2
TCTGAATC	2
TCTCTTAA	2
TCTCTGCC	2
TCTCTCTN	2
TCTCTCTG	2
TCCGGGTT	2
TCCTGACA	2
TCCTCTGC	2
TCCTCTCA	2
TCCTCGGC	2
TCCTCAAG	2
TCCTATGC	2
TCCTAGCC	2
TCCTACTC	2
TCCTACCC	2
TCCGGTTT	2
TCCTGTTG	2
TCCGGCAT	2
TCCGCTAG	2
TCCGCAGC	2
TCCGATCT	2
TCCGATAC	2
TCCCTTGA	2
TCCCTTCT	2
TCCCTTCA	2
TCCCGGGG	2
TCGGCATA	2
TCTCAACC	2
TCGTTTGC	2
TCGTGGTC	2
TCGTAGCC	2
TCGTACAT	2
TCGGTTAT	2
TCGGTCTT	2
TCGGGCCT	2
TCGGCCTC	2
TCTGCCAG	2
TCGGCAGG	2
TCGGCAAA	2
TCGCGAGG	2
TCGCCCGT	2
TCGACTGT	2
TCCTTGCT	2
TCCTTCTC	2
TCCTTCCT	2
TCCTTAAC	2
TCTTGGCC	2
TCTTTTGG	2
TCTTTTGA	2
TCTTTGGC	2
TCTTTGAT	2
TCTTTCCT	2
TCTTTAGA	2
TCTTTACT	2
TCTTGTGC	2
TCTTGGTC	2
TCTTGGGC	2
TCTTTTTC	2
TCTTGGAA	2
TCTTGCTG	2
TCTTGACT	2
TCTTCTTT	2
TCTTCTTG	2
TCTTCTTA	2
TCTTCTGT	2
TCTTCTCT	2
TCTTCGTC	2
TGAAGTCG	2
TGACTAAC	2
TGACGGCA	2
TGACATTA	2
TGACATGG	2
TGAATTCC	2
TGAATGGC	2
TGAATGCA	2
TGAATATC	2
TGAAGTGG	2
TCTTCCCA	2
TGAAGTAA	2
TGAAGAAA	2
TGAACTGC	2
TGAACAAA	2
TGAAAGGT	2
TGAAACAT	2
TGAAAACT	2
TGAAAACG	2
TGAAAAAA	2
TCTGGTAG	2
TCTGTGAT	2
TCTGTCTT	2
TCTGTCTC	2
TCTGTATG	2
TCTGTAGT	2
TCTGTAGG	2
TCTGGTTG	2
TCTGGTGA	2
TCTGGTCA	2
TCTGGTAT	2
TCTGTGCC	2
TCTGGTAC	2
TCTGGCGG	2
TCTGGCGA	2
TCTGGCAT	2
TCTGGATT	2
TCTGGAAT	2
TCTGCTCC	2
TCTGCGTG	2
TCTGCGTC	2
TCTTACCT	2
TCTTCCAT	2
TCTTCCAA	2
TCTTCAGT	2
TCTTCACT	2
TCTTATTA	2
TCTTATAC	2
TCTTAGGC	2
TCTTAGCT	2
TCTTACGT	2
TCCCCCCA	2
TCTTACCC	2
TCTTACCA	2
TCTTACAC	2
TCTTAAGT	2
TCTTAAGC	2
TCTGTTTT	2
TCTGTTAC	2
TCTGTGGC	2
TCTGTGCT	2
TATTGTAA	2
TATTTCCT	2
TATTTCAA	2
TATTTAGT	2
TATTTAGG	2
TATTTACC	2
TATTTAAG	2
TATTGTTT	2
TATTGTTC	2
TATTGTGG	2
TATTGTCA	2
TATTTGAA	2
TATTGGTC	2
TATTGGAC	2
TATTGGAA	2
TATTGCTT	2
TATTGCGG	2
TATTGCGA	2
TATTGCAG	2
TATTGCAC	2
TATTGAGG	2
TATTTTAT	2
TCAAGAAC	2
TCAACAAC	2
TCAAATGC	2
TCAAATAG	2
TCAAAAGG	2
TCAAAAAA	2
TATTTTGG	2
TATTTTGA	2
TATTTTCC	2
TATTCTTC	2
TATTTTAC	2
TATTTGTA	2
TATTTGGG	2
TATTTGGC	2
TATTTGGA	2
TATTTGCT	2
TATTTGCA	2
TATTTGAT	2
TATTTGAG	2
TATGTAGG	2
TATTACTT	2
TATTACTG	2
TATTAAGT	2
TATTAACA	2
TATTAAAG	2
TATTAAAA	2
TATGTTAT	2
TATGTGGC	2
TATGTCGG	2
TATGTATG	2
TATTAGAA	2
TATGTACG	2
TATGTAAC	2
TATGGTGC	2
TATGGAGN	2
TATGCTTT	2
TATGCTGT	2
TATGCTCC	2
TATGCGTG	2
TATGCGAC	2
TATTATTT	2
TATTCTCT	2
TATTCGAA	2
TATTCCGC	2
TATTCCAT	2
TATTCATT	2
TATTCATC	2
TATTCATA	2
TATTCACC	2
TATTCAAA	2
TCAAGCCA	2
TATTATTC	2
TATTATTA	2
TATTATGG	2
TATTATCC	2
TATTAGTA	2
TATTAGCT	2
TATTAGCC	2
TATTAGAG	2
TATTAGAC	2
TCATTCGG	2
TCCAATCC	2
TCCAAGCT	2
TCCAAGAG	2
TCCAAATG	2
TCCAAAGC	2
TCCAAACC	2
TCATTTGG	2
TCATTGTT	2
TCATTGGC	2
TCATTGCA	2
TCCAATGC	2
TCATGTTG	2
TCATGTTC	2
TCATGTTA	2
TCATGGTA	2
TCATGGGG	2
TCATGGAC	2
TCATGCGT	2
TCATGCGG	2
TCATGACC	2
TCCAGAGC	2
TCCCATTG	2
TCCCATTC	2
TCCCACCT	2
TCCATGTA	2
TCCATGGG	2
TCCATGCC	2
TCCATAGA	2
TCCAGTTT	2
TCCAGGTT	2
TCATCTCT	2
TCCACTGT	2
TCCACCTC	2
TCCACCGT	2
TCCACCGC	2
TCCACCCA	2
TCCACCAC	2
TCCACACC	2
TCCACAAC	2
TCCAATGG	2
TCAATTGA	2
TCACGGAT	2
TCACGCCC	2
TCACATTG	2
TCACATGC	2
TCACAGCT	2
TCACACAT	2
TCACAAGT	2
TCACAAGG	2
TCACAAAA	2
TCAATTTC	2
TCACGGCT	2
TCAATGCC	2
TCAATATG	2
TCAATATC	2
TCAATACC	2
TCAATAAG	2
TCAAGTGC	2
TCAAGTCC	2
TCAAGGCA	2
TCAAGGAC	2
TCAGTCTC	2
TCATCTCC	2
TCATCGAT	2
TCATCGAC	2
TCATCACA	2
TCATAGGC	2
TCATAGAG	2
TCATACTA	2
TCATACAA	2
TCAGTGCA	2
TAAGTGAC	2
TCAGTCCA	2
TCAGTAGT	2
TCAGTACC	2
TCAGGTGC	2
TCAGGCTC	2
TCAGGCAA	2
TCAGCTTT	2
TCACTTTC	2
TCACTATA	2
CAAGAAAA	2
CAAGCTTC	2
CAAGCGTG	2
CAAGCCAT	2
CAAGCCAC	2
CAAGCAAG	2
CAAGATCG	2
CAAGATCA	2
CAAGAGGG	2
CAAGACTT	2
CAAGCTTT	2
CAACTTGG	2
CAACTTAT	2
CAACTAGG	2
CAACGCAC	2
CAACCCAA	2
CAACCATT	2
CAACATCC	2
CAACACTA	2
CAACACGA	2
CAAGTTCC	2
CAATCACT	2
CAATATGA	2
CAATAGCC	2
CAATAGCA	2
CAATACAT	2
CAATAATT	2
CAATAACA	2
CAAGTTTT	2
CAAGTTGC	2
CAACACCT	2
CAAGTGAA	2
CAAGTCCA	2
CAAGGTCA	2
CAAGGTAG	2
CAAGGCTC	2
CAAGGCAT	2
CAAGGCAA	2
CAAGGACC	2
ATTTAGTT	2
CAAAAAAC	2
ATTTTGTG	2
ATTTTGGC	2
ATTTGTAC	2
ATTTGCCA	2
ATTTGATT	2
ATTTGAGC	2
ATTTCTGA	2
ATTTATGG	2
CAAAACTG	2
ATTTACAG	2
ATTGTCAG	2
ATTGTATT	2
ATTGGTGT	2
ATTGGGTT	2
ATTGGGAT	2
ATTGGCTT	2
ATTGGCCA	2
ATTGGAGT	2
CAAAGACA	2
CAACAAAA	2
CAAATTGA	2
CAAATGTA	2
CAAATGCA	2
CAAATCAA	2
CAAATATA	2
CAAATACA	2
CAAAGTTA	2
CAAAGGGT	2
CAATCCAA	2
CAAAGAAC	2
CAAACTTC	2
CAAACTAC	2
CAAACGGT	2
CAAACGAA	2
CAAACCAC	2
CAAAATCC	2
CAAAAGAC	2
CACCAGAA	2
CACCTTGG	2
CACCTTCT	2
CACCTCCT	2
CACCTAAT	2
CACCCACA	2
CACCCAAT	2
CACCATTG	2
CACCATCT	2
CACCATAA	2
CACGAATC	2
CACCACTT	2
CACCACTC	2
CACCAAGC	2
CACCAAAG	2
CACATTTA	2
CACATTAC	2
CACATGTT	2
CACATGGC	2
CACATGCA	2
CACGTAGC	2
CAGACAAC	2
CAGAATAA	2
CAGAACCG	2
CAGAAATT	2
CACGTTTA	2
CACGTGTT	2
CACGTGGA	2
CACGTGAG	2
CACGTCAG	2
CACATGAA	2
CACGGCGG	2
CACGGCAT	2
CACGGAAT	2
CACGCTCT	2
CACGCTAG	2
CACGCACT	2
CACGCACG	2
CACGACCT	2
CACAAACA	2
CACAAGGA	2
CACAAGCA	2
CACAACTA	2
CACAACGG	2
CACAACCC	2
CACAACAC	2
CACAAATT	2
CACAAACG	2
CACAAACC	2
CACAAGGG	2
CAATTTTT	2
CAATTGGG	2
CAATTGCC	2
CAATGTCT	2
CAATGTAT	2
CAATGGCT	2
CAATGGAC	2
CAATGCCT	2
CAATGACG	2
CACACTTG	2
CACATATC	2
CACATACG	2
CACAGTTT	2
CACAGTGT	2
CACAGTGC	2
CACAGTAG	2
CACAGGCT	2
CACAGACA	2
CACACTTT	2
ATTGCTTT	2
CACACGCT	2
CACACGCA	2
CACACGAC	2
CACACCAT	2
CACACAGA	2
CACACACN	2
CACAATGT	2
CACAATCA	2
ATCCTGCA	2
ATGAAGAG	2
ATGAAGAC	2
ATCGTTGA	2
ATCGGGGA	2
ATCGCCTT	2
ATCGCCTA	2
ATCGCCCT	2
ATCGCAAT	2
ATCGATAT	2
ATGAAGTT	2
ATCCTAGA	2
ATCCGTTA	2
ATCCGTAT	2
ATCCGGAA	2
ATCCGCTT	2
ATCCGCCG	2
ATCCGCCA	2
ATCCCTTC	2
ATCCCTCT	2
ATGCAACC	2
ATGCCCCA	2
ATGCCCAT	2
ATGCCATA	2
ATGCCAAG	2
ATGCATAC	2
ATGCAGCT	2
ATGCACAT	2
ATGCAATC	2
ATGCAAGT	2
ATCCCTCA	2
ATGCAAAT	2
ATGATTAA	2
ATGATGAT	2
ATGATCGA	2
ATGAGCCT	2
ATGAGAGT	2
ATGACCTA	2
ATGACACC	2
ATATCATT	2
ATATTTGA	2
ATATGTTT	2
ATATGTTC	2
ATATGTCT	2
ATATGTCC	2
ATATGTCA	2
ATATGGCC	2
ATATGCCA	2
ATATCCCA	2
ATCAAAGT	2
ATATCACC	2
ATATAGAG	2
ATAGTTAC	2
ATAGTCCT	2
ATAGTAGC	2
ATAGGTGT	2
ATAGGTAA	2
ATAGGGGG	2
ATAGGGCC	2
ATCAGTCC	2
ATCCCCTT	2
ATCCCCTG	2
ATCCCCAC	2
ATCCCATT	2
ATCCCAAA	2
ATCCATTA	2
ATCCACCT	2
ATCATGGC	2
ATCATACT	2
ATGCCCTG	2
ATCAGGGC	2
ATCAGAAT	2
ATCACCTG	2
ATCACCAT	2
ATCACACA	2
ATCACAAC	2
ATCAAGAG	2
ATCAAATT	2
ATGTTGGC	2
ATTAGGCG	2
ATTAGCAA	2
ATTAATTG	2
ATTAATGC	2
ATTAATCT	2
ATTAATCA	2
ATTAAGCG	2
ATTAAGAT	2
ATTAAGAC	2
ATTAGTCC	2
ATGTGTCG	2
ATGTGGTG	2
ATGTGGCT	2
ATGTGCTA	2
ATGTCTTT	2
ATGTCTCC	2
ATGTCTAC	2
ATGTCCGA	2
ATGTCCAG	2
ATTCTCGC	2
ATTGCGTT	2
ATTGCCCC	2
ATTGCCCA	2
ATTGCACC	2
ATTGATAA	2
ATTGAGAG	2
ATTCTTTC	2
ATTCTTGC	2
ATTCTGCT	2
ATGTCATT	2
ATTCGCTA	2
ATTCCTTC	2
ATTCCAAT	2
ATTCAGAG	2
ATTCAAAC	2
ATTATTGA	2
ATTATGTC	2
ATTAGTGC	2
ATGGCAAC	2
ATGGCCGG	2
ATGGCCCG	2
ATGGCCCC	2
ATGGCATT	2
ATGGCATG	2
ATGGCATC	2
ATGGCATA	2
ATGGCAGA	2
ATGGCACA	2
ATGGCGCA	2
ATGGAGAG	2
ATGGAAAG	2
ATGCTGTG	2
ATGCTCTT	2
ATGCGCTT	2
ATGCCTGT	2
ATGCCGTC	2
ATGCCGAT	2
ATGGGCAC	2
ATGTAGGA	2
ATGTAGAA	2
ATGTAAGT	2
ATGGTTTT	2
ATGGTTTC	2
ATGGTTCC	2
ATGGTGGT	2
ATGGTATG	2
ATGGTATA	2
CAGACACA	2
ATGGGAGG	2
ATGGCTTG	2
ATGGCTGC	2
ATGGCTGA	2
ATGGCTAG	2
ATGGCTAC	2
ATGGCGTG	2
ATGGCGGT	2
CCATTTTT	2
CCCCTTCC	2
CCCCTGGC	2
CCCCTGAC	2
CCCCCTTT	2
CCCCCTTC	2
CCCCCGGC	2
CCCCCGCA	2
CCCCATGA	2
CCCCATCT	2
CCCCTTTG	2
CCATTTTC	2
CCATTCAG	2
CCATGTCC	2
CCATGGTG	2
CCATGGGT	2
CCATGGAC	2
CCATGCTG	2
CCATGCGG	2
CCATGCAT	2
CCCTAACT	2
CCCTCTTT	2
CCCTCTCC	2
CCCTCTCA	2
CCCTCCAT	2
CCCTCACT	2
CCCTATTG	2
CCCTATGG	2
CCCTAGTT	2
CCCTAAGG	2
CCATGCAG	2
CCCTAAAN	2
CCCGTGGA	2
CCCGGAAA	2
CCCGCCCA	2
CCCGCAAA	2
CCCGAGCA	2
CCCGACAA	2
CCCGAAAG	2
CCAGATTT	2
CCAGGTGG	2
CCAGGTCA	2
CCAGGGGA	2
CCAGGGCA	2
CCAGGGAC	2
CCAGGCAT	2
CCAGGACA	2
CCAGCATA	2
CCAGCACT	2
CCAGGTTT	2
CCAGATGA	2
CCAGATCT	2
CCAGATAC	2
CCAGAGTC	2
CCAGAGAG	2
CCAGAGAA	2
CCAGAATG	2
CCAGAATC	2
CCACTTGT	2
CCATATAC	2
CCATGCAC	2
CCATGAGT	2
CCATGACG	2
CCATCTCT	2
CCATCTAC	2
CCATCCTT	2
CCATCCCT	2
CCATATTC	2
CCATATGA	2
CCCTGCAA	2
CCATAACT	2
CCATAACC	2
CCATAAAC	2
CCAGTGTT	2
CCAGTGGT	2
CCAGTGGC	2
CCAGTGCT	2
CCAGTCCA	2
CGCATCTA	2
CGCTTTTC	2
CGCTTCTC	2
CGCTCACC	2
CGCTCACA	2
CGCTATCT	2
CGCTAATG	2
CGCGGCAA	2
CGCCCGGA	2
CGCCAAGA	2
CGGAGCTT	2
CGCACACT	2
CGCACAAA	2
CGCAAGGC	2
CGATTGCA	2
CGATGCAC	2
CGATATAA	2
CGAGGTTC	2
CGAGGGGT	2
CGAGAGTT	2
CGTCGCTG	2
CGTGGCCT	2
CGTGGACA	2
CGTGCTCC	2
CGTGCCGA	2
CGTGCACA	2
CGTGAGAG	2
CGTGACGC	2
CGTGACAT	2
CGTGAAAG	2
CGAGAAAA	2
CGGTTGGT	2
CGGTTAAA	2
CGGTACGA	2
CGGGGTAG	2
CGGGAGCG	2
CGGGAAAT	2
CGGATAAA	2
CGGAGTAA	2
CCCTTTGA	2
CCGGGATG	2
CCGGCCTA	2
CCGGCATG	2
CCGCCTAT	2
CCGCCATA	2
CCGCATAT	2
CCCTTTTT	2
CCCTTTTC	2
CCCTTTGC	2
CCGGGGAA	2
CCCTTTCT	2
CCCTTGCC	2
CCCTTGAC	2
CCCTTGAA	2
CCCTTCCT	2
CCCTTCCC	2
CCCTGTTG	2
CCCTGTCT	2
CCCTGGTT	2
CGAACTCT	2
CGACTTCA	2
CGACCTCG	2
CGAATTGT	2
CGAATTGA	2
CGAATTCC	2
CGAATGGC	2
CGAATGAG	2
CGAATAGT	2
CGAAGTGC	2
CCACTCTT	2
CGAACAAA	2
CGAAAATT	2
CGAAAATA	2
CCGTGTGT	2
CCGTGCGT	2
CCGTCCAA	2
CCGGGTAA	2
CCGGGGAT	2
CATCGTGC	2
CATGACGA	2
CATGAAGG	2
CATGAAGA	2
CATGAAAA	2
CATCTTAC	2
CATCTGTT	2
CATCTCTC	2
CATCTACA	2
CATCGTTG	2
CATGACTC	2
CATCGTCA	2
CATCGGCC	2
CATCGCTA	2
CATCGCCT	2
CATCGCAA	2
CATCCTTG	2
CATCCTCT	2
CATCCATG	2
CATCCATC	2
CATGCATA	2
CATGGACG	2
CATGCTCT	2
CATGCTAG	2
CATGCGCA	2
CATGCCTT	2
CATGCCGC	2
CATGCCCC	2
CATGCCCA	2
CATGCCAG	2
CATCCAAC	2
CATGCAGA	2
CATGCACC	2
CATGATGT	2
CATGATGA	2
CATGATCA	2
CATGAGCG	2
CATGACTT	2
CATGACTG	2
CAGCACAG	2
CAGGCAAA	2
CAGCTAAA	2
CAGCCTTT	2
CAGCCCTC	2
CAGCCATC	2
CAGCATTG	2
CAGCATCT	2
CAGCATAT	2
CAGCACCT	2
CAGGCAAT	2
CAGCACAA	2
CAGCAAAT	2
CAGATTCT	2
CAGATAAA	2
CAGAGTAC	2
CAGAGGAG	2
CAGAGCAT	2
CAGAGAGA	2
CAGACACC	2
CAGTATCT	2
CATCATCA	2
CATCACTC	2
CATCAAAC	2
CATCAAAA	2
CAGTTGGT	2
CAGTTAAT	2
CAGTGGTT	2
CAGTGGCA	2
CAGTGAGC	2
CATGGACT	2
CAGTACGG	2
CAGGGTTT	2
CAGGGGGT	2
CAGGGGAT	2
CAGGGCCT	2
CAGGCTCT	2
CAGGCGTT	2
CAGGCAGA	2
CCACACAA	2
CCACCAGT	2
CCACCACT	2
CCACCACG	2
CCACATTG	2
CCACAGCC	2
CCACACTT	2
CCACACTA	2
CCACACCC	2
CCACACAT	2
CCACCCAT	2
CCACAACA	2
CATTTGGG	2
CATTTGGC	2
CATTTCAC	2
CATTTATT	2
CATTTAAG	2
CATTGTGA	2
CATTGGAT	2
CATTGGAC	2
CCACGATC	2
CCACTCTG	2
CCACTCAA	2
CCACTATT	2
CCACTAGC	2
CCACTACG	2
CCACTACC	2
CCACTACA	2
CCACGGTC	2
CCACGGCC	2
CATTGCTA	2
CCACGAAG	2
CCACCTGT	2
CCACCTGC	2
CCACCTCA	2
CCACCGCA	2
CCACCCTC	2
CCACCCTA	2
CCACCCGC	2
CATGGTCA	2
CATGTCTA	2
CATGTCGA	2
CATGTATG	2
CATGTATA	2
CATGTAGT	2
CATGTAGA	2
CATGTACG	2
CATGTAAA	2
CATGGTGA	2
CATGTCTC	2
CATGGGTT	2
CATGGGTC	2
CATGGGTA	2
CATGGGGT	2
CATGGGGG	2
CATGGGCG	2
CATGGGAC	2
CATGGAGT	2
CATTAGGC	2
CATTGCCG	2
CATTGCCA	2
CATTGAGA	2
CATTCTTG	2
CATTCTCA	2
CATTCCTC	2
CATTCCAT	2
CATTCAAC	2
CATTCAAA	2
ATAGGCAT	2
CATTACAA	2
CATGTTTA	2
CATGTTCC	2
CATGTTAG	2
CATGTGGA	2
CATGTGCA	2
CATGTGAT	2
CATGTGAC	2
ACACTTAT	2
ACATCACT	2
ACATCACC	2
ACATATGA	2
ACATACAG	2
ACATAAGA	2
ACAGCCAA	2
ACAGATCG	2
ACACTTTA	2
ACACTTGC	2
ACATCATA	2
ACACTACC	2
ACACTAAC	2
ACACGCTT	2
ACACGACG	2
ACACCTCT	2
ACACCCAC	2
ACACCATA	2
ACACATTT	2
ACACATTC	2
ACATTCTC	2
ACCACTGT	2
ACCACACA	2
ACCACAAC	2
ACCAAGAT	2
ACCAAGAC	2
ACCAACCA	2
ACCAAATT	2
ACCAAATC	2
ACATTGGC	2
ACACATCC	2
ACATTCAA	2
ACATGTTG	2
ACATGTCC	2
ACATGGGC	2
ACATGGCT	2
ACATGGCA	2
ACATGGAG	2
ACATGCCT	2
AATGGGCC	2
AATGTCCG	2
AATGTAGC	2
AATGTACA	2
AATGTAAC	2
AATGGTTT	2
AATGGTTG	2
AATGGTCA	2
AATGGTAT	2
AATGGGTT	2
AATGTGCA	2
AATGGGAT	2
AATGGCTG	2
AATGGCGC	2
AATGGAAT	2
AATGCTTG	2
AATGCTCT	2
AATGCTCA	2
AATGCGCC	2
AATGCCTT	2
ACAATTCT	2
ACACATAT	2
ACACAGTC	2
ACACAGGC	2
ACACACTC	2
ACACACGC	2
ACACACCA	2
ACACACAA	2
ACACAACA	2
ACAATTGA	2
ACCAGCGA	2
ACAATGGC	2
ACAATCAT	2
ACAAGTAC	2
ACAAGCTC	2
ACAAGAGA	2
ACAACCAA	2
ACAAATGC	2
AATGTTAT	2
ACTCGGTT	2
ACTGAATT	2
ACTCTTGT	2
ACTCTGTG	2
ACTCTGAG	2
ACTCTCTG	2
ACTCTCAN	2
ACTCTCAA	2
ACTCTATC	2
ACTCTACT	2
ACTGACCA	2
ACTCGCGG	2
ACTCGCAN	2
ACTCCTGA	2
ACTCCTAC	2
ACTCCTAA	2
ACTCCCTC	2
ACTCCCCC	2
ACTCCATG	2
ACTCCAGG	2
ACTTAACC	2
ACTTGAGG	2
ACTTGAGA	2
ACTTCTTG	2
ACTTCTAG	2
ACTTCATC	2
ACTTCAAA	2
ACTTATTT	2
ACTTAATT	2
ACTTAAGG	2
ACTCCAAA	2
ACTGGTCC	2
ACTGGGAT	2
ACTGGCCT	2
ACTGGCAG	2
ACTGGCAC	2
ACTGGACT	2
ACTGCTCG	2
ACTGCTAG	2
ACCCCTCA	2
ACCGTTCG	2
ACCGTGGT	2
ACCGCGAC	2
ACCGCATC	2
ACCCGTGT	2
ACCCGCTA	2
ACCCGAGC	2
ACCCCTTT	2
ACCCCTGC	2
ACGAAATT	2
ACCCATCT	2
ACCCATAA	2
ACCCACTT	2
ACCCACAT	2
ACCCACAC	2
ACCCAAAC	2
ACCATAGA	2
ACCATAAA	2
ACCAGCTA	2
ACGGCCAT	2
ACTCATGT	2
ACTCAGTT	2
ACTCAGAC	2
ACTCACTT	2
ACTCAACC	2
ACGTGTCC	2
ACGTGACA	2
ACGGTAAT	2
ACGGCTTA	2
AATGCCTA	2
ACGGCAAG	2
ACGGAAGC	2
ACGCGCAA	2
ACGCCAAT	2
ACGCAATG	2
ACGAGGTT	2
ACGACGGG	2
ACGACAAC	2
AAAGCACA	2
AAAGGTCA	2
AAAGGCTT	2
AAAGGCGT	2
AAAGGACT	2
AAAGGAAC	2
AAAGCGAG	2
AAAGCCTG	2
AAAGCCCA	2
AAAGCCAC	2
AAAGTCAT	2
AAAGATGA	2
AAAGATAC	2
AAAGAGGT	2
AAAGACCA	2
AAAGAATT	2
AAAGAATG	2
AAAGAAGC	2
AAAGAAAA	2
AAACTTTC	2
AAGCAAAA	2
AAGCGTGT	2
AAGCCTCA	2
AAGCCCTA	2
AAGCCATG	2
AAGCCACA	2
AAGCATGA	2
AAGCACAA	2
AAGCAAGC	2
AAGCAAAG	2
AAACTTCT	2
AAGATTTG	2
AAGATATT	2
AAGATAGC	2
AAGAGCTT	2
AAGAAATC	2
AAGAAAAA	2
AAAGTTTC	2
AAAGTTAA	2
AAAACCAT	2
AAAATAAC	2
AAAAGGGC	2
AAAAGATG	2
AAAAGAGG	2
AAAAGAAG	2
AAAACTTT	2
AAAACTTA	2
AAAACTCT	2
AAAACTAA	2
AAAATAAT	2
AAAACCAA	2
AAAAATTG	2
AAAAATGG	2
AAAAATAT	2
AAAAAGAA	2
AAAAACGA	2
AAAAAACA	2
AAAAAAAG	2
AAAAAAAC	2
AAACATGT	2
AAACTTAA	2
AAACTGTA	2
AAACTCCA	2
AAACTAGC	2
AAACTACA	2
AAACTAAN	2
AAACGCCC	2
AAACGAAA	2
AAACCACA	2
AAGCTATA	2
AAACATGC	2
AAACAGGG	2
AAACACAC	2
AAACACAA	2
AAACAATT	2
AAAATGTG	2
AAAATCAT	2
AAAATATA	2
AATCCTCC	2
AATCTATA	2
AATCTACT	2
AATCGTTG	2
AATCGTCG	2
AATCGGCC	2
AATCGCAC	2
AATCGAAT	2
AATCCTGT	2
AATCCTGA	2
AATCTCGC	2
AATCCTAC	2
AATCCTAA	2
AATCCGAG	2
AATCCCTT	2
AATCCCAT	2
AATCCACG	2
AATCATTG	2
AATCACTA	2
AATCACCA	2
AATGAAGG	2
AATGCCGT	2
AATGCCGG	2
AATGCCAG	2
AATGCACA	2
AATGATCC	2
AATGAGGT	2
AATGAGCC	2
AATGACTA	2
AATGACAT	2
AATCACAT	2
AATGAAGC	2
AATGAAAT	2
AATCTTTC	2
AATCTTCC	2
AATCTTAT	2
AATCTGTG	2
AATCTGAC	2
AATCTGAA	2
AAGGCAAA	2
AAGGGCCT	2
AAGGGCCC	2
AAGGGATT	2
AAGGGAAA	2
AAGGCTGT	2
AAGGCTCT	2
AAGGCCTT	2
AAGGCCGG	2
AAGGCCAT	2
AAGGGCGC	2
AAGGACGA	2
AAGGAAAT	2
AAGGAAAG	2
AAGCTTTG	2
AAGCTTCA	2
AAGCTGGG	2
AAGCTCTC	2
AAGCTCAC	2
AATAGGTT	2
AATCACAA	2
AATCAACA	2
AATATTTT	2
AATATGAC	2
AATATGAA	2
AATATCTT	2
AATATATT	2
AATATAGN	2
AATAGTTT	2
ACTTGAGT	2
AATAGCAT	2
AATAGAGA	2
AATAGAAA	2
AATACGCT	2
AATACCCA	2
AATACAAT	2
AATACAAG	2
AATAAGGA	2
ANGCCATA	2
ANGTTAGA	2
ANGTTAAC	2
ANGTGTGA	2
ANGTCTTC	2
ANGGTTAT	2
ANGGTGTA	2
ANGGCCTA	2
ANGGCAAT	2
ANGCCTTT	2
ANTAAGTT	2
ANCCTATA	2
ANCCGGTC	2
ANCCGGAA	2
ANCATGGT	2
ANATGCCA	2
ANATATAT	2
ANATAGAT	2
ANAGCCTT	2
ANAGCCAA	2
ATAAAAAG	2
ATAAACGT	2
ATAAACGG	2
ATAAACGA	2
ATAAACCG	2
ATAAAATT	2
ATAAAATC	2
ATAAAAGT	2
ATAAAAGG	2
ATAAAAAT	2
ANAGCAAC	2
ANTTTAGA	2
ANTTACAA	2
ANTGTGTG	2
ANTGGCCT	2
ANTGGCAA	2
ANTGCCAC	2
ANTGAGTA	2
ANTCGCAA	2
AGTGGCAA	2
AGTGTTAC	2
AGTGTGAA	2
AGTGTCGT	2
AGTGTCAC	2
AGTGGTTT	2
AGTGGTCC	2
AGTGGGGC	2
AGTGGCCC	2
AGTGGCAC	2
AGTTAAAT	2
AGTGGAGG	2
AGTGCTGT	2
AGTGCGTG	2
AGTGCGTA	2
AGTGCCTT	2
AGTGATGA	2
AGTGAGGG	2
AGTGACGA	2
AGTGAAAC	2
ANAAAGTG	2
ANACGGAT	2
ANACGGAA	2
ANACAGAC	2
ANAATTTG	2
ANAAGTGT	2
ANAAGGCC	2
ANAACTTT	2
ANAACAAC	2
ANAAATTC	2
ATAAAGGC	2
ANAAAACT	2
AGTTTGAG	2
AGTTGTAG	2
AGTTGGCC	2
AGTTGACC	2
AGTTGAAG	2
AGTTATAG	2
AGTTAATG	2
ATAATCTC	2
ATAATTTA	2
ATAATTGG	2
ATAATTGA	2
ATAATTAT	2
ATAATGTT	2
ATAATGGG	2
ATAATGCC	2
ATAATGAG	2
ATAATGAC	2
ATAATTTT	2
ATAATCTA	2
ATAATCGA	2
ATAATATG	2
ATAATATC	2
ATAATAGG	2
ATAATAGA	2
ATAATACC	2
ATAATAAA	2
ATAAGTGG	2
ATAGACCA	2
ATAGGCAA	2
ATAGGAGA	2
ATAGCTTG	2
ATAGCTTC	2
ATAGCGCC	2
ATAGCACT	2
ATAGATGT	2
ATAGATCT	2
ATAGATAT	2
ATAAGTGC	2
ATAGACAA	2
ATACTCTC	2
ATACTCGT	2
ATACGGCT	2
ATACGCAC	2
ATACGACC	2
ATACACAG	2
ATACAATG	2
ATAACCCG	2
ATAACTCA	2
ATAACTAG	2
ATAACTAC	2
ATAACGTG	2
ATAACGTC	2
ATAACGGC	2
ATAACCGG	2
ATAACCGC	2
ATAACCCT	2
ATAACTCG	2
ATAACCAG	2
ATAACCAC	2
ATAACAGC	2
ATAACACG	2
ATAAATGG	2
ATAAATCT	2
ATAAATAT	2
ATAAAGTA	2
ATAAGCAC	2
ATAAGTCA	2
ATAAGTAT	2
ATAAGTAG	2
ATAAGTAC	2
ATAAGGGG	2
ATAAGGGC	2
ATAAGGGA	2
ATAAGGCC	2
ATAAGCCA	2
AGTCTTAT	2
ATAAGATA	2
ATAAGAGT	2
ATAAGAGC	2
ATAAGAGA	2
ATAAGAAT	2
ATAACTTA	2
ATAACTGT	2
ATAACTGA	2
AGATAATT	2
AGCAAGCA	2
AGATTTTG	2
AGATTTCT	2
AGATTTAG	2
AGATGCCC	2
AGATCTGT	2
AGATCTGA	2
AGATAGGA	2
AGATACAG	2
AGCAATGT	2
AGATAATC	2
AGATAAAA	2
AGAGTTTA	2
AGAGTGTG	2
AGAGTGAG	2
AGAGTATC	2
AGAGTATA	2
AGAGTAAT	2
AGAGGGGC	2
AGCATGGC	2
AGCCATTA	2
AGCCATAA	2
AGCCAGAG	2
AGCCACTA	2
AGCCACGA	2
AGCCACCA	2
AGCCAATC	2
AGCCAAGC	2
AGCCAAAA	2
AGAGGGAG	2
AGCATCCA	2
AGCATATG	2
AGCATAAC	2
AGCAGGTA	2
AGCAGCGC	2
AGCACTTG	2
AGCACTTC	2
AGCACATA	2
AGAACAAT	2
AGAATCGC	2
AGAATAGA	2
AGAATAAG	2
AGAAGGTC	2
AGAAGCTT	2
AGAAGCAA	2
AGAAGATG	2
AGAAGAAT	2
AGAACCTG	2
AGAATTCA	2
AGAAAGGT	2
AGAAAGAT	2
ACTTTTGT	2
ACTTTGTA	2
ACTTTGAA	2
ACTTGGTA	2
ACTTGGGC	2
ACTTGGAT	2
ACTTGGAG	2
AGAGACGG	2
AGAGGGAC	2
AGAGGCTG	2
AGAGGCCA	2
AGAGGATT	2
AGAGGAGC	2
AGAGCCTT	2
AGAGCCGC	2
AGAGATCG	2
AGAGAGTG	2
AGCCCAAA	2
AGAGAAGT	2
AGAGAAAA	2
AGACAGCC	2
AGACAAAT	2
AGACAAAG	2
AGAATTTG	2
AGAATTGT	2
AGAATTGN	2
AGGTATAT	2
AGGTGGCC	2
AGGTGCTC	2
AGGTGCAG	2
AGGTGAGG	2
AGGTCTGA	2
AGGTCTAT	2
AGGTCGGA	2
AGGTCATT	2
AGGTCATG	2
AGGTGGCG	2
AGGTAGTT	2
AGGTAGGA	2
AGGTACTG	2
AGGTACGC	2
AGGTACAC	2
AGGTAAAC	2
AGGGTATG	2
AGGGGTCA	2
AGGGGAGG	2
AGTACAGG	2
AGTCTAGA	2
AGTCCTGT	2
AGTCCTCA	2
AGTCCATC	2
AGTCCACA	2
AGTCATAA	2
AGTCAGAT	2
AGTAGATC	2
AGTACTTT	2
AGGGCTGT	2
AGTAATGT	2
AGGTTGTG	2
AGGTTGTA	2
AGGTTGGG	2
AGGTTGCT	2
AGGTTAAC	2
AGGTGGGT	2
AGGTGGGC	2
AGGAAAAG	2
AGGATGGG	2
AGGAGGAG	2
AGGAGCAC	2
AGGAGATG	2
AGGAGAAG	2
AGGACTAT	2
AGGACGTA	2
AGGAAGGG	2
AGGAACAA	2
AGGATGGT	2
AGCGTTTG	2
AGCGTAAT	2
AGCGGTGC	2
AGCCTTTG	2
AGCCTCGT	2
AGCCTACT	2
AGCCTAAG	2
AGCCCTGG	2
AGGCCAAA	2
AGGGCTGG	2
AGGGCGCC	2
AGGGCCTA	2
AGGGCACA	2
AGGCTTGT	2
AGGCTTCC	2
AGGCTCTT	2
AGGCCTTT	2
AGGCCCAA	2
GCGATATA	2
AGGCATTG	2
AGGCATAA	2
AGGCACTC	2
AGGCACGT	2
AGGCACGC	2
AGGCAAAC	2
AGGATTTT	2
AGGATTTG	2
CTTTCATT	2
CTTTGTCT	2
CTTTGTCA	2
CTTTGCTA	2
CTTTGCCT	2
CTTTGAGC	2
CTTTCTTT	2
CTTTCCTC	2
CTTTCCCA	2
CTTTTATA	2
CTTTCATA	2
CTTTCAGC	2
CTTTCACA	2
CTTTATGC	2
CTTTATCA	2
CTTTACTC	2
CTTGTTTA	2
CTTGTTGT	2
CTTTTTCT	2
GAAAAACG	2
GAAAAGAG	2
GAAAAGCC	2
GAAAATCA	2
GAAAATCT	2
GAAAATGA	2
GAAACTGC	2
GAAAGAGA	2
GAAAGAGC	2
GAAAGAGG	2
GAAAGGAG	2
GAAAGGTG	2
GAAAGTCC	2
GAAAGTGT	2
CTTGCCTG	2
CTTCACCT	2
CTTCAGGT	2
CTTCCACA	2
CTTCCCCT	2
CTTCCGAT	2
CTTCCTAC	2
CTTCCTCT	2
CTTCCTTC	2
CTTCTACA	2
CTTCTCCT	2
CTTCTTGC	2
CTTGAACT	2
CTTGACCA	2
CTTGATTA	2
CTTGCATG	2
GAAATACA	2
CTTGCTAA	2
CTTGCTCC	2
CTTGCTGA	2
CTTGCTGC	2
CTTGGCCA	2
CTTGGCGG	2
CTTGGCTC	2
CTTGGCTT	2
CTTGGGCC	2
CTTGGGCG	2
CTTGGTAA	2
CTTGTATA	2
CTTGTCCC	2
CTTGTGAC	2
CTTGTGTG	2
GACCATCG	2
GAGAAAAC	2
GACCTTTG	2
GACCTGAT	2
GACCTCTA	2
GACCTCGT	2
GACCTCAT	2
GACCCTAT	2
GACCCGAC	2
GAGAAACA	2
GACCACAT	2
GACCAAGC	2
GACATTAT	2
GACATACA	2
GACAGCAT	2
GACAGCAA	2
GACAGAGT	2
GACACATG	2
GAGAAAGC	2
GAGAAATA	2
GAGAAATT	2
GAGAACAA	2
GAGAACTA	2
GAGAACTC	2
GAGAAGAT	2
GAGAAGGA	2
GAGAAGGT	2
GAGAATAA	2
GAGAATAC	2
GAGAATGG	2
GAGAATTC	2
GAGACAAT	2
GAGACAGT	2
GAATGCCA	2
GAAATTAG	2
GAACCTCC	2
GAACTGCA	2
GAAGAAAC	2
GAAGAGTT	2
GAAGATCA	2
GAAGATGG	2
GAAGCCTA	2
GAAGGCCA	2
GAAGGCGC	2
GAAGGTTG	2
GAATAATT	2
GAATCGCA	2
GAATCTGT	2
GAATGAAC	2
CTTCACCA	2
GAATGCTA	2
GAATGCTT	2
GAATGGAT	2
GAATGGCG	2
GAATGTCA	2
GAATTACA	2
GAATTCAC	2
GAATTGGA	2
GAATTGGC	2
GAATTTGG	2
GACAAAGA	2
GACAAATT	2
GACAAGCT	2
GACAAGTG	2
GACACAGC	2
CTATTTCA	2
CTCACAAA	2
CTCAAGAC	2
CTCAACAC	2
CTATTTTG	2
CTATTTTC	2
CTATTTTA	2
CTATTTGA	2
CTATTTCT	2
CTCACACT	2
CTATTGGG	2
CTATTCTA	2
CTATGTTT	2
CTATGTGA	2
CTATGTCT	2
CTATGGGA	2
CTATGGCT	2
CTATGAAA	2
CTCACCTC	2
CTCACTCC	2
CTCAGAAA	2
CTCAGGTT	2
CTCATATA	2
CTCATGGG	2
CTCATTCT	2
CTCATTTT	2
CTCCACAT	2
CTCCACTC	2
CTCCATAC	2
CTCCCACT	2
CTCCCCAC	2
CTCCCCCT	2
CTCCCTCT	2
CTAGTCTA	2
CTAGATAC	2
CTAGCAGC	2
CTAGCATA	2
CTAGCATG	2
CTAGCCAA	2
CTAGCCCT	2
CTAGCTCT	2
CTAGCTGG	2
CTAGCTTA	2
CTAGCTTG	2
CTAGGAAC	2
CTAGGCCA	2
CTAGTATC	2
CTAGTCCC	2
CTAGTCCG	2
CTCCGATA	2
CTAGTGGG	2
CTATAAGG	2
CTATAATT	2
CTATACCA	2
CTATACTC	2
CTATAGTG	2
CTATATTA	2
CTATATTC	2
CTATCAAT	2
CTATCAGA	2
CTATCCAA	2
CTATCCCA	2
CTATCGGA	2
CTATCTGT	2
CTATCTTC	2
CTGGCAAA	2
CTCTTGTG	2
CTCTTTCC	2
CTCTTTGT	2
CTCTTTTA	2
CTGACCTA	2
CTGAGAAT	2
CTGAGGTA	2
CTGATGCC	2
CTGCACTG	2
CTGCATGG	2
CTGCATGT	2
CTGCCACA	2
CTGCCCCA	2
CTGCCTTT	2
CTGGAAAG	2
CTCTTGAT	2
CTGGCCAT	2
CTGGCCCA	2
CTGGCCCT	2
CTGGCTGC	2
CTGGGCGT	2
CTGGTTAT	2
CTGGTTGC	2
CTGTATGT	2
CTGTCGAC	2
CTGTCTCT	2
CTGTGTAT	2
CTGTGTGA	2
CTGTGTTC	2
CTTCAAAT	2
CTTCAATA	2
CTCTAATT	2
CTCCGTCG	2
CTCCTAAT	2
CTCCTCCA	2
CTCCTCCT	2
CTCCTCTC	2
CTCCTTCT	2
CTCGAAGC	2
CTCGAATA	2
CTCGAATG	2
CTCGCCGC	2
CTCGCTCT	2
CTCGGCTC	2
CTCGGCTG	2
CTCGGGCG	2
CTCTAAAG	2
GAGACATA	2
CTCTACAG	2
CTCTACTG	2
CTCTAGGC	2
CTCTATAG	2
CTCTATAT	2
CTCTATTC	2
CTCTCCCA	2
CTCTCGTG	2
CTCTCTAG	2
CTCTCTAT	2
CTCTCTCN	2
CTCTCTTC	2
CTCTGACA	2
CTCTGCCT	2
CTCTTGAC	2
GATTGGCG	2
GATTTTTG	2
GATTTTGG	2
GATTTGTC	2
GATTTGCC	2
GATTTGAT	2
GATTTATC	2
GATTTAAA	2
GATTGTTC	2
GATTTTTT	2
GATTGCTG	2
GATTGCTA	2
GATTGCGT	2
GATTGCGC	2
GATTGCAT	2
GATTGCAC	2
GATTGAGT	2
GATTGAGG	2
GCAAAAGA	2
GCAAAGGC	2
GCAAATGA	2
GCAACTCG	2
GCAAGCAA	2
GCAAGGTG	2
GCAAGTTG	2
GCAATAAA	2
GCAATACC	2
GCAATATA	2
GCAATGAC	2
GCAATTGT	2
GCAATTTA	2
GCAATTTC	2
GCACAAAC	2
GATGGTGG	2
GATCTGGC	2
GATGAAAA	2
GATGAAGA	2
GATGACGT	2
GATGACTT	2
GATGAGCT	2
GATGCATC	2
GATGCATG	2
GATGCCCA	2
GATGCCTT	2
GATGCTGG	2
GATGGCGA	2
GATGGGAG	2
GATGGGGC	2
GATGGTCA	2
GCACACTG	2
GATTAAAT	2
GATTAATC	2
GATTAATT	2
GATTAGCT	2
GATTCAAT	2
GATTCACC	2
GATTCAGA	2
GATTCATT	2
GATTCCAA	2
GATTCCCC	2
GATTCCCT	2
GATTCCGT	2
GATTCCTA	2
GATTCTAT	2
GATTCTTT	2
GCCGCCAT	2
GCCATCTT	2
GCCATGTA	2
GCCATTCC	2
GCCATTCT	2
GCCCAGAG	2
GCCCATCA	2
GCCCATGT	2
GCCCCCAG	2
GCCCGCTC	2
GCCCGCTT	2
GCCCTAAT	2
GCCCTACC	2
GCCCTGGC	2
GCCCTTGC	2
GCCGAGGC	2
GCCATACG	2
GCCGCCGC	2
GCCGGTGA	2
GCCGTGCC	2
GCCGTTGC	2
GCCTAATT	2
GCCTACTT	2
GCCTAGCT	2
GCCTATAG	2
GCCTATGT	2
GCCTCCTC	2
GCCTCCTG	2
GCCTCTTG	2
GCCTTGAG	2
GCCTTGTT	2
GCCTTTTA	2
GCATAAGC	2
GCACATAC	2
GCACCCTT	2
GCACCTTC	2
GCACGAAT	2
GCACGCCT	2
GCACGTCC	2
GCACTAGA	2
GCACTTAG	2
GCACTTCA	2
GCACTTGG	2
GCAGCACG	2
GCAGCCAT	2
GCAGGGGA	2
GCAGGTTA	2
GCAGTGAA	2
GATCTGCT	2
GCATCGCG	2
GCATGCAT	2
GCATGTGC	2
GCATGTTC	2
GCATTGTT	2
GCATTTTG	2
GCCAAAAT	2
GCCAAAGG	2
GCCAACCG	2
GCCAACTC	2
GCCACAAT	2
GCCACACA	2
GCCACTGC	2
GCCACTTG	2
GCCAGTCC	2
GAGTAATC	2
GAGTAGTT	2
GAGTAGTG	2
GAGTAGTC	2
GAGTACTT	2
GAGTACCT	2
GAGTACAG	2
GAGTACAC	2
GAGTAATG	2
GAGTATAA	2
GAGTAATA	2
GAGTAAGG	2
GAGTAACC	2
GAGTAACA	2
GAGCGTAT	2
GAGCCTCT	2
GAGCCCTC	2
GAGCCATC	2
GAGTATAC	2
GAGTATAT	2
GAGTATGA	2
GAGTATGG	2
GAGTATTC	2
GAGTCAAA	2
GAGTCACC	2
GAGTCAGA	2
GAGTCAGT	2
GAGTCATC	2
GAGTCCAC	2
GAGTCCCA	2
GAGTCCTA	2
GAGTCCTG	2
GAGTCCTT	2
GAGAGTTG	2
GAGACCTC	2
GAGACTCT	2
GAGACTGG	2
GAGAGCAC	2
GAGAGCAT	2
GAGAGCGG	2
GAGAGCTG	2
GAGAGCTT	2
GAGAGGGG	2
GAGAGGTA	2
GAGAGGTT	2
GAGAGTAA	2
GAGAGTAG	2
GAGAGTGC	2
GAGAGTGT	2
GAGTCGAA	2
GAGCAAGG	2
GAGCAAGT	2
GAGCAATG	2
GAGCACAT	2
GAGCACCC	2
GAGCAGAG	2
GAGCAGGT	2
GAGCAGTG	2
GAGCATAC	2
GAGCATCA	2
GAGCATGA	2
GAGCATTG	2
GAGCATTT	2
GAGCCAGC	2
GAGCCAGG	2
GATCAAGG	2
GATACCAA	2
GATACCTC	2
GATACTCT	2
GATAGCCT	2
GATAGGAG	2
GATATAAA	2
GATATAAT	2
GATATACC	2
GATATATT	2
GATATCCG	2
GATATGCG	2
GATATGTG	2
GATCAAAA	2
GATCAAAT	2
GATCAAGA	2
GATACATG	2
GATCAAGN	2
GATCAATA	2
GATCACAC	2
GATCACAT	2
GATCACCT	2
GATCAGAT	2
GATCAGTT	2
GATCATAC	2
GATCATGT	2
GATCCCAC	2
GATCCGAT	2
GATCGCAT	2
GATCTATA	2
GATCTCTA	2
GATCTGAC	2
GAGTGGGA	2
GAGTCGAG	2
GAGTCTAC	2
GAGTCTAT	2
GAGTCTCA	2
GAGTCTCC	2
GAGTCTGG	2
GAGTCTTC	2
GAGTGACA	2
GAGTGAGC	2
GAGTGAGG	2
GAGTGCAC	2
GAGTGCCC	2
GAGTGCGT	2
GAGTGGAA	2
GAGTGGCC	2
CGTGTCTG	2
GAGTGGGT	2
GAGTGGTA	2
GAGTGTAC	2
GAGTGTAT	2
GAGTGTCG	2
GAGTGTGT	2
GAGTGTTA	2
GAGTGTTT	2
GATAAAAG	2
GATAAATA	2
GATAACCA	2
GATAACTT	2
GATAATTA	2
GATAATTC	2
GATAATTG	2
CNCATACA	2
CTAAACAT	2
CTAAACCT	2
CTAAATAG	2
CTAAATGC	2
CTAAATGT	2
CTAACAAT	2
CNGCCGTG	2
CTAACCGC	2
CNCTATAG	2
CNCATGCT	2
CNCATGCA	2
CTAAAAGC	2
CNCAGCTA	2
CNCAGACA	2
CNCACACC	2
CNCAATGC	2
CNATTGAA	2
CNATGTCC	2
CNATGCCC	2
CNATGAGA	2
CNATAGAT	2
CNAGGCAT	2
CNACGTAT	2
CTACTGGG	2
CTACGAAA	2
CTACGCAA	2
CTACGCAT	2
CTACGGAT	2
CTACTAGT	2
CTACTCAG	2
CTACTCCA	2
CTACTCCT	2
CTACTCTC	2
CTACTGAC	2
CTACTGCA	2
CTAACGGC	2
CTACTGTT	2
CTACTTAC	2
CTACTTAG	2
CTACTTGT	2
CTAGAATC	2
CTAGAATT	2
CTAGACTT	2
CTAGAGAG	2
CTAAAAAG	2
CTAAAAGA	2
CGTTTCGT	2
CTAAGGAC	2
CTAAGAGT	2
CNACGCCA	2
CNTGGTGG	2
CNTGGGCA	2
CNTGCTTG	2
CNTGCCCT	2
CNTCCATA	2
CNAATGAT	2
CNAATAGA	2
CNAAGCCC	2
CTAAGCTT	2
CNTCAGGT	2
CTAAGAAC	2
CNGGCCAA	2
CNGGTAAT	2
CTAACTTC	2
CGTTTCCG	2
CGTTTATA	2
CGTGTTAT	2
CGTGTGTG	2
CGTGGTCT	2
CNTTAATT	2
CNACACAC	2
CTACATTC	2
CTACATGT	2
CTACATGA	2
CTACATCC	2
CTACATAT	2
CTACAGCT	2
CTACACTC	2
CTACACCC	2
CTACAACG	2
CTACAAAG	2
CTACAAAC	2
CTAAGGAT	2
CNTTAGAT	2
CNTTGGCA	2
CTAATTTC	2
CTAATTGG	2
CTAATTAG	2
CTAATAGT	2
CTAAGTAT	2
CTAAGGCC	2
