process_radtags v2.5, executed 2022-06-06 21:37:23 (zlib-1.2.11)
/opt/Software/stacks-2.5/process_radtags -P -p ./raw/rowH/ -o ./fastqs/ -b ./barcodes/stacks-rowH-barcodes.csv -c -q -r --inline_null --renz_1 ecoRI --renz_2 mseI
File	Retained Reads	Low Quality	Barcode Not Found	RAD cutsite Not Found	Total
Pteridium_Plate1_RowH_S216_L002_R1_001.fastq.gz	11899288	953966	203122	13990816	27047192

Total Sequences	27047192
Barcode Not Found	203122
Low Quality	953966
RAD Cutsite Not Found	13990816
Retained Reads	11899288

Barcode	Filename	Total	NoRadTag	LowQuality	Retained
AACT	arach1624-2	5112	5035	15	62
CCTA	arach1293-10	5150388	2825220	172298	2152870
TTACC	arach379-8	3710034	1867715	136603	1705716
GAGGT	arach457-6	5682552	2998254	199360	2484938
AGACGT	harpP2	7020310	3622718	252166	3145426
CCGATC	arach905	5189090	2624921	190713	2373456
ATCTCGC	arach3273	10232	6404	253	3575
TATGGCC	gry4547	12	11	1	0
GGAATTGC	127KEWA	76340	40538	2557	33245

Sequences not recorded
Barcode	Total
TTATAGAT	47374
AGATCGGA	31962
CCATCAAT	22506
TACCAATT	12468
CGATCAAT	12432
AGGTAATT	9098
ATAGATCG	6384
CNTCAGGC	4460
CTAAATTC	3818
GGGTAATT	3616
GAGTAATT	2912
CCGTCAAT	2800
AGAGTAAT	1388
TTCCAATT	1302
AGCGTAAT	1270
CTCTCTCT	1164
CACACACA	814
GTGTGTGT	772
AGACTAAT	744
TNATAGAT	666
TTTACCAA	562
CCCTAAAT	496
CNATCAAT	480
ANATCGGA	474
ACTCAGGC	414
CCCGATCA	352
CATCAATT	340
TCCTAAAT	340
CATCAGGC	338
TAGACGTA	338
GATCAATT	312
AGACCGTA	310
TTTATAGA	300
CAAAAATT	294
TGAGGTAA	284
CTCAGGCA	274
ATATCGTT	270
ACAAAATT	268
ACCAATTC	254
AATAAATT	240
TCTCTCTC	234
GAATTGCA	226
CNGATATA	226
GGTAATTC	222
TCCGATCA	212
CTATAGAT	212
ATATATAT	196
AAACTAAA	190
AAGACGTA	188
TNCCAATT	182
GGAGGTAA	182
CCACAGGC	180
ACGTAATT	180
ACACACAC	170
AAGATCAA	162
ACACTAAA	160
GAAGGTAA	158
AGGTATAG	152
TGTGTGTG	150
AAACTAAT	148
ANACATAT	148
GNGATATA	146
AGGACGTA	146
TATAGATC	134
GAGAGAGA	132
AGACTAAA	128
TAGATCGG	126
GGATTGCA	124
ANACATAA	118
AAACCAAT	118
ANGTAATT	118
CTCATGTT	116
ATATAGAT	114
AGACTAGA	114
TCTCAGGC	106
ACAATCAA	104
CCACAATT	104
GNGTAATT	98
GAGTATAG	96
CTTCAGGC	92
CCGGATCA	90
TAACAAAT	90
AGATCGAA	88
ANAGATCG	88
GTATAGAT	88
AAACAAAT	86
CCCCAGGC	86
GTATGTGT	84
CAGATAAA	82
AGAACGTA	82
GTGTGTAT	82
ATAAGTAA	80
ANGCGTAA	80
GAAGAAGA	80
CCGGTATA	80
CNAATCAA	80
TTAAAGAT	74
GTGTATGT	74
TCCAATTC	72
AGATATAG	72
ACGAACAA	72
GGAATGCA	70
ACAATAAA	68
TAATAGAT	68
GNACGTAA	68
ANATGTAA	66
GNGATAAT	66
GAGTAAAT	66
ACCATCAA	64
ANCGTAAT	62
CCCGCATT	60
CNAAATTC	60
TCCCCAAT	58
AGACAGAC	58
TTATAGAA	58
TAAACAAT	58
AGAACGGA	56
GGGTATAG	56
AGAACTAA	54
CAGAACAA	50
AAAAAAAA	50
CGATATAG	50
CCGCAATT	50
TTATAGAN	48
ACGATAAA	48
CGTCAGGC	48
ACTCTCTC	46
CACACATA	44
ACACACAT	44
TNGATCAA	44
ACACGAAA	44
AGACCGGA	42
AGATGGAA	42
ACACATAC	42
CCGCAGGC	42
ATAACAAT	42
AGAGAGAG	42
CNGTCAAT	42
GNCGTAAT	40
CACATCAA	40
AGTAATTC	40
ATACAAAT	38
TTATGGAT	38
TTATAAAT	38
GGATGGTT	38
ANGGTAAT	38
AGACTCTC	38
AGATAGGA	38
AGAAGAAA	38
AGACTCAA	38
GACAGACA	36
AAAAAATT	36
ATCAATTC	36
TTAAAAAT	36
ANGATCAA	36
AGACTCTT	36
CGATCTAG	34
CCATCAAA	34
ATACGAAA	34
ATACACAC	34
GGTGTGTG	34
AGATTGGA	34
AGATCGGG	34
AGATCGGN	34
CGATCATT	32
CAATCAAT	32
CNGACAAT	32
AGGCATAT	32
CTCTATTA	32
CTCACACA	32
ATCCGCAA	30
ATACTTAA	30
AGACTCTA	30
AAAAAAAT	30
CGTCAATT	30
CNGATTAT	30
CAGACAGA	28
AGACAAAA	28
GATCTAAT	28
CTCTCTCA	28
TTATATAT	28
ACACTTAA	28
GAGTAGAT	28
GNAGTAAT	28
CCGTTATA	26
AGATCAGA	26
CCGTTAAA	26
AGACCAAA	26
CNAAAATT	26
ATACTAAA	26
AGACTCAT	26
ANTAAATT	26
AGGTTAGA	26
ATATCGGA	26
GAGCAAAT	26
ACAAAAAA	26
AAACCAAA	26
TCCTCAGG	24
AGATAATT	24
TCATAGAT	24
CACATACA	24
AGATAGAT	24
AAACGGAA	24
TTTCTTCA	24
CTAGATCG	24
TCTCGCAA	24
GNGGCAAT	24
CAAATAGA	24
AGACTCAC	24
GGGATATA	22
CAAAAAAT	22
AGACTCCA	22
ATGTGTGT	22
CAGGAAAT	22
CNTCAGGT	22
AATAAAAT	22
AGATGGGA	22
TACCTAGA	22
GACACACA	22
CCATCAAN	22
GTGCGTGT	22
CCCTCAGG	22
CAGATATA	22
TNACTATA	22
GGAATTCA	22
GCTCAGGC	22
TGTGTATG	20
CGATCAAA	20
AGACTCTG	20
TAGGAAAT	20
CACACACT	20
AGACTGTA	20
TNTACCAA	20
AGACTAAC	20
TGTGTGTA	20
AATATAGA	20
GTGTGTTT	20
CCACACAC	20
AGAGTATA	20
ANAGTAAT	20
CCCTCTCT	18
AGGTAATN	18
GNGTGTGT	18
TTTTATAG	18
TAGTTAAT	18
TATATATA	18
ACCCTTAT	18
AGACAGAT	18
GCACACAC	18
AGAAGAAG	18
GNAATTGT	18
CGATCAAN	18
ACATCAAT	18
ATAACCAT	18
AAGAAGAA	18
ACACTTAT	18
CCATATAG	18
GTTTGTGT	18
ATAAAAAA	18
TATGTGTG	18
ACAATATA	18
AGACTAGC	18
CCCGCTAA	16
TACCAATA	16
GATGAAAT	16
CTCTCACA	16
GAACTAAT	16
TTAAGAAT	16
CCGCACAA	16
GGGAATTG	16
CNCTCTCT	16
AGACTCCT	16
ACGATATA	16
CAAATCAA	16
GTGTGTGA	16
GTGTGTGC	16
CNCAGGCA	16
AGAATTAA	16
AGACTACA	16
TGTATGTG	16
GAGAGATA	16
AGGTAATA	16
AATCAGGC	16
AGAGTTAA	16
ACCCGTTA	16
ATAAATGA	16
AAGCTAAT	16
TTAAAAAA	16
CAAAAATA	16
AGGTCGGA	16
TCATCTGC	16
CTTGCTTA	14
AGATTATA	14
CTCTCTCG	14
GTGTATGG	14
ANACGCAA	14
ANACCAAT	14
TGATTATA	14
AAAACAAT	14
TCTTCTTC	14
GCGTAATT	14
CTCTCTTT	14
GTGTATAT	14
TNGATCGG	14
CTCAGGTA	14
AGACTATT	14
AAACACAC	14
GAGCAAAA	14
CNGACCAA	14
AGACTGTC	14
AGACTGTT	14
GAGAATGA	14
GGTCAACA	14
ATAGATTG	14
CCGTAGAT	14
GACGAAAT	14
ATACATAA	14
AGACAGCC	14
ATAATGAG	14
AGATCCGA	14
CNTTATAG	14
TACACACA	14
TACGTAAT	14
CGATTATA	14
TACCAATN	14
CGACAATT	12
ANAAGTAA	12
AGACTGGG	12
AGACTGAT	12
GTATGTAT	12
AGGAAATT	12
AGAAATAA	12
GTTTGAGC	12
AGACTAAG	12
ACAATAGA	12
TNACAATT	12
AGCGTATA	12
ANACTAAT	12
TNACTAAT	12
AGACTATG	12
ACACCTTA	12
TGTTTATG	12
ACTCGCAA	12
TAACAATT	12
CTCCCTCT	12
AGAGCGGA	12
ACACATTA	12
AAAACTAA	12
ACACCAAA	12
AGACTAGG	12
AGAGTCCC	12
ACACCATC	12
GTGTGCGT	12
AGACAAAT	12
AGATCAAT	12
AGATCGCA	12
CCATGAAT	12
CCATAAAT	12
CACGCACA	12
ATAACCAC	12
GATAGATC	12
CACCATAC	12
CACAAAAA	12
GATAATTC	12
CCATCAAG	12
ATAAACTG	12
TTCATGCA	12
TTCATGAT	12
CACACAAA	12
ATGTGTGC	12
GACCTAAT	12
ATACACAT	12
ATGTGTAT	12
ATGTATGT	12
ATACATAT	12
CCCCAAGC	12
AATGTAAT	12
GATTTAAT	12
AAGATAAA	10
GGACGAAA	10
ACATACAT	10
AGCCATTA	10
ACACTAAC	10
TNTCTCTC	10
TTATATAG	10
AAACTTAT	10
CATGCACA	10
AGACAGAG	10
CCGTGCAA	10
GTGTTTAT	10
CATCTAAT	10
AAGATATA	10
ATAAATGT	10
AGGAGTAA	10
GATTATAG	10
GATATAGA	10
GTTCCGCT	10
ATAATGAA	10
GGGTTTGG	10
TATGTGTA	10
GAGAAATA	10
AGAGGAAA	10
CNGGTCAA	10
CNGATAAT	10
GAGAAAAT	10
ATGTATGG	10
AGACTCGA	10
ATACAAAA	10
ATAATTCT	10
AGACTATC	10
ATAATGCT	10
TTAAGCAT	10
TACCAACT	10
ATAATCAA	10
AGACTAGT	10
GACCAAGA	10
CAAAATTC	10
AATATCAA	10
ATAAGGTG	10
GNACCAAT	10
AGACTACT	10
AGACTGTG	10
CTCAATTC	10
GNAGGTAA	10
CAACTAAA	10
CNCAAATT	10
CTCTTTCT	10
CCATCGTG	10
CACGTAAT	10
AAAGTAAT	10
CCATCTCT	10
AGTATAGA	10
GTGAGAGA	10
ACTTTCAC	10
GTCTCTCT	10
GCGTGTGT	10
CCATCTTT	10
ACAAAAAT	10
TCTTATAG	10
TTGTAGAT	10
TTCAATTT	10
ATAAAGGA	10
ACTCTCTT	10
ANACATTA	10
CTGATATA	10
CAGAAAAA	10
GTAATTCA	10
GTATGGTG	10
TGACTTAT	10
TNACAAAT	10
GTAGATCG	10
GTATATGT	10
CCCCTGAC	10
ACAAGTAA	10
ACAACAAA	10
ANACTTAA	10
GNTAAATT	10
ATAAACTC	10
GTGTGAGA	10
ATAAACCT	10
GTGTGAGT	10
CGCACACA	10
CACCACAC	10
TNTAAATT	10
TGTGTGTC	10
GTGTGTAC	10
CGATCATA	10
ATAAAGAG	10
CTCTCCCT	10
ATAAAACA	10
CCATCCTT	10
ATAAAACT	10
TTATTATA	10
ATCCACTA	8
CACAACAA	8
ATAAGAAA	8
AGACTCCG	8
GGGTTGCC	8
CTTCCACA	8
CGAACAAT	8
AGAATAAA	8
GGGTGTGT	8
TGAGGTAT	8
CACACGCA	8
GAGAGAGG	8
ATCCCCAC	8
CAGACAAT	8
AGACTGAC	8
AGACTGAG	8
CCGTATAG	8
AGAAATAT	8
CACGTAAA	8
TCACTTAT	8
CACCTTTC	8
GGACCAAT	8
TCTCTATC	8
CAAATAAA	8
TCATCAAT	8
CCGGGCAA	8
TCTCTCTT	8
CGATGAAT	8
GCCAACCA	8
GATGGTTA	8
CATCTCTC	8
GAGTGTGT	8
AGACTATA	8
AGACCCTA	8
GAGTGTGA	8
GGATCGGA	8
ATTGTGTG	8
GAGTGACA	8
GAGTCTAA	8
CCCTTCTT	8
ATAAAAGC	8
ATAAACAC	8
AGGTAATG	8
GNGGGTAA	8
AGGTAAAT	8
GTGTGAGC	8
CTCTCTAT	8
ATAAAGAA	8
CCCTTATA	8
ATAAAGCT	8
ATAAAAAT	8
ATAAAGGG	8
ATAAATCG	8
GNGGAAAT	8
ATAACAAA	8
ATAACAAG	8
GAATTGCT	8
ATAACAGT	8
TAAACAAA	8
AGCCTTTA	8
CCCTATAG	8
GTAGGTTA	8
CCCCTAAA	8
GAAAGGTG	8
ANCCGTAA	8
CCATTTTG	8
ANACGAAT	8
CCATTATA	8
ANACCGTA	8
GTATTATG	8
CTCAGGCT	8
CCCTCAAT	8
AGTGTTAT	8
GTCCACAC	8
GTCTGTGT	8
AGTAGATC	8
GTAAACAC	8
GTGGGAAT	8
AGGTCGAA	8
ATAAAAAG	8
AGAGTAGA	8
CCACTCAA	8
AGATCAAG	8
GGTTATAG	8
CCGCATCA	8
CNTGAATT	8
CCACTACC	8
AGAGTTTA	8
TAGCTAAT	8
CCACCTGC	8
AGAGTCAA	8
GGTTGCAA	8
CCACCACA	8
CNTCAATT	8
AGAGGGAA	8
ATAGATGG	8
AGAGGAGC	8
ATAGTCCA	8
TATCTAAT	8
GGTATAGA	8
CCACACTT	8
ATAACTCT	8
TAAATTCA	8
CTCACTCT	8
CCATACAC	8
AGCCCTTA	8
TACAAATT	8
AGCCAATC	8
TACCAAAT	8
AGCACGTT	8
TACCAAGT	8
CCACAACC	8
TACCAGTT	8
CTATTTTG	8
CCAGGCAA	8
TACCCTTG	8
CTATTCCA	8
AGATGAAT	8
CTAAATTN	8
CCGCAAAA	8
ATAATCCA	8
ACGATGAA	8
ACAAACAA	8
TNACGTAA	8
ACCATAAA	8
TTGGGGGG	8
AAAAGTAA	8
TTTCTCTC	8
TNAACAAT	8
TTCTAGAT	8
AATCTTTG	8
TTCCTTAT	8
ACACAAAA	8
TGGTGTGT	8
ACACACAA	8
ACATACAC	8
AAACTCAT	8
AAACAAAA	8
TTAGAGAT	8
AAAACAAA	8
TGTGTATA	8
ACAAAATA	8
TTATACAT	8
ACCAACAA	8
TTATAGAC	8
ACGAGCAA	8
TTATAGTT	8
TTGTTTTG	8
TGTGCGTG	8
CATGTGTG	6
GAATTATA	6
ACCAACCA	6
CCATCACC	6
ACATCGGA	6
TGTCGTAT	6
ACATGCAC	6
CTACTTTG	6
TACCAATG	6
CTATGTCG	6
AGATTTAT	6
GGACGCAA	6
AGATCTGA	6
ATAAGTGG	6
ATAAGTGC	6
TACAATTC	6
ATAAGTCT	6
AGATTAAG	6
TACCTATT	6
ATAAGGTT	6
ATAAGTCC	6
TAATTATA	6
ACACTCTT	6
AAGGAAAT	6
AGCGGTAA	6
GATATATA	6
AGCCTGTT	6
TAAATTCG	6
TAACAAAA	6
TAACGGAA	6
TAACTAAT	6
CTCATGCA	6
TTTAAAAA	6
GGAGGAGA	6
AAGCGAGA	6
AGCACTTA	6
TTATAGAG	6
AAGCCTCG	6
ATAAGCTG	6
ATAAGGAC	6
GAATTAAT	6
ATAAGGAT	6
AAACTTAA	6
GGAATAGA	6
AGCCAAAG	6
CAACAGGC	6
AGCATATG	6
AAACTATA	6
CACAGGTG	6
ACCCAAAA	6
AGACTGGT	6
AGACTGGA	6
AGACTGCG	6
AGACTGCA	6
TTAAGATG	6
ACCCACAC	6
AGACTGAA	6
AGACTCGT	6
AGACTCGC	6
ACCCGAAT	6
CCGCGCAC	6
CNGATTAA	6
CCGCTATA	6
GCTTTAAA	6
TTCTCTCT	6
CACATAAA	6
TCACAAAG	6
CACATATA	6
AAGACGTT	6
AAACATTA	6
GCTTGAAC	6
CCGGCCAA	6
CNCGATCA	6
TCAGGCAA	6
GATTGCAA	6
AAACATAT	6
TCATCTAC	6
CCGGGGAA	6
CACCAAAA	6
TATACACA	6
AGATCCAC	6
GGAATTAG	6
CTACACAC	6
ATAATACA	6
CTACAACA	6
CCATCATT	6
CAATGTAT	6
AGAGTTAT	6
CTAATCAA	6
ACCACCTT	6
AGAGTCTT	6
AGAGTCTA	6
AGAGTCCA	6
AAGATCTA	6
CTAAATAG	6
TTAATGTG	6
TATACCAA	6
AGAGCTAA	6
AGAGCCTT	6
AGAGCATG	6
TATCTCTC	6
CACACATC	6
CACACCAT	6
TATGGTGT	6
TATGTAAT	6
CCGCCCAA	6
AAGAGATA	6
TTCCAATA	6
AAACGAAA	6
CACACGCT	6
GAGTAAAA	6
ANACACAC	6
ATAAATTC	6
CCATCTAG	6
CCATCTAA	6
CTTGTTAT	6
GTCACAAA	6
ATAACACA	6
AGTTGTTA	6
AGTTGCAC	6
ATAACACT	6
GNGATCAA	6
AGTTATAG	6
ACACACTC	6
ATAACATC	6
CTTGACAT	6
ACACAAAC	6
CTTCTTCT	6
AGTGATCC	6
GAGTAATA	6
AGTCTTAT	6
CCCCACCA	6
CCCCACCC	6
GGGAAATT	6
GGGAAAAG	6
CTTCATTG	6
GTCTGTCT	6
AGTCGGAA	6
TGTTGTGT	6
CTTCAACC	6
GTGAATGT	6
ATAAAGCC	6
CCACACAA	6
AATGTCCT	6
ATAAAGAC	6
ATAAACCA	6
ATAAACAG	6
ATAAACAA	6
GGGTGAGC	6
ATCCATTA	6
CCACAATC	6
GAAGGCAA	6
GAAGGAAT	6
ATAAAGCA	6
ANTCAGGC	6
CCATTCTT	6
CTGTGTGT	6
CCATTGAT	6
ANGGTATA	6
CCATTTTT	6
GTAATTCT	6
ANATCGTT	6
GTAGGCAC	6
ACAAGAAA	6
ATAAATAA	6
GGGGGATA	6
GAGAGGAA	6
GGGGGAAT	6
GNGGAATT	6
ATAAATGC	6
GGGGAAAT	6
CCATCCAG	6
AGGCCTAA	6
ATAACTCC	6
AGGCATTA	6
CTCTGACA	6
ACACTAAT	6
GTGTTTGT	6
GGCACTCA	6
AGGAGTTA	6
CCCTCTTC	6
CTCTCTGT	6
GTTATAGA	6
CTCTCTCC	6
CCATCCAT	6
CTCTCTAC	6
CCCTTCCT	6
AATCAATT	6
CCCTTGTA	6
CCATCCAA	6
CTCTCAAT	6
GTTGGTCC	6
CTCTATCT	6
GTTGTGTG	6
GTTTACGT	6
CCACGTGA	6
GTTTATGT	6
GTTTCCTC	6
ATAAGAGT	6
TTAAATAT	6
CCACATTA	6
CAAAAAAA	6
GGCGTAAT	6
CTGTCTCT	6
ATCAGAAG	6
AGTAGTAA	6
CCATCCTC	6
GTGCATGT	6
GGCTATCT	6
GAGTCAAT	6
CCCCTTCC	6
AGGTTATA	6
AGGTGGCC	6
AGGTGATT	6
AAGGGAAT	6
CCCGATCT	6
AGGTCTAT	6
AGCGTATC	6
ATAACCTT	6
GNATTGCA	6
CTGAGCAA	6
ATAACGAT	6
ACACCTAA	6
GGCCTGTT	6
ATAACGTG	6
AGGGCCGT	6
ATTAGATC	6
GAGTGAAT	6
GTGTGGTG	6
CCCTCACC	6
GTGTGTGG	6
AGGCGGAA	6
GCCCTTCC	6
ATAATTGC	6
CCAGCCAT	6
TCCCCCCC	6
GCATGTGT	6
AGAAGAAT	6
CACCCACA	6
GCGTTTAT	6
GACATATA	6
GGTAAAAT	6
AAAATAGA	6
CGACATTA	6
TTTTTGCA	6
CAGCTAAT	6
ACTCTCAC	6
ACTCACAC	6
CCGTCGTT	6
CNACGTAA	6
GCTCTCTC	6
AGAAAAAA	6
ATATACAC	6
ACTCACTC	6
CCGTCATT	6
GCCTCATT	6
CCGTCCCC	6
ATAGAGCG	6
CCGTCCAT	6
TTCCTTCA	6
CAGATTCC	6
CAGAGAGA	6
CCGTCCAA	6
GACATAAT	6
CCGTCCGT	6
ATAATGTT	6
ATAGATCA	6
AAGAACAA	6
ATAGAACG	6
ATAATTCA	6
ATACACCA	6
ATACTTAT	6
CACCTCAA	6
AGAAGCTT	6
AGAATTCA	6
CATCAAAA	6
AGACACAT	6
ATACTAAT	6
AGAACAAA	6
CCGTCTCT	6
AGAAATTA	6
CCATAAGA	6
ACGAAAAA	6
CGATCACT	6
CGCTCAAT	6
CACGCTCT	6
GCCCTCAC	6
CNATATAG	6
CCACGTAA	6
ATGTTCGG	4
ACACCACA	4
AAAAGCAA	4
AGTCAATT	4
AGGTAGGG	4
ACACAGGC	4
CCCCCTCT	4
AGGTTTTA	4
GNCATGAG	4
AAGGCACG	4
AGTCAAAA	4
GCCTTATA	4
ACGATGCT	4
CCAGAGAG	4
GTGTAATG	4
CCCCCTTC	4
GTGTAAGT	4
AGTCATAT	4
CGATCCTT	4
GTGAGCTG	4
CCCGTCAA	4
ACTCTACA	4
CCCCCTAC	4
CCCCTGCA	4
GACATAAA	4
AGGTAACT	4
TGTGTTTG	4
GGTAGTTT	4
GTGAGTGC	4
CTGACAAT	4
ACACCACC	4
GTGAGTGT	4
CTGACACA	4
GTGAGTTA	4
ACACATAT	4
TTGGGCTA	4
AGGTTAAC	4
CCCGAAAC	4
ACTCGTAG	4
AGGTGTAA	4
CCCGAAAA	4
CCACTTTT	4
GGGTTATA	4
CTGCGTTT	4
CCATCCCA	4
ACACATAA	4
GGCTGCAA	4
AGTAATTA	4
ATGGTGTG	4
CTGCTACA	4
ATAACCGT	4
AGGTTAAT	4
TGTTGAAT	4
GAGTATTT	4
AGGTTATT	4
TCTTTCTC	4
CCCGCAAT	4
GTGGGTGT	4
ACACATGG	4
CCCGCAAA	4
GCATGTAT	4
AAGGGAGG	4
GGCTAATT	4
CCACATGA	4
CCCCGAAA	4
CCCCGGGC	4
AGGTGAAA	4
AGTAGGAA	4
TCTTGAGG	4
CCACCTTC	4
CCCCGTCC	4
ATAACCTC	4
AGGTGGAA	4
CTCTCTGG	4
CCCTTACA	4
AAAGGAAG	4
ATATATGT	4
ACACTATA	4
TCTCTCAC	4
ATTCCCCT	4
GAGTGGTT	4
ATAACTGG	4
TCTCTCCT	4
TTAAAGTC	4
AGGAGCAA	4
AGGAGGAA	4
GGCAATGA	4
GTTACTGC	4
GCATACAT	4
AGAAAAAG	4
ATTCCAAC	4
ATATATCG	4
AGGATCTG	4
AAAGTAAA	4
TTAATGAC	4
GAGTGCAG	4
CCACCTAG	4
AGGCACGA	4
AGAAATGG	4
ATTGGAGT	4
GTTGTATG	4
AGAACAAT	4
ATAAGAAG	4
GATAAATT	4
ATAAGAAC	4
CCCTTTTT	4
CCCTTTTG	4
ATTGCATC	4
AAAGATCG	4
CTCTCACT	4
CCCTTTCA	4
TGTGGGGA	4
TTAAAGTT	4
GTTCTTCC	4
CGCTCTCC	4
TTCCGAAG	4
ATTCTGAG	4
CCATCCAC	4
TGCCTTAT	4
TTGTGTGT	4
CGCTCACA	4
GAGTGTCA	4
GCGCTAAA	4
GAGTCTCC	4
GACGAAAA	4
TGTGTGGG	4
GTGTGCCT	4
AGGCTGGT	4
ATAACTAA	4
GTGTGCAA	4
CCCTATAC	4
TGTGTGTT	4
ACACGAAT	4
ACACCTTC	4
CGCACGTT	4
GAGTCTGA	4
GGCATGTC	4
CTCTTCTT	4
CCCTAATT	4
GGTCTTAG	4
ATGGCTTT	4
TTGGTAAT	4
GGCCATTT	4
ATAACGGA	4
GCCTTTGA	4
AGGGGTTC	4
CCATCCCC	4
AGGGTAAT	4
ACTTCGGG	4
GTGTTTAG	4
CAGAAAAT	4
ATACGAAT	4
CCCTCTAA	4
TCTCTTTC	4
CGCCACAT	4
AGGCGAAA	4
CCCTCCTT	4
AGGCGACT	4
CGCCAATA	4
CTCTGCGA	4
GTGTGTTG	4
ATAACGCA	4
AGGCGGTA	4
ATAACTAG	4
ACTTCGCA	4
CCCTCATT	4
ATTATAGA	4
GTGTGTCG	4
GTGTGTCA	4
TCTGCTTG	4
CTCTGTCT	4
GNATAGAT	4
CGCATCTG	4
GGGTATTT	4
GTAGCTCT	4
ATAAAGTC	4
ATAAAGTA	4
TGATCAAT	4
TNATCAAT	4
GAACATCA	4
GGGTAGTT	4
ANCAATTC	4
GAGAGACG	4
GAACCTCC	4
ATAAAGGC	4
GGTATGTG	4
GAGAGAGT	4
ATCCTTGG	4
GAGAGAAG	4
CCACAAAA	4
GAAGAAAT	4
TTGAGCTC	4
GTAATTCC	4
CCATCTTG	4
ATCCTAGA	4
CCACAAAG	4
GTAAGTGT	4
GAAGAGAC	4
TGAGTTTG	4
GTATCCCT	4
TTAGACAA	4
GAAAACAC	4
GTATATGG	4
GGGGCCGG	4
GAAAACCC	4
AATGACGT	4
TTAATCCA	4
GACCGTCA	4
GGGGGAGG	4
TGAGTGTG	4
ANGACGTA	4
GGGGGGAT	4
CGACCAAT	4
ANACTAGT	4
GGGGGTAA	4
GAGAGATC	4
TGATAGAT	4
GGGTAATA	4
GNGGCATA	4
ANAGGTAA	4
ACAACCCT	4
GGGTAATG	4
ATAAAATC	4
TNCGATCA	4
ATAAAAAC	4
GAAGGGAA	4
GGTATTGG	4
TNGCCAAT	4
CGAAATTC	4
GAAGGTAG	4
TNGGTAAT	4
GAGACAAT	4
CCATGGTT	4
TGCAAGGA	4
GNGTATGT	4
ANTTCTTA	4
ACGTCAAT	4
CCATGCAT	4
TGCACACA	4
ACGTAGAT	4
TGCACCTT	4
AATGTTAT	4
CCATGATG	4
TTAATTAT	4
ATAAACGC	4
TNTATAGA	4
AATGTATA	4
GCCCTCTC	4
AAAAACTG	4
TTAATTGT	4
CCATTTTC	4
GTAACAAA	4
GGGTCCTG	4
CCATTTAT	4
GGGTCGAT	4
TGATGATC	4
TNCCCAAT	4
TNCCCCAA	4
CCACTAGT	4
GAAAAAAT	4
GNTGTAAT	4
CCACTACA	4
AAAAACAA	4
ATCCCATG	4
GNTAATTC	4
ANTCGTAA	4
CCATTAGT	4
ANTCTCAA	4
AATGTAAA	4
TGCCAATT	4
GNGTTAAT	4
GAGAAGAA	4
CTTCCGAT	4
CCATCGAT	4
TGACACAC	4
ACGCGTAA	4
GAGTAATN	4
ACTCAGGA	4
TTAGAGTA	4
CCCCAAGG	4
GAATGCAA	4
ATCAGCGA	4
CCCCAAAA	4
CGATCACA	4
ACTCAGTC	4
TGACATTA	4
CTTGACTA	4
AGTGGATA	4
GTCCCTGT	4
AGTGGTTA	4
ATAACATA	4
CGATCAAG	4
CTTGATTA	4
AGTGTGTG	4
CTTGATTT	4
GAGCGATA	4
AGTCGGGA	4
GCCAAATA	4
AGTCCCTG	4
ATAACCCA	4
ATACTATA	4
AGTCCTTA	4
GTCTTGAC	4
GAGTAGTA	4
CTTCACTG	4
TTAAAGAG	4
CGATCAGT	4
ACTCCCAC	4
GGGAGCGA	4
AGTCGGTA	4
GATACCAA	4
ATAACCAG	4
TTGCTTAT	4
GTCTGAAT	4
GTCTCTTC	4
CCCCATCC	4
GAGTACTT	4
GTCTCTAC	4
CGATCACC	4
AGTCTCAA	4
CTTTCTTA	4
AATCTAAT	4
ATAAATTT	4
CTTTATAG	4
CCACTCTC	4
CGAGACAA	4
GGGCTAAT	4
CTTTCTCT	4
ACACAACC	4
GTATGTTT	4
GNGCTATA	4
ANACCTAA	4
TTAATGTT	4
GAGAGTGT	4
TTCTTGTT	4
GCCATAGT	4
ATAGATAG	4
TGAGGTGT	4
TGAGGTTA	4
GGGGAGTT	4
GAGAGTAC	4
GAATCAGC	4
CTTTTGCT	4
ANACGGAA	4
GAGCCAAA	4
AGTTAATT	4
CGATCAAC	4
AGTTCAAT	4
TTTTTTGT	4
GGGAGGGA	4
GCCTGATA	4
GGGAGTGC	4
GNGATTAT	4
GTCAGATG	4
GACATTAT	4
TGCCATTA	4
GTGAGCGT	4
AGTTGGAC	4
AGTTGTAG	4
GAGCATGT	4
TTAATAAG	4
GACCAAAA	4
GAGCATCT	4
CAGATGAA	4
AGTTTGTG	4
GTCAACAA	4
GTCAAAGC	4
GCCAGAGA	4
TTAATGTA	4
CACACACC	4
AGAGGCGT	4
ATAATCGT	4
TGGTTGTA	4
CATGAAAT	4
TGGTTGTG	4
TATACCCA	4
TTATGTTA	4
GACAAAAT	4
CCGTCCTC	4
GGAAATGT	4
GGAAATTG	4
AGAGGATT	4
TCCGGTTC	4
CCACATTT	4
CTAAAGTC	4
ATAATCAT	4
CACAAACA	4
TTTCAACA	4
AGAGTATG	4
AGAGTATT	4
ACCACTTT	4
GATGGAAT	4
AGAGTCAT	4
AGAGCAAT	4
CCGCCATA	4
AGACCAAT	4
GATTAAGA	4
TTAAGCTA	4
TGGTGAGT	4
CCGCCACA	4
CACACATT	4
CACACATG	4
TATGATGT	4
CCATATAC	4
ATAATCTC	4
CATCACAA	4
TCCGTTTT	4
CATCTTGG	4
TATCTAAA	4
ATAATCTA	4
CACCTAAT	4
CCGCAGCA	4
CNTTAGGC	4
CACACACG	4
TATCAAAA	4
ACCATCTT	4
CCGTCCCT	4
AGAGGATG	4
TAGATAAA	4
GGAATGCC	4
CAATCTTG	4
AGATAGAG	4
CAATCTTC	4
ATAATAAA	4
TGTATGCA	4
ACGAAGGC	4
AGATAGTA	4
CTACATTC	4
CAATCCCC	4
TAGATAGT	4
CTACGAGA	4
AGATACCC	4
AGATCAAA	4
CAATCCAA	4
CTACGGAT	4
AGATCACA	4
ATAAGACA	4
TAGAGTGT	4
CCGTCTAG	4
AGACAGAA	4
ACCAAGTT	4
TAGACGTG	4
ACCAAGCT	4
CAATTATA	4
ATAATCAG	4
TAGGAACA	4
CTAAGGAA	4
CATGCACT	4
TCCTAAAA	4
GCTCTTGC	4
AGAGTGAA	4
TTAAGAAA	4
ATATGTGT	4
CATGCTAT	4
CCATCAAC	4
TATGTATT	4
TAGCAGAT	4
CTAATAGA	4
CGTTCCCC	4
TAGCAATT	4
CCGTCGTC	4
AGAGTTGG	4
TGCTACTA	4
AGACAGCT	4
TAGCAAAT	4
TAGCAAAA	4
AAGATGGG	4
TCAATTCT	4
CCGCTTCC	4
GAATTTAT	4
CCGCTGCA	4
ATAATGGG	4
TCACACTT	4
CACATAGA	4
CACATACT	4
TCACACAC	4
TTATTGAT	4
CATCCATC	4
AAACACAT	4
CNGAACAA	4
CCGCTTCT	4
TTAAGCGT	4
TCAATCAA	4
CATCCTCT	4
CATCCTTG	4
TCCATCCT	4
CCGGTTAT	4
CCACCAAT	4
CCGCTACA	4
AGACTACC	4
GATTCCCC	4
ATAATGCA	4
TCAGCAAT	4
TCATGCAA	4
CNCACCCA	4
TTTGTCTA	4
CATCATGG	4
GATTGCCA	4
GCTTCTTC	4
CACATGCT	4
CACATGCA	4
CCGGCTAG	4
TGGAATTG	4
GGTTCACT	4
TTTGCCAT	4
TCCAACCA	4
CATCATAC	4
AAGACGGC	4
TCACTGTC	4
CCGGATTC	4
GATTGGCC	4
CNCTAAAT	4
CATCATTG	4
GATTGAGT	4
CATCAGGT	4
TCACGTTA	4
CACACGCG	4
TCAAATTC	4
GCTGCTTG	4
AGACTGCT	4
AGACTGGC	4
ACCCAAGC	4
AGACCCCG	4
TGGGTTGT	4
TGGTAATT	4
AGACCATT	4
CCGTCAAN	4
CNGGTAAT	4
ATCAAAGG	4
AGACCCTC	4
CCGCCTAC	4
CCGTCACA	4
CCGCCCTT	4
CCATACAA	4
TCCCTCTT	4
CCGCCCCA	4
TATTGGCT	4
CCGCCCAG	4
CCGCCCAC	4
ACCATTCT	4
CACACGAA	4
CACACTCA	4
CCGCGTCG	4
ACCCTTAA	4
CACACTTA	4
GAATTGTA	4
ACCCTCAC	4
CNGATTCA	4
GGTTCAAT	4
AGACTCAG	4
CACACTCT	4
TGGGCTGT	4
AGACTCCC	4
ACCACAAC	4
TTCTCGAA	4
AATAAATA	4
AGACTCGG	4
CNACCAAT	4
GGAAAAGC	4
TGGGGGGG	4
TTAATGGC	4
ACCCATTA	4
CNACAGGC	4
ACCCATGC	4
AGACCCTG	4
CTCCCACT	4
CATTGCAC	4
ATAAGCTA	4
ATACATAC	4
AAGCGTAA	4
GGTTTGGG	4
CGGGAGCC	4
GGAGGTGC	4
TAAGAAAT	4
TTAATGAT	4
ATAAGCGG	4
CTCCATTG	4
CATTGTGT	4
CAAAGGAA	4
AGCCTGAC	4
GACACAGG	4
AGCCTGTG	4
CCAGGTCT	4
CTCCCCCC	4
GGAGTAAT	4
AGAACTAT	4
CCATCAGT	4
TAAACACA	4
ACAGACAC	4
AGCCTTGG	4
AGCCGAGG	4
CCACCATG	4
TACACCCA	4
GATCAGTT	4
CCATCACT	4
CAATAGTG	4
TGTCTCTC	4
AGCCCGTT	4
AGCCCTAT	4
GCTCATGC	4
TTCATGTT	4
AAAATAAA	4
CAAATTCA	4
AGCCTTGT	4
TCGGTTAT	4
GATCAAAA	4
GACAATGT	4
AGCCGCAG	4
TAATTCAT	4
ATAAGCTC	4
CCACCCAT	4
CTCAGCCT	4
AGAAGGAA	4
CATTGATG	4
CGGTAAAA	4
ATAAGAGC	4
TGTGCCTT	4
GTTTGAAT	4
AGCGTGTT	4
ATAAGATT	4
ATAAGATC	4
CCAGGATC	4
GCACTCAC	4
GTTTCCTA	4
ATAAGAGG	4
GGATGCAA	4
GGTGGTAG	4
GTTTATGG	4
AGAACCTT	4
AGAACCAC	4
GCGCTCTA	4
AAGGAGAC	4
TCATGGGA	4
GATACATG	4
ATTGTCAA	4
GATACACC	4
GTTGTTGA	4
ATAAGACG	4
ATTGGTCC	4
AGAACATG	4
TCTCCCTC	4
CATTTCCT	4
GGAGTGAG	4
AGCCTTTT	4
TAAAAGAT	4
TTCCATAG	4
TAAAAAAA	4
CCATCATA	4
ATAAGCCC	4
GGTGTATG	4
AAGGAAAA	4
GGATAGAT	4
CAAAAACA	4
TTCCACGC	4
GGTAGACG	4
CCAGGATG	4
CGGAACTG	4
AGCGTATT	4
CCATCATC	4
AGCGTCCC	4
ACACTCTC	4
GGATATGT	4
ATTTTATT	4
GCGGGCAA	4
ATTTGTTT	4
CGTGCGTG	4
ATAAGTGA	4
GCAAAGGT	4
CTAGTCCA	4
CTAGTGTG	4
TACCTCGT	4
CATGTATG	4
CATGTATT	4
CACGCATG	4
ACATGTGT	4
TACCGATT	4
GGACGAAT	4
CTATCAAT	4
AGATGGTT	4
AGACAAGC	4
CAACTGGT	4
AGACAACA	4
AGATTAGT	4
CTATCTCC	4
AGCCATGG	4
GGACTAAT	4
CAACTAAT	4
CTATCTTC	4
TACCATAG	4
CTATCTTG	4
AGATGAAA	4
AAGCAATC	4
AAGCACAC	4
AGATCGGC	4
CATCAAGT	4
ACCAAATT	4
AGACACTA	4
AGATCGTA	4
TAGAAAAT	4
AGATCTAA	4
CTAGACAT	4
GGAATTTA	4
AGATTATC	4
GGAATTTG	4
CATGGGCT	4
ATAAGTGT	4
CATCAAAT	4
TACGAATT	4
AGATGCTC	4
CATGTAAT	4
AGATGGCT	4
GGACATAT	4
GATCTGTA	4
TCCTTATT	4
TCGATATA	4
AGAATTCT	4
TACCAATC	4
GGACTTAA	4
GGACTTAT	4
AGCACTAA	4
AGAATTAT	4
AGCAGAAT	4
GATCCTAA	4
GCAACACA	4
TACATTTG	4
AGCATAAA	4
TACATGCT	4
AGATTGGG	4
GATCCGAT	4
TCGATGAA	4
ATAAGGTA	4
CGTCTTTT	4
TACAGTCA	4
ATAAGGGG	4
CAACACCG	4
ATAAGGGA	4
GATCATGC	4
ATAAGGCT	4
TACACGTA	4
AGCAAGAA	4
AATATAAA	4
TACCAGCC	4
ACGACAGC	4
TACCACTT	4
AGATTTTG	4
TACCACTC	4
CAACGATG	4
TTAAATTC	4
AGCACAAG	4
AGAATTTA	4
AGCAAGCA	4
AGCAATTA	4
AGCAAGGT	4
GAGAATAG	2
GATAGTCT	2
GACCGCAC	2
TTCCTTGG	2
TTCCTGTT	2
GACCTACC	2
GACGGATA	2
GAGAACAT	2
TTCCTGAA	2
GACGGAAT	2
TTCCTGAT	2
GACGCCTG	2
GACGAATT	2
GAGAAGAG	2
GAGAAATT	2
GACGCACA	2
TTCCTGCA	2
GAGAATGG	2
GAGAACCA	2
TTCCTGCG	2
GACCTTAC	2
TTCCTCTT	2
TTCCTCTC	2
TTCATTCT	2
GATTCTAC	2
GATTCTCT	2
GATTGAGA	2
GATTGCCT	2
TTCCAACC	2
GATTGGTG	2
GATTGTCG	2
GATTGTTT	2
GATTTAAA	2
TTCCAAAC	2
GATTTGTG	2
GATTTTTT	2
GCAAACCC	2
GATTCATT	2
GCAAACGT	2
GCAAACTT	2
GCAAAGAA	2
GCAAATGC	2
GCAAATTC	2
GCAACAAC	2
GCAATACT	2
GCAATATT	2
GCACAAGC	2
GCACACAT	2
GCACACCG	2
GCACACCT	2
GATGGACG	2
GATCTGCC	2
GATCTTAG	2
GATGAAAA	2
TTCCAATN	2
GATGAACC	2
GATGAAGA	2
GATGACCT	2
GATGATAC	2
GATGCAAT	2
GATGCCTT	2
GATGCTTC	2
TTCCAATG	2
GCACACTT	2
GATGGATA	2
GATGGGGG	2
GATGGGGT	2
GATGGTGC	2
GATGGTGT	2
TTCCAATC	2
GATTAACG	2
GATTACGT	2
GATTAGCA	2
TTCCAAGT	2
TTCCAAGC	2
GATTATGG	2
GCCAGGTT	2
GCATGTTT	2
GCATTGAT	2
GCATTTAT	2
GCCAAAAA	2
GCCAACAA	2
TTCATGAC	2
GCCACAAT	2
GCCACACA	2
GCCACACT	2
GCCACCAA	2
GCCACCAC	2
GCCACCCT	2
GCCACCGT	2
GCATGTTA	2
GCCAGTGG	2
GCCATTCC	2
GCCATTTG	2
GCCCACAT	2
GCCCAGCC	2
GCCCATAA	2
GCCCATGA	2
GCCCATGT	2
GCCCCAGC	2
GCCCCCAA	2
GCCCCCAT	2
CGAAAGTC	2
GCATACTC	2
GCACAGAG	2
GCACATAC	2
GCACCAAA	2
GCACCATA	2
GCACCATT	2
GCACCCTC	2
GCACGACC	2
GCACGCTC	2
GCACGGGC	2
GCAGACTC	2
GCAGGTTA	2
GCAGTCTT	2
GATCTCTC	2
GCATATAC	2
GCATATCG	2
GCATCACA	2
GCATCATA	2
GCATCCCG	2
GCATCGTC	2
GCATCTTG	2
GCATGAGG	2
GCATGCAG	2
GCATGCGC	2
GCATGGTC	2
GCATGGTT	2
TTCCGGTT	2
GAGCAGGT	2
GAGCATGC	2
GAGCCATT	2
GAGCCGTT	2
GAGCCTAT	2
GAGCCTCG	2
GAGCCTGA	2
GAGCGGAG	2
TTCCTAAT	2
TTCCGTTT	2
GAGTAACT	2
GAGTAAGG	2
TTCCGTAT	2
GAGCAACA	2
GAGTAGCA	2
GAGTAGTT	2
TTCCGCCT	2
GAGTATGA	2
GAGTATGC	2
GAGTATTG	2
GAGTCACA	2
GAGTCACT	2
GAGTCATT	2
GAGTCCAT	2
GAGTCCCC	2
GAGTCCGA	2
GAGAGGAG	2
GAGACAGA	2
GAGACCAT	2
TTCCTCCC	2
GAGACCCG	2
GAGAGAAA	2
GAGAGAAT	2
TTCCTCCA	2
TTCCTCAA	2
GAGAGAGN	2
TTCCTATT	2
GAGAGATG	2
GAGAGCTT	2
GAGTCCTA	2
GAGAGGCC	2
GAGAGGCT	2
GAGAGGGA	2
GAGAGTGA	2
GAGAGTGC	2
GAGAGTGG	2
GAGAGTTA	2
GAGAGTTC	2
GAGAGTTG	2
GAGAGTTT	2
TTCCTAGG	2
TTCCTAGA	2
GATCAAGG	2
TTCCATCC	2
GATAGCCT	2
GATAGGAC	2
GCCCCCCA	2
GATAGTGT	2
GATATAAA	2
GATATCAA	2
GATATTAT	2
GATATTCA	2
GATATTCT	2
GATATTGT	2
GATCAAAT	2
GATCAACG	2
GATAGAAC	2
GATCAATG	2
GATCAGAC	2
GATCATCC	2
GATCCAAT	2
GATCCATT	2
GATCCCAT	2
GATCGTAG	2
GATCTAAA	2
TTCCACAA	2
GATCTAGA	2
GATCTATA	2
GATCTCTA	2
GAGTGTAT	2
GAGTCCTC	2
GAGTCGAC	2
GAGTCGGA	2
GAGTCGTG	2
TTCCGATT	2
GAGTCTGT	2
TTCCGAAT	2
GAGTGAGT	2
GAGTGATT	2
GAGTGCAA	2
GAGTGCTG	2
GAGTGGTA	2
TTCCTCGC	2
GAGTGTCC	2
GAGTGTCG	2
TTCCATTT	2
GAGTGTTA	2
GATAAAGC	2
GATAACAC	2
GATAATAG	2
TTCCATTC	2
GATACCAC	2
GATACCGC	2
GATACTAG	2
GATACTAT	2
TTTCTGTT	2
TTTCAGCT	2
CTAAAACA	2
CNTTTGGA	2
CNTTTATA	2
TTTCTCTT	2
CNTTGACA	2
CNTTCAAA	2
TTTCTGGA	2
CTAAAAGC	2
CNTTAATT	2
TTTCTTCG	2
CNTGTAGA	2
TTTCTTGT	2
CNTCTTCT	2
CNTCTAAG	2
CNTCGGTT	2
CNTCGGGC	2
CTAAAATC	2
CTAAATAC	2
TTTCAATG	2
CTAAATTT	2
CTAACCTT	2
CTAAGAAT	2
CTAAGGGT	2
CTAAGGTG	2
CTAAGTCC	2
CTAAGTGA	2
CTAAGTTC	2
CTAAGTTG	2
CTAATACA	2
CTAATCAG	2
CTAATGGC	2
CNGATAAA	2
CNCTCACA	2
CNCTCTCA	2
TTTGGTGT	2
CNCTCTTC	2
CNCTTCAG	2
CNCTTTTT	2
CNGAAATG	2
CNGAAATT	2
CNGAACAT	2
TTTGGGTT	2
CNGACAGT	2
TTTGCTAC	2
CNGACCAT	2
CNGACGCT	2
CNGAGGCA	2
CTACAACC	2
TTTGCGTG	2
CNGATTAG	2
TTTGATTA	2
CNGATTGA	2
CNGATTTT	2
CNGCCACA	2
CNGCCACC	2
CNGCCTCA	2
CNGCTCAA	2
CNGGATCA	2
TTTGATCT	2
TTTGAATT	2
TTTGAAGA	2
TTTGAACC	2
CNTCCACA	2
CTCAAGGT	2
CTATCTCT	2
CTATCTGA	2
CTATCTTT	2
CTATGACC	2
CTATGCCT	2
CTATGGAA	2
CTATGTAC	2
CTATGTGC	2
CTATGTGT	2
CTATTATG	2
CTATTTTC	2
CTCAAACG	2
CTCAACTG	2
CTCAACTT	2
CTCAAGGA	2
CTATCTAT	2
CTCAATCC	2
CTCAATGA	2
TTTACCTC	2
CTCAATTG	2
CTCACAAG	2
CTCACGCA	2
CTCACGCG	2
CTCACTCC	2
TTTACAAT	2
CTCACTGT	2
CTCACTTA	2
CTCACTTT	2
CTCAGATT	2
CTCAGCAG	2
CTCAGGAA	2
CTAGAGTA	2
CTACAAGA	2
CTACAATT	2
CTACAGCC	2
CTACAGTG	2
CTACATTA	2
TTTATCAA	2
CTACGAAT	2
CTACGCAT	2
CTACTAAT	2
CTACTATA	2
CTACTTAC	2
CTACTTAT	2
CTACTTCA	2
CTAGAGAG	2
CTAGAGGA	2
CNCTATAG	2
CTAGATAA	2
TTTAGTGC	2
CTAGATCT	2
CTAGATTC	2
CTAGCCGT	2
CTAGCTTT	2
CTAGGATT	2
CTAGGTTT	2
CTAGTCAT	2
CTAGTTGT	2
CTAGTTTG	2
TTTAGGAC	2
CTATCACT	2
CTATCCAA	2
CTATCCAC	2
CGATCGGA	2
TTTTGAAT	2
CGCAAAGA	2
CGATTTCA	2
CGATTGGG	2
TTTTGAGA	2
TTTTGGTC	2
CGATCGTT	2
CGATCGGG	2
CGCACTAT	2
CGATCGCA	2
CGATCGAT	2
CGATCGAG	2
CGATCCTC	2
CGATCCGG	2
CGATCCCA	2
TTTTGTTT	2
CGATCATC	2
CGCATACA	2
CGCCAAAC	2
CGCCCAAC	2
CGCCCCCT	2
CGCCGCGC	2
CGCCGGAT	2
CGCCTATT	2
CGCCTCTT	2
CGCCTTCT	2
CGCGCACA	2
CGCGTATC	2
CGCGTATG	2
CGCTCTTT	2
CGCTTGCT	2
CGCTTGTT	2
CGACTAAA	2
TGCATATG	2
CGAAATGA	2
CGAACAAA	2
CGAAGGGC	2
CGAAGGTA	2
CGAATCAA	2
CGAATCTG	2
CGAATTCA	2
CGACACCT	2
CGACACTA	2
CGACAGTT	2
CGACCATT	2
CGACCCAA	2
CGACCGTC	2
CGACCTAC	2
CGGAAAAA	2
CGACTTTC	2
CGACTTTT	2
CGAGAAGA	2
CGAGAGAG	2
CGAGATCA	2
CGAGGCTT	2
CGAGGGTA	2
CGAGGTAA	2
CGAGTGTA	2
CGATAAAT	2
CGATAATT	2
CGATACAC	2
TTTTTCTT	2
CGATCAGG	2
TTTTTCAT	2
CNACCTCA	2
CGTTCCTG	2
CGTTCTAA	2
CGTTGAAT	2
CGTTGGAC	2
CGTTTCTC	2
CGTTTTGA	2
TTTTATTT	2
TTTTACCT	2
CNAACACA	2
CNAATCAC	2
TTTTACCC	2
CNAATCTC	2
CNACAATT	2
TTTGTTGT	2
TTTGTGTT	2
CGTTCAAT	2
CNATAGAT	2
CNATGGCT	2
CNATGTAT	2
CNATTCCT	2
CNATTTTA	2
CNCAAACA	2
CNCAAATA	2
TTTGTGTG	2
CNCACACA	2
CNCAGCTA	2
TTTGTCCA	2
CNCCACAC	2
CNCCAGGC	2
CNCCTTAT	2
CNCGCAAT	2
CGTCCTCA	2
CGGAAAAT	2
CGGACTCT	2
CGGATAAA	2
CGGATATA	2
CGGATTAG	2
CGGATTAT	2
CGGCATAT	2
CGGCGCCA	2
CGGCTAAA	2
CGGCTTTC	2
CGGGTTTC	2
CGGTAATT	2
CGGTCCCC	2
CGGTCTGG	2
TTTTCTTT	2
TTTAATAG	2
CGTCCTTT	2
CGTCGAGG	2
CGTCGCTC	2
CGTCTCAA	2
CGTGAAGT	2
TTTTCTTC	2
CGTGCATT	2
TTTTCGCA	2
CGTGGCTT	2
CGTGTGTA	2
CGTGTGTG	2
CGTGTGTT	2
CGTGTTAG	2
CGTTACAC	2
CGTTATAG	2
GAAATAGA	2
GAACATTT	2
GAACATTA	2
GAACAGTC	2
GAACACAA	2
GAACAAGT	2
GAAATCTC	2
GAAATATA	2
GAAATAGG	2
GAACCCCT	2
TTGCATGA	2
GAAAGGCT	2
GAAAGAGC	2
GAAAGAAC	2
GAAACAAT	2
GAAACAAG	2
GAAAATGG	2
GAAAAGTT	2
GAACGGTG	2
GAACGTCC	2
TTGCAAAT	2
GAACTTAT	2
GAACTTTA	2
GAAGACAT	2
GAAGACGG	2
GAAGACTA	2
TTGACCTC	2
GAAGATAA	2
GAAGATGA	2
GAAGATTC	2
GAAGCATG	2
GAAGCTCC	2
TTGACCAA	2
CTTTCACA	2
CTTGCTTG	2
CTTGCTTT	2
CTTGGCCA	2
CTTGGGAG	2
CTTGGTGC	2
CTTGTAAG	2
CTTGTCTC	2
CTTGTGGA	2
CTTGTTAA	2
CTTGTTGT	2
CTTTAATA	2
CTTTAGAC	2
CTTTAGAG	2
CTTTAGGG	2
CTTTATCC	2
GAAGGACC	2
CTTTCCGT	2
CTTTCTGT	2
CTTTGAGC	2
CTTTGCAT	2
CTTTGTGT	2
CTTTGTTT	2
CTTTTACT	2
CTTTTCCC	2
CTTTTCCT	2
CTTTTGAG	2
GAAAAACC	2
GAAAAATT	2
GAAAACCA	2
GAAAACTC	2
GAAAAGTG	2
GACAGAGA	2
GACAAACT	2
TTCTCCAA	2
GACAAAGA	2
GACAACTT	2
GACAAGAA	2
GACAATCA	2
GACAATCC	2
TTCTATGG	2
GACACAGC	2
GACACAGT	2
GACACCAT	2
TTCTATCC	2
GACACCCA	2
GACACTCT	2
GACAGAAT	2
TTCTCCTC	2
GACAGAGT	2
GACAGCAA	2
GACAGGAA	2
GACAGTCC	2
GACATACA	2
GACATCTC	2
GACATGCT	2
GACATGGA	2
GACATGGG	2
GACCAAAT	2
TTCTAAGC	2
TTCGCTAG	2
TTCCTTTT	2
GACCATAA	2
GACCCCTC	2
GAATGAAT	2
GAAGGGGT	2
TTGAAAGG	2
GAAGGTAT	2
GAAGGTCT	2
GAATAAAA	2
GAATAATT	2
TTGAAACC	2
TTGAAACA	2
GAATACAA	2
GAATACTC	2
GAATAGAT	2
GAATCATT	2
GAATCGAC	2
TTCTTGCA	2
GAATCTGG	2
TTGCATTC	2
GAATGACA	2
GAATGCAG	2
TTCTGTTA	2
GAATGGCA	2
GAATGGGT	2
GAATGGTT	2
TTCTGATC	2
TTCTCTTT	2
TTCTCTTG	2
TTCTCTTC	2
GAATTCAT	2
TTCTCTGT	2
GAATTGCN	2
GAATTGTT	2
GACAAAAA	2
CTCGTGCA	2
TTGTGTTT	2
CTCTATGC	2
CTCTATCC	2
CTCTATAA	2
CTCTAGGT	2
CTCTAGAC	2
CTCTACAT	2
CTCTAATA	2
CTCTATTG	2
CTCGTGAC	2
CTCGTCAC	2
CTCGTAGT	2
CTCGTACA	2
CTCGTAAT	2
CTCGGGGG	2
CTCGGGAT	2
CTCGGCAT	2
CTCTCAAA	2
CTCTCATA	2
CTCTCATG	2
CTCTCCAC	2
CTCTCCCA	2
TTGTGTTG	2
CTCTCCCC	2
CTCTCCTG	2
TTGTGTAG	2
TTGTGTAC	2
TTGTGGTT	2
TTGTGCCT	2
CTCTCTGA	2
CTCTCTGC	2
CTCTCTTC	2
CTCCGTCC	2
TTTAAATT	2
CTCAGGTT	2
CTCATCCC	2
CTCATGAC	2
CTCATGCT	2
CTCATGTA	2
CTCCACCG	2
CTCCACTA	2
CTCCCAAT	2
CTCCCCTC	2
CTCCCCTT	2
CTCCCTAC	2
CTCCCTCC	2
TTGTTTTA	2
CTCCCTTT	2
TTGTCCTT	2
CTCCGTTG	2
CTCCTAAC	2
CTCCTCAG	2
CTCCTCTA	2
CTCCTCTG	2
CTCCTGGC	2
CTCCTGGT	2
CTCCTGTG	2
CTCCTTCT	2
CTCCTTTA	2
CTCCTTTG	2
CTCGAAAC	2
CTCGAGTG	2
CTCGCACA	2
CTCGCATC	2
CTTCCCAC	2
TTGGCACA	2
CTGGCATG	2
CTGGCGCT	2
CTGGCTCT	2
CTGGTAAT	2
CTGGTCAA	2
TTGGCAAT	2
CTGGTGGG	2
CTGTGCGC	2
CTGTTCCA	2
CTTCACTA	2
CTTCAGGA	2
TTGCTTTT	2
CTTCATCG	2
CTTCCACT	2
CTGGCAAC	2
TTGCTCAA	2
CTTCCGCC	2
CTTCCTGC	2
CTTCTGAG	2
TTGCGAAT	2
CTTCTTAA	2
CTTCTTAG	2
CTTGAAGA	2
CTTGACAC	2
CTTGAGCT	2
CTTGATAA	2
CTTGCAAG	2
CTTGCCTT	2
CTTGCGGC	2
CTTGCTAA	2
CTCTTTCC	2
CTCTGAAG	2
CTCTGACG	2
CTCTGCCC	2
CTCTGCTG	2
TTGTCCAG	2
TTGTATGC	2
CTCTGTTT	2
CTCTTACA	2
TTGTAATG	2
CTCTTATC	2
CTCTTCAG	2
CTCTTCTC	2
CTCTTGAA	2
CTCTTGCA	2
CTCTTGTT	2
GACCCGAC	2
CTCTTTGG	2
CTCTTTTC	2
CTGAAAGA	2
CTGAAGAA	2
CTGATGGA	2
CTGATTTG	2
TTGGGCAT	2
CTGCAAGC	2
TTGGCCTT	2
CTGCACGC	2
CTGCACTT	2
TTGGCATA	2
CTGCCTAC	2
CTGCGCAC	2
CTGGACCA	2
TAAGTGTG	2
TAATTCCC	2
TAATTCCA	2
TAATTCAA	2
TAATTAAT	2
TAATCAAT	2
TGTGAGAG	2
TAATACAT	2
TAAGTTTT	2
TAATTCTG	2
TAAGTAAT	2
TAAGGCTT	2
TAAGGCTA	2
TAAGGAGC	2
TAAGGAAA	2
TAAGCTTG	2
TAAGAAGG	2
TAACATAG	2
TACACATG	2
TACATATA	2
TACATAAT	2
TGTCTCAC	2
TACAGGTT	2
TACAGCCA	2
TACAGAGC	2
TACAGACA	2
TACACCAC	2
TGTGAGCT	2
TACACATA	2
TACAATAA	2
TGTGACAT	2
TGTGACTG	2
TACAAACT	2
TACAAAAT	2
TACAAAAA	2
GTTTCTGG	2
GTTTTATA	2
GTTTTACT	2
GTTTGGGT	2
GTTTGGGG	2
GTTTGGGA	2
GTTTGGCG	2
GTTTGGAC	2
GTTTCTTT	2
GTTTTATT	2
GTTTCTAT	2
GTTTCCCC	2
GTTTCACA	2
GTTTATGC	2
GTTTAGCA	2
GTTTACAT	2
GTTTAATA	2
GTTGTTTT	2
TAAAACTA	2
TGTGATGA	2
TAAATTGC	2
TGTGATGT	2
TAAAGATG	2
TAAACTCC	2
TAAACAGG	2
TGTGATTA	2
TGTGCAAC	2
TACATCCT	2
TAAAAAAT	2
NGACATAT	2
GTTTTTGC	2
GTTTTTAT	2
GTTTTCCC	2
TGTGCCAT	2
GTTTTCAT	2
TGTCAAGT	2
TAGATCAA	2
TAGATATA	2
TGTATGTA	2
TAGATAAT	2
TGTCAAAA	2
TGTCAAGA	2
TAGACGTN	2
TAGACGAA	2
TGTAGTTG	2
TGTCACTA	2
TAGACATC	2
TAGACATA	2
TACGTTCT	2
TACGTGTC	2
TGTCAGGA	2
TACGTCTT	2
TACGTATA	2
TAGCAATC	2
TAGCTAAA	2
TAGCCTGC	2
TAGCCATT	2
TAGCCAAT	2
TAGCAGCA	2
TAGCACAA	2
TGTACCTC	2
TGTACGTA	2
TGTCATAA	2
TAGCAATA	2
TAGCAAAG	2
TGTACTCT	2
TAGATTAT	2
TAGATGGG	2
TAGATGCT	2
TGTAGATA	2
TACCACAT	2
TGTCCCCT	2
TACCATTT	2
TACCATGG	2
TACCATCA	2
TACCATAA	2
TGTCCTGG	2
TACCAGAG	2
TACCACTA	2
TACCCATA	2
TGTCGAAT	2
TGTCGCTC	2
TGTCGTCC	2
TGTCGTTA	2
TGTCTATG	2
TACCAAAA	2
TACATGCA	2
TACCTGCG	2
TGTCATGC	2
TGTCATTT	2
TACGAACT	2
TACGAAAA	2
TACCTTTG	2
TACCTTTC	2
TACCTTGT	2
TACCTTGA	2
GTTGTTTG	2
TACCTCGC	2
TACCTCCT	2
TACCGATC	2
TGTCCATA	2
TACCCGAT	2
TACCCATT	2
TACCCATG	2
GTGGATGT	2
TGTTCACC	2
GTGGGTAG	2
GTGGGGGG	2
GTGGGGGA	2
GTGGGGAT	2
GTGGGATA	2
TGTTCTAC	2
GTGGCACC	2
GTGGGTTG	2
GTGGAGCG	2
GTGGAGAC	2
GTGGAGAA	2
GTGGAAAT	2
GTGCTTGT	2
GTGCTTAT	2
GTGCTAAT	2
GTGCGAGA	2
GTGTATCT	2
GTGTATTG	2
GTGTATTC	2
GTGTATTA	2
TGTGTTAT	2
TGTGTTGT	2
TGTTACCT	2
TGTTATAG	2
GTGTATGA	2
GTGCGAAT	2
GTGTATCG	2
GTGTATAC	2
GTGTATAA	2
GTGTACGT	2
TGTTATGG	2
GTGTACCT	2
GTGTAACT	2
GTCTCCCC	2
GTCTGTTG	2
GTCTGTCG	2
GTCTGCGT	2
GTCTGCCA	2
GTCTGAGC	2
TGTTGTTG	2
GTCTCTAT	2
GTCTCCTC	2
GTCTTCCC	2
GTCTCATC	2
GTCTACTT	2
GTCTACCT	2
GTCTACAG	2
GTCTACAC	2
GTCGTTTC	2
GTCGTATT	2
GTGATCGC	2
GTGCCCAC	2
GTGCATCA	2
TGTTGCAA	2
GTGCATAT	2
GTGCACAC	2
GTGCAATG	2
GTGATTGT	2
GTGATGTG	2
GTGTCAGA	2
GTGATCAA	2
GTGATAGA	2
GTGAGGAA	2
TGTTGTCT	2
GTGAAGCC	2
GTCTTTTC	2
GTCTTCTT	2
GTTCCTTA	2
GTTGACTT	2
GTTCTGTT	2
GTTCTCTC	2
GTTCTCCT	2
GTTCGTGA	2
GTTCGGAC	2
GTTCGCAC	2
TGTGCGGA	2
GTTGAGTG	2
GTTCCCTT	2
GTTCCCTC	2
GTTCCATT	2
GTTCCAAA	2
GTTCATCC	2
GTTCACAC	2
GTTATGTG	2
GTTATGAC	2
GTTGGAGT	2
GTTGTTGT	2
GTTGTTCC	2
GTTGTGTT	2
GTTGTGGT	2
GTTGTGCT	2
GTTGGTTG	2
GTTGGTGC	2
GTTGGTAC	2
GTTATCAA	2
GTTGCTCT	2
GTTGCGTT	2
GTTGCCCC	2
GTTGCATG	2
GTTGCACG	2
GTTGCAAT	2
GTTGAGTT	2
GTGTGACG	2
TGTGTCAG	2
TGTGTGAA	2
GTGTGTAA	2
GTGTGGGG	2
GTGTGCTT	2
GTGTGCAT	2
GTGTGATT	2
GTGTGATA	2
GTGTGTCT	2
GTGTGAAT	2
GTGTGAAG	2
GTGTCTGT	2
GTGTCTCT	2
GTGTCGTC	2
GTGTCGTA	2
GTGTCAGG	2
GTGTTGGT	2
GTTAGCGT	2
GTTAGATC	2
GTTACCTT	2
TGTGGAAC	2
GTTACCAA	2
GTTACACA	2
GTTAAAAA	2
GTGTTTCC	2
TAGCTCCT	2
GTGTTGCC	2
GTGTTCAC	2
GTGTTATG	2
GTGTTATA	2
TGTGGGTG	2
TGTGGTGG	2
TGTGGTGT	2
TGCGCAGA	2
TGCCTTTG	2
TCTCGACT	2
TCTCCTCT	2
TGCCTTTT	2
TCTCCTAA	2
TCTCCCTT	2
TGCGACCT	2
TCTCCATC	2
TCTCGCTA	2
TCTCCAAC	2
TGCGCAGC	2
TCTCACCC	2
TGCGCTCT	2
TCTCACAT	2
TCTCACAC	2
TCTCAAGC	2
TCGTGATT	2
TCTCTCTA	2
TCTGCTCA	2
TCTGATCC	2
TCTGAAGA	2
TCTCTTCT	2
TCTCTGTC	2
TCTCTGGC	2
TGCCTACA	2
TGCCTCCA	2
TCGTCTTT	2
TCTCTCGT	2
TCTCTCCC	2
TGCCTCCC	2
TCTCTAAT	2
TCTCGTTC	2
TCTCGGCC	2
TGCCTTGT	2
TGCGTGTC	2
TCGACCAA	2
TCCTTTTC	2
TCCTTGCT	2
TCCTTCCT	2
TCCTCTTT	2
TCCTCTCT	2
TCCTCCTC	2
TCCTCATC	2
TCGAGATC	2
TGCGTGTG	2
TCCTCAGT	2
TCCTCAAG	2
TCCTAGAA	2
TCCTAAGT	2
TGCTCCAT	2
TCCGTGGG	2
TCCGTGCT	2
TCGCCTGC	2
TCGTCAAT	2
TCGGTTCC	2
TCGGTGGA	2
TCGGGTTT	2
TCGGATGT	2
TCGCTCTT	2
TCGCTCTC	2
TCGCTAGA	2
TCTGTGAC	2
TGCGGCTA	2
TCGCCTGA	2
TGCGTCGT	2
TCGATAAA	2
TCGAGCAC	2
TCGAGCAA	2
TGCGTGCG	2
TGAGCCAT	2
TGAGTGAG	2
TGAGTCAT	2
TGCCAGTG	2
TGCCATAT	2
TGAGGGTT	2
TGAGGGGA	2
TGAGGAAA	2
TGAGCTCT	2
TGAGTGTA	2
TGAGCATT	2
TGAGATTA	2
TGAGACAA	2
TGAGAACC	2
TGACTTTA	2
TGACTTCA	2
TGACTTAA	2
TGACTGTT	2
TGATGGGA	2
TGCACGTG	2
TGCCAAAT	2
TGCAAGAG	2
TGCAAATT	2
TGATGTTC	2
TGATGTTA	2
TGATGTAT	2
TGATGGTT	2
TGACTCTT	2
TGATGGCT	2
TGATCTTG	2
TGATCGGA	2
TGATCGAA	2
TGATCCAC	2
TGATAGCT	2
TGATAAGC	2
TCTTCCAC	2
TCTTGTTT	2
TCTTGTCC	2
TCTTGCAC	2
TCTTCTTT	2
TGCCCACT	2
TGCCCTAC	2
TCTTCTCC	2
TCTTCGGG	2
TCTTTAGG	2
TCTTCATG	2
TCTTCAGA	2
TCTTATTC	2
TCTTATCA	2
TGCCCTTC	2
TCTTACTT	2
TCTTACTC	2
TGAAGTTG	2
TGACTCTC	2
TGACGCAA	2
TGACGAAG	2
TGACGAAA	2
TGACATTG	2
TGACATGG	2
TGACAATT	2
TGAATGTG	2
TCCGCGGT	2
TGAACGAG	2
TGAAATGC	2
TGAAACCT	2
TGCCCAAC	2
TGAAAATC	2
TCTTTTTT	2
TCTTTCAG	2
TATTTAAT	2
TGGGGGGC	2
TGGGGGTG	2
TGGGGTGT	2
TGGTATAA	2
TCAAACAA	2
TATTTTGT	2
TATTTTCA	2
TATTTCGC	2
TGGGGATC	2
TATTGTTG	2
TATTGTGT	2
TATTGTGC	2
TATTGGGC	2
TATTGCTG	2
TATGTTTC	2
TGGTCCTT	2
TATGTGAC	2
TGGCCTGT	2
TGGAGTCG	2
TGGATTCT	2
TCAACCCA	2
TGGCAAGA	2
TGGCAATC	2
TGGCATTT	2
TGGCCAAA	2
TGGCCCTT	2
TATGTATA	2
TGGCGCCG	2
TGGCGGGG	2
TGGCTAGC	2
TGGCTCTT	2
TGGGCATG	2
TGGGCGTC	2
TGGGCTTC	2
TAGTAATT	2
TATACCAT	2
TGTAAATT	2
TAGTTAAC	2
TAGTTAAA	2
TAGTGTGC	2
TAGTGGTA	2
TAGTAGGC	2
TGTAACTC	2
TATAGGTC	2
TGTAAGAG	2
TAGGGATT	2
TAGGATTA	2
TAGGATAT	2
TGTACATG	2
TGTACCAC	2
TAGCTTAT	2
TGGTGGTG	2
TATGTAAA	2
TATGGGGT	2
TATGCTTG	2
TGGTGATG	2
TATGCTAC	2
TATGAGCA	2
TATGAAAT	2
TATCTTTC	2
TGGAGATT	2
TATCCGGC	2
TGGTGTGG	2
TATCCCCT	2
TATCAAAT	2
TGGTTATA	2
TATATAGA	2
TATAGTCT	2
TCCATTCA	2
TCCCCCAA	2
TCCCCATC	2
TGCTGCTA	2
TGCTGTTC	2
TCCCCACT	2
TGCTTATA	2
TCCCATAT	2
TCCCACAT	2
TGCTGCAC	2
TCCATCAA	2
TCCATAAC	2
TCCACTAA	2
TCCACCCA	2
TGCTTCAT	2
TCCAAGAA	2
TCCAACTA	2
TCCAAATT	2
TGCTCGTT	2
TCCGCCCA	2
TCCGCATC	2
TCCGCAAT	2
TCCGCAAA	2
TGCTCGTA	2
TCCGACAT	2
TCCGACAA	2
TCCGAACA	2
TCCAAAAC	2
TCCCTTGT	2
TCCCTTGA	2
TCCCTTCA	2
TCCCTCCT	2
TCCCTATG	2
TCCCCCTT	2
TCCCCCGT	2
TCACACGG	2
TCACTATC	2
TCACTAGG	2
TCACTACA	2
TCACATTG	2
TCACATGT	2
TCACATGC	2
TCACAGGG	2
TCACAGCT	2
TCACTATT	2
TCACACCC	2
TCACAATC	2
TCACAAAT	2
TCAATTGC	2
TCAATCCC	2
TCAAGGTT	2
TGGACTGT	2
TGCTTTAA	2
TCATTTGC	2
TCATTGCC	2
TCATGTAG	2
TCATGGCT	2
TGCTTGGC	2
TCATCCCT	2
TCATCATC	2
TCATCACT	2
GTCGGTAG	2
TCATATAA	2
TCATAGCA	2
TCAGATTC	2
TCAGAGGG	2
TGGACTCA	2
TCACTGCA	2
TCACTCTC	2
GGATCTAC	2
GGATGTCG	2
TTAGTGTG	2
GGATGGTC	2
GGATGGCT	2
GGATGCTA	2
GGATGACA	2
GGATGAAC	2
GGATCTGT	2
GGATTAAA	2
GGATCGGG	2
TTAGTTCG	2
GGATATAG	2
GGATAAAC	2
GGAGTTTT	2
GGAGTGTC	2
GGAGTGAT	2
GGAGTATA	2
GGCAACGT	2
GGCAGCAA	2
GGCACTTT	2
GGCACTAC	2
GGCACATT	2
GGCACACA	2
GGCACAAG	2
GGCAAGGG	2
GGCAAGCT	2
GGAGTAGG	2
GGCAAAGG	2
GGATTGTG	2
GGATTGTA	2
GGATTGCT	2
TTAGTACA	2
GGATTCTA	2
GGATTATA	2
TTATAGCA	2
GGAGACAC	2
GGAGAATG	2
GGAGAAGC	2
GGACTTTG	2
GGACTTCC	2
GGACTGTG	2
GGACTATG	2
GGACTAGC	2
GGAGACAG	2
GGACTAAG	2
GGACGAGA	2
GGACGAAG	2
TTATAGGT	2
GGACCTTT	2
GGACCATT	2
GGACCAAG	2
GGACCAAC	2
GGAGCTAA	2
GGAGGTTC	2
GGAGGTTA	2
GGAGGTAT	2
GGAGGGAA	2
GGAGGCAA	2
GGAGGATA	2
GGAGCTTG	2
GGAGCTCG	2
GGCAGTGA	2
GGAGCACA	2
GGAGCAAT	2
GGAGAGGA	2
GGAGAGCA	2
GGAGAGAG	2
GGAGACGG	2
GGAGACCT	2
GGGAGGTT	2
GGGCCTTT	2
GGGCCAAT	2
GGGCAGGT	2
GGGCACTC	2
GGGCAAGA	2
GGGCAAAA	2
GGGATTAT	2
GGGATAAT	2
GGGCGACA	2
GGGAGGCA	2
GGGAGGAT	2
GGGAGCGC	2
GGGAGCCA	2
GGGAGATA	2
GGGAGAGA	2
GGGAGACA	2
GGGAGAAG	2
GGGGAGTG	2
GGGGGGTG	2
GGGGGGAC	2
GGGGGAGA	2
GGGGGAAG	2
GGGGCGAG	2
GGGGCCAG	2
GGGGCAAT	2
GGGGATCG	2
GGGACGAG	2
GGGGACCA	2
GGGCTGTC	2
GGGCTGCA	2
GGGCTCAC	2
GGGCGTAG	2
GGGCGTAA	2
GGGCGAGG	2
GGCCATTA	2
TTAGGGTA	2
GGCGGTAA	2
GGCGGGTC	2
GGCGGCAA	2
GGCGACTT	2
GGCGACAC	2
GGCCCTGA	2
GGCCCATT	2
GGCGTGAG	2
GGCCACAC	2
GGCCAACA	2
GGCATTTC	2
GGCATTCA	2
GGCATGTG	2
GGCATCTA	2
GGCATCCT	2
GGCTTAAA	2
GGGACCAG	2
GGGACCAA	2
GGGAAGTC	2
GGGAAGGG	2
GGCTTTTT	2
GGCTTGTG	2
GGCTTGCG	2
GGCTTGCA	2
GGACATAA	2
GGCTGTGC	2
GGCTGTAG	2
GGCTGATG	2
GGCTCCGC	2
GGCTCAGG	2
TTAGATTC	2
GGCGTTGC	2
GCGAGAGA	2
GCGGGGCA	2
GCGGGAAT	2
GCGGCAAT	2
GCGCTGGT	2
GCGCGCAA	2
GCGCAAAA	2
GCGATAGA	2
GCGAGCAA	2
TTCAATTA	2
GCGAAGGT	2
TTCACCCA	2
GCGAACAA	2
TTCACCTA	2
GCGAAATT	2
TTCACTAT	2
GCCTTTTT	2
TTCACTCA	2
GCTCAAAT	2
TTCAAACA	2
GCTCCGCT	2
GCTCCATT	2
GCTCCACC	2
GCTCATTC	2
GCTCATCC	2
GCTCAATG	2
GCTCAAGT	2
GCCTTTCC	2
GCTCAAAG	2
GCGTTTGA	2
TTCAACAT	2
GCGTGTAT	2
GCGTGGAG	2
GCGTGCAT	2
GCGTACTA	2
GCCCTTTG	2
GCCTCTAT	2
GCCTCTAA	2
GCCTCCTT	2
GCCTCCCT	2
GCCTCAGC	2
GCCTAGCG	2
GCCTACAA	2
GCCGAGTG	2
GCCTCTCA	2
GCCCTTGC	2
GCCCTTCT	2
GCCCTCTT	2
GCCCTCCT	2
TTCATAGA	2
GCCCCTTT	2
GCCCCCTC	2
GCCTTCAA	2
GCCTTTAT	2
GCCTTGTG	2
GCCTTGTA	2
GCCTTGCT	2
TTCACTTC	2
TTCAGTCT	2
GCCTTCTG	2
GCCTTCTA	2
TTATTTAC	2
GCCTTAAT	2
GCCTGTGT	2
GCCTGTCC	2
GCCTGGAC	2
GCCTGCCA	2
GCCTCTGT	2
GCCTCTCC	2
GGAAAGGA	2
GGAACGGC	2
GGAACCAG	2
GGAAATGA	2
TTATTAAT	2
GGAAAGTG	2
TTATTCCC	2
GGAAAGGG	2
TTATTGAA	2
GGAACTCA	2
GGAAAGCT	2
GGAAAGAC	2
GGAAACTT	2
GGAAAAGG	2
GGAAAACC	2
GGAAAACA	2
GCTTTTGT	2
GCTTTGCC	2
GGAAGTTT	2
GGACACGC	2
GGACACAC	2
GGACACAA	2
GGAATTAT	2
TTATGCTT	2
GGAATGCT	2
GGAATAGG	2
GGAATAAC	2
GCTTTCAA	2
GGAAGTGG	2
GGAAGTAT	2
GGAAGCCA	2
GGAAGAGG	2
GGAAGAGA	2
GGAAGAAA	2
TTATGTAA	2
GCTCTTTC	2
GCTGTAAA	2
GCTGGCTC	2
GCTGCTAC	2
GCTGCCCT	2
GCTGCATT	2
GCTGCAAT	2
GCTGATCA	2
GCTGAAAA	2
GCTGTGTG	2
GCTCTGCA	2
TTATTGTA	2
GCTCTCGC	2
GCTCTAAT	2
GCTCGCCT	2
TTATTGTC	2
GCTCGAAT	2
GCTTCCGA	2
GCTTGGTT	2
GCTTGGCT	2
GCTTGATG	2
GCTTGATC	2
GCTTGAGC	2
GCTTGAGA	2
GCTTGACA	2
GCTTCGAT	2
GGGTAACT	2
GCTTCAGG	2
GCTTATTC	2
GCTTATGC	2
GCTTAGGG	2
GCTTACAC	2
TTATTGGT	2
GCTGTTGA	2
GNTTGTGT	2
GTAAGCAT	2
GTAAGATT	2
TNCATGCA	2
GTAACTTT	2
TNCATGCT	2
GTAAACTT	2
TNCATTTT	2
GTAAAAAA	2
GTAATAAC	2
TNCCCTAT	2
GNTTGTAC	2
GNTGGAGA	2
GNTGCATA	2
GNTCAATT	2
TNCCCTTG	2
GNGTTTGA	2
GNGTTATA	2
GTACATGG	2
GTAGCCTA	2
TNAGGTAA	2
TNATTATA	2
GTAGAGTT	2
GTAGAGAG	2
GTACTTCA	2
TNATTCCA	2
GTACATGT	2
TNCTCTTC	2
GTACATAT	2
GTACACAT	2
GTACAAGG	2
GTACAAAT	2
GTAATTCG	2
GTAATGTA	2
GTAATATC	2
GNGAGAGG	2
TTAAAAAG	2
GNGCTAAT	2
GNGATTGC	2
TTAAAAGA	2
TTAAAAGC	2
TTAAACAA	2
TTAAACTA	2
TTAAACTC	2
TNTGTGTG	2
GNGAGAGA	2
TTAAAGAA	2
GNGACACA	2
GNCTCTCT	2
GNCTATAG	2
TTAAAGGT	2
GNCCGCAT	2
GNATCTAC	2
TNTATAAA	2
TNGACGTA	2
GNGTTAAA	2
TNGCTGTG	2
TNGGTATA	2
GNGTGTAC	2
GNGTGAGA	2
TNGGTGGG	2
TNGTTCAC	2
GTAGGAGA	2
GNGGGGTT	2
GNGGGATG	2
TNTCCTCC	2
TNTCGCTC	2
TNTCTCTG	2
TNTGTGTA	2
GNGGAGGA	2
GTCAATTC	2
GTCATACA	2
GTCAGGGG	2
GTCAGGAC	2
GTCAGATT	2
GTCAGATC	2
GTCACTCT	2
GTCACGAA	2
GTCACACA	2
GTCATCTA	2
GTCAAGAT	2
GTCAAATT	2
GTCAAAAC	2
GTATTTGT	2
GTATTGTG	2
GTATTGGC	2
TGTTTCTA	2
GTATTGGA	2
GTCCATAA	2
GTCGGCAC	2
GTCGAGCA	2
GTCCTTCT	2
GTCCTCCG	2
GTCCTATC	2
GTCCTAGC	2
GTCCGTTC	2
GTCCGCCT	2
GTATTGCC	2
GTCCACAG	2
GTCCACAA	2
TGTTTACT	2
GTCCAAAA	2
GTCATTAC	2
GTCATGGC	2
GTCATGAC	2
GTAGTCTT	2
GTATATGC	2
GTATATAT	2
GTATAGGT	2
TNACGAAT	2
GTATACGT	2
GTAGTTTC	2
GTAGTTAT	2
GTAGTGGG	2
TNACAGAT	2
GTAGTCCC	2
GTAGTAAT	2
GTAGTAAC	2
TNACGTAG	2
GTAGGCGT	2
TNACTAGA	2
GTAGGATA	2
GTATGGTT	2
TGTTTGCT	2
TGTTTGTT	2
TGTTTTCA	2
GTATGTGC	2
GTATGTCT	2
TGTTTTCC	2
TGTTTTTC	2
GTATGTAC	2
GNATCGGA	2
TNAACTAG	2
GTATGGGT	2
GTATGCGT	2
GTATGCAT	2
GTATGAGC	2
GTATCATT	2
GTATCACC	2
GGTAATTA	2
TTAATCCC	2
GGTAGTGG	2
TTAATGAA	2
GGTAGTGC	2
GGTAGAGT	2
GGTAGAGC	2
GGTAGAGA	2
TTAATGAG	2
GGTATATA	2
GGTAAGCT	2
TTAATGCA	2
GGTAAGCC	2
GGTAACTG	2
GGTAACAT	2
GGTAACAA	2
GGTAAAAA	2
GGGTTTGT	2
GGTCAGAT	2
GGTCCATG	2
GGTCCATC	2
GGTCCACA	2
TTAATAGA	2
TTAATATC	2
TTAATCAA	2
GGTCATTG	2
GGTCATGG	2
GGGTTTGC	2
GGTCACCC	2
GGTCACAT	2
GGTCAATT	2
TTAATCAG	2
GGTCAAAT	2
GGTATTCG	2
GGTATGAG	2
GGGTCATA	2
GGGTCTCA	2
GGGTCGTT	2
TTAATTGG	2
GGGTCGGC	2
GGGTCGGA	2
GGGTCCTC	2
GGGTCCCC	2
GGGTCATT	2
GGGTGACT	2
GGGTATCA	2
TTAATTTG	2
GGGTACTT	2
GGGTACGT	2
TTAGAAGG	2
GGGTAATN	2
GGGTAATC	2
GGGTTAAA	2
GGGTTTCC	2
GGGTTTCA	2
GGGTTGGC	2
GGGTTGAT	2
GGGTTGAG	2
GGGTTAGG	2
GGGTTACG	2
GGGTTAAT	2
GGTCCGTG	2
GGGTGTGC	2
GGGTGTCA	2
GGGTGTAT	2
GGGTGGTA	2
GGGTGGGC	2
GGGTGCCT	2
GGGTGATT	2
GGTTCTTG	2
TTAAGAAG	2
GGTTGGCT	2
GGTTGCAT	2
GGTTGCAG	2
TTAAGACA	2
GGTTGAGT	2
TTAAGCAC	2
GGTTGAGA	2
GGTTGGGG	2
GGTTCGAC	2
GGTTCACA	2
GGTTACCC	2
GGTTAACC	2
GGTGTTTG	2
GGTGTTAC	2
TTAAGCTC	2
GGTGTGTA	2
GGTTTGGT	2
TTAAAGTG	2
GNAGATGG	2
GNACGTAT	2
TTTTTTTG	2
TTAAATAG	2
GNAATTAC	2
GNAAGGTT	2
GNAAAAAC	2
TTAAGGTC	2
GGTTTGGA	2
GGTTTCTT	2
GGTTTATA	2
GGTTTAGA	2
GGTTGTGG	2
GGTTGTCT	2
GGTTGGTT	2
GGTCGTTC	2
GGTGCAAG	2
GGTGAGAG	2
TTAATAAA	2
GGTGACTC	2
GGTGACCT	2
GGTGACCA	2
GGTCTGTA	2
GGTCTCTC	2
GGTGGCTG	2
GGTCGTAA	2
GGTCGGCC	2
GGTCGCTT	2
GGTCGCTC	2
GGTCCTCT	2
TTAATAAC	2
GGTCCTCC	2
GGTGTGAC	2
GGTGTGGG	2
TTAAGGTT	2
TTAAGTAG	2
TTAAGTCA	2
GGTGTGGA	2
TTAAGTCC	2
TTAAGTTT	2
GGTGTGCG	2
GCCCCCCT	2
GGTGTCGT	2
GGTGTATT	2
GGTGTATA	2
GGTGTAGT	2
GGTGGTGC	2
GGTGGGGA	2
GGTGGGAA	2
ATAATTTC	2
ATACTCGT	2
ATACTCCA	2
ATACGGTA	2
ATACGCTA	2
ATACGCGT	2
ATACGATA	2
ATACAGTA	2
ATACAAAG	2
ATAATTTT	2
ATACTGCT	2
ATAATTTA	2
ATAATTGA	2
ATAATTAT	2
ATAATTAG	2
ATAATTAC	2
ATAATGTC	2
ATAATGGT	2
ATAATGGC	2
ATAATGGA	2
ATAGGCTG	2
ATATACAT	2
ATATAAAT	2
ATAGTTCG	2
ATAGTGTT	2
ATAGTCAA	2
ATAGTAAC	2
ATAGGTCG	2
ATAGGTAA	2
ATAGGGGG	2
ATAATGCC	2
ATAGGCTC	2
ATAGGAGA	2
ATAGCTTA	2
ATAGCCGT	2
ATAGCCGA	2
ATAGCAAT	2
ATAGACGG	2
ATACTTCT	2
ATAACGCT	2
ATAAGCAC	2
ATAAGAGA	2
ATAACTTT	2
ATAACTTG	2
ATAACTTC	2
ATAACTTA	2
ATAACTAT	2
ATAACTAC	2
ATAACGTA	2
ATAAGCAG	2
ATAACGAG	2
ATAACGAC	2
ATAACCTG	2
ATAACCTA	2
ATAACCCT	2
ATAACCCG	2
ATAACCCC	2
ATAACCAA	2
ATAACATT	2
ATAAGTTT	2
ATAATGAT	2
ATAATGAC	2
ATAATCTT	2
ATAATCTG	2
ATAATCGC	2
ATAATCCC	2
ATAATATG	2
ATAATATC	2
ATAATACT	2
ATATAGGA	2
ATAAGTTA	2
ATAAGTAC	2
ATAAGGCG	2
ATAAGGAG	2
ATAAGCGT	2
ATAAGCGC	2
ATAAGCCG	2
ATAAGCAT	2
ATCGCTCT	2
ATGAGTGT	2
ATGAGTGA	2
ATGAGGCA	2
ATGAGGAT	2
ATGACCAA	2
ATGACAAC	2
ATGAATTT	2
ATGAACCT	2
ATGAAAAT	2
ATGATCGT	2
ATCGCCTG	2
ATCGCCAA	2
ATCGCATG	2
ATCGCAAT	2
ATCGACGT	2
ATCCTTTG	2
ATCCTTAT	2
ATCCTTAC	2
ATCCTGCT	2
ATGCGAGG	2
ATGGAGGT	2
ATGGACTG	2
ATGGACTA	2
ATGGAAAG	2
ATGCTTGT	2
ATGCTGGG	2
ATGCTAGA	2
ATGCGTGA	2
ATGCGTAA	2
ATCCGCAC	2
ATGCGAAC	2
ATGCCTCT	2
ATGCCAGG	2
ATGCCACA	2
ATGCATTA	2
ATGCACAC	2
ATGATTAG	2
ATGATCTA	2
ATATGGTG	2
ATCACTCT	2
ATCACCTG	2
ATCACCGC	2
ATCACCCA	2
ATCACAAG	2
ATCACAAA	2
ATCAAGCA	2
ATCAAGAT	2
ATCAACTA	2
ATCAGCCC	2
ATATGGCT	2
ATATGCAC	2
ATATCTTC	2
ATATCTGA	2
ATATCGTN	2
ATATCCAG	2
ATATATCT	2
ATATATAG	2
ATATATAC	2
ATCCAATT	2
ATCCCTGG	2
ATCCCTCT	2
ATCCCTCA	2
ATCCCAAT	2
ATCCCAAA	2
ATCCATCC	2
ATCCAGTA	2
ATCCAGGT	2
ATCCACAC	2
ATAACATG	2
ATCCAAGT	2
ATCATGTT	2
ATCATCTT	2
ATCATCTC	2
ATCATCAA	2
ATCATATG	2
ATCAGTTA	2
ATCAGTGA	2
AGTGAGTG	2
AGTGTGAC	2
AGTGGTTG	2
AGTGGTAT	2
AGTGGATT	2
AGTGGACA	2
AGTGGAAG	2
AGTGCTTA	2
AGTGCTAT	2
AGTGCGTT	2
AGTGTGTC	2
AGTGAGAG	2
AGTGACCC	2
AGTGACCA	2
AGTGAATG	2
AGTGAAAT	2
AGTCTGTT	2
AGTCTGAT	2
AGTCTGAC	2
AGTCTCTC	2
AGTTCTTC	2
AGTTTTGC	2
AGTTTGTC	2
AGTTTGGC	2
AGTTTGAG	2
AGTTTCTC	2
AGTTGTCC	2
AGTTGGAA	2
AGTTGCCA	2
AGTTGAGT	2
AGTCTCCC	2
AGTTCGGA	2
AGTTCGCT	2
AGTTCCCA	2
AGTTCAGG	2
AGTTATGG	2
AGTTACAT	2
AGTGTTGG	2
AGTGTTCT	2
AGTAAGGG	2
AGTATGTT	2
AGTATGGT	2
AGTAGTTA	2
AGTAGTAG	2
AGTAGGTG	2
AGTAGCTG	2
AGTACTAA	2
AGTAATTG	2
AGTAATCT	2
AGTCAAGT	2
AGTAACAC	2
AGGTTTGT	2
AGGTTTGC	2
AGGTTTAG	2
AGGTTGGC	2
AGGTTGCG	2
AGGTTGCC	2
AGGTTCAT	2
AGGTTAAG	2
AGTCCCAT	2
AGTCTCAG	2
AGTCTACA	2
AGTCGAGG	2
AGTCGAGC	2
AGTCGACT	2
AGTCGACA	2
AGTCCTTT	2
AGTCCTAT	2
AGTCCGCA	2
AGTTTTTA	2
AGTCCATT	2
AGTCATTA	2
AGTCATGT	2
AGTCATGA	2
AGTCAGGT	2
AGTCAGAG	2
AGTCACCT	2
AGTCACAG	2
ANTCATTA	2
ATAAAACC	2
ANTTATAG	2
ANTCTCTC	2
ANTCTCTA	2
ANTCGTGA	2
ANTCGGAA	2
ANTCCCAT	2
ANTCCATC	2
ANTCCAAC	2
ATAAAAGA	2
ANTAGGAA	2
ANGTTAGA	2
ANGGTTAG	2
ANGGTCGG	2
ANGCGTAT	2
ANGCGCAG	2
ANGCGATG	2
ANGAGAAA	2
ANGAAGAG	2
ATAAAGTT	2
ATAACAGC	2
ATAACAGA	2
ATAACACG	2
ATAACAAC	2
ATAAATTG	2
ATAAATTA	2
ATAAATGG	2
ATAAATCT	2
ATAAATCA	2
ANGAAAAT	2
ATAAAGTG	2
ATAAACTT	2
ATAAACGA	2
ATAAACCG	2
ATAAACCC	2
ATAAAATA	2
ATAAAAGT	2
ATAAAAGG	2
ANACCAAA	2
ANACGCTC	2
ANACGCTA	2
ANACGCAT	2
ANACGATA	2
ANACGACC	2
ANACGAAG	2
ANACGAAA	2
ANACCTTA	2
ANACCTGT	2
ANACGCTG	2
ANACATCT	2
ANACAAAA	2
ANAATGTT	2
ANAAGAGG	2
ANAAGAAG	2
ANAAAGAG	2
ANAAAATT	2
ANAAAACA	2
ANATAGAT	2
ANCGTTCT	2
ANCGTATA	2
ANCGTAGC	2
ANCCTTGG	2
ANCCACTA	2
ANCAACTC	2
ANATGTAT	2
ANATGAGG	2
ANATATAT	2
ATGGCGAG	2
ANATACGA	2
ANATAATT	2
ANAGGTAT	2
ANACTTGC	2
ANACTGAA	2
ANACTCAT	2
ANACTCAA	2
ANACTAAA	2
CAGAGGAA	2
CAGCAAGA	2
CAGCAACA	2
CAGCAAAT	2
CAGCAAAA	2
CAGATTCA	2
CAGATTAT	2
CAGATGTA	2
CAGAGTTG	2
CAGAGTGT	2
CAGCATCA	2
CAGAGCAA	2
CAGACTAA	2
CAGACACG	2
CAGACACA	2
CAGAACTC	2
CAGAAATG	2
CACGTCCA	2
CACGTATA	2
CACGTACG	2
CAGGAAGT	2
CAGTTATA	2
CAGTTAAA	2
CAGTATTC	2
CAGTAAAA	2
CAGGGGCT	2
CAGGGCTA	2
CAGGGCAC	2
CAGGCAAT	2
CAGGATTA	2
CACGGTGA	2
CAGGAAAA	2
CAGCTGGA	2
CAGCTCTA	2
CAGCTATC	2
CAGCGACC	2
CAGCCTTG	2
CAGCCCCT	2
CAGCCCCG	2
CACATCAT	2
CACCACGC	2
CACCAATT	2
CACCAATC	2
CACCAAGA	2
CACCAAAG	2
CACATTTC	2
CACATGGG	2
CACATGAG	2
CACATCCT	2
CACCACTC	2
CACATATG	2
CACATAAT	2
CACATAAC	2
CACAGTGT	2
CACAGTGA	2
CACAGGTC	2
CACAGACA	2
CACAGAAA	2
CACACTTT	2
CACCCTTG	2
CACGCAAA	2
CACGATCA	2
CACGAGAC	2
CACCTTAC	2
CACCTGCA	2
CACCTGAA	2
CACCTCCT	2
CACCTATA	2
CACCTAAA	2
CAGTTCAA	2
CACCCTGA	2
CACCCCTC	2
CACCCACT	2
CACCCACC	2
CACCATTA	2
CACCATGC	2
CACCATCA	2
CACCATAT	2
CATGTATA	2
CATTACTA	2
CATTACAT	2
CATTAAAT	2
CATGTTGA	2
CATGTGCG	2
CATGTGCA	2
CATGTGAG	2
CATGTGAA	2
CATGTCTT	2
CATTACTG	2
CATGTAGC	2
CATGTACG	2
CATGTACA	2
CATGTAAA	2
CATGGTTC	2
CATGGGAA	2
CATGGATG	2
CATGGAAC	2
CATGCTTG	2
CATTGAGA	2
CATTTTCT	2
CATTTTAT	2
CATTTTAC	2
CATTTAAT	2
CATTGTAC	2
CATTGGTA	2
CATTGGAA	2
CATTGATC	2
CATTGAGG	2
CATGCTCT	2
CATTGACT	2
CATTCTTC	2
CATTCCCC	2
CATTCCAG	2
CATTCACA	2
CATTCAAT	2
CATTATAG	2
CATTAGAA	2
CATCAGCA	2
CATCCCTC	2
CATCCAAT	2
CATCCAAA	2
CATCATGT	2
CATCATCG	2
CATCATCC	2
CATCAGTC	2
CATCAGGA	2
CATCAGCG	2
CATCGGGT	2
CATCACTG	2
CATCACGT	2
CATCACCG	2
CATCACAT	2
CATCACAC	2
CATCAATN	2
CATCAATG	2
CATCAATA	2
CAGTTCCA	2
CATCTTGA	2
CATGCTCA	2
CATGCATC	2
CATGCAAC	2
CATGCAAA	2
CATGAGCA	2
CATGAGAG	2
CATGACGT	2
CATCTTTT	2
CATCTTGT	2
CACACTGT	2
CATCTCTT	2
CATCTCTG	2
CATCTCCA	2
CATCTATA	2
CATCTAAC	2
CATCTAAA	2
CATCGTTG	2
CATCGTTA	2
ATTGCCTG	2
ATTTGATC	2
ATTTGAAG	2
ATTTCATT	2
ATTTATAG	2
ATTGTGGT	2
ATTGTCAG	2
ATTGTACG	2
ATTGGTTC	2
ATTGGGAT	2
ATTTGGAA	2
ATTGCCTA	2
ATTGCATG	2
ATTGCAGT	2
ATTCTTTA	2
ATTCTGTT	2
ATTCTCAC	2
ATTCGTTA	2
ATTCGCAA	2
ATTCCGCT	2
CAAAACTT	2
CAAACACG	2
CAAACACA	2
CAAACAAT	2
CAAACAAG	2
CAAACAAA	2
CAAAATAC	2
CAAAAGTT	2
CAAAAGGT	2
CAAAAGGC	2
ATTCCCTA	2
CAAAACGC	2
CAAAACAA	2
CAAAAAGT	2
ATTTTTTC	2
ATTTTGTA	2
ATTTTACT	2
ATTTGTCT	2
ATTTGGAC	2
ATGTAGCT	2
ATTAACAT	2
ATTAAAGA	2
ATTAAACT	2
ATTAAAAG	2
ATGTTTTT	2
ATGTTCAA	2
ATGTTATT	2
ATGTGATG	2
ATGTCATA	2
ATTAACGT	2
ATGTACAC	2
ATGGTTGA	2
ATGGTAGG	2
ATGGGTGG	2
ATGGGGGG	2
ATGGGCTG	2
ATGGGCGG	2
ATGGGAGC	2
ATGGGAGA	2
ATTAGTAA	2
ATTCCCCC	2
ATTCCCCA	2
ATTCCACA	2
ATTCAGAG	2
ATTCACTT	2
ATTCACAC	2
ATTATGTT	2
ATTATGTC	2
ATTAGTTC	2
CAAACCAC	2
ATTAGGGT	2
ATTAGCTG	2
ATTAGAGT	2
ATTACTTT	2
ATTACATC	2
ATTAATCA	2
ATTAAGTT	2
ATTAAGGG	2
CAATCTCA	2
CAATTCCT	2
CAATTCCC	2
CAATTCAC	2
CAATGTCT	2
CAATGCTT	2
CAATGCAT	2
CAATGATC	2
CAATGAAT	2
CAATCTCT	2
CAATTCTA	2
CAATACCC	2
CAATACCA	2
CAATAAAT	2
CAAGTAAT	2
CAAGGTTG	2
CAAGGTTA	2
CAAGGCTC	2
CAAGGCTA	2
CAAGGAAA	2
CACACAAG	2
CACACTAG	2
CACACTAC	2
CACACGTT	2
CACACGGC	2
CACACGGA	2
CACACGCC	2
CACACCGA	2
CACACAGG	2
CACACACN	2
CAAGCGGA	2
CACAATGT	2
CACAATCA	2
CACAAGAA	2
CACAACCA	2
CACAACAT	2
CACAAAAC	2
CAATTGGT	2
CAATTGCA	2
CAAATTCT	2
CAACAGGT	2
CAACACTG	2
CAACACAC	2
CAACAATA	2
CAACAACG	2
CAACAACC	2
CAACAAAC	2
CAACAAAA	2
CAAATTTT	2
CAACAGTA	2
CAAATGGC	2
CAAATCCA	2
CAAATCAC	2
CAAATACA	2
CAAAGGTT	2
CAAAGGGC	2
CAAACCTG	2
CAAACCGG	2
CAACTTAT	2
CAAGCCAA	2
CAAGCATG	2
CAAGCACT	2
CAAGAGGG	2
CAAGAGAT	2
CAAGAAGC	2
CAACTTTT	2
CAACTTGT	2
CAACTTCA	2
AGGTGTTT	2
CAACTCTC	2
CAACTAGG	2
CAACGGAG	2
CAACGACG	2
CAACCCAT	2
CAACCATT	2
CAACCAAC	2
CAACATCA	2
ACCACAAG	2
ACCACCTC	2
ACCACCTA	2
ACCACCGA	2
ACCACCCT	2
ACCACCAT	2
ACCACATC	2
ACCACAGC	2
ACCACACC	2
ACCACACA	2
ACCACTAC	2
ACCAACTA	2
ACCAACGT	2
ACCAAAAC	2
ACATTGGA	2
ACATTCCT	2
ACATTCAC	2
ACATGTCC	2
ACATGTAT	2
ACATGTAA	2
ACCATGAT	2
ACCCCCTA	2
ACCCAATA	2
ACCCAAGA	2
ACCCAAAT	2
ACCATTTT	2
ACCATTTA	2
ACCATTCA	2
ACCATGGC	2
ACCATGCC	2
ACATGATC	2
ACCATCAC	2
ACCATATT	2
ACCATAGC	2
ACCATACA	2
ACCATAAC	2
ACCAGCCG	2
ACCAGAAA	2
ACCACTTC	2
ACACCTCA	2
ACACTACA	2
ACACTAAN	2
ACACTAAG	2
ACACGGTT	2
ACACGGAG	2
ACACGGAA	2
ACACGCAC	2
ACACGACG	2
ACACCTGT	2
ACACTCAA	2
ACACCGGC	2
ACACCCAG	2
ACACCATA	2
ACACATTC	2
ACACATGC	2
ACACATCT	2
ACACATCC	2
ACACAGTT	2
ACACAGAT	2
ACAGGCTC	2
ACATGAAG	2
ACATCTTC	2
ACATCTCT	2
ACATATAC	2
ACATAGAA	2
ACATACAG	2
ACATAACC	2
ACATAAAT	2
ACAGTTTC	2
ACCCCTAT	2
ACAGGCGA	2
ACAGGATG	2
ACAGATGA	2
ACACTTTG	2
ACACTTTA	2
ACACTGAT	2
ACACTCTA	2
ACACTCAT	2
ACTCATTA	2
ACTCTAGA	2
ACTCGTGT	2
ACTCGCTC	2
ACTCGCTA	2
ACTCGCAC	2
ACTCCTTC	2
ACTCCTCT	2
ACTCCTAA	2
ACTCATTG	2
ACTCTCAA	2
ACTCATGC	2
ACTCAGGT	2
ACTCACAG	2
ACTCAAGA	2
ACTCAACA	2
ACGTTTTT	2
ACGTTTTG	2
ACGTTTTC	2
ACGTTGTG	2
ACTCTTTT	2
ACTTCCTT	2
ACTTATAG	2
ACTTAGTC	2
ACTTAAAG	2
ACTGTATC	2
ACTGCGCC	2
ACTGCATT	2
ACTGATGC	2
ACTGAATT	2
ACGTTAGA	2
ACTCTTTA	2
ACTCTTAT	2
ACTCTGTC	2
ACTCTGAT	2
ACTCTCGC	2
ACTCTCCT	2
ACTCTCCC	2
ACTCTCAT	2
ACCCTTCT	2
ACGAATGG	2
ACCGTAGC	2
ACCGTAAT	2
ACCGCGGA	2
ACCGATTT	2
ACCGATCT	2
ACCGATCA	2
ACCCTTTT	2
ACCCTTTG	2
ACGACAAT	2
ACCCTGCA	2
ACCCTCCA	2
ACCCGTGT	2
ACCCGTCA	2
ACCCGGTA	2
ACCCGCTC	2
ACCCGCTA	2
ACCCCTTT	2
ACCCCTTG	2
ACGCTGAT	2
ACGTTAAT	2
ACGTGATT	2
ACGTATTT	2
ACGTACAA	2
ACGTAATN	2
ACGTAATA	2
ACGTAAAC	2
ACGGTCAA	2
ACGGACTC	2
ACACAGAA	2
ACGCTCAA	2
ACGCAATT	2
ACGATTAT	2
ACGATTAA	2
ACGATGCA	2
ACGATGAT	2
ACGAGAAG	2
ACGACCTT	2
AAAGGTTG	2
AAGACATT	2
AAGACACA	2
AAGAAGGC	2
AAGAAATA	2
AAGAAAGG	2
AAGAAAAC	2
AAAGTGGT	2
AAAGTCTA	2
AAAGGTTT	2
AAGACCAG	2
AAAGGTCC	2
AAAGGGGG	2
AAAGCGAA	2
AAAGCATT	2
AAAGCAAG	2
AAAGAGAG	2
AAAGAATC	2
AAAGAAAT	2
AAAGAAAG	2
AAGATGAG	2
AAGCCTTT	2
AAGCCGTT	2
AAGCCCAN	2
AAGCCAAC	2
AAGCACTA	2
AAGCACGC	2
AAGCAAAT	2
AAGATTCT	2
AAGATTAT	2
AAACTTTT	2
AAGATAGG	2
AAGATAGA	2
AAGATAAT	2
AAGAGTAC	2
AAGAGGTT	2
AAGAGGAA	2
AAGACTTA	2
AAGACGCT	2
AAAAGGTA	2
AAACACGC	2
AAACAATA	2
AAACAAGT	2
AAACAAAC	2
AAAATTAC	2
AAAATGTA	2
AAAATGCA	2
AAAATAAT	2
AAAATAAG	2
AAACATAA	2
AAAAGGGA	2
AAAAGGCA	2
AAAAGCTT	2
AAAAGATG	2
AAAAGAGA	2
AAAACTTT	2
AAAACGCA	2
AAAACATT	2
AAAAATAA	2
AAACCTTC	2
AAACTTTA	2
AAACTTGG	2
AAACTTGA	2
AAACTGTG	2
AAACTAGA	2
AAACTACC	2
AAACGCAA	2
AAACGATA	2
AAACGAAT	2
AAGCGTAC	2
AAACCTAG	2
AAACCTAA	2
AAACCGGG	2
AAACCATA	2
AAACCACT	2
AAACCACC	2
AAACCACA	2
AAACATCT	2
AATGTTCT	2
ACAACCTC	2
ACAACAGG	2
ACAAATTC	2
ACAAATCC	2
ACAAAGTG	2
ACAAAGAC	2
ACAAAAGG	2
ACAAAACA	2
AATGTTTC	2
ACAACTAA	2
AATGTGTA	2
AATGTGAG	2
AATGTCGC	2
AATGGCAC	2
AATGGCAA	2
AATGCTAT	2
AATGCCTT	2
AATGCACA	2
AATGAATT	2
ACAATCGT	2
ACACACTT	2
ACACACGT	2
ACACACCT	2
ACACACCC	2
ACACACAN	2
ACACAATG	2
ACACAACA	2
ACAATTAA	2
ACAATCTA	2
AATCTGTG	2
ACAATCAT	2
ACAATAGC	2
ACAATACA	2
ACAATAAC	2
ACAAGTAG	2
ACAAGCCT	2
ACAAGATC	2
ACAAGAGG	2
AAGGGATT	2
AATACACC	2
AATACACA	2
AATAATAC	2
AATAATAA	2
AATAAGTT	2
AATAACAA	2
AAGGGGTG	2
AAGGGCAT	2
AAGGGCAC	2
AATAGAGC	2
AAGGGATA	2
AAGGCCAA	2
AAGGCACC	2
AAGGATTA	2
AAGGACAA	2
AAGGAATA	2
AAGCTCGA	2
AAGCTATA	2
AATCACAT	2
AATCTACC	2
AATCGTTA	2
AATCGTAA	2
AATCGGAA	2
AATCCCTT	2
AATCCCCA	2
AATCCAAT	2
AATCATTA	2
AATCATAT	2
ACTTCTAC	2
AATCACAC	2
AATCAAAG	2
AATATTTG	2
AATATTGT	2
AATATTCT	2
AATATGTT	2
AATATGAC	2
AATAGTCC	2
AGCCTTAC	2
AGCGATTA	2
AGCGACAG	2
AGCGAAAT	2
AGCCTTTC	2
AGCCTTCG	2
AGCCTTCA	2
AGCCTTAT	2
AGCCTTAN	2
AGCCTTAG	2
AGCGCCAA	2
AGCCTGGT	2
AGCCTCTT	2
AGCCTCCC	2
AGCCTCAG	2
AGCCTAGC	2
AGCCTACA	2
AGCCTAAA	2
AGCCGGTA	2
AGCCGGGT	2
AGCGTCCG	2
AGCGTTTA	2
AGCGTTAT	2
AGCGTGTA	2
AGCGTGCG	2
AGCGTGAT	2
AGCGTCTT	2
AGCGTCTC	2
AGCGTCTA	2
AGCGTCGC	2
AGCCGCTC	2
AGCGTCAG	2
AGCGTATG	2
AGCGTAGA	2
AGCGTACC	2
AGCGTAAC	2
AGCGTAAA	2
AGCGGAAT	2
AGCGCGCT	2
AGCATAGA	2
AGCCAGGN	2
AGCCACTC	2
AGCCACCA	2
AGCCAATG	2
AGCATTAT	2
AGCATGGA	2
AGCATGCG	2
AGCATCTG	2
AGCATCCT	2
AGCCATAG	2
AGCAGTTT	2
AGCAGCTT	2
AGCAGCGC	2
AGCACGTG	2
AGCACCTT	2
AGCACCTA	2
AGCACCCT	2
AGCACATG	2
AGCAATAG	2
AGCCCTTG	2
AGCCGCGT	2
AGCCGCCT	2
AGCCGCCA	2
AGCCGCAT	2
AGCCGCAA	2
AGCCGATT	2
AGCCGATG	2
AGCCGATC	2
AGCCGAAT	2
AGGAAAGC	2
AGCCCTCT	2
AGCCCTCG	2
AGCCCTCA	2
AGCCCGAA	2
AGCCCCAA	2
AGCCCATT	2
AGCCCAAA	2
AGCCATTG	2
AGGGGCAT	2
AGGTACTT	2
AGGTAACA	2
AGGGTTTT	2
AGGGTAGA	2
AGGGGTTG	2
AGGGGTAA	2
AGGGGGGA	2
AGGGGGAG	2
AGGGGGAC	2
AGGTAGAA	2
AGGGGCAG	2
AGGGGATA	2
AGGGGACA	2
AGGGCTGT	2
AGGGCTAC	2
AGGGAGTT	2
AGGCTTTT	2
AGGCTTTA	2
AGGCTTGT	2
AGGTCATA	2
AGGTGTTG	2
AGGTGTAT	2
AGGTGGCA	2
AGGTGCCA	2
AGGTGAGG	2
AGGTGAGC	2
AGGTCTCT	2
AGGTCCTC	2
AGGTCATT	2
AGGCTTCC	2
AGGTCAAG	2
AGGTCAAC	2
AGGTATGG	2
AGGTAGTT	2
AGGTAGTG	2
AGGTAGGA	2
AGGTAGCC	2
AGGTAGAG	2
AGGACGTG	2
AGGATAGT	2
AGGATAAA	2
AGGAGGTT	2
AGGAGGGA	2
AGGAGGAT	2
AGGACTTT	2
AGGACTAA	2
AGGACGTT	2
AGGACGTN	2
AGGATTAT	2
AGGACGTC	2
AGGACGAT	2
AGGACACT	2
AGGACACG	2
AGGAATTC	2
AGGAAGGA	2
AGGAAGAA	2
AGGAACTA	2
AGGCGCAA	2
AGGCTTAT	2
AGGCTTAA	2
AGGCTAGC	2
AGGCTACA	2
AGGCTAAT	2
AGGCTAAG	2
AGGCGGTC	2
AGGCGCCT	2
AGGCGCCA	2
AGCAAGAT	2
AGGCGAAG	2
AGGCATTT	2
AGGCATTC	2
AGGCATGG	2
AGGCATCG	2
AGGCAATT	2
AGGCAAAG	2
AGGATTTG	2
AGACACTT	2
AGACCAGT	2
AGACCAGA	2
AGACCACT	2
AGACCACG	2
AGACCACC	2
AGACCAAG	2
AGACAGTT	2
AGACAGTG	2
AGACAGGG	2
AGACCATA	2
AGACACTG	2
AGACACTC	2
AGACACAG	2
AGACACAC	2
AGACAATT	2
AGACAATG	2
AGACAATC	2
AGACAAGT	2
AGACAAGG	2
AGAGAAAA	2
AGAGAGGG	2
AGAGAGCT	2
AGAGAGCG	2
AGAGAGAT	2
AGAGAGAC	2
AGAGACTT	2
AGAGAAGT	2
AGAGAAGC	2
AGAGAACC	2
AGAATTTG	2
AGACTGCC	2
AGACTAAN	2
AGACCGTT	2
AGACCGTG	2
AGACCGAG	2
AGACCGAA	2
AGACCCCT	2
AGACCATG	2
AGAAAAGG	2
AGAACCGC	2
AGAACCCT	2
AGAACATT	2
AGAAAGTG	2
AGAAAGGG	2
AGAAAGGA	2
AGAAACTC	2
AGAAACCG	2
AGAAAAGT	2
AGAACCGT	2
AGAAAACA	2
ACTTTTGC	2
ACTTGTAA	2
ACTTGGCA	2
ACTTGCCG	2
ACTTGCAC	2
ACTTGATT	2
ACTTGAGT	2
ACTTGACT	2
AGAAGCAA	2
AGAATTCC	2
AGAATGGC	2
AGAATCGG	2
AGAATCAG	2
AGAAGGTT	2
AGAAGGGA	2
AGAAGGCA	2
AGAAGCGT	2
AGAAGCAT	2
AGAGATAG	2
AGAAGACA	2
AGAACTTT	2
AGAACTCT	2
AGAACTAG	2
AGAACGTT	2
AGAACGTG	2
AGAACGGG	2
AGAACGGC	2
AGATCCCA	2
AGATGACA	2
AGATCTTA	2
AGATCTCC	2
AGATCGTT	2
AGATCGGT	2
AGATCGCC	2
AGATCCTT	2
AGATCCTA	2
AGATCCGT	2
AGATGATA	2
AGATCATC	2
AGATATGG	2
AGATATGA	2
AGATATAT	2
AGATATAA	2
AGATAGGC	2
AGATAGCC	2
AGATACTT	2
AGATACGG	2
AGATTGAC	2
AGCAACTC	2
AGCAACAA	2
AGCAAAGG	2
AGATTTCT	2
AGATTTCA	2
AGATTTAC	2
AGATTGTT	2
AGATTGCC	2
AGATTGAT	2
AGATACCT	2
AGATTCCC	2
AGATTCAA	2
AGATTAGA	2
AGATTAAT	2
AGATGGTG	2
AGATGGGC	2
AGATGCCT	2
AGATGATC	2
AGAGGCTT	2
AGAGTATC	2
AGAGTAGG	2
AGAGTACT	2
AGAGTACC	2
AGAGTACA	2
AGAGTAAN	2
AGAGTAAG	2
AGAGGGGA	2
AGAGGGAT	2
AGAGTCAC	2
AGAGGCCC	2
AGAGCTTA	2
AGAGCTAT	2
AGAGCGTT	2
AGAGCAGG	2
AGAGCACC	2
AGAGCACA	2
AGAGATGA	2
AGAGTGGC	2
AGATAAAT	2
AGATAAAA	2
AGAGTTTT	2
AGAGTTTG	2
AGAGTTAG	2
AGAGTGTT	2
AGAGTGTC	2
AGAGTGTA	2
AGAGTGGG	2
ATGCAAGC	2
AGAGTGGA	2
AGAGTGCG	2
AGAGTGAT	2
AGAGTGAG	2
AGAGTCGA	2
AGAGTCCT	2
AGAGTCCG	2
AGAGTCAG	2
CCCGCAGC	2
CCGTCGAA	2
CCGTCCTT	2
CCGTCCTA	2
CCGTCCAG	2
CCGTCCAC	2
CCCGCTCT	2
CCCGCTAG	2
CCCGCCTA	2
CCGTCGAG	2
CCCGATTA	2
CCCGAATC	2
CCCCTTTT	2
CCCCTTTG	2
CCCCTTTC	2
CCCCTTTA	2
CCCCTTGG	2
CCGTGAAT	2
CCGTCTTT	2
CCACCAAG	2
CCCGGCAA	2
CCCGGAAA	2
CCGCCTGT	2
CCGCCTCT	2
CCGCCTCG	2
CCGCCTCC	2
CCGCCTAG	2
CCGTGAGC	2
CCGTCTTG	2
CCGTCTTC	2
CCGTCTGC	2
CCGTCTAT	2
CCGTCTAA	2
CCGTCGGA	2
CCGTCGCC	2
CCCCCTCC	2
CCACTCAT	2
CCCCTCCC	2
CCCCTCCA	2
CCCCTCAT	2
CCCCTACC	2
CCCCTAAC	2
CCCCGATC	2
CCCCCTTA	2
CCACTAAA	2
CCGTTGTC	2
CCCCCGAT	2
CCCCCCTT	2
CCGTCAGT	2
CCGTCAGC	2
CCGTCACC	2
CCGTCAAC	2
CCGTCAAA	2
CCACCTCT	2
CCACCACC	2
CCACCAGA	2
CCACCCAC	2
CCACCCCG	2
CCGTGATT	2
CCACCGGG	2
CCACCGTC	2
CCACCTCA	2
CCACCAAA	2
CCACCTTG	2
CCACCTTT	2
CCACGGAT	2
CCGTTAAT	2
CCACGTAT	2
CCACGTGC	2
CCACGTTC	2
CCCTTCCG	2
CCCTGCAG	2
CCCTGCCC	2
CCCTGCCG	2
CCCTGCGT	2
CCCTGGCT	2
CCCTTCAC	2
CCCTAGCC	2
CCCTAGAC	2
CCCTGACA	2
CCCTAAGT	2
CCCTAAGG	2
CCCTAAAG	2
CCCGTTGG	2
CCCGTGCC	2
CCCGTGAA	2
CCCGTCTG	2
CCCGTCTA	2
CCCTCGTC	2
CCCTAGGG	2
CCCTAGTC	2
CCCTATCG	2
CCCTCAAA	2
CCCTCACA	2
CCCTCCAT	2
CCCTCCCC	2
CCCTCCCT	2
CCCGTAAA	2
CCCTCTAT	2
CCCTCTCA	2
CCCTCTGC	2
CCCTCTGT	2
CCCTCTTG	2
CCCTCTTT	2
CCCTGAAA	2
CCACACAT	2
CCCTTTTC	2
CCGCGGAA	2
CCGCGCCC	2
CCGCGCAA	2
CCGCGAGA	2
CCGCGACG	2
CCGCGAAT	2
CCGCCTTC	2
CCCTTTGC	2
CCACACGA	2
CCACACGT	2
CCACAGGT	2
CCACAGTG	2
CCCGGCGG	2
CCACATAC	2
CCACATTC	2
CCACATTG	2
CCCTTCTA	2
CCCGGTAA	2
CCACAAAC	2
CCACAACA	2
CCACAACT	2
CCACAAGT	2
CCACAATG	2
CCGCGTGC	2
CCGCGTAC	2
CCGTCACT	2
CCCTTCTG	2
CCCTTGCT	2
CCCTTGGA	2
CCCTTGTT	2
CCCTTTAG	2
CCCTTTCG	2
CCCTTTGA	2
CCGCCAAT	2
CCATCGGA	2
CCATCGGT	2
CCGCCGTT	2
CCGCCCTC	2
CCGCCCTA	2
CCGCCATG	2
CCGCCAGT	2
CCGCCACT	2
CCATCGAG	2
CCGCATTT	2
CCGCATTG	2
CCGCATGG	2
CCATCGTA	2
CCGCAGTA	2
CCGCACTT	2
CCGCACTC	2
CCGCACCA	2
CCATATAA	2
CCGTATCT	2
CCATAATT	2
CCATACAT	2
CCATACGG	2
CCATAGAT	2
CCATAGCC	2
CCATAGGG	2
CCATAGTG	2
CCGCACAT	2
CCATATTA	2
CCATCACA	2
CCATCAGA	2
CCATCATG	2
CCATCCCT	2
CCATGTGG	2
CCATGTGC	2
CCATCCGT	2
CCGGGAAC	2
CCGCTGTT	2
CCGCTTGA	2
CCGCTTGG	2
CCGGAAAA	2
CCGGAGAA	2
CCGGCACT	2
CCGGCCAT	2
CCGGCTAT	2
CCCCACTA	2
CCGGGAAG	2
CCGGGCAC	2
CCGGGTTA	2
CCGGTAAA	2
CCCCAATT	2
CCCCAATC	2
CCCCAACC	2
CCCCAACA	2
CCATCTGG	2
CCGCAACT	2
CCGCAAAT	2
CCGCAAAG	2
CCATCGTC	2
CCATCTAT	2
CCATCTCC	2
CCATCTGA	2
CCATCTGC	2
CCATAAGT	2
CCATCTTC	2
CCATGTCT	2
CCATGACC	2
CCATGCAA	2
CCATGTCA	2
CCATGTAA	2
CCATGCTC	2
CCCCACTC	2
CCATTGAG	2
CCCCCAAG	2
CCCCCAAA	2
CCCCATGA	2
CCCCATCA	2
CCCCAGGN	2
CCATTTCT	2
CCATTGTG	2
CCATTGGT	2
CCCCCAAT	2
CCATTCGG	2
CCACTCTA	2
CCACTCTT	2
CCACTGTT	2
CCACTTGG	2
CCACTTTC	2
CCAGAAGT	2
CCACTGCC	2
CCCCCATG	2
CCCCCATT	2
CCCCCCCC	2
CCCCCCTC	2
CCGGTGAA	2
CCGGTGCT	2
CCGGTTGA	2
CCGTACAA	2
CCGCTATT	2
CCGCTAGA	2
CCGCTAAA	2
CCGCGTTT	2
CCGCGTTC	2
CCGTACAT	2
CCGTATAT	2
CCAGAATT	2
CCATGTGT	2
CCATTAAT	2
CCATAAAC	2
CCATAAAA	2
CCAGTGTC	2
CCAGTGCA	2
CCAGTCTT	2
CCAGTCAC	2
CCAGTATG	2
CCAGGTTG	2
CCAGGTGT	2
CCAGGCTA	2
CCAGGCCT	2
CCAGCTGT	2
CCAGCAAT	2
CCAGCAGG	2
CCAGCATC	2
CCAGATCT	2
CCAGATCA	2
CCAGAATG	2
CCATTCAA	2
CCAGCCGC	2
CCAGCCGT	2
CCAGGAGA	2
CCAGCTCT	2
CCAGCTGA	2
