process_radtags v2.5, executed 2022-05-19 16:29:29 (zlib-1.2.11)
/opt/Software/stacks-2.5/process_radtags -P -p ./raw/ -o ./fastqs/ -b rowB-barcodes.csv -r -c -q --inline-null --renz-1 ecoRI --renz-2 mseI --adapter-1 AATT --adapter-2 AT
File	Retained Reads	Adapter Seq	Low Quality	Barcode Not Found	RAD cutsite Not Found	Total
Pteridium_Plate1_RowB_S210_L002_R1_001.fastq.gz	15811934	0	1298845	197226	18296301	35604306

Total Sequences	35604306
Reads containing adapter sequence	0
Barcode Not Found	197226
Low Quality	1298845
RAD Cutsite Not Found	18296301
Retained Reads	15811934

Barcode	Filename	Total	NoRadTag	LowQuality	Retained
AACT	arach169-8	5566966	2893586	203550	2469830
CCTA	arach1611-1	15640544	8008889	579828	7051827
TTACC	gry509-10	10150128	5151343	379881	4618904
GAGGT	gry404-3	3655840	2017086	124221	1514533
AGACGT	arach2837	30758	22662	618	7478
CCGATC	gry3509	206	203	0	3
ATCTCGC	arach1648	255294	134516	7804	112974
TATGGCC	paedo2218	41284	30397	846	10041
GGAATTGC	arach106	65862	37424	2097	26341
CCTCAGGC	401RYNA	198	195	0	3

Sequences not recorded
Barcode	Total
TACCAATT	52446
TTATAGAT	43522
CTAAATTC	15638
ATAGATCG	9764
TATAGATC	9606
TTCCAATT	5402
AGGTAATT	4648
AGATCGGA	3678
GGGTAATT	2148
TTTACCAA	2020
CCCTAAAT	1648
ACCAATTC	1560
CTCTCTCT	1488
GAGTAATT	1306
GTGTGTGT	1230
TCCTAAAT	1162
ACAAAATT	1076
CACACACA	1066
CAAAAATT	948
TNCCAATT	884
ATCCGCAA	876
AATAAATT	834
TNATAGAT	688
AATAATTC	618
AATATAGA	578
AAAAAATT	520
TCTCGCAA	508
TCTCTCTC	432
ACTCGCAA	404
ATATATAT	394
AAACCAAT	366
AAAAAAAT	298
TAACAAAT	274
CNAAATTC	264
TTTATAGA	254
CTATAGAT	252
GAGAGAGA	232
ATTCGCAA	230
ACACACAC	228
TCCAATTC	220
TAGATCGG	208
AAACTAAT	208
TGAGGTAA	192
GGATGGTT	186
TACCTAGA	182
TGTGTGTG	182
AGGTATAG	176
ANAGATCG	162
TAACTAAT	160
AAACAAAT	156
TNTAGATC	146
GAATTGCA	144
TAAACAAT	140
GGAGGTAA	134
GAAGGTAA	122
GGTAATTC	122
GTATGTGT	120
GAGTATAG	114
GTGTGTAT	112
CAGACAGA	110
TTAAAAAT	104
ANTAAATT	104
ANTAATTC	102
GAAGAAGA	100
GTGTATGT	100
ATATAGAT	98
CCCGCATT	94
CTAGATCG	94
GNGATATA	88
ATAACAAT	86
TATATATA	86
AGAGAGAG	84
CAAAAAAT	82
GGATTGCA	82
CACACATA	78
TAACAAAA	74
ATGGCCAA	74
TATGCCAA	74
TAACAATT	72
TAATAGAT	72
AAAAAAAA	72
TTAAAAAA	70
ANGTAATT	70
ATACAAAT	70
TACCAATA	68
CAAAAATA	66
TTAAAGAT	66
GNTAAATT	66
GACAGACA	64
ACAAAATA	64
TCCCCAAT	60
TTATAGAA	58
CNAAAATT	58
AGAAGAAG	58
AGACAGAC	58
GACCAAGA	56
ACACATAC	54
TACCAATN	52
TGTGTGTA	50
TNGCCAAT	50
ATGTGTGT	50
ANGGTAAT	50
TTATAGAN	50
GTATAGAT	48
AAACCAAA	46
TNTAAATT	46
CNCTAAAT	46
TNACAATT	46
AAGAAGAA	46
TTAAGAAT	46
ANATCGGA	44
TTATGGAT	44
GGGTATAG	44
GTGTGTGA	42
TNATCAAT	42
CTCACACA	40
TACAATTC	40
ATGGCCTA	40
CNTTATAG	38
AATAAATA	38
ATAACAAA	38
GNGTAATT	36
GGAATGCA	36
TACCGATT	34
TACAAATT	34
CNCACACA	34
TACCAAAT	34
AATAGATC	34
AAAAAATA	34
CNTGAATT	34
ACAAAAAT	32
TNACAAAT	32
TNACTAAT	32
CAAATTCA	32
ACACACAT	32
ACAATAGA	32
TTATATAT	32
TTGGCCAA	30
TGTGTATG	30
GAGTAGAT	30
CCCTATAG	30
CACATACA	30
ATACACAC	30
GTCTCTCT	30
ATCGCAAT	30
TTTCTTCA	30
TNAACAAT	30
ACCACCTC	30
CTTTATAG	30
AAAACAAT	30
GAATTGCT	30
CAAAAAAA	30
GGTGTGTG	28
CNCAAATT	28
CTAATTCC	28
ATAAAAAT	28
GTGTGTGC	28
ANATAATT	26
CTCTTATA	26
CTAATTCA	26
GATCTAAT	26
CTCGCAAT	26
ANCAATTC	26
GATTATAG	26
TAAATTCA	26
CAAATTCT	24
GTTGGTCC	24
GTGTGAGA	24
CAAATAGA	24
TTCATGCA	24
ACCAAAAA	24
GCTCTCTC	24
GTGTGCGT	24
TACCAATG	24
TTGTTTTG	24
TATGTGTG	24
GATAGATC	24
AATAAAAT	22
CGCAATTC	22
TACACACA	22
TTGGGGGG	22
ACTTATAG	22
GAGTAAAT	22
ATAATTCA	22
GNAATTGT	22
GNAGTAAT	22
TGCCAATT	22
GNCTAATT	22
ACATACAT	22
CCCCAAAA	22
TATATAGA	22
CTAAATTA	22
GTTTGTGT	22
TNTGGCTA	22
TGAGGTAT	22
TAAACAAA	22
GTATGTAT	22
ACAAAAAA	22
TAGGCCAA	20
GTGTTTAT	20
CTCTCTCA	20
CTAAAATC	20
CACACAAC	20
AAAACAAA	20
CAAAATTC	20
TTTAAAAA	20
TGTGTGTT	20
TTCATGAT	20
GNGTGTGT	20
ATAACGCA	20
CAAATTCC	20
TNTACCAA	20
ATAGGTCG	18
AAGCTAAT	18
CNCTCTCT	18
CCATCACC	18
ATGTATGT	18
ATAAAACT	18
CACACACT	18
AAACACAC	18
TGTATGTG	18
GTGTATAT	18
TAAAAAAT	16
TTTTATAG	16
ANCCGCAA	16
AGGTTAGA	16
CATGTGTG	16
CTCTCATA	16
CATTATAG	16
CCCTTCCT	16
TATCTCGC	16
CNACCAAT	16
TTATATAG	16
TACCATTT	16
CCGTATAG	16
GTGTGTTT	16
CACAAACA	16
TAAATTCC	16
TACCAGTT	16
CCATATAG	16
ATAAGAAG	16
GTGTATGG	16
TTCCAATA	16
GAGTGTGT	16
CACCATCA	16
ACATACAC	16
ACTCTCTC	16
CTCTCTCG	16
ATAAAAAA	16
GGGTTATA	16
TAGTTATA	16
ATAGATCA	14
ATCCTCGC	14
GCACACAC	14
GGTAAATT	14
TTCCTTAT	14
ANCCAATT	14
AGATCGGN	14
GTGTGTAA	14
GGGTAGTT	14
ATAAAGAC	14
TAGCTAAT	14
ATAAATCG	14
AAAATAGA	14
TTATAAAT	14
ATCACTAA	14
TTAATTGA	14
ATAAACTG	14
TCATCTGC	14
TAGCAATT	14
GTGCGTGT	14
CAATCCCC	14
GNACCAAT	14
TNCTAAAT	14
GTGTGAGT	14
ATAAAAGC	14
GAGCAAAT	14
ATAATTTG	14
TTGGCCTA	14
GAGAGATA	14
TNCCCAAT	14
TAAATTCT	14
ATAAACAT	14
CACACATG	14
ATAACACA	14
CTTCAACA	14
CGCACACA	14
CTGTGTGT	14
AAACAAAA	14
AAAGATCG	12
CACCTCAA	12
TATGTGTA	12
ATTATAGA	12
CACGCACA	12
ATGTGTAT	12
CTGAATTC	12
CTTCTTCT	12
CACACACC	12
TATGGATC	12
GGTTGGTT	12
TATGGTTA	12
CTACTTGT	12
CAGAGAGA	12
TATATATC	12
AGTAATTC	12
ATTAGATC	12
GNGATAAT	12
TATGGTAT	12
AGGTTATA	12
CAGAAATT	12
TCATAGAT	12
CTCTCTTT	12
ATAAAAGA	12
CTATTTTG	12
CCATGGTT	12
ATAAAACC	12
ATAAGGAT	12
ATAAGCTT	12
ATAAGCTA	12
GTAGATCG	12
TAATTATA	12
TTAAAGGA	12
CCCGAAAA	12
ATAACTTG	12
CCCTAATT	12
CTAAAGTC	12
GATGAAAT	12
ATAAACAA	12
ATAACATG	12
GTATATGT	12
ACCACAAC	12
TCTTCTTC	12
GCATGTGT	12
GATTGCAA	12
TTCTTGCA	12
ATAAAGTA	12
ATAAAGCA	12
GGAGTGAG	12
AAAGTAAT	12
CTTTTGCT	12
TTATACAT	12
GTTTATGG	12
CTTGCTTA	12
ANACCAAT	12
ACAAATTC	12
ANCAAATT	12
ACAACCAA	12
CTCTCCCT	12
CTCTCACA	12
CGGAAAAA	12
ACACACAA	12
GAGAGAGT	12
TATAGATA	12
GAGAGCTT	12
GAGCAAAA	12
ATAATTCT	12
CTTGCAAG	12
GGAATAGA	12
TATAGATN	12
ATAATGAG	12
CTCCATCA	10
TCCGATCT	10
GTCACTCA	10
ACTCGCTA	10
ACTGGCAC	10
TCTCTGGC	10
TCTCTCTT	10
TCTCTCTG	10
ATAAGCCA	10
TGTGTGAG	10
ATAAAACA	10
ATAATGTC	10
ATAATCAA	10
ATAATATG	10
ACACTCTT	10
ATAAGTGA	10
ATAAGGCT	10
ATAAGGAA	10
ACCGCAAT	10
ATAAGAGT	10
ATAAGAGA	10
ATAAGACC	10
ATAAAATG	10
ATAACATA	10
ATAAACCT	10
TACATGCT	10
ATAAATGC	10
ATAAAGGG	10
TATAGAAC	10
GTCTGTCT	10
GTGAGAGA	10
AATCTTTG	10
ACGAAATT	10
AATGTAAT	10
TATGGTAG	10
AGGTAATN	10
TNACTATA	10
TNACTAGA	10
AGATGGTT	10
TGTTTGTG	10
AGTGTGTG	10
TAGTTAAT	10
TAGGCTTT	10
ATAGATAG	10
ATAGAACG	10
TACCACTT	10
TAAATTCG	10
CCACTGCT	10
GNGGCAAT	10
CTCTATCT	10
TTGTAGAT	10
GACCTAAT	10
CACCATAC	10
CTCTCTGA	10
CCATAGGT	10
GACACACA	10
GGAATTAG	10
AAGGGAGG	10
GGAATTTA	10
CGTGTGTG	10
TTTACCTA	10
GGTTAGAT	10
GTATGGTG	10
AAGCTTAT	10
GGTGTATG	10
TTCAATTC	10
TTATTTTG	10
TTATTATA	10
GGTCCTCC	10
CCACAAAA	10
CTCTTTTC	10
CATCTCTC	10
CTAAATTN	10
CTAAGTTC	10
CTAATTCT	10
AAACTATA	10
AAAAATAG	10
CACACACG	10
TTCCTTCA	10
GCCAACCA	10
CCACACAC	8
GCCACAAA	8
ATAGATTG	8
ATAGATGG	8
TGTGTTTT	8
ATAGATCN	8
CCACAAAG	8
CCACACAA	8
TTGACAAT	8
GATGGTTT	8
CTTTCTCT	8
CCCTTGAC	8
CCACCACA	8
GATGGTGT	8
ATAACCCA	8
CCACTACC	8
TACACATA	8
ATAAAATT	8
GAAGAGAC	8
ATATGTGT	8
ATAAAGTG	8
ATCCCCAC	8
GCATACAC	8
ATCCACTA	8
AAACTTAT	8
GATTTATA	8
CTAAATTT	8
GGGGATTG	8
TATAGATT	8
ATAACAGG	8
CTAAAATT	8
ACCATCAC	8
TTTCTGTG	8
TATACACA	8
GGGATATA	8
ATATATAG	8
GGGAGGGA	8
CCCTGACA	8
GGGAATTG	8
TTGGTTAT	8
TACCTATT	8
ATAATGCC	8
ATAATGCA	8
ATAATCCA	8
CGGAAAAT	8
ACCGAAAA	8
ANGGTATA	8
ATAAGGTA	8
ATAAGAGC	8
ANTTATAG	8
ATAAGGCC	8
ATAAGGAG	8
ACCCTATA	8
CCATTGTT	8
TGTCTCTC	8
CGATGGTC	8
GAGAATGA	8
TACCAATC	8
ANTATAGA	8
ATAAAAAG	8
CCCTTATA	8
GAGAGTAC	8
ATAAAATC	8
ATAACTAG	8
ATACACCA	8
ATAATTTT	8
GAGTATGG	8
GGAATTAT	8
ATAATTTC	8
GGAGAGAG	8
GACAAAAT	8
TGTGTATA	8
ATAAAAAC	8
CCATACTT	8
TAGAGAGA	8
ATAATTCC	8
TGTGGTGG	8
ATAAGAAT	8
ATAATGTT	8
GTGTGATG	8
TTAATTAT	8
CTATTCCT	8
CAGGAAAT	8
GTGTGTAC	8
TTAAACAA	8
AAAATATA	8
GTAAACAC	8
CAGCTAAT	8
CTACTTTG	8
CACCAATT	8
GGTGGTGA	8
AGATATAG	8
TTAAAATA	8
TTAATGGA	8
GTGTGTCT	8
GNTGTAAT	8
TCACACAC	8
CACAATGT	8
CTCTCTTA	8
CACGTAAT	8
CACACAAA	8
TTAATCCA	8
TTAATGAA	8
TTAATCTT	8
GTGGGTAG	8
TCATCTAC	8
CTCTTAAT	8
CTCTGTTG	8
GTGCGAGA	8
TATTATAG	8
TCCGTTTT	8
ATGGTTGT	8
GTTCATCC	8
TCTCGCTA	8
TATGGATA	8
CTACAAAG	8
GTTCCAAA	8
ATCCGCTA	8
AATCTCGC	8
CATGCACA	8
CTATGTGT	8
TTAAAAAC	8
GTCTGTGT	8
CACATCTT	8
TATGTAAT	8
CTCTTTCT	8
GGTCAAAA	8
GGTCCACA	8
CTCTTGCT	8
AGAACGGA	6
GAGTCACA	6
CTATCTCT	6
TCTTAATT	6
GACAGTGG	6
CGAAAATT	6
TACCAAGT	6
CTATGTCG	6
CTCCTAAN	6
CTCAAGCC	6
ANTCGCAA	6
CTATTTCC	6
TACCAACT	6
GAGAGTGT	6
ANTTAATT	6
GAGTAATA	6
CTATCCCT	6
CTCCAATT	6
AAAAAAAC	6
GCACACGC	6
ATAAAGGT	6
GCAAGCCC	6
CAAATTCG	6
ATAAAGGA	6
ATAAAGCT	6
CTCCATGC	6
ATAAAGAT	6
GATTGGTA	6
TGAATGGT	6
ACTCACTC	6
ATAAACTT	6
GATTATCA	6
TCTTGTGT	6
GAGTCTTC	6
CTCCCTCT	6
CTCATGCA	6
TACATGTG	6
TCTTCGCT	6
ATAAACAG	6
ATAAACAC	6
GATGCTTT	6
TCTTCCTT	6
TCTTATAG	6
GATGCCAT	6
ATAAAAGT	6
GATCTTCC	6
GATCTTAT	6
GATAATTC	6
CTGCCTAC	6
CNCGAGGC	6
CNCTAATT	6
TATTGGCC	6
TAGCTTAT	6
CNCTCTCA	6
TAGGATTC	6
GAACCAAT	6
CTTTTTCT	6
AGTTTGAA	6
CTTTTGAA	6
CTTTGCCT	6
AGTTATAG	6
AGGAGGAG	6
AGTGTCTC	6
TCAATCCC	6
CTGTCTCT	6
CTACACAC	6
CTACAAGA	6
CTTGAGAG	6
TATAGATG	6
CTAAATTG	6
TATGCCAT	6
CTACAAAA	6
CTAACTTA	6
AGGTAAGT	6
CTAATAGA	6
CTTCCTCT	6
AGGTAATA	6
CTAATTCG	6
TCCTAGAT	6
ANGTATAG	6
CTCTATTA	6
CTCTCACT	6
GAGAAATA	6
CGCAAAAA	6
TCCGCAAT	6
TACCACTC	6
CTCTCTAA	6
TCCCTCTC	6
GACCAAAT	6
GACCAAAA	6
CTCTCTAG	6
TACCCAAT	6
AGAATTTT	6
GACACATG	6
AGAGTGTG	6
TACGAATT	6
CTCTGACA	6
TACGTAAT	6
AGATGGAA	6
CTAGAGAG	6
GACAAAAA	6
GAATTATA	6
TAGCTAAA	6
TCACTCAC	6
GAATTAAG	6
AGCGAAAA	6
GGTAGTTT	6
GGGGGGGG	6
CATGATAG	6
GTTATAGA	6
CATCTAAT	6
CATCCAAG	6
GGGTGGTT	6
GTGTTATG	6
GTGTTATA	6
GGGTTCTT	6
GGGTTTAT	6
ATCCGCAC	6
GGTCAACA	6
GGTCCAAA	6
GTGTGGGT	6
GTGTGCAT	6
GGTGTGTT	6
GGTTGAGG	6
GTGTCTGT	6
GGTTTCTG	6
GTGGGAAT	6
ATGATGAA	6
ATCACCAC	6
GTTTCTAG	6
ATATATCG	6
ATATATGT	6
GGGGAGGT	6
GTTGTTGT	6
GGGGATAC	6
GGGGATCG	6
GTTGTATG	6
CATGGCTG	6
ATCAATTG	6
GTGCGTTT	6
CATGCTCT	6
GGGGGAGC	6
GTTGGGCA	6
ATCATGGC	6
GTTCTTAA	6
ATCCCCTG	6
ATCCCCTT	6
GGGGGAGG	6
ATCCCTTC	6
CACAAAAA	6
GNGTTTAT	6
ATTCCGCA	6
CACACATT	6
CACACAAT	6
ATTGCACT	6
GTCCCCAC	6
GTCCATGT	6
GTCCAGAG	6
GTCATCCC	6
GTAAAAAA	6
CACATAAA	6
CAAACACA	6
CAAACACG	6
CAAACTAC	6
CAATTCTT	6
CAATTCCC	6
CAATGTAT	6
GTATGTGA	6
GTACAAAA	6
CAACTTAT	6
ATGGGGGG	6
GNATGGTT	6
ATGCTATC	6
CACCTAAT	6
CACCCACA	6
GTGCATGT	6
GTGCACAC	6
CACCACAA	6
GTGAGTTA	6
GTGAGTGT	6
ATGGGATG	6
CATTGTGT	6
ATGGTGTG	6
CACCAAGA	6
CACCAAAA	6
ATGTCTAT	6
CACATGCT	6
CACATGCA	6
ATTAATCT	6
GTCTTATA	6
CACATATA	6
CCCCGCCC	6
ATAACTAA	6
CCCTCCAA	6
ATAACTGT	6
ATAACTTC	6
CCCTAAAG	6
ATAACTTT	6
ATAAGAAC	6
CCCGATCT	6
CCCCTGAC	6
TACAAAAA	6
CCCTCTCT	6
CCCCCTCT	6
CCCCCAAA	6
ATAAGATT	6
ATAAGCAC	6
GCTCAATG	6
GCTCACAT	6
ATAAGCAT	6
GCTTCGGC	6
ATAAGCCT	6
ATAACAGC	6
GCAGCCTC	6
ATAAATCT	6
ATAAATGA	6
ATAAATTC	6
GCATACAT	6
CCGGAAAA	6
ATAACAAC	6
ATAACAAG	6
CCGCAAAA	6
ATAACACC	6
ATAAGCGG	6
GCCAGGAT	6
ATAACATC	6
GCCATTCA	6
ATAACATT	6
ATAACCAT	6
ATAACCCG	6
ATAACCCT	6
ATAACGAA	6
CCCTTCTT	6
GGAGGTTA	6
ATAATTGT	6
CCATACAC	6
GGAATTCA	6
TAACGAAT	6
GGAATTCT	6
ATACATCG	6
GGACCAAT	6
GGACTTCC	6
CCACTTGC	6
CCACTATC	6
ATAATTGC	6
GGATAGAT	6
GGATATAG	6
CCACCAAC	6
GGATATGC	6
CCACATCC	6
GGATCGGA	6
CCACAAAT	6
GTTTGAAT	6
GTTTCTTC	6
CCATGCAA	6
CCATTTTT	6
GCTTGCCC	6
CCATTAGG	6
CCATGTCA	6
ATAAGGGT	6
CCATGTAG	6
GCTTGTTG	6
ATAAGTTG	6
ATAATACA	6
ATAATATA	6
ATAAAGTC	6
GGAAATTG	6
CCATCATA	6
ATAATCAT	6
ATAATCTC	6
CCATCAGT	6
ATAATGCT	6
ATAATGGA	6
CCATATTT	6
CCATAGCT	6
ACACAATG	6
TTAAAGCA	6
TTCGCTAC	6
TGTGAGTG	6
ACCACCAC	6
AAAAATAT	6
TTAATGCT	6
TTCCTTTA	6
TTTCTTAT	6
AATCTGGG	6
ACAGATCG	6
ACACAACA	6
TGTTGTAT	6
ACAAAAGA	6
TTAAGGTG	6
ACCAAATT	6
TNCCTAGA	6
TGAGGTTA	6
TNTATAGA	6
TTATAGGT	6
TGTACACA	6
TTTTCTTT	6
ACACTAAT	6
TTCCAATN	6
TTAAAATT	6
ACCACTTT	6
TTAATAAT	6
AATAAAAA	6
TTCCAATG	6
ACCATTCA	6
TTATAGGG	6
AAGAAGGA	6
TTATAGAG	6
ACCACTAC	6
TTAATTGC	6
AATACACC	6
TNACAGAT	6
TNATCTAG	6
ACATTTTG	6
TTTACAAA	6
TTAAGAAG	6
TTCCAAAT	6
TGGAGGAC	6
AAACAATT	6
TNCAATTC	6
ACAATAAA	6
TTCTCTCT	6
TTAATTTG	6
AAAAACGT	6
TTAGTTAG	6
TTTACCAC	6
ACAAACTT	6
TNTTATAG	6
TNCCCCAA	6
ACCAAAAT	6
ATAAGTTT	4
TTAATCGC	4
CACGCAAA	4
CACCTACA	4
CACGCCAA	4
ATAAGACT	4
ACATCCCC	4
ATAAGTTA	4
TTAATCTG	4
TTAATCCT	4
TGTGCATG	4
AAGGGAGA	4
ACATATAC	4
TAAGTTAT	4
ATAATAAC	4
TAATGTAT	4
GCTTATGG	4
ATAATAGC	4
GNAGGTAA	4
CACGTAAA	4
ATAATAGT	4
CACCCCAC	4
TGTATGTA	4
ATAAGAAA	4
ATAAGGGC	4
ATAATGGC	4
TGTCTCTA	4
CACGCACT	4
TGTCTATG	4
ATAAGGAC	4
ATAAGGCA	4
GAGAGGTG	4
TGTGAGAG	4
TTCCTCAA	4
TAATCAAT	4
ATAAGGGA	4
TGTGCACC	4
TGTGAGTA	4
TGTCCACT	4
GAGAGGGA	4
TAATCAAC	4
ATAAGTAT	4
ATAAGATC	4
ATAAGCCC	4
ATAAGATA	4
ATAAGTCC	4
ATAAGCTC	4
TGTGATAG	4
TTAAGGAC	4
GAGTGAGC	4
TAAAACAG	4
TAAAAGAT	4
ACAATATA	4
ATACGAAT	4
CACACTCT	4
TAAACTAG	4
GCTCTTGA	4
GTTTTTGT	4
CACACTTT	4
GCTCTTTC	4
TAAATATA	4
GAGTCTCG	4
ACACAAAA	4
ACACAAAC	4
GAGTCCTA	4
GAGTCCGT	4
TGTGTTGG	4
ATATATAA	4
GCTCTCAT	4
ACAACCTC	4
GTTTGTGG	4
TGTGTTTG	4
ACAAGAGC	4
ATAGATCC	4
TGTGTTTA	4
ACACAATA	4
ATAGACGG	4
CACACGCA	4
CACACGCT	4
GTTTTGCA	4
CACACGTT	4
GTTTTTAT	4
CACACTAT	4
GAGTAAAA	4
ACACCATC	4
ACACCCAC	4
GNGCTATA	4
TTAATAAC	4
ATAATGGT	4
GTTTGGCA	4
TTGCTTAT	4
ATAATGAT	4
CACATATG	4
TAAGGAGC	4
TTAATAGA	4
CACCACCA	4
TTAATATA	4
TTAATCAA	4
TTAATCAC	4
GNGAGAGA	4
ATAATCAC	4
GAGTCAGC	4
GAGTCCCT	4
GAGTCCCC	4
GAGTCCAT	4
CACAGGTG	4
ACACACAN	4
ATACATAC	4
ACACACGC	4
TTAAGTAT	4
ACACTCCC	4
TGTGTCTC	4
ACACACTC	4
GAGTATGA	4
CACATAGA	4
TGTGTAAT	4
ACACCAAT	4
ACACCACA	4
ANGCGTCC	4
ANGTGTGT	4
ANGGTTAT	4
CGGGAAAA	4
GACATGCC	4
GGTTAATT	4
TACCACAC	4
TACCACAG	4
GACATATA	4
CCATGATT	4
TACCACCA	4
CCATGAAT	4
GACATACC	4
TTGTGTTG	4
CCATGAAA	4
GACACTTT	4
TACCAGCT	4
TACCAGTG	4
ANTTCGCA	4
ACCCAAAA	4
ATAAAATA	4
ATAAAAGG	4
TGGTATGT	4
ACCCACAT	4
TGGGTAAC	4
GGTTCATC	4
GACCATCC	4
CCATCTTT	4
TGGGCTGT	4
CCATGCCC	4
GACCAATT	4
CGGAAGAA	4
TGGGCAAA	4
ACCCGACG	4
TTGTGTGA	4
TTCCATAG	4
GAATTTCC	4
GAATTTAT	4
GAATTGTA	4
TTGTTGTN	4
TACCTTAT	4
GGTGTCCT	4
TTAATGTC	4
TACGAGAG	4
TTGTTGCT	4
TACGGCTA	4
TTAATGTG	4
TACGGGTA	4
GGTGTATC	4
CCATCGTC	4
ACCGTATA	4
GGTGTAGG	4
TACCCTGT	4
TACCATAG	4
CCATCTTC	4
GGTGTTAT	4
TGGCCAAT	4
CCATCTGT	4
AAGGAAAT	4
GACACACC	4
TGAGGTGT	4
CGCGGAGA	4
TGGCAGCT	4
GGTGTGGT	4
GGTGTGGG	4
GACAAGAT	4
GGTGTGCG	4
TTGTTCTT	4
ACCGCTCC	4
CGATACAC	4
TTAATGAT	4
CCATTGCT	4
ATAACCAG	4
ACCAATGT	4
CCATTGAG	4
ACCAATTT	4
TGTAGGTA	4
TACACCAT	4
ACCAACCA	4
GCTTGTAA	4
CCATTCCC	4
GGTTTGTG	4
GGTTTGAA	4
ACCACCGA	4
CGCAAAGA	4
CGCAATCA	4
GAGACCAC	4
ACATGCAT	4
GAGAGAAG	4
TTAATGAG	4
ATAACTGC	4
ATAACTCT	4
ATAACTCG	4
ATAACTCA	4
GNAGATCG	4
ATAAATTT	4
TTCCTATT	4
CGAGAGAG	4
CGAGCATT	4
ACCAAAAC	4
ACCAAAGT	4
GCTTGCTT	4
ATAACCTA	4
GACGAAAT	4
GAGAAAAT	4
ATAAAGCG	4
TTAATGCA	4
GGTTGGTG	4
ATAAAGAG	4
GACGATGC	4
TGGTTGTG	4
GGTTGGGA	4
TGTAATGG	4
CCATTACA	4
CCATGTTG	4
CGCCTCTC	4
TTCCGATT	4
ATAAACCA	4
TTCCATTT	4
GCTTGTGT	4
CGCACGCA	4
ATAAATTA	4
ATAAATGT	4
AAGGCAAC	4
CCATTATG	4
ACCACTGC	4
ACCACTGG	4
GGTTGTTA	4
ATAAATCA	4
TGTATGGT	4
CGCATATA	4
ATAAAGTT	4
TGTACCAC	4
GAGAAACG	4
TGTACACG	4
ACCAGCAT	4
ATAAAGGC	4
GCCTGCAG	4
CAAACTCC	4
GTGCCAAT	4
ATGCGTTT	4
GTGCCAGT	4
ATGCCAAT	4
GTGCCCTT	4
CAAAGAAT	4
GTATTGTG	4
CCCTAATG	4
ATGCACAT	4
GTATTGGA	4
ATGCAATG	4
GCACTCAC	4
GTATTATG	4
GCACGCAC	4
GCACGATA	4
ATGATAGA	4
ATGGATCG	4
TNTCGCAA	4
AATCTTGT	4
CAAAAGCA	4
CCCTAGCC	4
AATCTTTC	4
CCGTTTTA	4
GTGATCAT	4
CCCTAGCA	4
AATATAGN	4
CAAAATGG	4
AATCAACT	4
TTAAACAC	4
GCCTCCAT	4
GTGCAAGG	4
AATGAATG	4
GTGCACTC	4
TTCGCAAT	4
GATTTTGT	4
GTATCCCC	4
CAACCATT	4
GCCTTGAA	4
TNGATCGG	4
GCAAAACT	4
GTGTATTG	4
GCAAAAAG	4
GATTTTTT	4
GTGTAGCT	4
CCCCTTCC	4
GTGTGAAT	4
GCCTTTGC	4
TNCCCTAT	4
GATTTGAA	4
GTGTGCGA	4
GTGTGCGG	4
GTAGTTAT	4
CCCGCAAA	4
GTGGACCG	4
GTATGTGC	4
CAAATGAC	4
CCCGGGTG	4
ATGAAGAA	4
GTGGAGGA	4
CCCGCTAA	4
TTAAAGAC	4
GTGAGTGC	4
GTGGGCTT	4
CAACAACA	4
GCAAGCTC	4
CAACACTT	4
GTGGGTGT	4
GTATGCAT	4
GTGTACGT	4
ATTATGTG	4
GTCTCCCT	4
GCCATTCG	4
AATCCACT	4
GTCCCACT	4
CCCTCTGT	4
GTCTCTGT	4
AATCCAAC	4
GCCACTTT	4
CCCTCTTG	4
GTCCATGC	4
TNTTGCCA	4
AATCGTAT	4
GTCCACTA	4
GTCCACGC	4
AATCTAAT	4
ATTTGATT	4
CCCTCCTT	4
ATTCTATT	4
GTCGATTC	4
CCCTTATG	4
CCCTTCCC	4
TTCTACAC	4
ATTGAGAA	4
TTCTAGAT	4
CCCTGTGT	4
ATTCTCGC	4
TTCTGATC	4
ATTCTAGA	4
GTCCTCCA	4
ATTCGCTA	4
GCCCATGT	4
CCCTTTGT	4
CCCTTTTA	4
GCCCAACT	4
GCATGTAT	4
GTGACAGT	4
CCCTCATT	4
AATCACGC	4
AATCTCTC	4
TTAAAAGC	4
CCCTATGC	4
GCCGTTGA	4
GTGAGAGT	4
ATGTGGGT	4
AATCAATA	4
CAAAACCT	4
GCCTAATT	4
GCATGAGG	4
TNTGCCAA	4
GTCACACC	4
GTGAGTGA	4
AATCTTAT	4
GTGAAGGA	4
TNTGTGTG	4
ATTTGGAC	4
CCCTCCTC	4
CCCTCCTA	4
TTAAAAGA	4
ATTAACGA	4
GCATTTTG	4
GTGAAGAG	4
CAACTCCT	4
ATTAAAAA	4
ATGTTTAT	4
ATGTTGTA	4
ATGTTCTC	4
GCATTTTA	4
GTCAGAGA	4
CCGGCTAT	4
CCCCAACA	4
TTGCATAT	4
TGTTTATG	4
CAATTCAG	4
GCGTGAGA	4
GATCGGAA	4
GATCGAGG	4
CCCCAAGC	4
TGTTGTTG	4
GTAACAAA	4
GATCCAGG	4
AATAAAGA	4
CAATTTTG	4
GTTGGTGT	4
ATCACGAA	4
GTTGGTTG	4
GTAAAATT	4
CACAAAGA	4
CCCCACCA	4
ATCCCCAT	4
GTAATGGG	4
GTTGAAAA	4
GTTGAAGT	4
ATCCCACT	4
GATCTTGA	4
ATCCCACA	4
GTAAGTGT	4
GTTGTACA	4
ATCCATAT	4
GTTGAGGT	4
CCCCACAG	4
GATCTCTC	4
GTAACTTT	4
CAATGTTG	4
GCGTCTTT	4
TTAAGATA	4
GCTCAGAG	4
GCTCAGTT	4
GTTTCCTA	4
TTGTGCCC	4
ATATAGCA	4
GCTCCATC	4
ATATAGAA	4
ATATACTC	4
GATATAAT	4
TGTTAGAC	4
GCTCGGTC	4
GATACATT	4
ACAACACA	4
GATACACC	4
GATACACA	4
GCTCGTGA	4
ATAGCCAT	4
ACAAACAT	4
GATCAAAT	4
ATCACAAA	4
ATCAAGTG	4
GTTGTGAT	4
GCGTGGTG	4
GATATTTA	4
GTTGTGTG	4
CACAACCT	4
GTTCTTCC	4
GTTTACAT	4
ATATGACT	4
ATATCGTA	4
GCTCACAC	4
CACAAGCA	4
GTTTCAAA	4
GATATAGA	4
GTTAAAGA	4
GATTGAAA	4
CCCCTACA	4
CAAGAAGC	4
GATTCCAC	4
GTGTTGTG	4
CAAGAAGT	4
GTGTTTGT	4
CCCCGAAA	4
GATTGAGA	4
CAAGATGA	4
CAAGCACA	4
GTTACCCG	4
TTCCTTCT	4
ATCGGAGT	4
GTACTTTC	4
CAAGCCAT	4
GTACTCAC	4
GATTGGAG	4
GCGAAAAA	4
GATTGTGT	4
GATTGTCC	4
GTGTGGTG	4
GATTGTCA	4
AATGTTTC	4
CAACTGGG	4
TTGAAATC	4
ATCGATCG	4
CAACTTAC	4
CCCCTATC	4
TNAGCAAT	4
CAACTTCC	4
GTGTGTGN	4
GTAGTGGG	4
TTGAAGCT	4
GTTCCTTT	4
ATCCGCAT	4
ATCCGCAN	4
ATCCGCAG	4
TTCCTTAG	4
TGTTTTAC	4
ATCCGAAA	4
ATCCCTTT	4
CAATACAC	4
ATCCGCCA	4
CCCCATGA	4
GATGATAG	4
GTTCTATT	4
CCCCACCT	4
TGTTTGTC	4
GTAATTCA	4
AATAATAG	4
GATGACAA	4
CCCCCAGT	4
CCCCCTCA	4
CCCCCGCA	4
ATCCTCCT	4
ATCCTCAT	4
CCCCCCTA	4
GCGCTTGT	4
CCCCCCAT	4
TNAAAAAA	4
CACACCAT	4
GTTCCAAT	4
CAAGTTTC	4
CAAGTTTT	4
ATCCGCGC	4
ATCCGCCT	4
GTTCCGCT	4
ATCCGCCC	4
AGATAATT	4
CTACATTT	4
ACGTAAAC	4
AAACCTAT	4
TTATAGAC	4
AGATCAGA	4
CCACATCA	4
CTGTAGTG	4
AGATAGAT	4
CTGTCTGT	4
CATGGTCA	4
AGAGTTAG	4
AAGAAGCA	4
TCCATTAC	4
CATGTAAT	4
CTGGACGC	4
CTGCTTCA	4
CCACATTT	4
CTACACAA	4
AGATTGGA	4
TCATTGTC	4
TTTGGGCC	4
CCACCAAT	4
GGGGGAAT	4
TTATTTAT	4
CCACCAAA	4
GGGGACCA	4
CATGGAGG	4
CCACATTC	4
AGATGCCA	4
CTGTGTGC	4
TGCACCGA	4
CCACATGG	4
ACGGTCAA	4
GGGCATAA	4
AGAGAGCT	4
CCACACCT	4
CTACTAGT	4
CTACTATG	4
CTCTTTTT	4
AGAGACAT	4
AGAGAAGA	4
TGCAACAC	4
AGAGAGGG	4
GGGCACTC	4
AGACTAGA	4
CTACTGTT	4
CTACTTAT	4
CCACAATC	4
TCCTAAAN	4
CTCTTGCA	4
TTCAAATT	4
AGAGAGGT	4
TCCCTCCA	4
CTGACACA	4
CTGACATA	4
CTACGGCT	4
CCACACTC	4
GGATGCAA	4
AGAGCTGC	4
AGAGCTTG	4
GGGCTAGC	4
TCCCCCAC	4
AGAGGCCT	4
CTGATTCT	4
GGGGAAGG	4
TCCCACTC	4
AAGATTAT	4
AAAGGTTG	4
TATTGCAA	4
GGAGGAGG	4
TATTGTTG	4
CATCGTAT	4
TCAAAATT	4
CTAAATCT	4
AAGCAAAA	4
CTAAAAGG	4
GGGTAGTC	4
CTAACAAA	4
TTAGGCTT	4
TCAAGGTG	4
TCAATAGG	4
CCACTAAT	4
CCACTAAA	4
TCAATTCT	4
CTAAAACT	4
TATTGAAA	4
CTAAAAAA	4
CNTTTTAG	4
GGGTGATT	4
CCACTCTT	4
CTTGCTCA	4
AAAGTAAA	4
TATGTTTG	4
TATGTTGC	4
CCACTTAC	4
TATGTGTT	4
CTTGGAAG	4
CNTGCTTA	4
TTTCTCTC	4
TTTGCCTT	4
GGAGTTGG	4
CCACCTCG	4
GGAGTTGT	4
AGCCAACC	4
CATGATTT	4
CTAATGGT	4
TCATAAAT	4
AAACTCAT	4
CTAATATA	4
CTAATTTC	4
GGATAGAA	4
CCACCCAA	4
CATGCATA	4
AGCAAATT	4
CTTCATAA	4
CTTCAGAT	4
CTACTTGA	4
CTAATACA	4
TCACTCCA	4
CTTCCTTC	4
AGCCATCA	4
AAAGAAAA	4
AGCCATTC	4
TCACTAGG	4
CTAAGTAC	4
TTCACAAT	4
CATGAATT	4
CCACGAGA	4
CTTCTCTC	4
AGCCTTCC	4
CATCTTTC	4
TCAATTGT	4
CTATTACA	4
ACTCTGTG	4
CTCTACAC	4
GGCTTGCT	4
TCTTAAAA	4
AAAACATA	4
GGCAATGG	4
TCTTCAGA	4
CTATTAAT	4
CTCTACCC	4
GGCTGCAC	4
ACTCGAAG	4
CTATTGTT	4
GGCACTCA	4
ACTCCGAT	4
ACTCCCTT	4
TCTTGTCT	4
TCTGACGT	4
TCTCTCTA	4
AAAACGTT	4
CTCTATCC	4
AAAACGAA	4
CTATCTAG	4
CTATCTAT	4
CTATCTCC	4
GGCAAGCC	4
ACTCCCCG	4
ACTGAGGC	4
ACTGAGAG	4
GGCTTGGT	4
ACTGAATT	4
TCTGCAAT	4
CTATGCAA	4
CTATGCAC	4
TGAGAAAC	4
GGCGTGAG	4
CTCCTTAT	4
CTCAGAGA	4
CTCCTCTC	4
CTCCTAAT	4
GGCCAAAA	4
TGACTACA	4
CTCATCTT	4
CTCACGCC	4
TGAGAGAG	4
CTCCCTTT	4
AAAAACAA	4
CTCCAACT	4
CTCCCCCT	4
GGCCATGT	4
GGCCTTAT	4
AAAACTAA	4
GGCAGTCA	4
TGAACAAT	4
ACTCACAC	4
ACTCACAT	4
CTCCTTTT	4
AAAAACTT	4
CTCACATG	4
CTCACACT	4
GGCAGCTC	4
TCTTTCTC	4
AAAAATAC	4
CTCAACAT	4
GGCTATAG	4
GGCTATGT	4
GGCAGAGT	4
GGATGGCT	4
TGATTATA	4
AGACACAC	4
AGACAATG	4
AGACAAGA	4
AGACAAAA	4
TGATTACC	4
CTCTGTCT	4
CTCTGGTG	4
CTAGCATG	4
CTAGCTCT	4
GGGAGAGT	4
CTAGCTTC	4
TTTTCAAA	4
CATTGGCC	4
AAAATGTG	4
CATTGTAA	4
AAAATCTC	4
CTAGCATC	4
AAACACAA	4
GGGAGGGG	4
CATTGAAT	4
CTCTTAGT	4
AAACATAA	4
TCCTCCTG	4
CATTCCTC	4
CTAGAATG	4
CCACAACC	4
CATTCAAA	4
GGGATGAT	4
AAACATGC	4
AAACATGT	4
CTCTTGAC	4
CTATATGT	4
CTCTCACG	4
CTATAGAG	4
ACTTGAGA	4
TGATGGAG	4
TCTCGCTC	4
GGATTGTA	4
GGGAAATT	4
CTCTATTT	4
ACTTGTGT	4
CTATATTC	4
CTATCAAT	4
TCTCTCAG	4
TCTCTCCA	4
ACTTAATT	4
ACTTAATC	4
ACTTAACA	4
CCATCGAG	4
CTATAAGC	4
ACTTTCAC	4
AAAAGATT	4
ACTTTCTC	4
CTCTCCCC	4
GGGAATCT	4
TCTCCGCG	4
GGATTGCT	4
AGAAAATT	4
CATTTGGG	4
GGATTGAG	4
TCTCACAC	4
CTCTCGTA	4
CTCTCTCC	4
CTAGGTTT	4
GGTGATGG	4
CTTTTATA	4
ANAAGTTC	4
TTCCAGGT	4
CNATAGAT	4
GGACAGCC	4
AGGTCGGA	4
TATGAAAT	4
GGACAAAA	4
TATCTGTT	4
AGGTGCAT	4
TTCATTTT	4
CTTTTTGG	4
GGTAGTGG	4
GGTGCACG	4
AGGTGTGG	4
GGTGATGA	4
TTTAGATC	4
TATCCGCT	4
GAAAACCC	4
AGGTTAAG	4
TAGGCCAT	4
CCATCACA	4
TTTAGCTT	4
GGTATATG	4
ANAAAATT	4
TTCCAACT	4
GGTACATC	4
TTAATTAG	4
CTTTCTTC	4
CAGGACAA	4
TATGCCGC	4
GGTGGCAA	4
GGTGGAGC	4
TTCATGTA	4
TAGCTGGT	4
CAGGAGGA	4
AGGGTAGC	4
TATGCAGC	4
ANAGAGAG	4
AAAGTTTT	4
CCATAACA	4
TTCCAGTT	4
GAAGCTAG	4
TAGGAAAT	4
TAGGAATA	4
GAAGCGTA	4
AGGTACTT	4
CNACTAAT	4
CCAGGACA	4
GGAAGGTA	4
TATGACTG	4
ANACACAC	4
AGGTAGTT	4
GAACTAAA	4
CCATACGG	4
AGTGCATG	4
AGTTTATA	4
GGAATGCT	4
TGCGTTTG	4
AGTGCTAC	4
AAGCTATA	4
AGTGGGCA	4
TGCTATAC	4
AGTGGGGA	4
TATACATC	4
GGTCCTTT	4
TGCTCATT	4
TTTAGTGC	4
GGTCGAAA	4
AGTGTGAG	4
GAACTTAT	4
GAAGAATT	4
CNGACAGA	4
TATAAATT	4
TATAAATC	4
CNGAAATT	4
CAGTTACT	4
AGTTAATT	4
CAGTTAAA	4
CAGTTAAT	4
GAAATATA	4
TTAATTTA	4
GAAAGCAT	4
TATCAAGC	4
TTAATTGT	4
CCATAAGA	4
AGTACAGC	4
CCATAAGC	4
AGTAGCGA	4
TAGTAAAT	4
CNCATTTC	4
TATATGTG	4
AGTTTGGC	4
GGTCAGAT	4
CCACTTCT	4
GAAATGCT	4
CCATAAGT	4
CCATAATT	4
AGTCCACG	4
GAAATTTT	4
TATAGTTC	4
TTCCACTT	4
GGAATGTC	4
GGTCCACG	4
GGTCCATG	4
AGTGAGTG	4
AGTGCAAT	4
CTTGTACA	4
TTTCTATG	4
GAATCAGC	4
TAGCAATC	4
GAATATTA	4
TATGGATG	4
GGAGACCT	4
TAGAGATC	4
CGTGCACA	4
ANCCCGCA	4
CATCAAAA	4
GAAGGTTA	4
GAATGGGT	4
AGGCTATG	4
CATCAACC	4
CTTTCCCC	4
GAAGGTGC	4
CGTTCGGA	4
TAGCCAAT	4
CCATCCAA	4
GGTGGGTC	4
CCAGAAAA	4
TTAGAGAT	4
CAGCCCAT	4
GGAACCCA	4
TATGGTGT	4
CAGCCAAC	4
TATGTAAA	4
CTTTACCA	4
GGGTTAAA	4
TATGCTAG	4
CCACTTTT	4
GGGTGTGT	4
CCATCCCT	4
TGCCCACT	4
CCACTTTG	4
AAGCACGA	4
TTCATGAG	4
TTAATGTT	4
GGACTTGA	4
AGGGAGAG	4
TTAGATCG	4
AGGGAGTC	4
CTTTCTGT	4
TGGAATTG	4
CCATCATT	4
GGTGGCCC	4
TTTACAAT	4
GGGTTTTC	4
CCATCATG	4
GGACTTTG	4
CATCAAGC	4
AAGCATAA	4
TATGCTTA	4
CCATCGAT	4
CGTTTTAC	4
TTCTAATA	2
GCCCTCCT	2
GGCCAGAT	2
TTCGACTC	2
GCTTTGCA	2
GCCCTCCA	2
GGCCGCGG	2
GCCTGTGC	2
GCCCTCAT	2
TTCCGAAT	2
GGATTGGT	2
GCCTGCTC	2
GGCCAATC	2
GGCCGCAA	2
GCTTTCTA	2
GGCCAGAG	2
GCTTTCAT	2
TTCTAATT	2
GGATTAGT	2
GCCTGTAT	2
GGCCTACT	2
GCCTGGGT	2
GCCTGGAC	2
GCCTTAGA	2
GGCCCAAT	2
GCCTTCAT	2
GCCTTCCC	2
GGAATATC	2
GGCCATTG	2
GCCCTACC	2
GCCTTCGT	2
GGAACCAT	2
GGCCATGC	2
GGAATCAT	2
TTCCACTC	2
GCCCTAGC	2
GCTTTAGA	2
GCCTTATG	2
GCCTTTAC	2
TTCCACCT	2
TTCCACAT	2
GCCCGTGC	2
GCCCTATG	2
TTATGATT	2
GCCTTGTG	2
GCTTTATA	2
GGCCCTAA	2
GGCCCTAT	2
TTCCATTA	2
GCTTTCAA	2
GGCCATAG	2
TTCCTTTT	2
GGAAAACC	2
GGCAATGA	2
GGAAGCAC	2
GGAAAGGC	2
GGCAGCAA	2
GCCTCCAC	2
GCCGCAGT	2
GCCGAATA	2
GGCAGTAG	2
GGCAGATT	2
GCCCTTTC	2
GGAACTGT	2
GGCAATAA	2
GGAAAACA	2
GCCTCCCC	2
GCCTCCTG	2
GGCAAGAG	2
GGCAACCC	2
GGCACAAC	2
GCCGTAGC	2
GGCACTCT	2
GGCACGAG	2
TTCGGAGT	2
GGCACCTC	2
GGCACCAG	2
GGCACATT	2
GGCACAAG	2
GCCTCTCA	2
GGAAAATC	2
GCCTACAC	2
GGAAAGAA	2
GCCTCAAA	2
TTCCATAA	2
GGCAATTC	2
GCCGCCGC	2
GGAAAAGC	2
GGCAAAGG	2
GCCCTCTT	2
GCCTGCCC	2
GCCTGCCT	2
GGAAATCA	2
GGAAGTCC	2
GCTTTGTA	2
TTCTAAAA	2
GGCATCTA	2
TTCCAGAC	2
GATCATGC	2
GGCATGTC	2
GGCATTGT	2
GGAAGTGT	2
GGAAATTA	2
GGAACGAG	2
GGATTTTG	2
GGCCAAGT	2
TTCGAGTT	2
GGAACTGG	2
GGCAGTGG	2
GCCCTTGC	2
GGAAAAAA	2
GCCTGATG	2
GGCAACAG	2
GGCATAGC	2
GCCCTGCG	2
GGAATACT	2
TTCCATCC	2
GGCATCCA	2
GGCATCCT	2
GGAAAGGG	2
GCCCTGAG	2
GCTTTTTG	2
TTCGAGTA	2
GGAGTCCT	2
GCTCCTCG	2
GCTCGGTG	2
GGACTTTC	2
GCTTCATA	2
GCTTCAAT	2
GGAGAAGC	2
GGAGTGAT	2
GCTCTAAT	2
GGAGAAGT	2
GGAGACAC	2
GCTCTCGA	2
GCTCCCTT	2
GCTTCAAA	2
GGAGTATA	2
GGAGTAGC	2
GCTCTCGC	2
TTCCTCTA	2
GCTCTGCG	2
GGAGAGAA	2
GCTCTGTT	2
GGAGTACT	2
GGAGTAAT	2
GCTTCTTG	2
GCGTGTCC	2
GGACTAGG	2
GGATAGGG	2
GCGTGTGT	2
GGACTGAC	2
GCTCAAAG	2
TTCAAGTG	2
GCTCAAGC	2
TTCCTGAT	2
GCTTGAAA	2
GGATACTG	2
TTCACATA	2
TTCCTCTT	2
GGATACGG	2
GGAGTTTG	2
GCTCATCG	2
GCTTCTTC	2
TTCCTCCT	2
GCTCCCAG	2
GCTCCCGT	2
GCTTCATG	2
GGAGTGCG	2
GCTGCCCT	2
GCTTACAC	2
GCTGTGTG	2
GCTGATCT	2
GGAGCAAG	2
GCTGATTT	2
GCTGCATC	2
TTCATGAC	2
GCTGCATT	2
GCTGCCAG	2
GCTGTCAG	2
GGAGCTTA	2
GCTTACAT	2
TTCATACA	2
GGAGCTAG	2
GCTGTCAA	2
GGAGCAGG	2
GCTGCGAG	2
GCTGCGTT	2
GCTGGTCC	2
GCTGCTCT	2
GCTGGATT	2
GCTGGCTC	2
GCTTATCA	2
GCTCTTAA	2
GCTTATTG	2
GGAGGTTT	2
GCTCTTAT	2
GCTTATTA	2
GGAGATGG	2
TTCACTCT	2
GCTCTTCT	2
GGAGGTGG	2
GCTTATGA	2
GGAGGTAT	2
TTCAAGCT	2
GCTCTTTT	2
GGAGGTAN	2
TTCAGGAC	2
GCTGAATT	2
TTCAGTAA	2
GGAGGGTG	2
GGAGGCTT	2
GGAGGAGC	2
GGAGGACA	2
GGAGGAAC	2
GCGCGTAT	2
TTATGGTG	2
GCGACTTC	2
TTCCTTGA	2
GCGAGTGC	2
GCGATAGA	2
GCGATGAA	2
GCGATGTG	2
GGATGCTA	2
GCGCAAAA	2
GGAATGTG	2
GCGCGCAC	2
TTATGGGC	2
GCGCTCTT	2
TTATGTTA	2
GCTTGTAT	2
GCTTGTAC	2
GCGGAATT	2
TTATTCTT	2
GGATGCCT	2
GCGGACAA	2
GCGGACAT	2
GGAATGTT	2
GCTTGTGA	2
TTATGCCT	2
GGATGGTG	2
GCCTTTCC	2
GCTTGTGC	2
GGATGGTC	2
GCCTTTGT	2
TTCCTTGT	2
GGATGGTA	2
GGATGGGT	2
GCCTTTTT	2
GGAATCTC	2
GCTTGGTG	2
TTCCACAA	2
GGATGGAT	2
GGATGGAG	2
TTCCGGTG	2
GCGAAAAT	2
GGATGCTT	2
GCGACCAC	2
TTATGGCG	2
GCTTGTCT	2
GCGACCTG	2
TTCCTGTA	2
GCTTGCAC	2
GGACAGCT	2
TTATTGTG	2
GGACATCT	2
GGACATGT	2
GCGTGAGT	2
GGACCAAG	2
GGATCAGG	2
GCGTGCGA	2
GCTTGATG	2
GCTTGAGC	2
GCGTCTAT	2
TTCATGTT	2
TTATTGTT	2
GGACCAGG	2
GGACCATC	2
GGACCTTT	2
GGACGACT	2
GCTTGAGA	2
GCTTGACG	2
GCGTGCGC	2
GGACTACT	2
GGATGATG	2
GGATGCAG	2
GGAATTAA	2
GCGGGAAC	2
GGATGCAC	2
TTCCAAGG	2
GCTTGGAA	2
GCGGGAAG	2
TTCCAACA	2
TTCCTAGA	2
GCGGGAAT	2
GCGTAAAT	2
GGATTACC	2
GGATGAAC	2
GGATCTCG	2
TTATTGAT	2
GCGTAGCG	2
GCGTCATG	2
TTCATTCT	2
GGATCATT	2
GGAATTTG	2
GCTTGCAT	2
GGACACTC	2
CTTTTCTA	2
GAAAACGG	2
GAAAACAA	2
GAAAAAGG	2
GAAAAAAT	2
TTTCAGCC	2
CTTTTTCA	2
CTTTTTAG	2
CTTTTGTT	2
TTTCAGTG	2
TTTCATAC	2
GAAAACTC	2
CTTTTCCA	2
CTTTTCAT	2
CTTTTACT	2
CTTTGTTG	2
CTTTGTCT	2
CTTTGTAG	2
CTTTGGGT	2
CTTTGGAA	2
CTTTGCTC	2
GAAATAAT	2
TTTCAAAA	2
GAACATTA	2
GAACATCG	2
GAACACAA	2
GAACAACT	2
GAACAACA	2
GAAATTGT	2
GAAATTGN	2
GAAATGTG	2
GAAATGCA	2
CTTTGCTA	2
GAAAGGTT	2
GAAAGGTG	2
GAAAGGGA	2
GAAAGCCA	2
GAAAGAGT	2
GAAAGAGA	2
GAAACCAT	2
GAAACCAA	2
GAAACACC	2
CTTGCTTT	2
CTTGTGTG	2
CTTGTGCT	2
CTTGTGAA	2
CTTGTCGA	2
CTTGTAGG	2
CTTGGTTT	2
CTTGGTTC	2
CTTGGTTA	2
CTTGGCTC	2
CTTGGAAA	2
CTTGTTGC	2
TTTCTGAT	2
CTTGCTTG	2
CTTGCTTC	2
CTTGCCTC	2
CTTGCCAC	2
CTTGCCAA	2
CTTGCAGT	2
CTTGCAGC	2
CTTGCACA	2
CTTTCCCT	2
CTTTGATC	2
CTTTGAGC	2
CTTTGAAT	2
CTTTGAAG	2
CTTTCTTA	2
TTTCTAAG	2
CTTTCTCA	2
CTTTCCTT	2
CTTTCCTA	2
CTTTCCGC	2
GAACCCCT	2
CTTTCACT	2
CTTTATTA	2
CTTTATCN	2
CTTTAGTT	2
CTTTAGGG	2
CTTTACTA	2
CTTTACAA	2
CTTTAATT	2
CTTGTTTA	2
GAATTAAT	2
GACAATGT	2
GACAATGA	2
GACAATAG	2
GACAAACA	2
TTGTTTAT	2
GAATTCCT	2
GAATTCCC	2
GAATTCCA	2
GAATTCAA	2
TTTAAGGA	2
GACACAAG	2
TTTAATCT	2
GAATTAAC	2
GAATGTTG	2
GAATGTGG	2
GAATGGTT	2
GAATGGAT	2
GAATGGAG	2
GAATGCTA	2
GAATGCCC	2
GACATAGA	2
TTGTGGGG	2
GACCACTC	2
TTGTGTCT	2
TTGTGTGT	2
GACATTAT	2
GACATGTA	2
GACATGGT	2
GACATGGG	2
GACATGCT	2
GACATGAT	2
GAATGCAA	2
GACAGAGC	2
TTGTTCAC	2
GACACTGC	2
TTGTTCCC	2
GACACATA	2
GACACAGG	2
GACACAGA	2
TTGTTCGA	2
GACACAAT	2
TTTATGGT	2
GAAGCATA	2
GAAGCAGG	2
GAAGATGG	2
GAAGATGA	2
GAAGATAC	2
TTTAGTGA	2
GAAGACGA	2
TTTATAGN	2
TTTATGAG	2
GAAGAAGG	2
GAAGCCAA	2
TTTATTGA	2
TTTATTTA	2
GAAGAACA	2
GAAGAAAT	2
GAAGAAAC	2
GAACTCTT	2
GAACTCAC	2
GAACCTGT	2
GAACCTCT	2
GAAGGAGA	2
GAATGAGG	2
GAATCTCT	2
GAATCCAA	2
GAATATGC	2
GAATAGTT	2
GAAGGTAT	2
GAAGGATT	2
TTTACCTG	2
GAAGGATA	2
GAAGGAGG	2
TTTCTTCT	2
GAAGGACG	2
GAAGGAAG	2
GAAGCTGG	2
GAAGCTCC	2
TTTAGAAC	2
GAAGCGTT	2
GAAGCGGA	2
GAAGCCGT	2
GAAGCCAT	2
CTCTATTG	2
CTCTCGTT	2
CTCTCGGT	2
CTCTCCTC	2
CTCTCCTA	2
CTCTCCGT	2
TTTTCCCT	2
TTTTCGCA	2
TTTTCTAG	2
TTTTCTTC	2
CTCTCAAT	2
TTTTCCAT	2
CTCTATCA	2
CTCTATAA	2
CTCTAGTT	2
CTCTAGAG	2
CTCTAGAC	2
CTCTACTA	2
CTCTAATA	2
CTCTAAGT	2
TTTTGATG	2
CTCTGGCT	2
CTCTTCCT	2
CTCTTCAT	2
CTCTTCAC	2
CTCTTATT	2
TTTGTTGG	2
CTCTTACT	2
TTTTAAAG	2
TTTTACCA	2
CTCTTAAC	2
CTCTGGGT	2
CTCTAACA	2
CTCTGAGC	2
CTCTGACT	2
CTCTGAAT	2
TTTTATGG	2
CTCTCTGG	2
TTTTCATC	2
CTCTCTCN	2
TTTTCATT	2
TTTTCCAC	2
CTCCCTCA	2
CTCCTGAC	2
CTCCTCCA	2
CTCCTCAC	2
CTCCGTGT	2
CTCCGTAC	2
CTCCGCCT	2
CTCCGCAG	2
TTTTTGGC	2
CTCCGATT	2
CTCCGATG	2
CTCCTGCA	2
TTTTTGGT	2
CTCCCCAC	2
CTCCCACC	2
CTCCCAAT	2
CTCCATTG	2
TTTTTTGT	2
CTCCATCT	2
CTCCATCC	2
TTTTTTTT	2
CTCGCGGG	2
CTCTAAAT	2
CTCGTATT	2
TTTTGTGT	2
CTCGTAGG	2
CTCGTACA	2
CTCGGCAC	2
CTCGGAAG	2
TTTTTCTA	2
CTCGCTTC	2
CTCGCTCT	2
CTCTTCGG	2
CTCGCAGT	2
CTCGCAGA	2
CTCGCACA	2
TTTTTGCA	2
CTCGATAG	2
CTCCTTGT	2
CTCCTTGC	2
CTCCTTCG	2
CTCCTTCC	2
TTTGCCCA	2
CTTCTCCA	2
CTTCTATA	2
CTTCGTCT	2
CTTCGAGA	2
CTTCCTTG	2
TTTGCCAA	2
TTTGCCAT	2
CTTCCTCC	2
CTTCCGAT	2
CTTCCACA	2
TTTGATGG	2
TTTGCCTG	2
CTTCCAAT	2
TTTGCGTT	2
TTTGCTCT	2
CTTCATTC	2
CTTCATTA	2
CTTCATGC	2
TTTGCTGA	2
CTTCAGGT	2
TTTGAGGT	2
CTTGATTA	2
TTTCTTGC	2
CTTGATGT	2
CTTGATGG	2
CTTGAGGT	2
TTTGAAAT	2
TTTGAATG	2
TTTGAGAG	2
TTTGAGCA	2
TTTGAGCT	2
CTTCACTT	2
CTTGACTC	2
CTTGACCC	2
CTTGACAT	2
CTTGAACA	2
CTTGAAAG	2
CTTCTTTT	2
CTTCTTGA	2
TTTGATCA	2
CTTCTTAT	2
CTGACCAT	2
CTGCGTGG	2
CTGCCTTT	2
TTTGTGCA	2
CTGCCCTA	2
CTGCACAT	2
CTGCAAAC	2
CTGATAGT	2
CTGATAGA	2
CTGAGAGA	2
CTGACTGT	2
CTGGCCAA	2
TTTGTGCC	2
CTGAAGAG	2
TTTGTGGA	2
CTCTTTTA	2
TTTGTGTG	2
CTCTTTAC	2
CTCTTGTT	2
CTCTTGGG	2
TTTGTGTT	2
CTGTGCGT	2
CTTCACGA	2
CTTCACAA	2
CTTCAATA	2
CTTCAAGC	2
TTTGTCGT	2
CTTCAAAT	2
CTGTTTTG	2
TTTGTCTC	2
CTGTGTCT	2
GACCCAGG	2
CTGTCGCG	2
CTGTCATT	2
CTGTCAGC	2
CTGTAGAT	2
CTGGTCTG	2
CTGGTCCT	2
CTGGTCCA	2
CTGGGCAT	2
CTGGCTTA	2
GATTGTAG	2
GATTTTAT	2
GATTTTAC	2
GATTTGTG	2
GATTTGCT	2
GATTTCTC	2
GATTTCAT	2
TTCTTTGT	2
GATTTACT	2
GATTTAAT	2
GATTTAAA	2
GCAAAAGC	2
GATTGGAA	2
GATTGCTA	2
GATTGCCT	2
GATTGCAT	2
GATTGCAC	2
GATTGAGT	2
GATTCTAT	2
GATTCCCT	2
GATTCCCC	2
GCAAGCAG	2
GCACACCC	2
TTCTTTCT	2
GCACAACC	2
GCAATGTC	2
GCAATCGA	2
GCAATACA	2
GCAAGTTA	2
GCAAGGCC	2
GCAAGCCT	2
TTCTTTGA	2
GATTCAGA	2
GCAAGATT	2
GCAAGACA	2
GCAACCTG	2
GCAACAGG	2
GCAACACT	2
GCAAATCC	2
GCAAAGGA	2
GCAAACAA	2
GCAAAATA	2
GATGATGA	2
GATGCTTG	2
GATGCGTT	2
GATGCGGT	2
GATGCGCA	2
GATGCCTG	2
GATGCCTA	2
TTGATCTC	2
GATGCACG	2
GATGCACA	2
GATGCAAT	2
TTGAGTCC	2
GATGATAT	2
GATGAGGA	2
GATGAGAG	2
GATGACCT	2
GATGACCC	2
GATGACAC	2
GATGAATG	2
TTGATGTG	2
GATGAAAA	2
TTGACTAG	2
GATTATTA	2
GATTATGA	2
TTGAAGTT	2
TTGAATGT	2
GATTACCA	2
GATTAATT	2
GATTAAGC	2
TTGACTAC	2
GATGGTTG	2
GATGGTTA	2
TTCTTTAT	2
GATGGTGA	2
GATGGTCT	2
GATGGTCA	2
GATGGTAG	2
GATGGGGC	2
GATGGCAA	2
GATGGAGT	2
GATGGAGG	2
GATGGAAT	2
GCCAAAGC	2
GCCACACT	2
GCCACACA	2
GCCACAAC	2
TTCTCTTT	2
TTCTGACA	2
GCCAATTC	2
GCCAATAA	2
GCCAAGTA	2
GCCAAGCT	2
TTCTGGAT	2
GCCACAGC	2
GCCAAAAG	2
TTCTTAGG	2
GCATTTGG	2
GCATTTGC	2
GCATTGCG	2
GCATTATG	2
GCATTAGA	2
GCATTACC	2
GCATGTTT	2
GCCCAAGC	2
GCCCCGCC	2
GCCCCCCC	2
GCCCCATT	2
GCCCCATA	2
TTCTCAAT	2
GCCCCAAC	2
GCCCACTT	2
GCCCACGT	2
GCCCACAC	2
GCCCAATT	2
TTCTTCAT	2
GCCATTTG	2
GCCATTGT	2
TTCTCTAC	2
GCCAGGTT	2
GCCAGGGA	2
GCCAGCGA	2
GCCACCCT	2
GCCACCAT	2
GCCACCAC	2
GCACTGTG	2
GCAGGAGG	2
GCAGCTTG	2
GCAGCTCA	2
TTCTTGTA	2
GCAGACAC	2
GCAGAAAG	2
GCACTTGT	2
GCACTTGG	2
GCACTTAG	2
TTCTTTAA	2
GCAGGCAT	2
GCACTCAT	2
GCACTCAA	2
GCACCTGT	2
GCACCTCC	2
GCACCTAG	2
GCACCGGC	2
GCACATGC	2
GCACAGTA	2
GCACACTT	2
GCATATAC	2
GCATGTCT	2
GCATGGCC	2
TTCTTCTC	2
GCATGCTT	2
GCATGCAT	2
GCATCCTC	2
GCATCACA	2
GCATATGT	2
GCATATCC	2
TTGATTCC	2
TTCTTCTT	2
GCATAGAA	2
TTCTTGAG	2
TTCTTGGC	2
GCATAATT	2
GCATAAGA	2
GCAGTTCC	2
GCAGGTCT	2
GCAGGCTT	2
GAGAGGAA	2
GAGCAAAC	2
TTGGCCCA	2
GAGAGTTT	2
TTGGCCTC	2
GAGAGTGG	2
GAGAGTGC	2
GAGAGTCC	2
TTGGCCTT	2
GAGAGTAA	2
GAGAGGGT	2
TTGGCAAT	2
TTGGCGGG	2
GAGAGATT	2
TTGGGATC	2
GAGAGATG	2
TTGGGCAA	2
TTGGGCAT	2
GAGAGAGG	2
TTGGGTTG	2
GAGAGACA	2
GAGCCATT	2
GAGTAATG	2
TTGCTTCC	2
GAGTAAAC	2
TTGGCAAG	2
GAGCGTGC	2
GAGCGAGA	2
GAGCCTTC	2
GAGCCCTT	2
GAGCCCCA	2
GAGCCCAC	2
GAGAGAAT	2
GAGCCAGA	2
GAGCATTT	2
GAGCATGT	2
GAGCATCA	2
GAGCATAG	2
GAGCACAT	2
GAGCACAA	2
GAGCAAGC	2
GAGCAACC	2
GACCTTAG	2
GAGAAAGA	2
GAGAAAAC	2
GACGGTCT	2
GACGCGAC	2
GACGCAAA	2
GACGAATA	2
GACCTTTT	2
GACCTTTA	2
GACCTTGC	2
GACCTTGA	2
GAGAAAGG	2
GACCTATA	2
GACCTAGA	2
TTGTCCTA	2
GACCGGAA	2
GACCCTTA	2
GACCCTGA	2
GACCCCTC	2
GACCCCCT	2
GACCCCAG	2
TTGGTGAG	2
GAGAGAAC	2
GAGACTGG	2
GAGACTAA	2
GAGACCTA	2
GAGACATA	2
GAGACAGA	2
GAGACACT	2
GAGACAAA	2
GAGAATTC	2
GAGAATTA	2
GAGTAATN	2
GAGAAGGA	2
GAGAAGCG	2
GAGAACTC	2
TTGGTGTT	2
TTGTATAG	2
GAGAAAGT	2
TTGTATCA	2
TTGTATTG	2
TTGTCAAT	2
GATAGTGG	2
GATATTCT	2
GATATTCA	2
GATATTAG	2
GATATTAC	2
GATATGGG	2
GATATGCC	2
GATATGAG	2
GATATCGG	2
GATATATA	2
GATATAAG	2
GATATTTT	2
GATAGTAT	2
GATAGGTT	2
GATAGGTA	2
GATAGCTT	2
GATAGCAA	2
TTGCATCC	2
GATAGAAG	2
GATAGAAA	2
GATACTAA	2
GATCCTGA	2
TTGATTTC	2
GATCTTAG	2
GATCTCGA	2
GATCTCAC	2
GATCTATA	2
GATCTAGC	2
GATCTACA	2
GATCTAAA	2
GATCGTCT	2
GATCGATG	2
GATACCAA	2
GATCCCAC	2
GATCCACA	2
GATCCAAT	2
GATCATTC	2
GGTGTGTA	2
GATCAGTT	2
GATCAACG	2
GATCAACA	2
GATCAAAA	2
TTGCTATA	2
GAGTCTGC	2
GAGTCTCT	2
GAGTCTCC	2
GAGTCGTG	2
GAGTCCAC	2
GAGTCATA	2
GAGTCAGG	2
GAGTCAGA	2
TTGCTAGC	2
GAGTATTG	2
GAGTCTGG	2
GAGTATAN	2
TTGCTCCA	2
GAGTAGTT	2
GAGTAGGG	2
GAGTAGGA	2
TTGCTCCC	2
GAGTAGAA	2
GAGTACGA	2
TTGCTGTT	2
GAGTGCAT	2
TTGCGCAC	2
GATAATAG	2
GATAAATT	2
GATAAAAC	2
GAGTGTTT	2
TTGCGGTT	2
GAGTGTAT	2
GAGTGGGG	2
GAGTGGCA	2
GCCCGCAA	2
GAGTGCAA	2
GAGTGATC	2
GAGTGATA	2
GAGTGAGT	2
GAGTGAAT	2
GAGTGAAG	2
GAGTGAAA	2
TTGCGTGC	2
GAGTCTGT	2
TACCTCAA	2
TACGAGTA	2
TACGACCC	2
TGGCACCA	2
TACGAAGC	2
TACCTTTC	2
TACCTTGT	2
TACCTGTT	2
TACCTCTC	2
TACCTCGA	2
TACCTCAC	2
TACGGCTG	2
TGGCACTC	2
TACCTAAG	2
TACCTAAA	2
TACCGTAG	2
TACCGTAA	2
TACCGGCG	2
TACCCTCA	2
TACCCTAA	2
TACCCCAA	2
TACCCATT	2
TAGATATT	2
TAGCAGAT	2
TAGCACCA	2
TGGATAAT	2
TAGCAATA	2
TAGCAACT	2
TAGATTGG	2
TAGATCGN	2
TGGCAACC	2
TAGATCGA	2
TAGATCCT	2
TACCCACT	2
TAGAGGTT	2
TGGCAAGT	2
TAGACGTA	2
TAGACGAG	2
TAGACAAA	2
TACGTGTG	2
TACGTCAA	2
TACGTAAA	2
TACGGTAC	2
TGGTACGC	2
TGGGCAAT	2
TGGGCACA	2
TGGGCATT	2
TGGGCCAC	2
TACCAAAG	2
TGGGCCCC	2
TACATTGG	2
TGGGGGGG	2
TGGGTCAT	2
TGGGTGTG	2
TGGGAGTG	2
TGGTCTAG	2
TGGTGAAA	2
TGGTGAAT	2
TGGTGAGG	2
TGGTGCCA	2
TGGTGGCT	2
TGGTGGGA	2
TGGTGTAT	2
TGGTGTGG	2
TGGTTATA	2
TACCACAT	2
TGGCATTT	2
TACCATGT	2
TACCATCA	2
TGGCCCAA	2
TACCAGAG	2
TGGCCTAT	2
TACCACTG	2
TGGCCTGG	2
TACCACTA	2
TACCACCT	2
TAGCATAG	2
TGGCCTTG	2
TGGCCTTT	2
TGGCGCAG	2
TGGCTATA	2
TGGCTATG	2
TGGCTTCA	2
TGGCTTGT	2
TGGGAAAT	2
TGGGACAA	2
TGCTACTT	2
TGCGTCCA	2
TGCGTGAG	2
TGCGTGTA	2
TATAGTTA	2
TATAGGTT	2
TATAGGTC	2
TATAGCTA	2
TGCGTGTC	2
TGCGTTAT	2
TGCTACGA	2
TATATCCT	2
TATACAGG	2
TGCTCCAC	2
TATAATTG	2
TATAATCA	2
TGCTGATG	2
TATAAGGT	2
TATAAGCA	2
TATAAAAT	2
TAGTTTGA	2
TAGTTGTT	2
TATCACTC	2
TATCTAGC	2
TATCGATC	2
TATCCTCC	2
TATCCCCA	2
TATCATTC	2
TGCGCATC	2
TGCGCTTG	2
TATCATGT	2
TATCATGG	2
TATCATCT	2
TGCTGGAC	2
TATCACAG	2
TATCAATT	2
TGCGGGGG	2
TATCAAAG	2
TATCAAAA	2
TATATGGT	2
TATATGGA	2
TATATGCA	2
TATATCTT	2
TAGCTCTC	2
TGGAAAGA	2
TAGGACTA	2
TAGGACGA	2
TAGGAAGT	2
TAGGAAAA	2
TGGAACAG	2
TGGAAGCA	2
TAGCTTAA	2
TAGCTGCC	2
TGGAAGGA	2
TGCTTTTC	2
TAGCTCCT	2
TGGAAGGT	2
TAGCTCAA	2
TGGACCAG	2
TGGACGTG	2
TGGACTTA	2
TAGCCTAG	2
TAGCCATT	2
TGGAGCCT	2
TAGCCAAG	2
TAGGGGGG	2
TAGTTGTG	2
TGCTGGGC	2
TGCTTCAT	2
TAGTGTGT	2
TAGTGTGG	2
TAGTGGAA	2
TAGTACAT	2
TGCTTGTG	2
TAGTAATT	2
TAGTAATC	2
TACATGGC	2
TAGGGATA	2
TGCTTTCA	2
TAGGCTAT	2
TAGGCCGT	2
TAGGCCAC	2
TGCTTTGT	2
TAGGCATA	2
TAGGCACA	2
TAGGCAAT	2
TAAATAGG	2
TAACATAG	2
TAACAGTT	2
TAACACTA	2
TAACAATA	2
TAACAAAG	2
TGTGTGCA	2
TGTGTGCG	2
TAAATGTG	2
TAAATGCT	2
TAAATGAA	2
TAACATGG	2
TAAAGTTT	2
TAAAGTTA	2
TAAAGAAC	2
TAAACACT	2
TGTGTGCT	2
TAAAAATC	2
TAAAAAAA	2
NTATAGAT	2
GTTTTTGC	2
GTTTTGGA	2
TGTGGTGT	2
TGTGGCGG	2
TGTGGGAA	2
TGTGGGAG	2
TAAGCTTT	2
TAAGCTAT	2
TGTGGGTA	2
TAAGCCCC	2
TGTGGTCT	2
TAAGAAAT	2
TAACTACT	2
TGTGTGGG	2
TAACTAAN	2
TGTGTATT	2
TGTGTCCC	2
TAACTAAA	2
TAACGTTC	2
TAACGACA	2
TGTGTCTG	2
TGTGTCTT	2
TAACATTG	2
GTTTACGT	2
GTTTCGCA	2
TGTTATAG	2
TGTTCTAA	2
GTTTCCAA	2
TGTTCTTT	2
TGTTGATC	2
GTTTCACT	2
GTTTATTT	2
GTTTATGC	2
GTTTATCA	2
TGTTAGTG	2
GTTGTTTG	2
GTTGTTCC	2
TGTTGGGT	2
GTTGTGGT	2
GTTGTGGG	2
GTTGTGCC	2
GTTGTCCC	2
GTTGTACT	2
GTTGTAAT	2
TGTTGTCC	2
GTTTGAGC	2
GTTTTGAG	2
GTTTTCTT	2
GTTTTCCT	2
GTTTTAGT	2
TGTGTTAT	2
TGTTACAG	2
GTTTGGGC	2
GTTTGCGT	2
GTTTGCAC	2
GTTTGCAA	2
TGTGGATG	2
GTTTGACT	2
GTTTGACG	2
TGTTACCA	2
GTTTGAAC	2
GTTTGAAA	2
GTTTCTTG	2
GTTTCTGT	2
GTTTCTGG	2
TGTTAGAT	2
TACACAGA	2
TACAGAGT	2
TACAGAGG	2
TGTAGCTA	2
TGTAGGAT	2
TACAGAAC	2
TGTAGTGA	2
TACACCAC	2
TGTAGTGG	2
TGTATACA	2
TGTATAGT	2
TGTAGATT	2
TGTATATG	2
TACAAGCA	2
TACAAGAG	2
TACAACGC	2
TACAACAC	2
TGTATCTG	2
TGTATGCA	2
TGTATGCG	2
TACAAATA	2
TGTATGCT	2
TGTACATG	2
TGGTTCTT	2
TACATGAT	2
TACATACA	2
TGGTTGAT	2
TACATAAT	2
TGGTTTAC	2
TGTAAAAA	2
TGTAAATT	2
TACATAAG	2
TGTAAGTC	2
TGTATGTC	2
TACATAAA	2
TACAGTCA	2
TACAGGCA	2
TACAGATC	2
TGTACGAG	2
TACAGATA	2
TGTACTTT	2
TGTAGATA	2
TGTAGATC	2
TAAGTAAT	2
TAATACGA	2
TAATAATT	2
TAAGTTCC	2
TAAGTGGC	2
TGTGCCTA	2
TAAGTCTT	2
TGTGCCTG	2
TAAGTCCA	2
TGTGCGTG	2
TGTGGAAG	2
TAATAGAA	2
TAAGGTTG	2
TAAGGTTA	2
TAAGGTCA	2
TAAGGTAA	2
TGTGGACC	2
TAAGGCTG	2
TAAGGCTA	2
TAAGGCAC	2
TGTGGATA	2
TAATGCTT	2
TGTATTGG	2
TGTCAAGA	2
TGTCAATG	2
TGTCAGGA	2
TAATTCAT	2
TGTCCATG	2
TGTCCATT	2
TAATGGAA	2
TGTCGTAT	2
TGTCTAGA	2
TATCTCAG	2
TGTCTATC	2
TAATGCCA	2
TAATCTGA	2
TGTCTGTC	2
TGTCTTGG	2
TGTGACCT	2
TGTGAGAT	2
TAATCAAA	2
TAATATAT	2
TCGGCCGC	2
TCTCAAAA	2
TCGTTTGC	2
TGATGGTT	2
TCGTTTCT	2
TCGTGTGT	2
TCGTGCCC	2
TCGTCCTA	2
TGATTAAG	2
TCGTCCAG	2
TCGGCCTG	2
TCTCAATT	2
TCGGCACG	2
TCGCCAAT	2
TCGCACAC	2
TCCTTTTC	2
TCCTTTTA	2
TCCTTTCC	2
TCCTTGCC	2
TCCTTGAC	2
TCCTTCTT	2
TCCTTCTC	2
TCTCGAAT	2
TCTCTCAC	2
TGATGCGG	2
TCTCTATG	2
TCTCTATC	2
TCTCTAGT	2
TCTCTAGA	2
TCTCGTTC	2
TCTCGTAC	2
TCTCGCAT	2
TGATGGTG	2
TCCTTCCT	2
TCTCCTTT	2
TCTCCTGT	2
TCTCCTGC	2
TCTCCTAG	2
TCTCCCAA	2
TCTCCATA	2
TCTCCACC	2
TCTCACCA	2
TCTCACAA	2
TGCAAGAG	2
TCCTAAAG	2
TGATTTTT	2
TCCGTTCA	2
TGCAAAGC	2
TCCGCTCA	2
TCCGCATC	2
TGCAAATG	2
TCCCTTGA	2
TCCCTTCC	2
TCCCTCTT	2
TGATTGTG	2
TGCAAGCA	2
TCCCTCCG	2
TCCCTAGT	2
TCCCTACC	2
TCCCTACA	2
TCCCGGTC	2
TCCCGATG	2
TCCCCTTC	2
TCCCCGGA	2
TCCCCCTT	2
TCCTCCTA	2
TCCTTCAT	2
TCCTTATT	2
TCCTTATA	2
TCCTTAAT	2
TCCTTAAA	2
TCCTGGAG	2
TCCTGATA	2
TCCTGAAT	2
TCCTCTCT	2
TCCTCCTC	2
TCTCTCCT	2
TCCTCAGT	2
TCCTCAAT	2
TCCTATTA	2
TCCTATAG	2
TCCTAGGG	2
TCCTAGGA	2
TCCTAGCT	2
TGATTGGT	2
TCCTACAG	2
TGAATAGC	2
TGACGCTT	2
TGACATCT	2
TGACATAC	2
TGACAGTG	2
TGACACGT	2
TGACACAT	2
TGACAATT	2
TGACAAGA	2
TGACAAAG	2
TGAATTAA	2
TGACGGCG	2
TGAAGTAA	2
TGAAGATC	2
TGAACTAT	2
TGAACCTC	2
TGAACAAC	2
TGAAATGA	2
TGAGTCTC	2
TGAAAAGA	2
TGAAAAAA	2
TCTTTTGG	2
TGAGCCTA	2
TGAGGGTC	2
TGAGGGGA	2
TGAGGGAA	2
TGAGGCGT	2
TGAGGAGA	2
TGAGGAAA	2
TGAGCTTC	2
TGAGCTTA	2
TGAGCTCT	2
TGAGCTAT	2
TCTTTGTT	2
TGAGCCCT	2
TGAGCAGA	2
TGAGAGTT	2
TGAGAGGG	2
TGAGAGGC	2
TGACTCAT	2
TGACTCAC	2
TGACTCAA	2
TGACTACT	2
TCTGAATC	2
TGATAGAC	2
TCTGTTTA	2
TGATAGAT	2
TCTGTGTG	2
TCTGTCTC	2
TCTGTAGG	2
TCTGGCTG	2
TCTGATGT	2
TCTGACAC	2
TCTGAATT	2
TGATACCC	2
TCTCTTTG	2
TCTCTTTC	2
TCTCTTGT	2
TGATATTG	2
TCTCTGGG	2
TGATCTAA	2
TGATCTGG	2
TGATCTTC	2
TGATGCAC	2
TCTTGAAT	2
TCTTTCGG	2
TCTTTATA	2
TCTTTACC	2
TCTTTAAT	2
TGAGTGAG	2
TCTTGTGC	2
TCTTGGCA	2
TCTTGCAC	2
TCTTGCAA	2
TCTTGATA	2
TCCCCCTC	2
TGAGTGTG	2
TGAGTGTT	2
TCTTCTCT	2
TGAGTTCC	2
TCTTCTAC	2
TGATAATA	2
TGATACAC	2
TCTTCCTC	2
TCTTCATC	2
TATGTGAA	2
TATTACTA	2
TATTAATG	2
TATGTTTT	2
TATGTTTA	2
TATGTTCT	2
TATGTTAT	2
TGCATGTT	2
TGCATTTC	2
TATGTGCG	2
TATGTGAG	2
TATTAGAG	2
TATGTCTG	2
TATGTCTA	2
TATGTCGA	2
TATGTCAT	2
TATGTCAA	2
TATGTATG	2
TATGTAGA	2
TGCCATAG	2
TATGTAAG	2
TGCCATAT	2
TGCATGCC	2
TCAAAGAA	2
TCAAACAT	2
TATTTTTT	2
TATTTTGT	2
TATTTTCA	2
TATTTATA	2
TATTTAGA	2
TATTTAAA	2
TATTGTGT	2
TATTGGGG	2
TATGGTTT	2
TATTGCTT	2
TATTGCTA	2
TATTGATC	2
TATTGAGC	2
TATTGAAT	2
TATTATGT	2
TATTATAN	2
TGCATGCT	2
TATTAGCT	2
TATGACTC	2
TGCCCTGC	2
TATGCATG	2
TATGCAGA	2
TATGCAAG	2
TGCCTCGG	2
TGCCTCGT	2
TATGCAAC	2
TGCCTGCA	2
TGCCTTAT	2
TATGAGTT	2
TATGCCAC	2
TGCGATTG	2
TATGACAG	2
TATGAAGG	2
TATGAAGC	2
TATGAACC	2
TATGAAAA	2
TATCTTGT	2
TATCTTGC	2
TATCTCTC	2
TGCGCACA	2
TATGGAAT	2
TGCCATCA	2
TATGGTGN	2
TGCCCACG	2
TATGGTAC	2
TATGGGGG	2
TATGGGGA	2
TGCCCATC	2
TGCCCCAT	2
TGCCCCGC	2
TATGGAGC	2
TCAACAAG	2
TATGGAAC	2
TATGGAAA	2
TATGCTTC	2
TATGCTGA	2
TATGCTCG	2
TATGCTAT	2
TATGCCTT	2
TATGCCTA	2
TGCCCCTT	2
TCCAAATC	2
TCCACCAT	2
TCCACCAG	2
TCCACAAC	2
TCCACAAA	2
TCCAATAC	2
TCCAAGAA	2
TGCAGACA	2
TCCAACCC	2
TCCAACAA	2
TGCAGCAT	2
TCCACCCC	2
TCCAAAGA	2
TCCAAAAT	2
TCATTTGT	2
TCATTGCT	2
TCATTGCG	2
TCATGGCA	2
TCATGCTT	2
TCATGCAC	2
TCATGATG	2
TCATGATA	2
TCCATGTG	2
TGCAATAT	2
TCCCATTA	2
TCCCATGG	2
TCCCATCA	2
TCCCAGGG	2
TCCCACTG	2
TCCCAATG	2
TCCCAATC	2
TCCCAAAG	2
TCCATTAT	2
TCATCTTC	2
TCCATCGC	2
TGCACAAT	2
TCCATATG	2
TCCATAGC	2
TCCATAGA	2
TCCACTCT	2
TGCACACA	2
TCCACTAG	2
TCCACCGC	2
TCAATGGG	2
TCACATAC	2
TCACACGC	2
TGCATCAT	2
TCACAATT	2
TCACAATC	2
TCACAACC	2
TCAATTTA	2
TGCATCTT	2
TCAATTCC	2
TCAATTCA	2
TCACGCAC	2
TGCATGAC	2
TCAATCAT	2
TCAAGGAA	2
TCAAGAGC	2
TCAAGAAA	2
TCAACGAG	2
TCAACCTT	2
TCAACATA	2
TCAACACT	2
TCAGCGTG	2
TCATCTTA	2
TGCAGCCA	2
TGCAGTTC	2
TCATCGGC	2
TCATCCTC	2
TCATCCCT	2
TGCATAAT	2
TCATAACT	2
TCAGTTTC	2
TCAGCTGG	2
GTTGGTTC	2
TCAGAGTC	2
TCAGAGAA	2
TCACTTGT	2
TCACTTAT	2
TCACTGAG	2
TCACTCTC	2
TCACTCAN	2
TGCATACA	2
TCACTACC	2
GGTGTTGA	2
GGTTATAG	2
GGTTAGGT	2
GGTTAGCT	2
GGTTAGCC	2
GGTTACGG	2
GGTTACCA	2
GGTTAAGC	2
GGTTAACT	2
GGTTAAAG	2
GGTGTTGT	2
GGTTCAAC	2
GGTGTTAC	2
TTAATGGC	2
TTAATGGT	2
TTAATGTA	2
GGTGTCTT	2
GGTGTCGG	2
GGTGTCCC	2
GGTGTATT	2
GGTGTAGT	2
GGTGTACA	2
GGTTGCAC	2
GGTTTGAG	2
GGTTTCAA	2
GGTTGTCA	2
GGTTGTAG	2
GGTTGGTC	2
GGTTGGCT	2
GGTTGGCC	2
GGTTGCTG	2
GGTTGCGG	2
GGTTGCAT	2
GGTGTAAA	2
GGTTGATT	2
TTAATGCC	2
GGTTGAGC	2
GGTTGAAA	2
GGTTCTTG	2
GGTTCTTA	2
GGTTCCCC	2
GGTTCATG	2
GGTTCACA	2
TTAATTCC	2
GGTCTGCT	2
GGTCTATG	2
GGTCTAAT	2
GGTCGGCT	2
GGTCGCCA	2
GGTCGATG	2
GGTCCTCA	2
GGTCCCGC	2
GGTCCCCA	2
GGTCCCAC	2
GGTCTTCA	2
GGTCATTT	2
GGTCAGTA	2
GGTCAGCA	2
GGTCACCC	2
GGTCACAG	2
GGTCAAAC	2
GGTATGTC	2
GGTATGGT	2
GGTATGCC	2
GGTATATT	2
GGTGCTAT	2
GGTGGTTC	2
GGTGGGGA	2
GGTGGGAG	2
GGTGGCTG	2
TTAATTAA	2
GGTGGCTC	2
GGTGGCGG	2
GGTGGCCT	2
GGTGGCAG	2
GGTGCTGT	2
GGTTTGCC	2
GGTGCCTA	2
GGTGCCAC	2
GGTGCAAA	2
GGTGATAG	2
GGTGAGTG	2
GGTGAGTC	2
GGTGAGAG	2
GGTGACTA	2
GGTGAAGG	2
GNTATAAT	2
GNTGGTCC	2
TTAAGCAG	2
TTAAGCAT	2
TTAAGCCA	2
GNTGGCTA	2
GNTGGATG	2
GNTGGAGG	2
GNTGATTT	2
GNTCGAGA	2
GNTCGAAC	2
GNTGGTTA	2
TTAAGCCC	2
TTAAGCGG	2
GNGTTCTC	2
GNGTTATA	2
GNGTGTGC	2
GNGTGGTG	2
GNGGCTAT	2
GNGGCATA	2
TTAAGTCC	2
GNGGCAAA	2
GNTGTTAG	2
GTAAAGTG	2
TTAAATAG	2
GTAAAGCT	2
GTAAACCT	2
TTAAATAT	2
GTAAAATA	2
GTAAAAGA	2
TTAAATCC	2
GNTTTCAA	2
GNTTGAGC	2
TTAAGTCT	2
GNTGTATT	2
GNTGTATA	2
TTAAATGA	2
TTAAATGC	2
TTAAGAAA	2
TTAAGAAC	2
TTAAGACA	2
TTAAGAGA	2
TTAAGAGG	2
GNAGGACC	2
GNCCAAGA	2
GNCCAAAA	2
GNCACCTA	2
GNCACCAT	2
GNCAAAAA	2
GNATTCTC	2
GNATGTGT	2
TTAATCTC	2
GNATGGGT	2
GNATGAGT	2
GNCGTATA	2
GNAGCAAC	2
GNACTTGC	2
GNACCTTG	2
TTAATGAN	2
GNAATTTC	2
GNAATGCA	2
GGTTTTGG	2
GGTTTTCT	2
GGTTTTCA	2
GGTTTTAT	2
TTAATCAG	2
GNGGAATT	2
TTAAGTGG	2
GNGGAACA	2
TTAAGTGT	2
TTAATAAG	2
GNGCATTT	2
GNGCACGG	2
TTAATACA	2
GNGATCGG	2
TTAATACC	2
GGTATAGA	2
GNGAGGAC	2
TTAATCAT	2
GNCTCTTT	2
GNCTCTTC	2
GNCTCGCA	2
GNCTCCAC	2
GNCTAGCG	2
GNCTACCA	2
TTAATCGG	2
GGGAGAGA	2
TTATAGTT	2
GGGATAAT	2
GGGAGGTT	2
GGGAGGTG	2
TTATATAC	2
GGGAGCTT	2
GGGAGCGC	2
GGGAGAGG	2
GGGAGAGC	2
TTATGAAT	2
GGGATCCT	2
GGGAGACA	2
GGGACGGG	2
GGGACCAG	2
GGGACATC	2
GGGACAGA	2
TTATGATG	2
GGGAATAG	2
GGGAATAA	2
GGGAAGTG	2
GGGAAAGG	2
GGGCTAAT	2
GGGGCGGC	2
GGGGCGAG	2
GGGGCATC	2
GGGGCACT	2
GGGGATCT	2
GGGGAGGA	2
GGGCTTGC	2
GGGCTGTG	2
GGGCTGTC	2
GGGCTCTA	2
GGGAAAGA	2
GGGCGAGG	2
GGGCCTTT	2
GGGCCTGC	2
GGGCCGCC	2
GGGCATTC	2
GGGCATCC	2
GGGCAACA	2
GGGCAAAT	2
TTATAGTG	2
GGCGAGCC	2
GGCGTTGG	2
GGCGTAGG	2
GGCGGTTA	2
GGCGGCTC	2
GGCGGCCA	2
GGCGCTCC	2
GGCGCTCA	2
GGCGCGAG	2
GGCGCCAC	2
GGCGATGG	2
GGCTAAGA	2
GGCGAGAG	2
GGCGAGAC	2
GGCGACTC	2
GGCGACAA	2
GGCCTTGG	2
GGCCTTCG	2
GGCCTTAC	2
GGCCTGTT	2
GGCCTGAA	2
GGCCTCTA	2
GGCTGAAG	2
GGCTTTTG	2
GGCTTTAC	2
GGCTTGTC	2
GGCTTGTA	2
GGCTTCTG	2
GGCTTCCT	2
GGCTGTGG	2
GGCTGGTG	2
GGCTGGTC	2
GGCTGCGT	2
GGGGCTAG	2
GGCTCTTT	2
GGCTCTCT	2
GGCTCTAG	2
GGCTCAGG	2
GGCTCAAG	2
GGCTAGGT	2
GGCTAGAT	2
GGCTACTA	2
GGCTAAGC	2
GGGTTAAT	2
GGTAAAAA	2
GGGTTTGC	2
TTAGACTC	2
GGGTTGTT	2
GGGTTGTA	2
GGGTTGGT	2
GGGTTGCT	2
GGGTTGAT	2
GGGTTGAA	2
GGGTTCCT	2
GGTAAGCC	2
GGGTGTTG	2
GGGTGTGC	2
GGGTGTGA	2
GGGTGTCT	2
GGGTGGTG	2
GGGTGGGA	2
GGGTGGAG	2
GGGTGCGT	2
GGGTGCGG	2
GGGTGCCG	2
GGTAGATG	2
GGTAGTTC	2
GGTAGTCC	2
GGTAGGTC	2
GGTAGGGA	2
GGTAGGCA	2
GGTAGGAT	2
GGTAGCTG	2
GGTAGCTA	2
GGTAGCCC	2
GGTAGCCA	2
GGGTGCAT	2
GGTAGAGA	2
GGTACTTT	2
GGTACTCT	2
GGTACGCT	2
GGTACCCT	2
GGTACCAT	2
GGTACACA	2
TTAATTTT	2
GGTAATCA	2
GGGGGCGG	2
GGGTAAGC	2
GGGTAAAC	2
GGGGGTTC	2
GGGGGTCC	2
GGGGGGTA	2
TTAGGTCA	2
TTAGTCCT	2
GGGGGGGC	2
GGGGGGAT	2
GGGGGGAG	2
GGGTAAGT	2
GGGGGCAC	2
GGGGGATC	2
GGGGGATA	2
GGGGGAGT	2
TTAGTTAT	2
TTATAATA	2
TTATAATT	2
GGGGCTTC	2
GGGGCTCA	2
TTAGGATC	2
TTAGATTC	2
GGGTGATG	2
GGGTGAGT	2
GGGTGAGA	2
GGGTGACA	2
GGGTCTCA	2
GGGTCATT	2
GGGTCAAT	2
GGGTATTT	2
GGGTATGT	2
TTAAATAC	2
GGGTAGGG	2
GGGTAGGA	2
GGGTAGCT	2
GGGTACTT	2
GGGTACCG	2
GGGTACAC	2
TTAGGTAA	2
GGGTAATN	2
GGGTAATC	2
GTGGGCAA	2
GTGTATAC	2
GTGTAGTT	2
GTGTACGA	2
GTGTAATG	2
GTGTAACC	2
GTGGGTGA	2
GTGGGTAT	2
TNGCCTAG	2
GTGGGGTG	2
GTGGGGAC	2
GTGTATAG	2
GTGGGATA	2
TNGGCCAA	2
GTGGCTGC	2
GTGGCTCT	2
GTGGCGAG	2
GTGGCATA	2
GTGGCACT	2
GTGGCAAA	2
GTGGATGA	2
GTGGAGCT	2
GTGTCTTT	2
GTGTGGGG	2
GTGTGGGA	2
GTGTGCTT	2
GTGTGCTC	2
GTGTGCTA	2
GTGTGCCT	2
TNCCATCA	2
GTGTGCAC	2
GTGTGATT	2
TNCCTTTC	2
GTGGAGCA	2
TNCGCAAT	2
GTGTCTCT	2
GTGTCTAT	2
GTGTCATG	2
TNCTAGAT	2
GTGTATGC	2
GTGTATGA	2
GTGTATCG	2
TNGCCAGC	2
TNTCACAA	2
GTGCATAG	2
GTGCAACC	2
GTGCAAAT	2
GTGATTGG	2
GTGATTAA	2
GTGATGGT	2
GTGATGGA	2
GTGATGAG	2
GTGATACA	2
GTGAGTTC	2
GTGCATAT	2
GTGAGTAG	2
GTGAGGTT	2
GTGAGGGC	2
GTGAGCTT	2
GTGAGCTA	2
GTGAGCGT	2
GTGAGCAT	2
GTGAGATT	2
GTGAGATA	2
GTGAGAGG	2
GTGCGTGA	2
GTGGAGAG	2
GTGGACGG	2
GTGGAATC	2
TNGGGCCC	2
GTGGAAGT	2
GTGGAAGG	2
GTGGAAAG	2
TNGGTAAT	2
TNGGTTAT	2
GTGCGTGC	2
TNCAAGGA	2
TNGTGGCT	2
GTGCGAAC	2
GTGCCTAT	2
GTGCCCCC	2
GTGCCAGG	2
TNGTTTGG	2
GTGCCAAC	2
TNTAGTTA	2
GTGCATGC	2
GTTCTCCC	2
GTTGAGCT	2
GTTGAGAG	2
GTTCTTTG	2
GTTCTTCT	2
TGTTTCTT	2
GTTCTTCA	2
TGTTTGGC	2
TGTTTGTA	2
GTTCTCTG	2
GTTCTCCT	2
GTTGAGGC	2
GTTCTAGG	2
GTTCGGCC	2
GTTCGCCT	2
TGTTTGTT	2
GTTCCTCG	2
TGTTTTAT	2
GTTCCCTT	2
GTTCCCAT	2
GTTCCCAG	2
TGTTTTTT	2
GTTGGACT	2
GTTGGTTA	2
GTTGGTCT	2
TGTTGTGT	2
TGTTGTTA	2
GTTGGGTA	2
GTTGGGGC	2
GTTGGCTG	2
GTTGGCCA	2
GTTGGCAT	2
GTTGGAGG	2
GTTCCAAC	2
GTTGCTGT	2
GTTGCCTC	2
GTTGCATC	2
GTTGCAGT	2
GTTGCAGC	2
GTTGCAAA	2
TGTTTCTA	2
GTTGATGT	2
GTTGATCA	2
GTGTGTTG	2
TNAATCAA	2
GTGTTTAC	2
GTGTTGTT	2
GTGTTGTA	2
GTGTTGGT	2
GTGTTCTC	2
GTGTTCTA	2
GTGTTCAG	2
TNACGAAT	2
TNACGACA	2
GTGTTTTC	2
GTGTGTTA	2
TNACTCTA	2
GTGTGTGG	2
TNAGGTAA	2
TNATAGTA	2
GTGTGTCG	2
GTGTGTCC	2
GTGTGTAN	2
TNATCTCC	2
TNAAGTAG	2
GTTCATTT	2
TNAACTAG	2
GTTCATAA	2
GTTATTAA	2
TNAAGCAT	2
GTTATGTT	2
GTTATGGT	2
GTTATGGA	2
GTTATGAC	2
GTTATCTC	2
TNTGCCTC	2
TNAAGTTG	2
GTTAGCTA	2
GTTAGAGA	2
GTTACTTT	2
GTTACAGA	2
GTTACAAT	2
GTTACAAA	2
GTTAATGC	2
GTTAAAAT	2
GTATGCCA	2
GTATGTCT	2
GTATGTCA	2
TTAAACCT	2
TTAAACTC	2
TTAAAGAA	2
TTAAAGAG	2
GTATGTAC	2
GTATGTAA	2
GTATGGAA	2
GTATGCGT	2
TTAAACCG	2
GTATGCAC	2
GTATGAAT	2
GTATCTCT	2
GTATCCCA	2
GTATCCAT	2
GTATCATC	2
GTATCATA	2
GTATATTG	2
TTAAAGCC	2
GTATATAT	2
GTCAACGA	2
GTCACCCT	2
TTAAAATG	2
GTCACATG	2
GTCACACA	2
GTCACAAC	2
GTCAATGG	2
GTCAATGA	2
GTCAATCC	2
GTCAAGCT	2
GTCAAGAC	2
GTATAGAC	2
GTCAACAT	2
GTCAAATC	2
TTAAACAT	2
GTCAAAGA	2
GTCAAACT	2
GTATTGGT	2
GTATTGCA	2
GTATTCAT	2
TTAAACCA	2
GTACACCT	2
GTACGATG	2
GTACGATC	2
GTACGAGA	2
GTACGAAT	2
GTACATTT	2
GTACATGT	2
GTACATGG	2
GTACATAC	2
GTACAGTG	2
GTACAGGC	2
GTACGCTT	2
GTACAAAC	2
TTAAAGTG	2
GTAATTCT	2
GTAATTCC	2
GTAATGTA	2
GTAATATC	2
GTAAGGTG	2
GTAAGAGA	2
TTAAAGTT	2
GTAACAAT	2
GTAGGAAG	2
GTATACAT	2
GTAGTTTG	2
GTAGTTAG	2
TTAAAGCT	2
GTAGTGGT	2
GTAGTGAC	2
GTAGTAGC	2
GTAGGGGA	2
GTAGGAGC	2
GTAGGAAT	2
TTAAAAGG	2
GTAGCCAT	2
GTAGCAAT	2
TTAAAGTC	2
GTAGAAGT	2
GTACTTGA	2
GTACTATA	2
GTACTAAT	2
GTACGTCT	2
GTACGTAT	2
TNTTTTAC	2
GTCTTAGT	2
GTCTGTTC	2
TNTGTTGG	2
GTCTGTCA	2
GTCTGCAT	2
GTCTGATA	2
GTCTCTTT	2
GTCTCTTG	2
GTCTCTTC	2
GTCTCTGG	2
GTCTTCGA	2
GTCTCTCA	2
GTCTCTAG	2
GTCTCGAT	2
GTCTCATC	2
GTCTCATA	2
GTCTATGT	2
TNTTTTCA	2
GTCTATCT	2
GTCTATCC	2
GTCTAGAG	2
GTGAAGAC	2
TNTGGCAA	2
GTGAGAAC	2
GTGACTTT	2
GTGACTGT	2
GTGACATC	2
TNTGGTTA	2
GTGAATGT	2
TNTGTGTA	2
GTGAATGG	2
GTGAATCA	2
TTAAAAAG	2
GTGAAAGT	2
GTGAAAGG	2
GTGAAAGA	2
GTCTTTTA	2
GTCTTTGT	2
GTCTTTCT	2
GTCTTGTA	2
GTCTTGCG	2
GTCTTCTG	2
GTCCAATT	2
GTCCGCTT	2
GTCCCTTC	2
GTCCCTCA	2
GTCCCCAT	2
GTCCCAAT	2
GTCCATAC	2
TTAAAACT	2
GTCCACTT	2
GTCCACCT	2
GTCCACAC	2
GTCCGTAT	2
GTCATTTA	2
GTCATTGA	2
GTCATATG	2
GTCATATC	2
GTCAGGAA	2
GTCAGCAC	2
GTCAGAAC	2
GTCACTTG	2
GTCACCTC	2
GTCGCTTG	2
GTCTACGT	2
GTCTAATG	2
GTCGTTGC	2
GTCGTCCC	2
GTCGTCAA	2
GTCGTAAG	2
GTCGTAAA	2
GTCGGTAC	2
GTCGGATG	2
GTCGGAGT	2
GGCCTATT	2
TTAAAACA	2
GTCGCTCT	2
GTCGAGTT	2
GTCCTTCA	2
GTCCTCTT	2
GTCCTCGG	2
GTCCTCGC	2
GTCCGTGT	2
GTCCGTCG	2
ATGGTGTA	2
ATGTCTCT	2
ATGTCAAA	2
ATGTATAC	2
ATGTAGTG	2
ATGTAATA	2
ATGTAAGT	2
ATGTAAAT	2
ATGGTTGA	2
ATGGTTCA	2
ATGGTTAT	2
ATGTGAGT	2
ATGGGTCG	2
ATGGGGTG	2
ATGGGGTA	2
ATGGGCAA	2
ATGGCTTT	2
ATGGCTAG	2
ATGGCGTG	2
ATGGCCGA	2
ATGGCATG	2
ATGGCATA	2
ATTAAGAA	2
ATTACGTC	2
ATTACCTC	2
ATTACCGC	2
ATTACCAA	2
ATTAATTC	2
ATTAATGT	2
ATTAATGC	2
ATTAATCG	2
ATTAATAA	2
ATTAAGAT	2
ATGGATGT	2
ATTAACTT	2
ATTAACAT	2
ATTAAATT	2
ATTAAAGC	2
ATTAAACA	2
ATGTTTTT	2
ATGTGTTT	2
ATGTGTGC	2
ATGTGGAA	2
ATGTGATT	2
ATGAGTGC	2
ATGCACAC	2
ATGCAATT	2
ATGCAATC	2
ATGCAAGG	2
ATGCAACC	2
ATGATTGA	2
ATGATGCG	2
ATGATAAT	2
ATGAGTTA	2
ATGAGTGT	2
ATGCATAA	2
ATGAAGTT	2
ATGAAGGT	2
ATGAACCT	2
ATCGTTTC	2
ATCGTAGC	2
ATCGGTTA	2
ATCGGCCA	2
ATCGGCAA	2
ATCGCGTT	2
ATCGCCAC	2
ATGCTCCC	2
ATGGATAT	2
ATGGAGGA	2
ATGGAGCA	2
ATGGACTC	2
ATGGAATG	2
ATGGAAGT	2
ATGGAAAC	2
ATGCTTGC	2
ATGCTTAT	2
ATGCTGCA	2
ATTAGAGA	2
ATGCTCAT	2
ATGCTCAC	2
ATGCTAGC	2
ATGCGGCA	2
ATGCCCAA	2
ATGCATTG	2
ATGCATTC	2
ATGCATTA	2
ATGCATAC	2
ATTTGAAC	2
ATTTTCAA	2
ATTTTACC	2
ATTTTACA	2
ATTTGGGT	2
ATTTGGGA	2
ATTTGGCT	2
ATTTGCAC	2
ATTTGATG	2
ATTTGAGG	2
ATTTGAAG	2
ATTTTCAC	2
ATTTGAAA	2
ATTTCTAT	2
ATTTCTAG	2
ATTTCACA	2
ATTTATGG	2
ATTTACTC	2
ATTGTTTC	2
ATTGTGTT	2
ATTGTGAC	2
ATTGTCAG	2
CAAAAGAG	2
CAAAGAAN	2
CAAACTCT	2
CAAACGGT	2
CAAACCCT	2
CAAACATG	2
CAAACAGT	2
CAAACAGG	2
CAAAATCT	2
CAAAAGTA	2
CAAAAGGT	2
ATTGTACG	2
CAAAAGAA	2
CAAAACTG	2
CAAAACTA	2
CAAAAAGT	2
CAAAAAAC	2
ATTTTGGT	2
ATTTTGGC	2
ATTTTCTC	2
ATTTTCAT	2
ATTCACAC	2
ATTCGCAT	2
ATTCGACA	2
ATTCCTTC	2
ATTCCGTG	2
ATTCCGAC	2
ATTCCCAA	2
ATTCCACA	2
ATTCCAAA	2
ATTCAGCC	2
ATTCACTT	2
ATTCGCCA	2
ATTCACAA	2
ATTCAATA	2
ATTCAAAG	2
ATTATTAT	2
ATTATGTT	2
ATTATGTA	2
ATTATCCA	2
ATTATACA	2
ATTAGGTC	2
ATTAGATN	2
ATTGCAGG	2
ATTGGTGA	2
ATTGGTCC	2
ATTGGTCA	2
ATTGGGCC	2
ATTGGCCA	2
ATTGGCAT	2
ATTGCTTA	2
ATTGCGTC	2
CTCCATAA	2
ATTGCAGT	2
ATCGAGCG	2
ATTGCAAT	2
ATTGATTT	2
ATTGATGG	2
ATTCTTTC	2
ATTCTCTC	2
ATTCTCTA	2
ATTCTAGC	2
ATTCGTCC	2
ATTCGCCC	2
ATAATCTT	2
ATACAAAA	2
ATAATTTA	2
ATAATTGG	2
ATAATTAG	2
ATAATTAC	2
ATAATGTG	2
ATAATGTA	2
ATAATGGG	2
ATAATGAC	2
ATAATGAA	2
ATACAAAC	2
ATAATCTG	2
ATAATCTA	2
ATAATCGT	2
ATAATCGA	2
ATAATCCG	2
ATAATCCC	2
ATAATATC	2
ATAATAGA	2
ATAATAAT	2
ATAATAAA	2
ATACTATA	2
ATAGCATA	2
ATAGCACT	2
ATAGATCT	2
ATAGAGTT	2
ATAGAGCG	2
ATAGAGAT	2
ATAGACCG	2
ATAGACAC	2
ATAGAAAG	2
ATACTTGA	2
ATAAGTTC	2
ATACTAAT	2
ATACGGAC	2
ATACGATA	2
ATACGACA	2
ATACATGT	2
ATACATGG	2
ATACAGAA	2
ATACACAG	2
ATACACAA	2
ATACAATT	2
ATAAATGG	2
ATAACGCT	2
ATAACGAG	2
ATAACGAC	2
ATAACCTT	2
ATAACCGA	2
ATAACCAC	2
ATAACAGT	2
ATAACAGN	2
ATAACAGA	2
ATAACACT	2
ATAACGGT	2
ATAAATCC	2
ATAAATAT	2
ATAAATAG	2
ATAAATAA	2
ATAAAGCC	2
ATAAAGAA	2
ATAAACTC	2
ATAAACTA	2
ATAAACGT	2
ATAAACGC	2
ATAAGCCG	2
ATAAGTGT	2
ATAAGTGG	2
ATAAGTGC	2
ATAAGTCT	2
ATAAGGTT	2
ATAAGGTG	2
ATAAGGTC	2
ATAAGGCG	2
ATAAGCGT	2
ATAAGCGC	2
ATAGCCAC	2
ATAAGCAG	2
ATAAGCAA	2
ATAAGATG	2
ATAAGAGG	2
ATAAGACA	2
ATAACTTA	2
ATAACTGA	2
ATAACGTT	2
ATAACGTG	2
ATCCAGCG	2
ATCCCCCT	2
ATCCCCCA	2
ATCCCCAA	2
ATCCCATG	2
ATCCCATC	2
ATCCCAGT	2
ATCCCACG	2
ATCCCAAG	2
ATCCATGG	2
ATCCAGGC	2
ATCCCCTA	2
ATCCAGAA	2
ATCCACAC	2
ATCCACAA	2
ATCCAATT	2
ATCCAACT	2
ATCATTTC	2
ATCATCCC	2
ATCATAAC	2
ATCAGGGT	2
ATCAGCCG	2
ATCCGGAA	2
ATCGAGAG	2
ATCGACAA	2
ATCCTTGT	2
ATCCTTCT	2
ATCCTCAC	2
ATCCTCAA	2
ATCCTAGA	2
ATCCGTTG	2
ATCCGTGC	2
ATCCGGCA	2
ATCAGCCA	2
ATCCGCGT	2
ATCCGCGG	2
ATCCGCGA	2
ATCCGCCG	2
ATCCGAAT	2
ATCCCTTA	2
ATCCCTAG	2
ATCCCTAA	2
ATCCCGGA	2
ATATACCA	2
ATATCTCA	2
ATATCGTT	2
ATATCGAA	2
ATATCACA	2
ATATCAAT	2
ATATATCA	2
ATATATAC	2
ATATAGGT	2
ATATAGAN	2
ATATAGAG	2
ATATGCCC	2
ATATACAC	2
ATAGTTCG	2
ATAGTGTC	2
ATAGTGAG	2
ATAGTCCA	2
ATAGTAGG	2
ATAGGCAT	2
ATAGCTTA	2
ATAGCTCT	2
ATAGCCAG	2
ATCAAGTT	2
ATCACTCC	2
ATCACTCA	2
ATCACTAG	2
ATCACTAC	2
ATCACGTA	2
ATCACCTC	2
ATCACCCA	2
ATCACCAA	2
ATCACATA	2
ATCACACA	2
CAAAGATC	2
ATCAAGCA	2
ATCAACTA	2
ATCAAAGC	2
ATCAAACT	2
ATCAAAAG	2
ATATTGGT	2
ATATGTAT	2
ATATGGCA	2
ATATGCTC	2
CATGAAGC	2
CATGCAGC	2
CATGCACT	2
CATGCACC	2
CATGCAAG	2
CATGCAAA	2
CATGATGC	2
CATGAGCT	2
CATGAGAC	2
CATGAGAA	2
CATGACCC	2
CATGCATG	2
CATGAAAT	2
CATGAAAG	2
CATGAAAA	2
CATCTTGT	2
CATCTTGA	2
CATCTTCT	2
CATCTTCA	2
CATCTTAG	2
CATCTGTG	2
CATCTCGG	2
CATGGCGG	2
CATGTGAA	2
CATGTCTT	2
CATGTCTC	2
CATGTATT	2
CATGTATA	2
CATGTAGT	2
CATGTAAG	2
CATGGTTG	2
CATGGTGT	2
CATGGGAG	2
CATCTCCC	2
CATGGCAC	2
CATGGATA	2
CATGCTTC	2
CATGCTTA	2
CATGCTGA	2
CATGCTCC	2
CATGCTCA	2
CATGCTAT	2
CATGCGTT	2
CATGCCAC	2
CAGGCGTC	2
CAGTTGTT	2
CAGTTGGT	2
CAGTTCTT	2
CAGTTCTA	2
CAGTGCGT	2
CAGTCACT	2
CAGTAATA	2
CAGGGTAT	2
CAGGGAGC	2
CAGGGACA	2
CATCAAAG	2
CAGGCAAT	2
CAGGCAAC	2
CAGGATGA	2
CAGGAGAA	2
CAGGACGT	2
CAGGAAAA	2
CAGCTTGT	2
CAGCTTCA	2
CAGCTCTA	2
CAGCTCGT	2
CATCCAGA	2
CATCTAGT	2
CATCTAAC	2
CATCGTTG	2
CATCGCTG	2
CATCGAAA	2
CATCCTTG	2
CATCCTCA	2
CATCCCTC	2
CATCCCCA	2
CATCCCAT	2
CATGTGTA	2
CATCATTT	2
CATCATGC	2
CATCATCG	2
CATCATAG	2
CATCATAC	2
CATCATAA	2
CATCACCA	2
CATCACAT	2
CATCACAC	2
CCACCGCA	2
CCACGCTC	2
CCACGCAA	2
CCACGATC	2
CCACGACG	2
CCACGAAT	2
CCACCTGT	2
CCACCTCT	2
CCACCTCA	2
CCACCTAT	2
CCACCGGA	2
CCACGTCA	2
CCACCCCA	2
CCACCATG	2
CCACCATA	2
CCACCAGA	2
CCACATTG	2
CCACATTA	2
CCACATAT	2
CCACAGTC	2
CCACAGGA	2
CCACAGCC	2
CCACTCCC	2
CCAGAATT	2
CCAGAATG	2
CCAGAAGA	2
CCACTTTC	2
CCACTTCA	2
CCACTGTC	2
CCACTGCC	2
CCACTCTC	2
CCACTCGA	2
CCACTCCG	2
CCACAGAA	2
CCACTCAG	2
CCACTCAC	2
CCACTATT	2
CCACTAGT	2
CCACTAGG	2
CCACTAGC	2
CCACTAGA	2
CCACTACT	2
CCACTACA	2
CATTAGAA	2
CATTGATT	2
CATTGATG	2
CATTGAGT	2
CATTGAGA	2
CATTGACG	2
CATTGACA	2
CATTCTCC	2
CATTCATA	2
CATTCACA	2
CATTATTT	2
CATTGCAA	2
CATTACTT	2
CATTACAC	2
CATTAATT	2
CATTAACT	2
CATTAACA	2
CATGTTTT	2
CATGTTTG	2
CATGTTTA	2
CATGTTCA	2
CATGTGTT	2
CATTTGTG	2
CCACACTT	2
CCACACTA	2
CCACACGC	2
CCACACCA	2
CCACAAGG	2
CATTTTTA	2
CATTTTGT	2
CATTTTCC	2
CATTTTAG	2
CATTTGTT	2
CAGCGGAG	2
CATTTGGT	2
CATTTCTC	2
CATTTCTA	2
CATTTATG	2
CATTTACT	2
CATTTAAG	2
CATTGTTA	2
CATTGCTA	2
CATTGCAT	2
CAAGGGCA	2
CAATAATT	2
CAATAATA	2
CAATAAAA	2
CAAGTTCG	2
CAAGTGTA	2
CAAGTGAC	2
CAAGTCTG	2
CAAGTCAC	2
CAAGTATT	2
CAAGTATA	2
CAATACAA	2
CAAGGATT	2
CAAGGATG	2
CAAGCTTG	2
CAAGCTTC	2
CAAGCCTT	2
CAAGCCAC	2
CAAGCAGA	2
CAAGCACT	2
CAAGATGC	2
CAAGAGTT	2
CAATGCCA	2
CACAACAA	2
CACAAACT	2
CAATTTCT	2
CAATTGCC	2
CAATTGAT	2
CAATTCTG	2
CAATTCAA	2
CAATTAAT	2
CAATGTCT	2
CAATGGAA	2
CAAGAGGC	2
CAATCTTA	2
CAATCTAA	2
CAATCGAA	2
CAATCCCT	2
CAATCATT	2
CAATCATG	2
CAATAGGT	2
CAATAGAT	2
CAATACGC	2
CAATACGA	2
CAAATTGG	2
CAACCAAA	2
CAACATTG	2
CAACAGTG	2
CAACAGCT	2
CAACACGC	2
CAACAAGG	2
CAACAAAG	2
CAACAAAC	2
CAACAAAA	2
CAAATTGT	2
CAACCAAC	2
CAAATGGT	2
CAAATGCT	2
CAAATGCA	2
CAAATCTT	2
CAAATCAA	2
CAAATATA	2
CAAATAAA	2
CAAAGTCA	2
CAAAGGGC	2
CAAAGCCT	2
CAACGTAC	2
CAAGACTT	2
CAAGAATT	2
CAAGAAGA	2
CAAGAACT	2
CAAGAAAT	2
CAAGAAAG	2
CAAGAAAA	2
CAACTCTA	2
CAACTAAT	2
CAACTAAG	2
CACAACAG	2
CAACGGAT	2
CAACGAAC	2
CAACCTAG	2
CAACCGTA	2
CAACCGCT	2
CAACCCTT	2
CAACCCCT	2
CAACCCAC	2
CAACCACT	2
CACGCAAT	2
CAGAACTC	2
CAGAAACN	2
CAGAAAAA	2
CACGTTGA	2
CACGTGAT	2
CACGTCAG	2
CACGGAGG	2
CACGCTAT	2
CACGCCGG	2
CACGCATG	2
CAGAATCG	2
CACGAGAC	2
CACGACAT	2
CACCTTTG	2
CACCTTCC	2
CACCTGGA	2
CACCTGCT	2
CACCTCTT	2
CACCTCTC	2
CACCTCTA	2
CACCTATA	2
CAGATATA	2
CAGCCCAC	2
CAGCCAAG	2
CAGCAGAT	2
CAGCACCA	2
CAGCAAGA	2
CAGATTGG	2
CAGATTCC	2
CAGATTAT	2
CAGATGGC	2
CAGATGAA	2
CACCGCAT	2
CAGAGGCC	2
CAGAGAAC	2
CAGACTGA	2
CAGACTAA	2
CAGACGTA	2
CAGACGAG	2
CAGACCTG	2
CAGACAGC	2
CAGACACA	2
CACACCCA	2
CACACTTG	2
CACACTTC	2
CACACTCG	2
CACACTCC	2
CACACTCA	2
CACACGAG	2
CACACGAC	2
CACACCTT	2
CACACCCG	2
CACACCCC	2
CACAGAAA	2
CACACCAA	2
CACACAGG	2
CACACAGA	2
CACAATGG	2
CACAAGAT	2
CACAAGAA	2
CACAACTT	2
CACAACTG	2
CACAACGT	2
CACAACAT	2
CACATTCA	2
CACCGACA	2
CACCCTCG	2
CACCCCTC	2
CACCCCAG	2
CACCCAGG	2
CACCCAAA	2
CACCAGCA	2
CACCACTT	2
CACCAAGG	2
CACCAAAC	2
ATAAACCC	2
CACATGAC	2
CACATATT	2
CACATACT	2
CACATAAC	2
CACAGTCA	2
CACAGTAA	2
CACAGCAC	2
CACAGACT	2
CACAGAAC	2
ACAGACAG	2
ACATAATT	2
ACATAATA	2
ACAGGTAG	2
ACAGGGAC	2
ACAGGCTG	2
ACAGGAGT	2
ACAGGACT	2
ACAGATAT	2
ACAGAGGA	2
ACAGACGT	2
ACATACTT	2
ACAGAATT	2
ACACTTTG	2
ACACTTGG	2
ACACTTCT	2
ACACTTAT	2
ACACTTAG	2
ACACTTAC	2
ACACTCTN	2
ACACTACG	2
ACACTAAA	2
ACATGCCT	2
ACCACACA	2
ACCACAAA	2
ACCAATTG	2
ACCAATCT	2
ACCAAGGT	2
ACCAAATG	2
ACCAAATC	2
ACATTTGG	2
ACATTATA	2
ACATGTTT	2
ACACGCTA	2
ACATGATA	2
ACATGAGC	2
ACATGACC	2
ACATGAAA	2
ACATCTCC	2
ACATCGCA	2
ACATCAGA	2
ACATATGC	2
ACATAGCC	2
ACATAGAA	2
ACAACAAC	2
ACAAGGCT	2
ACAAGGCA	2
ACAAGCTC	2
ACAAGCAC	2
ACAAGATT	2
ACAAGAGG	2
ACAAGAGA	2
ACAAGAAG	2
ACAACCTT	2
ACAACAAG	2
ACAAGGTC	2
ACAAATAG	2
ACAAAGTT	2
ACAAAGGC	2
ACAAAGGA	2
ACAAAGAC	2
ACAAAGAA	2
ACAAACAC	2
AATGTTAT	2
AATGTGTG	2
AATGTGCT	2
ACACATAT	2
ACACGCAC	2
ACACGAGA	2
ACACGACG	2
ACACCTTA	2
ACACCTAT	2
ACACCGGC	2
ACACCCCA	2
ACACCACT	2
ACACATGC	2
ACACATCT	2
ACCACAGA	2
ACACATAA	2
ACACACTT	2
ACACACTA	2
ACACACGT	2
ACACACGG	2
ACACACAG	2
ACACAAAG	2
ACAATTGA	2
ACAATGGC	2
ACCGCCGA	2
ACGCCTGA	2
ACGCACAC	2
ACGCAATG	2
ACGAATTC	2
ACGAAAAA	2
ACCGTCAC	2
ACCGTAGA	2
ACCGCGTG	2
ACCGCGCA	2
ACCGCCTT	2
ACGCGTGT	2
ACCGCAGC	2
ACCGCACA	2
ACCGCAAC	2
ACCCTGAT	2
ACCCTCTC	2
ACCCTCCT	2
ACCCTCAG	2
ACCCTCAC	2
ACCCTATT	2
ACCCTAGA	2
ACGTGCAC	2
ACTCACTT	2
ACTCACTA	2
ACTCACCC	2
ACTCAATG	2
ACTCAAGC	2
ACTCAAGA	2
ACTCAAAC	2
ACGTTCAC	2
ACGTTATT	2
ACGTGTGT	2
ACCCTAAA	2
ACGTATCT	2
ACGTATAG	2
ACGTACAT	2
ACGGTATA	2
ACGGACTC	2
ACGCTGGT	2
ACGCTCTT	2
ACGCTATA	2
ACGCTACT	2
ACCAGGTA	2
ACCATGTA	2
ACCATGGC	2
ACCATGGA	2
ACCATCTT	2
ACCATCTC	2
ACCATCGA	2
ACCATCAT	2
ACCATAGA	2
ACCATACA	2
ACCAGTTC	2
ACCATGTC	2
ACCAGGCA	2
ACCAGCTA	2
ACCAGATC	2
ACCAGACA	2
ACCAGAAC	2
ACCACTAG	2
ACCACGAC	2
ACCACCTA	2
ACCACCCT	2
ACCACATA	2
ACCCATAG	2
ACCCGCCA	2
ACCCGATG	2
ACCCGAAT	2
ACCCCTTC	2
ACCCCTCT	2
ACCCCTCC	2
ACCCCCTC	2
ACCCCCAA	2
ACCCCATC	2
ACCCATCT	2
AATGTCTC	2
ACCCAGTA	2
ACCCAGGC	2
ACCCAGCC	2
ACCCACAC	2
ACCCAAGT	2
ACCCAAGC	2
ACCCAACA	2
ACCCAAAG	2
ACCATTCT	2
AAGAAGCT	2
AAGATCGG	2
AAGAGTGT	2
AAGAGCAT	2
AAGAGCAG	2
AAGAGAGC	2
AAGAGAGA	2
AAGACTGC	2
AAGACACT	2
AAGACAAG	2
AAGAATCC	2
AAGATGAC	2
AAGAAAGA	2
AAAGTTGT	2
AAAGTTAG	2
AAAGTTAC	2
AAAGTATA	2
AAAGGGGG	2
AAAGGGGA	2
AAAGGGAA	2
AAAGGCTC	2
AAAGGCCA	2
AAGCCGCA	2
AAGCTTCA	2
AAGCTTAA	2
AAGCTCTT	2
AAGCTCCC	2
AAGCTCAC	2
AAGCTAGA	2
AAGCTACT	2
AAGCGTGA	2
AAGCGGGA	2
AAGCCTAT	2
AAAGGATA	2
AAGCCAAA	2
AAGCATGA	2
AAGCAGAA	2
AAGCACTC	2
AAGCACCA	2
AAGCAACA	2
AAGCAAAC	2
AAGATGGT	2
AAGATGGC	2
AAGATGGA	2
AAAAGACC	2
AAACACAT	2
AAACAAAG	2
AAAATTTC	2
AAAATTCC	2
AAAATGTA	2
AAAATAGG	2
AAAAGTGC	2
AAAAGGGG	2
AAAAGCAG	2
AAAAGATA	2
AAACACTT	2
AAAACTAG	2
AAAACCAT	2
AAAACAGT	2
AAAAATTC	2
AAAAATGT	2
AAAAAGAC	2
AAAAACAT	2
AAAAAATC	2
AAAAAAGT	2
AAAAAACA	2
AAACGCTC	2
AAAGGAGA	2
AAAGGAAG	2
AAAGGAAC	2
AAAGCCTT	2
AAAGATTC	2
AAAGATAG	2
AAAGAGTT	2
AAACTCTT	2
AAACTCTC	2
AAACTCGT	2
AAGCTTGC	2
AAACGAGC	2
AAACCTGC	2
AAACCTGA	2
AAACCTAG	2
AAACCCAA	2
AAACCATA	2
AAACCACG	2
AAACCACC	2
AAACATCA	2
AATCTAAA	2
AATGAAGT	2
AATCTTTA	2
AATCTTGG	2
AATCTGTG	2
AATCTGAT	2
AATCTCTT	2
AATCTCGA	2
AATCTCAT	2
AATCTACC	2
AATCTACA	2
AATGACAT	2
AATCGTAA	2
AATCGATT	2
AATCGAAG	2
AATCCTTG	2
AATCCTAT	2
AATCCTAC	2
AATCCCAC	2
AATCCATT	2
AATCCAGG	2
AATCATGG	2
AATGCAAG	2
AATGTACA	2
AATGTAAG	2
AATGTAAA	2
AATGGTTC	2
AATGGTGT	2
AATGGCAT	2
AATGGACT	2
AATGCGCC	2
AATGCCTA	2
AATGCAAT	2
AATCATCC	2
AATGATTC	2
AATGATGA	2
AATGATAA	2
AATGAGTC	2
AATGAGCC	2
AATGAGCA	2
AATGACTT	2
AATGACTC	2
AATGACGT	2
AAGGGATG	2
AATAATGA	2
AATAATAC	2
AATAAGGT	2
AATAAATC	2
AATAAACA	2
AAGGGGTG	2
AAGGGGGA	2
AAGGGGAC	2
AAGGGCTT	2
AAGGGCTG	2
AATAATGG	2
AAGGGAAT	2
AAGGCTAT	2
AAGGCGAT	2
AAGGCGAC	2
AAGGAGGG	2
AAGGAGCA	2
AAGGACGA	2
AAGGAATT	2
AAGGAAAG	2
AAGCTTGG	2
AATAGGTA	2
AATCACCT	2
AATCACAC	2
AATCACAA	2
AATCAATC	2
AATCAACC	2
AATCAAAT	2
AATCAAAA	2
AATATGAC	2
AATATCAT	2
AATAGTGC	2
ACTCAGAG	2
AATAGGCT	2
AATAGATA	2
AATAGAGC	2
AATACTTG	2
AATACCCC	2
AATACATA	2
AATACAGC	2
AATAATTN	2
AATAATTA	2
AGGTAGAT	2
AGGTGATT	2
AGGTGAGN	2
AGGTCTTT	2
AGGTCTCC	2
AGGTCTAG	2
AGGTCGAA	2
AGGTCATT	2
AGGTATTC	2
AGGTATGT	2
AGGTAGGG	2
AGGTGCAG	2
AGGTAGAG	2
AGGTAATG	2
AGGTAAGA	2
AGGTAAAA	2
AGGGTCTG	2
AGGGTCAA	2
AGGGTAAT	2
AGGGGTTC	2
AGGGGGGC	2
AGGGCTAT	2
AGGTTTAG	2
AGTATGCA	2
AGTATAGA	2
AGTAGTTG	2
AGTAGGAT	2
AGTAGCCT	2
AGTACAAG	2
AGTAAGCC	2
AGTAAGAG	2
AGTAAATT	2
AGTAAACA	2
AGGGCCGC	2
AGGTTGGT	2
AGGTTATT	2
AGGTTAAT	2
AGGTTAAC	2
AGGTGTTT	2
AGGTGTGT	2
AGGTGGTG	2
AGGTGGGG	2
AGGTGGCC	2
AGGTGGAA	2
AGGAATGG	2
AGGATATG	2
AGGATATA	2
AGGAGATC	2
AGGAGAGG	2
AGGAGAGA	2
AGGAGAAC	2
AGGACTTT	2
AGGACTCC	2
AGGACCCG	2
AGGACAGC	2
AGGATTGC	2
AGGAAAGG	2
AGGAAACA	2
AGCGTGAC	2
AGCGTCAA	2
AGCGTACG	2
AGCGGTTG	2
AGCGCTTC	2
AGCGCTTA	2
AGCGCGCG	2
AGCGAGCA	2
AGGCTTTA	2
AGGGCATG	2
AGGGCACC	2
AGGGATAG	2
AGGGAGAA	2
AGGGACTA	2
AGGGACGT	2
AGGGAATT	2
AGGGAAGT	2
AGGGAAGG	2
AGGGAAAG	2
AGTATGGT	2
AGGCTGCC	2
AGGCGGAA	2
AGGCGAAA	2
AGGCCCAG	2
AGGCAGCA	2
AGGCACTC	2
AGGCACAT	2
AGGCAATT	2
AGGATTTG	2
ANATAAAT	2
ANCCCCCA	2
ANCCATAG	2
ANCCAAGA	2
ANCATTGT	2
ANCATAGA	2
ANCACGCT	2
ANATGCAC	2
ANATCGTA	2
ANATATAT	2
ANATAGAT	2
ANCCCCCT	2
ANATAAAA	2
ANAGCCCT	2
ANACTCTT	2
ANACTATA	2
ANACTAAT	2
ANAATAAT	2
ANAAGCGC	2
ANAACTTT	2
ANAACTAC	2
ANAACGTA	2
ANGGCATC	2
ANTTTCTC	2
ANTGTGTG	2
ANTGTATA	2
ANTGCTAC	2
ANTAGCCA	2
ANTACCCC	2
ANTAATTA	2
ANGTTATA	2
ANGGTCCT	2
ANGGCGGA	2
ANAAATCA	2
ANGGACCA	2
ANGCTACT	2
ANGCACCC	2
ANGCACAG	2
ANGAAAAA	2
ANCGTAAT	2
ANCGATCG	2
ANCGAATT	2
ANCCGCGT	2
AGTGCGCA	2
AGTGTTCG	2
AGTGTTAT	2
AGTGTGTA	2
AGTGTCTG	2
AGTGTCCG	2
AGTGTCAA	2
AGTGTATA	2
AGTGGGCC	2
AGTGGCGT	2
AGTGCTTG	2
AGTGTTGC	2
AGTGCCCC	2
AGTGCACG	2
AGTGACTT	2
AGTGAAAG	2
AGTCTTTC	2
AGTCTTCA	2
AGTCTATA	2
AGTCCACA	2
AGTCACAT	2
AGTCAATG	2
AGTTGTGA	2
ANAAAGTC	2
ANAAAGAC	2
ANAAACTA	2
ANAAAACT	2
AGTTTTTG	2
AGTTTTCT	2
AGTTTTCA	2
AGTTTGTG	2
AGTTTGAC	2
AGTTTCCA	2
AGCGAGAG	2
AGTTGCTT	2
AGTTCTTG	2
AGTTCCCA	2
AGTTCATG	2
AGTTATGA	2
AGTTAGGT	2
AGTTAAAA	2
AGTGTTTG	2
AGTGTTGG	2
ACTTCCTC	2
ACTTTCTT	2
ACTTTCCT	2
ACTTTATC	2
ACTTGGAG	2
ACTTGCGA	2
ACTTGCAC	2
ACTTGAAT	2
ACTTCTTT	2
ACTTCTCT	2
ACTTCGAT	2
ACTTTGTT	2
ACTTCCTA	2
ACTTCCAC	2
ACTTATGT	2
ACTTAGGG	2
ACTTAGCG	2
ACTTAGAT	2
ACTTAAAA	2
ACTGTTGT	2
ACTGTAGA	2
ACTGTACA	2
AGAACCTC	2
AGAATCAG	2
AGAATAAA	2
AGAAGCTT	2
AGAAGCCA	2
AGAAGATG	2
AGAAGAAT	2
AGAAGAAA	2
AGAACTTT	2
AGAACTCT	2
AGAACGTT	2
ACTGTAAG	2
AGAACCGT	2
AGAACAAC	2
AGAAAGTG	2
AGAAAGTA	2
AGAAAGAC	2
AGAAACTC	2
AGAAACCA	2
AGAAAAAC	2
ACTTTTGG	2
ACTCCCTA	2
ACTCGTGA	2
ACTCGTAT	2
ACTCGGTC	2
ACTCGGGG	2
ACTCGCAT	2
ACTCGCAC	2
ACTCCTTC	2
ACTCCTCT	2
ACTCCTAT	2
ACTCCTAA	2
ACTCTAAG	2
ACTCCCGA	2
ACTCCCCC	2
ACTCCCCA	2
ACTCCCAT	2
ACTCCCAG	2
ACTCCATG	2
ACTCCACC	2
ACTCATTG	2
ACTCATAC	2
ACTCAGCC	2
ACTGAAGG	2
ACTGGCGC	2
ACTGGCCT	2
ACTGGATA	2
ACTGGAAA	2
ACTGCTGG	2
ACTGCCGC	2
ACTGCAGC	2
ACTGCAGA	2
ACTGCAAT	2
ACTGACAC	2
AGAATGAA	2
ACTGAACA	2
ACTCTTTC	2
ACTCTTCT	2
ACTCTCTT	2
ACTCTCAC	2
ACTCTCAA	2
ACTCTATG	2
ACTCTACC	2
ACTCTACA	2
AGCAAAGC	2
AGCATCAT	2
AGCATACG	2
AGCACTAA	2
AGCACGCG	2
AGCACATT	2
AGCAATGG	2
AGCAAGTG	2
AGCAAGGT	2
AGCAAGGA	2
AGCAAGCT	2
AGCATGCT	2
AGCAAAGA	2
AGCAAAAC	2
AGCAAAAA	2
AGATTTTT	2
AGATTTGC	2
AGATTCCC	2
AGATGGGA	2
AGATGGCT	2
AGATGCCT	2
AGATGCAG	2
AGCCATAA	2
AGCCTTAT	2
AGCCTGAT	2
AGCCTCGT	2
AGCCTCGA	2
AGCCTCAC	2
AGCCTATA	2
AGCCCTTA	2
AGCCCGAA	2
AGCCATGC	2
AGCCATAG	2
AGATGATG	2
AGCCAGGC	2
AGCCACTA	2
AGCCACCA	2
AGCCACAT	2
AGCCAATG	2
AGCCAAGT	2
AGCCAAAA	2
AGCATTTG	2
AGCATGTG	2
AGAGAGCC	2
AGAGGAAG	2
AGAGCTTA	2
AGAGCGAG	2
AGAGCCTG	2
AGAGCCGC	2
AGAGCAAT	2
AGAGATCG	2
AGAGATCC	2
AGAGAGTT	2
AGAGAGTG	2
AGAGGACA	2
AGAGAGAA	2
AGAGACGA	2
AGACTGCT	2
AGACTAAT	2
AGACCGGT	2
AGACCATC	2
AGACCAGT	2
AGACAGTT	2
AGAATGTA	2
AGAATGAT	2
AGAGTTAT	2
AGATGAGA	2
AGATCGGT	2
AGATCGGG	2
AGATCGGC	2
AGATCGCA	2
AGATCGAA	2
AGATCATG	2
AGATAGGA	2
AGATAGAG	2
AGAGTTCT	2
ATTGCCTG	2
AGAGTGGT	2
AGAGTGGG	2
AGAGTGAG	2
AGAGTCTG	2
AGAGTCAT	2
AGAGTAGG	2
AGAGTACT	2
AGAGTAAT	2
AGAGGGAC	2
CGCCCTCC	2
CGATGAGC	2
CGATGGTT	2
CGATGTTC	2
CGCACAGA	2
CGCACATA	2
CGCATGCA	2
CGCCACAC	2
CGCCACAG	2
CGCCAGAG	2
CGCCATGC	2
CGCCCATA	2
CGCCCCCG	2
CGCCCTAC	2
CGATGAGA	2
CGCCGAGC	2
CGCCTCAA	2
CGCCTCAG	2
CGCCTTGC	2
CGCGAAAA	2
CGCGAATC	2
CGCGCCCG	2
CGCGGTTT	2
CGCTATCT	2
CGCTCAAA	2
CGCTCTCT	2
CGCTGAAT	2
CGACCGCC	2
CCGTCCTA	2
CCGTCTTA	2
CCGTGGTG	2
CCGTGTGT	2
CCGTTAGG	2
CCGTTGTT	2
CCGTTTCA	2
CGACAAAA	2
CGACAACC	2
CGACACAC	2
CGACAGTC	2
CGACATTC	2
CGCTGCGT	2
CGACCTCT	2
CGACGCTT	2
CGACGGCT	2
CGACTCAG	2
CGAGAAAG	2
CGAGCTTC	2
CGAGGAAA	2
CGAGGGAA	2
CGAGGGGT	2
CGAGTGGC	2
CGAGTTAT	2
CGATAAGA	2
CGTGGGCA	2
CGTCTAGA	2
CGTCTCAG	2
CGTCTTTT	2
CGTGAATT	2
CGTGAGCA	2
CGTGAGGG	2
CGTGAGGT	2
CGTGAGTG	2
CGTGCAAA	2
CGTGCAAT	2
CGTGCTCG	2
CGTGGAGT	2
CGTGGCTA	2
CGTCGGTT	2
CGTGTATG	2
CGTGTCCC	2
CGTGTTGT	2
CGTTAATC	2
CGTTAATT	2
CGTTATAA	2
CGTTATTA	2
CGTTCAAG	2
CGTTCACA	2
CGTTCTTC	2
CGTTTTTA	2
CNAAAATA	2
CGGCTTAA	2
CGCTTATA	2
CGCTTCTC	2
CGCTTCTT	2
CGGAAATA	2
CGGAAATT	2
CGGAACTA	2
CGGAAGAG	2
CGGACAGA	2
CGGACTCT	2
CGGAGCCA	2
CGGATGGG	2
CGGCATTA	2
CCGTATCT	2
CGGGAAAT	2
CGGGAGAT	2
CGGGTAAT	2
CGGGTCTT	2
CGGTAAAA	2
CGGTAATT	2
CGGTGGTC	2
CGGTTTTC	2
CGTCAAAA	2
CGTCAAAG	2
CGTCAACA	2
CGTCCACA	2
CCCGAGGG	2
CCCCTATA	2
CCCCTCTC	2
CCCCTCTT	2
CCCCTGCA	2
CCCCTTAG	2
CCCCTTAT	2
CCCCTTGT	2
CCCCTTTA	2
CCCCTTTG	2
CCCGAAAT	2
CCCGAACG	2
CCCGACAT	2
CCCGACTC	2
CCCCTAGA	2
CCCGCAAT	2
CCCGCTGC	2
CCCGCTTT	2
CCCGGAAA	2
CCCGGAAT	2
CCCGGTTC	2
CCCGTATC	2
CCCTAAAN	2
CCCTAACT	2
CCCTAATC	2
CCCTACAG	2
CCCTACTT	2
CCCCCAGG	2
CCCCAAAC	2
CCCCAATA	2
CCCCAATC	2
CCCCAATG	2
CCCCACAA	2
CCCCACCC	2
CCCCACCG	2
CCCCACTT	2
CCCCAGAA	2
CCCCATCC	2
CCCCATTC	2
CCCCCACT	2
CCCTAGAG	2
CCCCCCAA	2
CCCCCCCC	2
CCCCCCTC	2
CCCCCCTT	2
CCCCCGGT	2
CCCCCTCC	2
CCCCCTCG	2
CCCCCTGA	2
CCCCCTTC	2
CCCCGCAA	2
CCCCGGGT	2
CCCCTAAA	2
CCGCTTGC	2
CCCTTGCC	2
CCCTTTCG	2
CCCTTTCT	2
CCCTTTGA	2
CCCTTTTG	2
CCCTTTTT	2
CCGCAATA	2
CCGCATAT	2
CCGCATGT	2
CCGCATTA	2
CCGCCTAG	2
CCGCGAAA	2
CCCTTGAA	2
CCGGCAAA	2
CCGGCAAC	2
CCGGCCTA	2
CCGGGAAA	2
CCGGGATA	2
CCGGGGAA	2
CCGGGGAT	2
CCGGGGGA	2
CCGGGGGG	2
CCGGGTAT	2
CCGGTATT	2
CCGTAAAT	2
CCCTCTCC	2
CCCTAGAT	2
CCCTAGGG	2
CCCTAGGT	2
CCCTAGTT	2
CCCTATCT	2
CCCTCAAT	2
CCCTCCAG	2
CCCTCCAT	2
CCCTCCCC	2
CCCTCCCT	2
CCCTCTAT	2
CCCTCTCA	2
CNAAATTT	2
CCCTCTCG	2
CCCTCTTT	2
CCCTGAAA	2
CCCTGCAA	2
CCCTGCAG	2
CCCTGCTC	2
CCCTGTGA	2
CCCTGTTC	2
CCCTTCAA	2
CCCTTCAT	2
CCCTTCCN	2
CCCTTCTA	2
CTATAACT	2
CTAGGTGT	2
CTAGTAGA	2
CTAGTATC	2
CTAGTCGA	2
CTAGTCTC	2
CTAGTCTT	2
CTAGTGGG	2
CTAGTGTG	2
CTAGTTGT	2
CTAGTTTC	2
CTAGTTTT	2
CTATAAAA	2
CTATAAAT	2
CTAGGTGA	2
CTATACAC	2
CTATAGAA	2
CTATAGGT	2
CTATATCC	2
CTATATCT	2
CTATCACT	2
CTATCATA	2
CTATCATT	2
CTATCCAA	2
CTATCCTC	2
CTATCTGT	2
CTATCTTC	2
CTAGCCAA	2
CTACTTGC	2
CTAGAAGA	2
CTAGAAGG	2
CTAGAATC	2
CTAGACCG	2
CTAGACTA	2
CTAGAGCC	2
CTAGAGGG	2
CTAGAGTG	2
CTAGATGT	2
CTAGATTC	2
CTAGCAAG	2
CTATGAAA	2
CTAGCCAT	2
CTAGCCCC	2
CTAGCCTT	2
CTAGCTAT	2
CTAGCTGT	2
CTAGGAAT	2
CTAGGACT	2
CTAGGGCA	2
CTAGGGGA	2
CTAGGGGT	2
CTAGGTAT	2
CTAGGTCC	2
CTCATGTC	2
CTCACTCT	2
CTCAGACA	2
CTCAGACT	2
CTCAGATT	2
CTCAGGAG	2
CTCAGTAC	2
CTCAGTGC	2
CTCAGTTC	2
CTCATAAA	2
CTCATAAC	2
CTCATAAG	2
CTCATCCT	2
CTCACTCC	2
CTCATTGA	2
CTCCAAAC	2
CTCCAACA	2
CTCCAAGG	2
CTCCAATA	2
CTCCACAA	2
CTCCACAC	2
CTCCACAT	2
CTCCACCA	2
CTCCACCG	2
CTCCACTA	2
CTCCAGAT	2
CTATTTAG	2
CTATGAAC	2
CTATGAGA	2
CTATGCAT	2
CTATGCTA	2
CTATGGAT	2
CTATGGGT	2
CTATGTTC	2
CTATTATA	2
CTATTATG	2
CTATTGCT	2
CTATTGGA	2
CTATTGTC	2
CTACTTCT	2
CTATTTGT	2
CTCAAAGA	2
CTCAAATT	2
CTCAACAA	2
CTCAACTT	2
CTCAATTC	2
CTCACATT	2
CTCACCAA	2
CTCACCCA	2
CTCACGAG	2
CTCACGCA	2
CTCACTCA	2
CNTTTATA	2
CNGGTAAT	2
CNGGTTAG	2
CNGTTTCA	2
CNTCCAAA	2
CNTCCACA	2
CNTCTATA	2
CNTGTACG	2
CNTTAAGG	2
CNTTAATC	2
CNTTATTG	2
CNTTCATG	2
CNTTCATT	2
CNTTGTTA	2
CNGAGAGA	2
CNTTTGGC	2
CTAAACAA	2
CTAAACCA	2
CTAAACCT	2
CTAAACGG	2
CTAAACTA	2
CTAAACTC	2
CTAAAGTT	2
CTAAATAC	2
CTAAATCA	2
CTAAATGG	2
CTAACACC	2
CNATGAGA	2
CNAACCTT	2
CNAACGGT	2
CNAATGAT	2
CNAATTCC	2
CNACATCT	2
CNACATTA	2
CNACCACA	2
CNACCCTT	2
CNACGCTA	2
CNACTTTA	2
CNAGGCAT	2
CNAGTAAT	2
CTAACATG	2
CNATTGGG	2
CNCACAAT	2
CNCAGACA	2
CNCATAGA	2
CNCATGTA	2
CNCCACAC	2
CNCCCACC	2
CNCTATTA	2
CNCTCACA	2
CNCTCTGT	2
CNCTGAAC	2
CNCTTTTC	2
CTACTAAA	2
CTACACTC	2
CTACAGCC	2
CTACAGCG	2
CTACAGTA	2
CTACATAC	2
CTACATAG	2
CTACATGA	2
CTACATGC	2
CTACATGG	2
CTACATTA	2
CTACATTC	2
CTACATTG	2
CTACAATT	2
CTACTAAC	2
CTACTAAG	2
CTACTAAT	2
CTACTAGC	2
CTACTCAA	2
CTACTCCC	2
CTACTCCT	2
CTACTCTC	2
CTACTGAT	2
CTACTGGG	2
CTACTTCA	2
CTACTTCC	2
CTAAGTTA	2
CTAACCAG	2
CTAACCCA	2
CTAACTAC	2
CTAACTAT	2
CTAACTCA	2
CTAACTGC	2
CTAACTGG	2
CTAACTTC	2
CTAAGACA	2
CTAAGATG	2
CTAAGGAG	2
CTAAGGAT	2
CCAGAGAG	2
CTAATAAA	2
CTAATCAA	2
CTAATCGC	2
CTAATCTC	2
CTAATGCT	2
CTAATTTT	2
CTACAAAT	2
CTACAACA	2
CTACAACT	2
CTACAAGC	2
CTACAAGT	2
CTACAATA	2
CCATATCA	2
CCATGCGA	2
CCATGCCT	2
CCATGCAT	2
CCATGAGT	2
CCATGAGG	2
CCATGAGC	2
CCATGAAG	2
CCATATAT	2
CCATCTGC	2
CCATCTCT	2
CCATCTCC	2
CCATCTCA	2
CCATCTAT	2
CCATGCTC	2
CCATCTAG	2
CCATCTAA	2
CCATCCTT	2
CCATATGA	2
CCATATGC	2
CCATCACT	2
CCATCAGC	2
CCATCCAT	2
CCATCCCA	2
CCATCCGT	2
CCATCCTG	2
CCATAGAT	2
CCATTGTG	2
CCATAGCC	2
CCATTGGG	2
CCATTGGA	2
CCATTGCC	2
CCATTCTC	2
CCATTCAT	2
CCATTCAA	2
CCATTATA	2
CCATAGTG	2
CCATATAC	2
CCATTACC	2
CCATTAAT	2
CCAGACAT	2
CCATTTAC	2
CCATTTAG	2
CCATTTGA	2
CCATTTGT	2
CCATTTTC	2
CCATTTTG	2
CCATGGGT	2
CCATGGCT	2
CCATGGCC	2
CCATGGAT	2
CCATGGAG	2
CCATGGAC	2
CCAGTTGA	2
CCAGGAAG	2
CCAGGAAT	2
CCAGGATC	2
CCAGGGGG	2
CCAGGTCT	2
CCAGGTTT	2
CCAGTGGC	2
CCAGTGTA	2
CCAGTGTG	2
CCAGGTGC	2
CCATACAA	2
CCAGTTGC	2
CCAGTTGG	2
CCATAAGG	2
CCAGTTTG	2
CCATAAAA	2
CCATAACT	2
CCATAAAT	2
CCATAACC	2
CCAGCTAT	2
CCATACTG	2
CCAGAGTA	2
CCAGATAA	2
CCAGATAC	2
CCAGATCG	2
CCAGCAGA	2
CCAGCCAC	2
CCAGCCAT	2
CCAGCCCA	2
CCAGCCCT	2
CCAGCTCT	2
CCAGCTAG	2
