process_radtags v2.5, executed 2022-06-06 21:18:26 (zlib-1.2.11)
/opt/Software/stacks-2.5/process_radtags -P -p ./raw/rowF/ -o ./fastqs/ -b ./barcodes/stacks-rowF-barcodes.csv -c -q -r --inline_null --renz_1 ecoRI --renz_2 mseI
File	Retained Reads	Low Quality	Barcode Not Found	RAD cutsite Not Found	Total
Pteridium_Plate1_RowF_S214_L002_R1_001.fastq.gz	15437768	1259283	263304	18109575	35069930

Total Sequences	35069930
Barcode Not Found	263304
Low Quality	1259283
RAD Cutsite Not Found	18109575
Retained Reads	15437768

Barcode	Filename	Total	NoRadTag	LowQuality	Retained
AACT	arach1685-4	7083620	3672408	257890	3153322
CCTA	arach205-7	8412040	4358166	305571	3748303
TTACC	arach1141-6	2412514	1235440	88731	1088343
GAGGT	arach437-1	3611632	1935573	126744	1549315
AGACGT	harp1623	11315644	5856438	412990	5046216
CCGATC	arach4398	332112	180083	11366	140663
ATCTCGC	026OPBR	308060	163907	9217	134936
TATGGCC	317SPBR	1092734	567562	39414	485758
GGAATTGC	paedo1942	63834	43493	1496	18845
CCTCAGGC	cau1846-2	174436	96505	5864	72067

Sequences not recorded
Barcode	Total
AGATCGGA	97282
TTATAGAT	30860
TATAGATC	21588
ATAGATCG	18578
TACCAATT	13844
CTAAATTC	7152
AGGTAATT	6288
TATGCCAA	5732
ATGGCCAA	4444
GGGTAATT	2692
AGAGTAAT	1986
GAGTAATT	1904
AGCGTAAT	1880
TTGGCCAA	1768
TTCCAATT	1558
TAGGCCAA	1468
ANATCGGA	1422
AGACTAAT	1292
CCATCAAT	1034
AATAATTC	888
ATCCGCAA	872
CCCTAAAT	858
CGATCAAT	720
TCCTAAAT	706
AATATAGA	622
TTTACCAA	582
TCTCGCAA	582
TAGACGTA	526
TNATAGAT	514
ACTCGCAA	476
AGACCGTA	432
ACAAAATT	390
AAAAAATT	368
CTCTCTCT	326
AATAAATT	322
ACCAATTC	318
AGACTAGA	308
CAAAAATT	304
ANAGATCG	290
TNTAGATC	272
AAGACGTA	258
TGAGGTAA	256
ATATCGTT	254
AAACTAAT	252
AGGACGTA	252
AAACTAAA	246
GAATTGCA	228
ATTCGCAA	226
CTATAGAT	220
ACGTAATT	212
TNCCAATT	210
ACACTAAA	208
TAGATCGG	202
TGGCCAAT	202
ANACATAA	200
GTGTGTGT	200
ANGCGTAA	198
AGATCGAA	194
CACACACA	194
GGTAATTC	170
AGACTAAA	166
AGAACGTA	162
AAAAAAAA	162
TTATGGCC	162
ANACATAT	160
GACCAAGA	148
GGAGGTAA	146
TAACTAAT	144
TATGGTTA	144
AGGTATAG	140
CNAAATTC	138
ANATGTAA	138
ANTAATTC	136
GNACGTAA	136
AGATCGGN	128
CCGTCAAT	126
ACAAAAAA	122
ATATAGAT	122
ATGCCAAT	120
GAAGGTAA	120
GGATTGCA	116
AGAACGGA	116
CTCAGGCA	114
AGAACTAA	112
ATAAGTAA	110
GAGTATAG	106
TATGGTAT	104
AGATCAGA	102
ATGGCCTA	100
CNGATATA	100
ANGTAATT	98
ANCGTAAT	96
TATGGATC	92
ATCCACTA	90
AGATGGAA	88
TACCTAGA	84
TTTATAGA	80
AAAAAAAT	80
GNGTAATT	78
AGATAGAT	78
TNTGCCAA	76
TATTGGCC	76
AGATATAG	74
ATACGAAA	70
CCCGCATT	68
AGATTGGA	66
GGATGGTT	66
ANGGCCAA	64
TATATAGA	64
AGACTCTT	64
ACACGAAA	64
AAACCAAT	62
AGATCGGG	60
AGACAAAA	60
AGACCGGA	60
AGGTCGGA	58
AGATAGGA	58
GGCCAATT	58
AGACTCTC	58
GNCGTAAT	56
AGACTCAA	56
ATATCGGA	56
GNGATATA	56
GGGTATAG	56
ACCAAAAA	54
AGATGGGA	54
TCTCTCTC	54
GAATTGCT	52
AGGCCAAT	52
ANTAAATT	52
ACACACAC	52
TAATAGAT	52
TAACAAAT	50
ACTCTCTC	50
AGACTCAC	48
GAGTAAAT	48
GGAATGCA	46
TNGGCCAA	46
GNCTAATT	46
CTAGATCG	44
TATTGAAT	44
GGATCGGA	44
TNTGGCTA	44
TTAAAGAT	44
AAACAAAT	44
AGAAGAAA	42
AGATCTGA	42
TATAGATA	40
TTATGGAT	40
ATACTTAA	40
TTATAGAA	40
AGACAAAT	38
TAATGGCC	38
CTCATGTT	38
GTATAGAT	38
AGACCAAA	36
AGACTCCA	36
CTAATTCA	36
CCCTCAGG	36
CTGGCCAA	36
TTTGCCAT	36
TCATCTGC	36
AATAGATC	36
ACACTTAT	36
TATGGATA	36
AGACTCCC	36
ANGGTAAT	36
GNAATTGT	34
TTATATAT	34
AATCTTTG	34
TTATAGAN	34
AGACTCAT	34
ANACGGAA	34
AGACTACT	32
AGTAATTC	32
AGACAGCC	32
ATATATAT	32
GGAATTAT	32
CNTCAGGT	32
AGCCAATC	32
TTAAAAAA	32
TATTATAG	30
AGACTCCT	30
GNTAAATT	30
CNCTAAAT	30
TGTGTGTG	30
TCCAATTC	30
TCCGTTTT	30
TAGCCAAT	30
ANACGCAA	30
AGGCATAT	28
AAACGAAA	28
AGACTATA	28
AGATAATT	28
AGACTCTA	28
ATAGATCN	28
AAAAAATA	28
AGACTACA	28
CNATCAAT	28
AGATCGTA	28
ACACTTAA	28
CGATCTAG	28
GGAATTAG	26
AGACTAGT	26
TATTGTTG	26
ACTCTCTT	26
AGACTAAC	26
TNTAGCCA	26
GGAATTCA	26
ACCCTTAT	26
TNCTAAAT	26
ATCCGCTA	26
AGATTATA	26
ACAAGTAA	24
TATAGAAC	24
CTTTATAG	24
AGACTAGC	24
GATCTAAT	24
TNTGACCA	24
AGACTGAA	24
ATAATTCT	24
ATAACAAT	24
CNCAAATT	24
GGATAGAT	24
GGATTGCT	24
GNGATAAT	24
GTGTATGT	24
AGAGGGAA	22
TTAAAAAT	22
AGACTAGG	22
AGACTATG	22
CCCGATCA	22
AGGTTAGA	22
ANCCAATT	22
TGTGTGCA	22
GCTGGCCA	22
AAAGTAAT	22
GATAGATC	22
TAAACAAT	22
TAAAGATC	22
CNTTATAG	22
AAAACTAA	22
CNTGAATT	22
ACAAAATA	22
AAACAAAA	22
CAAAAATA	22
ATCGCAAT	20
TATGCTAG	20
AGACTCTG	20
CTCGCAAT	20
TATCTCGC	20
GAGAGAGA	20
AGACTGGT	20
GGAATAGA	20
AGAGCGGA	20
ATAACTAA	20
ANTTATAG	20
AGAGTATA	20
ANTTAATT	20
ACAATAGA	20
AGATCCGA	20
GNAGTAAT	20
ANCAATTC	20
GTATGTGT	20
AGGAGTAA	20
ANATAATT	20
TTCATGCA	20
TTATAAAT	20
ANACTAAT	20
TAACAAAA	18
GAGCAAAT	18
GCGTAATT	18
TACATGCT	18
CAAAAAAT	18
GAATTGTA	18
ATAGATTG	18
TNTAAATT	18
ATATATCG	18
ATCCTAGA	18
AAACTCAA	18
TATGGGGG	18
GAGTAGAT	18
AGACTATT	18
AGACTGTG	18
TATAGATN	18
ANTCGCAA	18
TATGGAAA	18
CNGATTAT	18
AGAGTTAA	18
CNAAAATT	18
AAAAATAG	18
AGACAGAA	18
CCGTATAG	16
TTAAGAAT	16
TATAGATT	16
TATAGATG	16
AAGCTAAT	16
CCATATAG	16
CACATACA	16
AGACTATC	16
CTAATTCC	16
TGCCAATT	16
TAACAATT	16
TNGCCAAT	16
CAAATAGA	16
GGGGGAAT	16
TTGGCCTA	16
AGAGGCTT	16
ATAATTCC	16
TATGCATC	16
ATAACAAA	16
AGACTGTT	16
ANAGTAAT	16
ATACAAAT	16
ANTATAGA	16
TATGGTAG	16
AAAGGCCA	16
GTAGATCG	16
GGGCGTAA	16
AAAGATCG	16
AGACAGAT	14
AGGCGGAA	14
TATGCCTC	14
TATGCAAT	14
TATTAGAT	14
ACACCAAA	14
ACTTATAG	14
TATGTTGA	14
AGACAATG	14
TCTCGGCC	14
TCTTATAG	14
ACACTAAC	14
ANCCGTAA	14
GTGTGTAT	14
AAACCAAA	14
AGGTAATN	14
ATGTGTGC	14
GNGGCAAT	14
ATGGCCAT	14
ATGGCAAT	14
ATGGATCG	14
ATCGATCG	14
ANAAGTAA	14
ANACCAAT	14
AGGTGGCC	14
GATTGCAA	14
ATAGGTCG	14
TATAGGTC	14
ATAAAGCA	14
ATAAAGGA	14
ATAGATCA	14
ATAAGCAA	14
GGACATAT	14
ATAGATAG	14
GGAATTTA	14
ATAATTCA	14
TAATGCTT	14
AGACTGTC	14
TATAAATC	14
AGAGGAGC	14
CTAAATTA	14
TTATATAG	14
CCCTATAG	14
TACCGATT	14
TACCAATA	14
AGCCATTA	14
AGACTGCG	14
AGACTGCC	14
AGCGTATA	14
TAACGGAA	14
AAAAACAA	14
TAAATGCT	14
ATCCGCAC	12
AATCTAAT	12
ACCCAAAA	12
ATAGATCT	12
ATAGAACG	12
ATACACAC	12
ATAGATGG	12
AATCAACT	12
CGATATAG	12
TGGAGTCG	12
ATCCGCAT	12
CAGATATA	12
CTCAGGCT	12
ACAATAAA	12
ATTAGATC	12
ATAAACAG	12
TGATTATA	12
ATTCTCGC	12
CTCTCTCA	12
AGTCGGAA	12
AGACTCAG	12
TATATATC	12
AGACTGCA	12
AGACTGTA	12
TAGTTAAT	12
AGAGTCCC	12
AGATCGAG	12
AGCGTAAN	12
TAAGGACA	12
TATGGAGT	12
AGGCGAAA	12
CCCCAAAA	12
TATGGGTA	12
GTAATTCA	12
AGTAGATC	12
TCTCGCTA	12
TATGGTTT	12
AGAACAAA	12
AGAAATAT	12
TATGTAGA	12
ANACGAAA	12
GGGTTATA	12
GGCTAATT	12
ATAAACAC	12
ATAACTTG	12
ATAAGAAT	12
ATAAGAGT	12
TCCGCAAT	12
GGAATTCT	12
TCCTCAGG	12
ATAATGAG	12
TTCATGAT	12
AAGATCAA	12
GCATGGTT	10
AAAATAGA	10
CTAAATTG	10
ACTCGCTA	10
TGGAATTG	10
ATAAAAGT	10
CAGGAAAT	10
AGAGAGAG	10
AGACAGAC	10
AGACTACC	10
AAACTTAA	10
GNGGGTAA	10
TATGTGCA	10
ACTCCTAA	10
TATGCCAN	10
TACCAATN	10
ANACGCAT	10
ATAAAAAG	10
CTAAGTTC	10
ATAAAAAA	10
GAGAGATA	10
AGACTGGA	10
ATAAGGAC	10
GTCCACTA	10
TATGACAT	10
ATAAATTC	10
TATGACAA	10
AGACTGAG	10
ATAAATAA	10
ANAGGTAA	10
ATAAAGTA	10
AGAAATAA	10
TGATTAAG	10
AGACTGGC	10
ATAAAGCT	10
AGGAGTTA	10
CNCACACA	10
CATCAATT	10
GTTGGTCC	10
TATACATC	10
TATGCAAA	10
ATAAGTGT	10
CTCACACA	10
TATGGAGA	10
TATGTGCG	10
TATGCCTT	10
GGAAATTG	10
TAACGTTA	10
CGCAATTC	10
GACATATA	10
GGATGCAA	10
ACAAATTC	10
ACAACAAA	10
TATGGAAG	10
ATAACGCA	10
ACACATAA	10
ATACTAAA	10
GAGTCACA	10
ANCCGCAA	10
CACACATA	10
AGGTAATA	10
CCATCTAG	10
AGATCGGT	10
GAGTAATA	10
ATTGGTCC	10
ATAACGTT	10
TTATACAT	10
GATTATAG	10
GGGAATTG	10
ATCCCCAA	10
ATGTGTGT	10
TTATAGAG	10
AAACTTAT	10
AGACACAA	10
AATCTCTC	10
AGCAAAAA	10
TNACTAAT	10
ANGCGTAT	10
TAAATTCC	8
TATGACAC	8
AGAAAAAA	8
ATAAACCG	8
TNATCAAT	8
TATGTCGA	8
CCATCCAA	8
CCATCATC	8
CTAAATTN	8
AGCGTTCT	8
CTTGCTTA	8
ATAACCTT	8
ACACAAAA	8
TATCCAAT	8
CTAAATAC	8
AATAAAAT	8
ACACCTTA	8
ATAACATG	8
AGACCCTG	8
GACAGACA	8
ATAACATA	8
AGAATTAA	8
AGACACAT	8
AAAACAAT	8
TATGCCAT	8
AGACAAGT	8
AGACAAGA	8
AGACAACC	8
TNACTATA	8
TATGCCTA	8
TATGCCTG	8
AGAATTCA	8
AGAATTAT	8
AAGGGAGG	8
GATGAAAT	8
GGATGGCT	8
ACCCGAGT	8
AGGTACTT	8
ACCGCAAT	8
GATGGCGC	8
TATGGAAT	8
ATGGGGGG	8
ATGGCTAT	8
TATGGGAA	8
ATCCGCCA	8
AGACAGGG	8
CCACACAC	8
AGACCACT	8
ATAAAGTG	8
AGGCAATT	8
ATAAACTT	8
ATAAACTG	8
AGGCATAA	8
TATGGTGT	8
GATCAATT	8
TTTGGCTT	8
AAAAGTAA	8
AGACCATA	8
ATAAAATC	8
AGACAGCA	8
ACATAATT	8
ATAAAAGG	8
ATAAAAGC	8
AAGCGTAA	8
ACATCGGA	8
TATGGGTT	8
TATGGGTG	8
AGACACGG	8
AGAGTGAA	8
GGAAGTGT	8
ATACATAA	8
ATACATCG	8
ATAATAAG	8
TACAATTC	8
TACAAATT	8
ATAAGTGA	8
ANACTTAA	8
ATAAGTAT	8
TTGGCCAT	8
GAGAATGA	8
AGAGTGAT	8
ANACGAAT	8
AGACTGGG	8
CNACGTAA	8
GGAATTTT	8
AGACTGAC	8
TNTGGCAT	8
ANACCGTA	8
ATAAGGAG	8
ATACAAAA	8
CTCTCTTT	8
CACGCACA	8
TACCAGTT	8
TACCACTT	8
CTCTTATA	8
AGTCTCTC	8
AGAGTAAG	8
CAACTAAT	8
ATAATGAC	8
TAAGCCAA	8
TACCAAAT	8
GGTAGATC	8
CTATGCCC	8
CTCTTTTC	8
AGCAACTC	8
GNGCTATA	8
AGCCCTAA	8
TATTGAGC	8
TATTGACA	8
ACAAAAAT	8
TTGTAGAT	8
GACGAAAT	8
ATAAGCAC	8
AAAGTTGT	8
TNGACGTA	8
AGATGAAG	8
AGACTAAG	8
ANCAAATT	8
AGACTCGA	8
AGCCTTAT	8
TATAGAAA	8
TGAGGTAT	8
TAAGGCTT	8
GATATTCA	8
AGATGAAA	8
ATCACTAA	8
ATAAGAAA	8
GACCTAAT	8
TAATTAAG	8
TAATGCCA	8
CCCTCAAT	8
ANCCCGCA	8
ACTTCGTC	8
ANATCGAA	8
ATAACTCT	8
TTGGCACA	8
ANATCGCA	8
AGATCGCA	8
AAACATAT	8
TACGTAAT	8
GGTCGTAA	8
AGAAGCAT	6
TATGTGTT	6
AGTTTTTG	6
ACTCCAAC	6
GAGAGTAC	6
AGTTATAG	6
CATGCAAG	6
GAATTTTT	6
GNACGTAT	6
AGAAGAAG	6
AGTCTTTG	6
TCAAGGCC	6
GGTTGCAA	6
GAGCCAAA	6
TTCAATTC	6
CGTGCGTG	6
TTCCTATA	6
GAGCAATA	6
ATGGCCTC	6
AGGTATAC	6
CATGGTAT	6
TATGTAAT	6
AAAAGAGC	6
AGTCACTC	6
CATGTAAT	6
AGTCACCC	6
TATGTCTG	6
TATGTCTT	6
GACGGAAT	6
AGGTTATA	6
CNATAGAT	6
AGTATAGA	6
CNCATAGA	6
CNCTCTCT	6
ACTTAGAT	6
TATGTGTA	6
TTCCAATA	6
AGTACTTG	6
ATGCCTTC	6
GTTGCAAT	6
GACACACA	6
GNATTGCA	6
ACTCCATG	6
ACTCCCTG	6
AGTCGGTA	6
GNGCTAAT	6
TTTGGTCC	6
CATTATAG	6
GACAAAAT	6
TATTGCAA	6
TNACAATT	6
GAGAAGGC	6
AGAACCTT	6
TATGGTGA	6
TATTCCCA	6
ACTCTCGC	6
TNAACAAT	6
TGTGTGTA	6
TATGTAAA	6
AGACTGCT	6
CTCTTTCT	6
AGAGATAA	6
CAACAGGC	6
AGAGAAGT	6
TAGTGGTA	6
AGAGAAAT	6
TACACCAC	6
CAAATTCT	6
CAAATTCA	6
CAGAACAA	6
AGCCGCAA	6
CAGACAGA	6
TATACCAA	6
AAAATTGC	6
CTATTTTG	6
TNTGGCTT	6
AGCCGGGT	6
AGACTGAT	6
AGACTCGT	6
AGACTCGC	6
AGACTCCG	6
CAAAAGGC	6
CAGATTGA	6
TTAGAGAT	6
TNGGTAAT	6
AAACATTA	6
TAATAAAG	6
AGACTACG	6
CTCTCTAT	6
TTTGCTTC	6
CACACAAA	6
CACACATG	6
CACAAGAA	6
AGATGCAA	6
TAGAGCCA	6
AGATGGTT	6
CACCATAC	6
AGAGTTAT	6
TAGCTTAT	6
CTCCAAAA	6
AGAGTGGC	6
AGAGTGCT	6
TAAGTCCA	6
AGAGTCTA	6
AGCAAATT	6
AGAGTAGA	6
TAGGCATG	6
TAGGCCAT	6
AGCACCAA	6
CTCTGCAA	6
CTCTTAAT	6
AGAGGATT	6
TAGGCCTG	6
CTCAATTG	6
AGCATTAT	6
TACCAACT	6
AGACACAG	6
AGACCAAT	6
CTAAAATT	6
GTGTGTTT	6
AGGCCAAC	6
TATGCATA	6
AAAATAAA	6
AGACAGTT	6
AGGCCTAA	6
GAACTTAT	6
GAAGAAGA	6
TATGCCAC	6
AGACACGT	6
AGGCGCTA	6
ATTATAGA	6
AGACAATA	6
TATGCCGT	6
AGACAACA	6
AGACAAAC	6
TTATTGAT	6
TTTGCAAA	6
CNTCAGAC	6
ATGTATGC	6
TATGCTAT	6
AGAATAAA	6
TATGCTGC	6
AGGGTAAT	6
GAATTCTT	6
TAACTTAT	6
TNCCCTAT	6
AGCCTTTG	6
AAGATTAT	6
CAGTAAAT	6
TAAGGCTA	6
CAGTTAAT	6
TAAGGCAA	6
AGCGTAAA	6
TATAGTCC	6
AGCGTCCT	6
AGCGTTAA	6
CTTGATTA	6
TATCAAAA	6
AGAAGCTT	6
CTAATTCT	6
TAACGCCA	6
TTATAGAC	6
CTTTCACG	6
TAAAGCCA	6
ATTCCGCA	6
ATTCATTA	6
GTTTATGT	6
GTTGTAGT	6
AGGACGTG	6
AGACCATC	6
GAAATAGA	6
ATAGAGCG	6
GGAATCGT	6
ACGAATTC	6
ACGAACAA	6
GCCCAACT	6
GGACATAA	6
ATAAGAGG	6
CCAGGCAA	6
ATAATGTG	6
ANTCGTAA	6
ATAAACCT	6
ATAATGTA	6
ATAAACCC	6
TTGCGAAT	6
ATAATGGT	6
TTCTTGCA	6
ATAAGATC	6
ATAATGCT	6
ATAAACAA	6
CCCTCTCT	6
AATAAAAA	6
ATAAGGAA	6
CCCCGAAA	6
ATAAGAAG	6
ATAAGCTT	6
GATATAGA	6
GATATATA	6
ANATCGTT	6
ATAATGCA	6
ATAATTTT	6
GGAATAGT	6
ATAATTGG	6
ATAAAGAA	6
TCCGATCA	6
TTCTCTCT	6
TGGCGTAA	6
ATCCCTTT	6
TCTGTGGG	6
CCAGCCGT	6
TCGTGTCG	6
TGTGCGCA	6
ATAATCCA	6
GATTTAAT	6
ATAAGCAT	6
ATAAGCCA	6
ATAAGCCC	6
GGGCGTCA	6
ATAAAACC	6
ATCCGCTT	6
ATCCGCTG	6
CCATTCAT	6
ATAAGCCT	6
AATGGCAA	6
GGCGTAAT	6
GCCACACT	6
ATCCCAAA	6
ATAATAAA	6
ATAATGAA	6
ATAATCTT	6
ATAAGATG	6
CCACAATT	6
ATCCTTTA	6
ATCCTTGG	6
TGATCGGA	6
ATAAAGAT	6
CCGTCTAG	6
ATCCGCCG	6
CCATTATA	6
CCACACGC	6
ATAAAATA	6
ATAATCTA	6
CCACACTT	6
TGACATTA	6
ACACATAT	6
ATAACGAT	6
ACAATCAA	6
GCTCTCTC	6
TCTCTTGC	6
CCACCTTT	6
GAGTCTGA	6
CGATTATA	6
ATAACTAG	6
ATAACCTG	6
CGATCTCT	6
TTCCTTAT	6
CGATCGGA	6
CCATCATA	6
GGAATTTG	6
GGACGCAA	6
ATCCCTAT	6
ATAACAGC	6
ATAACCAC	6
ATAAGGCA	6
ATAACCCG	6
ATAACCCC	6
TGTCCATA	6
ATCACACA	6
ATAACCGA	6
TGCCATTA	6
ATAGATCC	6
CGATCATA	6
ATAACCTC	6
TCAGGCAA	6
GGTCTGCA	6
CCGGCTAG	6
ATACTAAC	6
ATAACCAA	6
TCATAGAT	6
ACACATAG	6
TCCCCAAT	6
TCCACCCT	6
ACACGACG	6
GCAATTGT	6
TGCCACTA	6
CCGCAATT	6
ANACTAGA	6
ACCATTCT	6
GATAATTC	6
TTCGCAAT	6
GGATTGGC	6
AAACTATA	6
ATAAATCT	6
CCATTTTT	6
GGATATAG	6
CCATGATC	6
ACCATCTC	6
ACACCTAA	6
ANACGCTA	6
ATAACACA	6
GCACACAC	6
TGCCTTAT	6
ATAACAAG	6
CCGGTATA	6
CCACGTAA	6
CCACGTAC	6
CCATCTCT	6
AATCATTG	6
TAATTCAG	4
ATAAGCTC	4
AGCCTAGA	4
ATAAGGAT	4
ATAAGCGG	4
TTAATTTG	4
TTTGCCCA	4
TAATTATA	4
TAATTCAA	4
TAAGTCAA	4
CTTCAACA	4
AGCGTGAT	4
TAAGGCAG	4
GGACGACG	4
ATAACTGC	4
AGCGTAAG	4
TTAGATCG	4
ATAACTCG	4
AGCGTACT	4
AGCGTCCC	4
ATAACTCC	4
ATAACTTA	4
TTGGACTC	4
ATAACGTG	4
AGCGTTAT	4
ATAACGAA	4
CTTGTTAA	4
ATAACCGG	4
AAACCTAA	4
ATAGACCG	4
TAAGTAAT	4
AGCCTATA	4
ATAAGATT	4
AAACCGTA	4
TAAGTCCT	4
TTGGCAAG	4
AGCCTTCA	4
ATTCTCAA	4
ATAAGACC	4
TAATAGCC	4
CAAAAAAA	4
TAAGGTGA	4
GCATACAC	4
GGACGAAA	4
AGCGAAAA	4
TAAGGGGC	4
TAAGGCTC	4
GGACGAAT	4
AAAGCAAC	4
ATAGTCCA	4
GGAAAAGC	4
CTCTCACA	4
AGATTAAG	4
AGATTAGA	4
ATAGTTCG	4
CTCTCATT	4
ATATAAAA	4
CTCTCCCC	4
GCCTAATT	4
GGAAATTC	4
TACGACCT	4
ATATATAC	4
CTCTCTCC	4
GCTTGTGT	4
AGATTGCC	4
CTCTCTCG	4
AGATTGGC	4
CAAGGATT	4
ATATCACA	4
AGCAAAGG	4
ATATCCAA	4
ATATCGAA	4
AGCAAGAA	4
TACCGGTG	4
TACCGGGT	4
TTAATGCC	4
TACCGACA	4
AGATGACA	4
ANAAAATT	4
ATACTTTG	4
TAGCAGAT	4
AGATCGGC	4
ATACTTTA	4
AGATCTAA	4
ATACTCAC	4
TAGCAAAT	4
TTAATAAT	4
CACAACCT	4
TTGTGGCA	4
GCTCCATT	4
AGATGAAT	4
GGAATATA	4
AGATGATG	4
CTCGTAGT	4
AGATGCCA	4
TTAATATA	4
TTAATATG	4
ATACGGAA	4
GCTTCCTC	4
CTCTAGCA	4
CAATGTAC	4
TTAATCAA	4
CTCTATCT	4
CAATCGGA	4
GCTTGTGA	4
ATAAGTCT	4
ATAATCAA	4
AGCCGAAA	4
ATATGTGT	4
ATAATATG	4
ATAATAGT	4
GCCAATTC	4
AGCCGAGG	4
CTGCCAAT	4
TACAAGGA	4
ATAAGTTG	4
ATAAGTTA	4
ATCAAGCA	4
CAAATGCA	4
AGCCCGGA	4
ATAAGTCC	4
TTGGCCAG	4
AGCCGCGT	4
AGCCGCTA	4
CTGCCTAT	4
ATAAGGTT	4
AGCCGGAA	4
TTTGCCCT	4
TTGGCCAC	4
ATCAAGCT	4
ATAAGGGG	4
ATAAGGGA	4
AGCCGGTT	4
TTAATGTA	4
TACCCTCT	4
TACCCATT	4
TTGGCTAT	4
ATAATTAT	4
TACCATAT	4
CTCTGGCA	4
ATAATTAA	4
ATAATGTT	4
TACCACAC	4
TTAATGGC	4
AGCAGTGT	4
GCCCAACC	4
ATAATGCC	4
ATAAGGCG	4
TTAATTCG	4
CTCTTCTT	4
CTCTTGAC	4
AGCCACTA	4
CTCTTGGA	4
ATATCTGC	4
ATAATCTC	4
AGCCATAC	4
ATAATCCT	4
TACAGATC	4
ATATGTAA	4
GCCACCAT	4
AGCCATTG	4
AGTAGTAA	4
GGGGGGGT	4
ANCGAATT	4
AGGTTATT	4
GACATAAT	4
GGGTAAAC	4
ATCGCATC	4
GTAGGTTA	4
GGGTAAAT	4
TTCTCTTA	4
ATGCCCTA	4
GATCAAAA	4
GGGTAATN	4
ANCACATT	4
AAACTCTT	4
ANCAAAAA	4
AGTATCCT	4
GGGTACTT	4
GATATTAT	4
GACGAATT	4
GAGAAAAT	4
TTCTAGCC	4
ATCGGAGA	4
TTCTAGAT	4
GNGTTAAT	4
GNGTGTGT	4
GNGTATAG	4
ATGGCATA	4
GATCTTCA	4
ATCCTAAC	4
GGGCCTTT	4
GTCTCACA	4
AGGTCATT	4
ATCCTCAT	4
GTCGTATG	4
ATCCTCGC	4
ATCCTTGA	4
AGGTCGAG	4
GTCGGATG	4
ATGGCCAC	4
AAACGGAA	4
ATCGTCAA	4
TTTCGTCT	4
ATGGACAA	4
TTCACAAT	4
ATGCTTCT	4
ATCCTTTT	4
AGGTTAAC	4
AGGTTAAT	4
GTATGTAT	4
GATCTAAA	4
GGGGGAAA	4
GGGGGATA	4
GGGGGCAT	4
TTTAGTGC	4
GNATTGCT	4
GNAGGTAA	4
GGTCAACA	4
AGTCTTAT	4
ANACGACA	4
ANACGAAG	4
GAGCAAAA	4
ANACCTTA	4
ANACCTAA	4
AGTGCATC	4
ANACCAAA	4
GAGCCGGA	4
GGTTTCTG	4
ANACGCAC	4
AGTTAAGC	4
AGTTAATT	4
GAGTCAAT	4
AGTTCGGA	4
AGTTCGTC	4
GGTGTGTG	4
GAGTACGG	4
AGTTGTAC	4
AGTTGTTA	4
AGTTTGAA	4
GGTGCCGA	4
GGTGGGAG	4
AGTCGATC	4
GGGTCAGC	4
GAGAACAA	4
AGTCATTA	4
GATAGCCC	4
AGTCATTG	4
ANACTCTT	4
AGTCCTAA	4
GNGGCATA	4
AGTCCTTA	4
GAGAATTC	4
GNGGAACC	4
GGGTGTTT	4
GAGTGTCC	4
GGGAAATT	4
GAGTGGCA	4
GNGGAAAA	4
GAGTGCCC	4
GGTACGAT	4
GGTATAGA	4
AGTCGCTT	4
GAGTGAAG	4
AGTCGGCA	4
AGTCGGCT	4
TTCCAGTT	4
AGTCGGTT	4
GAGACTGG	4
GGAGGTAT	4
GTTGGCCA	4
ATAAATCG	4
ATAAATAT	4
ATAAAGTT	4
ATAAAGGC	4
ATAAAGCC	4
GAAATTGT	4
GTGTTTAT	4
ATTACTGT	4
ATAAAGAG	4
GTGTTATA	4
ATAAACTA	4
TTATGGCT	4
ATCCAAAT	4
GAACAAGT	4
AGGCATTA	4
GAACGTAA	4
GTGTGTGA	4
AGGCCCTT	4
AGGCCGGA	4
AGGCCGTA	4
ATAAAATT	4
GAACTAAA	4
GAACTAAT	4
AGGCGCCA	4
ATAAAACT	4
CTTTGGCA	4
ATAACCCT	4
ATCATGCA	4
AAACCTAG	4
ATTCGTAT	4
TAAATTCA	4
TAAATGTT	4
CTTTCTAT	4
TAAAGTTT	4
TTATAGTT	4
ATTCCTCG	4
TAAAGAAG	4
TTATGAAT	4
TAAACAAA	4
ATAAAACG	4
ATAACAGG	4
TAAAACCG	4
ATAACAGA	4
CTTTTTGC	4
GTTTACAT	4
ATTCACTA	4
GCACAAAG	4
ATAAATTT	4
ATTCAAAG	4
TTATGAGT	4
AGGACGTT	4
GGAGAGGA	4
ATGGGCAA	4
AGGCTATA	4
GGATGTAA	4
ATGTAGTT	4
GAATCAGT	4
AGGGAGAG	4
GAATGCAA	4
AGGGGTAA	4
TTGAAAAC	4
GGATTGTA	4
ATCCCTAA	4
ATCCCTAG	4
AGGTAAAG	4
AGGTAAAT	4
GGATGGTG	4
ATCCCTTG	4
TTGTTCTG	4
ATGGCGAT	4
ATCCGCAG	4
ATGGCGAA	4
GGCCTGTT	4
ATCCGCCC	4
AGGTAGTT	4
ATCCGCGC	4
ATCCGCGT	4
ATCCGCTC	4
GAATTTGG	4
GATTAGCA	4
ATTAAAAG	4
ATAAAACA	4
ATAAAAAC	4
GATTGTGT	4
GGAGTTGT	4
GATTGCTA	4
TTATTATA	4
AGGCGGGG	4
ATCCCATA	4
ANTAACCC	4
GTGTGAGT	4
TTGACTGT	4
ATCCCCAC	4
TAACACAA	4
ANGGCCTA	4
GTGTATAT	4
ANGCGTTA	4
ATCCCCGT	4
GTGTAAGA	4
ANGATCAA	4
ANGACGTA	4
ATCCCCTG	4
GTGGCCAA	4
ATGTCCTT	4
ATCCCCTT	4
AGGCTAAT	4
TCTCTTTC	4
AGACAGTC	4
AGACAGTG	4
TCTGACAT	4
TGACTAAG	4
CGTCTGCG	4
ACACAAAT	4
TGACTAGG	4
CCATCCTA	4
TGACTCTT	4
CCCTTCTG	4
CATCAATA	4
TATGACTG	4
AGACAGTA	4
CCACGACT	4
CTAAAATC	4
TATGACGT	4
AGACCACA	4
CCCTTCCT	4
CCCTTATA	4
AGACCACG	4
AGACCAGA	4
AGACCCAA	4
AGACCCCA	4
TATGAATT	4
AGACCCCT	4
ACCCACCA	4
AGAATGTG	4
ACTCAGGT	4
AAAAATTC	4
CCCTTTGC	4
AATAAATA	4
ACACATTA	4
ACACATAC	4
CCCTTTCA	4
AGAATTGT	4
TNACTAGA	4
TGACGCAA	4
TATGCCGC	4
CTAAAGTC	4
AAGCTATA	4
ACACACAT	4
AGACAATT	4
AGACACCA	4
TATGCCAG	4
AGACACTG	4
AAGCGTCC	4
TGACGGAG	4
AAGCCTGG	4
AGACAGGC	4
TATGCATT	4
TGCAAGGA	4
ACCCCTTC	4
ACTCAACT	4
CCCTCCTT	4
CCATGTTT	4
CCCTCCTA	4
TATCGACA	4
TATCGAAA	4
TATCCCCA	4
ACCCGTTA	4
CCATTATT	4
CCACCGGT	4
TGCAACTA	4
AATAATAG	4
CCACCGCC	4
TGCCAATC	4
CCCTAGAT	4
ACCCTATA	4
TATCAAGG	4
CCCTAATT	4
CGCTGGCC	4
CTAATTTG	4
TATATGGG	4
CCACCCAT	4
ACCCTCTT	4
AAGCATGA	4
ACCCCTAT	4
TGACTTTA	4
CTAAATAG	4
CTAAATCC	4
CCATCTCC	4
ACAAGAAT	4
AGACCGCT	4
AAGCATTT	4
TATCTTTC	4
ACAAGAAA	4
ACCCCTCC	4
ACAACTAA	4
TATGCGTT	4
AAACACTA	4
CCATGAGA	4
TATCTCCA	4
TATCTATG	4
TCAAGCCA	4
TGAGCTTG	4
TGAGGCGT	4
CTAACCCT	4
TGAGGGAA	4
CCCTCTTC	4
CTAAGATA	4
CCGCTTCT	4
ACTTAAAC	4
TGTGTACA	4
ACTTAAAG	4
TATGTTGT	4
TCTTGACC	4
CNCATAGG	4
ACTTATCT	4
TATGTTCT	4
CCAGTCAT	4
ACACTATA	4
ACTCCCTC	4
TCTGTCAG	4
TATTAACC	4
TATGTTAT	4
TATGTGTG	4
CCATAATG	4
CCACTTTG	4
ACTTGCAT	4
TATGTGCT	4
CCGCAGAG	4
AGAAAACA	4
TCTGGCTA	4
TATGTCTA	4
TATGTCGC	4
TATTCCAT	4
TATTGATC	4
ACATGTTA	4
ACATATAG	4
CNAAATAG	4
TCTTATTG	4
TATTGAAC	4
CNAATTCT	4
ACTCTACA	4
ACATTGTT	4
ACAGTGTG	4
ACTCTCAA	4
TGTGTATG	4
CATGGCAT	4
ACAGATCG	4
ACTCTTAT	4
ACTGATCA	4
ACACTTTT	4
ACTGCACA	4
CATTGCCA	4
ACTGCCTC	4
ACTCCTCA	4
CCGCCAAT	4
TATTGTCT	4
CNCAGGCA	4
AAGGAAAA	4
AGAAGCCT	4
AGAAGGAA	4
CCGGATCA	4
AGAAGGCT	4
ACACGGAA	4
TATGGATT	4
TATGGATG	4
ACACGCTT	4
CGTGTGTG	4
TNACGTTA	4
AAGGCCAA	4
CNGTTCAA	4
AGAAGCAA	4
ACACGCAC	4
TATGCTTG	4
ACACGAAT	4
TATGCTTA	4
TGAAGTTC	4
TATGCTGA	4
CATGACCT	4
ACACCATG	4
CCATCAAA	4
AGAATCAA	4
AAGCTTGT	4
TATGGTAC	4
CCATAGGT	4
ACCACGTT	4
TATGTATG	4
CATGGCAA	4
CNGAAATT	4
CNGACAAT	4
CCGCACAG	4
TATGTAAC	4
AGAAATTG	4
CNGACCAA	4
TATGGTTG	4
CATGCACT	4
TATCACCC	4
TNACAAAA	4
TATGGTAA	4
TNACAAAT	4
TCTTTGGG	4
AAGGGAAT	4
ACCATCAA	4
AGAAGAAT	4
TNACAGAT	4
TATGGGAT	4
TATTTTCT	4
TATGGGAG	4
AGAGAGTC	4
CCCCAGCT	4
TNTGTAAC	4
AATCAATT	4
CGCACACA	4
AAAATTTA	4
AGAGACTA	4
CGATTCCA	4
AGAGAGAA	4
AAAACTTA	4
CTAGTATG	4
TGGCTTGA	4
CACCAAGA	4
TCCCATCA	4
AATCGTGT	4
CGATCAAA	4
AGAGCAGC	4
TCGCAATT	4
CCCCAGGA	4
AGAGCATT	4
TAGCGCCT	4
TCTCCCCT	4
TGTAGATA	4
CCCCTTCT	4
CTAGCCGT	4
ACGTATAG	4
TGGCCAGT	4
CCCCAGAT	4
ACGCATAT	4
CCCCTGCA	4
CACCACAC	4
CAGATAAA	4
AATCTTCT	4
CCCCTCTT	4
TATACACC	4
TGGCCTAG	4
AGATACGC	4
CAGAAATT	4
CCACATGC	4
AATCTCGC	4
TGTGGGCC	4
TGTGGCTT	4
CTCAGGCC	4
TTTGGACA	4
AGAGTAGC	4
CTCAGGTA	4
AGAGTGTG	4
TCCGCGGT	4
AGAGTCAA	4
AATCATCC	4
TAGGCCAC	4
AGAGTGTC	4
AGAGTGGG	4
AGAGTCCG	4
TAGCTTTC	4
AGAGTCTG	4
TAGGAAAT	4
AATCACGT	4
AGAGTGCG	4
TTTGTCGG	4
AGAGGCAT	4
TGGGGCTC	4
TCCTTGTG	4
TAGGGCTA	4
AGAGCGCG	4
AGAGCTAA	4
CCACAAAA	4
AGAGTTTC	4
TGGGTAAT	4
AGAGGCAG	4
TGTCGTTA	4
TAGGCCTA	4
CTCACGAC	4
AATCCCTC	4
AGAGGGTG	4
AGAGTTTA	4
TAGGCCGT	4
CACGTAAT	4
CTCACTCT	4
TAGGCCCA	4
AATGGTCT	4
CGACATAA	4
CCCCAGAC	4
TATAGGCC	4
ACCGCAGA	4
CTACTCGC	4
AATGGTTT	4
TATAGCTC	4
CACACTCC	4
CACAGCCA	4
TCTCCTCC	4
TATAGGCT	4
CGACGGAA	4
TATAGCAC	4
TNTGGCAA	4
AATGGTCC	4
TATAGCAA	4
TGCTTCAA	4
AGATATAA	4
CTACTTGT	4
AAGACGTT	4
TGTGGCTC	4
TATATCCT	4
AAGCAATC	4
AGATCCGG	4
ACGCTGCA	4
CCACCCAC	4
TAGCCACA	4
TATAGTTG	4
TGTCCCTG	4
CCCGGGAA	4
ACGCGTAA	4
TGTAGATC	4
CCCGCTAA	4
TGTATGTG	4
AGATCCAA	4
CCACCCAA	4
CTACGTAA	4
AATGTTTG	4
TGTGGGTG	4
TTTTGGCC	4
ACCGCAAC	4
CGACAAGG	4
TNTACCAA	4
CAGCCAGT	4
TCTCCTAG	4
TNTCGCAA	4
CAGATTAT	4
ACCGTAAT	4
TGGATAGC	4
AATATAGC	4
AAAACAAA	4
CGACAAGT	4
TNTATAGA	4
TGGATAGT	4
AATGCCAA	4
TGGCCAAA	4
AATGCATC	4
TCCCCCCA	4
TNTGCCCA	4
TNTGCCTG	4
AATGAGGC	4
TNTGGACA	4
AATGGGTG	4
TTTTTGCA	4
AGATAGTA	4
CAGCTAAT	4
CAGGCAAT	4
CCGTAGAT	4
CCACCATG	4
CAGGAATA	4
CCCGAAAA	4
CAGGAAAA	4
CCCGACGA	4
AATGGACA	4
TGGACGTG	4
GATTGTCA	2
GATCAAGG	2
CCGGAAAA	2
CGAAGTAA	2
GAGTAAAA	2
GATGAGGC	2
CCGCTGAT	2
GATTGGCA	2
CGAAGGGA	2
CGACATGT	2
CGAAGAAC	2
GATTGGGA	2
CCGCGTTC	2
CCGCTTTT	2
CGAAAAAA	2
GATTTAAA	2
GATATGGA	2
CGAATAGC	2
GATTGGGC	2
CGAATTCT	2
GATGGGTT	2
CCGTCATA	2
GATCTTGC	2
CCGGCCTC	2
CCGTCAGG	2
GATTAATC	2
CCGTCAAA	2
GATTAAGT	2
CCGGCTGT	2
CCGTATAA	2
CCGGGCAA	2
GATGAACC	2
GATGGTTC	2
GATGACCT	2
CCGGGGAA	2
CCGTCATC	2
CCGGGTGA	2
GATGGCTC	2
CCGGTGGG	2
GATGGCAT	2
CGACATTC	2
GATGGCAC	2
CCGGTTAT	2
GATGCATG	2
CCGGTTCG	2
TTTACAAA	2
TTGTTTTG	2
CCGTACAA	2
GATGATGA	2
CCGTCTCT	2
CCGTTATA	2
CCGTGTTC	2
CCGTGTAA	2
CCGGAACT	2
GATCACCT	2
TTTACCGA	2
CCGTGCTA	2
TTGTTCTC	2
CCGTGCGA	2
CCGTGCAC	2
GATCGAGG	2
CCGGCACT	2
GATTGATT	2
CCGTCTTA	2
TTTTAAAA	2
CCGTCTCC	2
CCGGCATG	2
TTTACCCA	2
CCGTCTAT	2
CCGGCCAT	2
CCGTCGCG	2
CCGTCGAC	2
GATCTTAG	2
CCGTCCCC	2
CCGTCCAC	2
CCGTCCAA	2
GATTAGAT	2
GATCTTAT	2
GCCCCACA	2
CCCCTCCT	2
CCCCTCCA	2
GCCCACCA	2
TTGTGTAT	2
CCCCTACG	2
CCCCTAAA	2
CCCCGGTC	2
GCCCAGCC	2
GCCCCAAG	2
TTGTGTGA	2
CCCCGAGT	2
GCCCCTTG	2
CCCCCTTT	2
GCCCCTTT	2
CCCCCTTA	2
CCCCCCCT	2
GCCCGTGA	2
GCCCTAAG	2
CCCCTTTT	2
CCCGGATT	2
CCCGCCAC	2
CCCGCACT	2
CCCGATTC	2
CCCGATCT	2
GCATTATA	2
GCCAAACA	2
GCCAAAGC	2
CCCGATAC	2
CCCCCATG	2
CCCCTTTC	2
GCCATGCC	2
GCCATGGT	2
CCCCTTGG	2
GCCATGTG	2
CCCCTTCC	2
CCCCTTCA	2
CCCCTGAC	2
TTGTCTCT	2
GCCTGCAA	2
GCCTGTTT	2
GCCTTATC	2
GCCTTCTT	2
GCCTTGAG	2
GCCTTGTG	2
GCCTTTTC	2
TTGTGCCG	2
TTGTGAGG	2
TTGTGGCC	2
TTGTCTCC	2
CCCCACCT	2
CCCCACAC	2
TTGTCCTA	2
CCCCAAAT	2
TGTCCGGA	2
GCGAAAAA	2
CCCTGTCA	2
GCCTACCC	2
TTGTGGCT	2
GCCCTATG	2
TTGTGGCG	2
GCCCTTTG	2
CCCCCAGC	2
CCCCATTT	2
CCCCATGA	2
CCCCATCG	2
CCCGTAGG	2
GCCTATAG	2
GCCTATGC	2
CCCCATCA	2
CCCCATAC	2
CCCCATAA	2
GCCTCCAT	2
GCCTCGAG	2
GCCTCTAA	2
GCAATACG	2
TTGTTATG	2
GCAACACC	2
CCGCACTT	2
CCGCACGA	2
GCAAGTGT	2
GCAAGTTA	2
GCAAGTTT	2
TTTTACCA	2
CCGCACAA	2
GCAAATGA	2
GCAATCTT	2
CCGCAACT	2
CCGCAAAA	2
GCACACAT	2
TTTTATAG	2
GCACACTG	2
CCCTTGTG	2
CCCTTGCG	2
GATTTGTG	2
CCGCGGAT	2
CCGCGGAC	2
CCGCCTTA	2
CCGCCCGA	2
CCGCCCCT	2
GATTTATA	2
GATTTCTT	2
CCGCCAAG	2
CCGCCAAA	2
GCACATTT	2
CCGCATTT	2
CCGCATTC	2
CCGCATTA	2
GCAAAACT	2
CCGCATAT	2
GCAAAGAC	2
CCGCAGTG	2
CCGCAGCA	2
CCCTACAA	2
GCATGTAC	2
CCCTCATG	2
CCCTCATA	2
TTTTCATG	2
CCCTCAGA	2
CCCTATTT	2
CCCTATTC	2
TTTTGGAT	2
CCCTACCG	2
CCCTCATT	2
CCCTAATC	2
CCCTAACT	2
GCATGTTA	2
CCCTAACA	2
TTTTGGCA	2
CCCTAAAN	2
CCCTAAAA	2
CCCGTTAT	2
TTTTCAGT	2
CCCTTCTT	2
GCACTACA	2
GCACTATT	2
GCAGCTTA	2
CCCTTAAG	2
GCAGGTAC	2
CCCTTAAA	2
GCAGGTCT	2
CCGCGGCT	2
CCCTCTTT	2
GCATAAAC	2
CCCTCTGT	2
GCATCCCT	2
GCATGCAT	2
GCATGCGT	2
CCCTCTCC	2
CCCTCCAC	2
CTAATTTC	2
CTACGCAT	2
CTACGACG	2
CTTCTTTG	2
CTACATTC	2
CTACACAA	2
CTACAAAA	2
CTTGCAAG	2
CTTGGAAT	2
CTTGGACG	2
CTTGGCAC	2
CTTGTTAG	2
CTACGCTA	2
CTTGTTCT	2
CTTGTTTA	2
CTAATTCG	2
CTTTAAAG	2
CTTTACAG	2
CTTTACAT	2
TTTGGCAA	2
CTTTAGAG	2
TTTGGCAC	2
CTAATTAA	2
CTTTAGCT	2
CTTCATTT	2
CTTCACTT	2
CTAGAGAT	2
CTAGACGN	2
CTTCATAG	2
CTTCATGG	2
CTAGACAT	2
CTAGACAC	2
CTAGAACA	2
CTACTTTG	2
CTACTTGA	2
CTACTTCC	2
CTAATGCG	2
CTACTTAT	2
CTTCCAAC	2
CTACTGTC	2
CTTCCTAC	2
CTACTCAA	2
CTACGTCT	2
CTTCGCGT	2
CTTCTACG	2
CTTCTCTC	2
CTTCTGCG	2
CTTCTTGA	2
CNTTTATA	2
CTAAATGG	2
GAAAAAGC	2
GAAACTTC	2
GAAAGACG	2
CTAAAGAA	2
GAAAGTGG	2
GAAATAGC	2
GAAATGAG	2
TTTGCCAC	2
CTAAAAGC	2
CTAAAAAA	2
CTTTTGGA	2
CNTTGCTT	2
CNTTGCCA	2
TTTGGCGG	2
CNTGTAGA	2
GAACCACT	2
CNTGAGCC	2
CNTGACCT	2
CNTCTGTA	2
CNTCGCAA	2
GAAGAATA	2
GAAGCAGC	2
CTTTGCTA	2
CTAATGCA	2
CTAATCTC	2
CTAATAGG	2
CTTTCACA	2
CTAAGTTG	2
CTTTCATG	2
CTAAGTGT	2
CTTTCTCA	2
CTTTGCAT	2
CTAAGCAT	2
TTTGCCAG	2
CTGTCTTC	2
CTAACTTG	2
CTAACTTC	2
CTTTGGAA	2
CTTTGGAT	2
CTAAATTT	2
CTTTGTAG	2
TTTGGCAG	2
CTTTGTGT	2
CTTTTGAT	2
CTTTTGCT	2
CTCATGCA	2
CTCTATCA	2
CTCCAACC	2
CTCTATCC	2
CTCTATTA	2
CTCTCAAA	2
CTCTCAAG	2
CTCCAAAC	2
CTCTCACC	2
CTCTCCCT	2
TTTGCTAT	2
TTTGGAAC	2
CTCTAGGA	2
CTCATCTT	2
TTTGCGTG	2
CTCTCTGA	2
CTCATATA	2
CTCATAGT	2
CTCTCTGG	2
CTCTCTGT	2
TTTGGACT	2
CTCAGAGT	2
CTCAGACT	2
CTCTGCAG	2
CTCCGCAA	2
CTCCTTTG	2
CTCCTTCT	2
CTCGCAGT	2
CTCGCCCA	2
CTCCTTCC	2
CTCGCTAG	2
CTCGCTGT	2
CTCCTATT	2
CTCCTAAG	2
CTCCTAAA	2
CTCGGCCA	2
CTCACTAA	2
CTCGGCCT	2
CTCCCTAT	2
CTCCCTAG	2
TTTGCTTG	2
CTCTAAAA	2
CTCCCCTC	2
CTCTAAAT	2
CTCCCCTA	2
CTCTAATG	2
CTCCCCAT	2
CTCCACGC	2
CTGGAATT	2
CTAGGGCT	2
CTAGGCCT	2
CTAGGCAC	2
CTAGGAGA	2
CTGCCTAC	2
CTAGCTTG	2
CTAGCTGA	2
CTAGCTAA	2
CTGCTACT	2
CTAGCCTT	2
CTAGCCTN	2
CTAGTATN	2
CTGGCACT	2
CTGGCATG	2
TTTGGAGT	2
CTGGCCCT	2
CTGGGTGA	2
CTGGTATA	2
CTGGTCAA	2
CTAGATCC	2
CTGTCTCT	2
CTAGAGGA	2
CTGTCTGT	2
CTATGAAA	2
CTCACCTT	2
CTCACATG	2
CTCAATTC	2
CTCAAGCT	2
CTCAAATT	2
CTCTTATC	2
CTCTTCCA	2
CTCAAAGT	2
CTCAAACN	2
CTCAAAAA	2
CTATGTTA	2
TTTGGCGT	2
CTATCTCT	2
CTCTTTTG	2
CTATCCCT	2
CTGAACTC	2
CTGAATTC	2
CTGACAGT	2
CTGACCAT	2
CTGATATA	2
CTAGTTTG	2
CTAGTGAA	2
CGCCCTCA	2
CGCTAGAT	2
CGCGTGTG	2
GAGTAGCT	2
TTTACCTA	2
GAGTATAT	2
GAGTATGT	2
GAGTATTA	2
GAGTATTC	2
CGCCTTGC	2
GAGTCAAC	2
CGCCGTCA	2
CGCTGCCT	2
CGCCCAAT	2
GAGTCACT	2
CGCCATGT	2
GAGTCATC	2
GAGTCATT	2
GAGTCCCA	2
GAGTCGAC	2
GAGTCGAG	2
GAGTCGTC	2
CGCCATAG	2
GAGTCGTT	2
CGGCATAT	2
CGTCAATT	2
GAGCGAGA	2
GAGCGATA	2
TTTATCAT	2
CGTCAACA	2
CGGTAATA	2
GAGTAAGC	2
CGGGGCAA	2
CGGGAAAA	2
CGGCGTAA	2
GAGTAATC	2
GAGTCTCC	2
GAGTAATG	2
GAGTAATN	2
TTTAGATC	2
GAGTACGA	2
CGGATATA	2
CGGAGGCC	2
CGGAGGCA	2
CGGAAAAT	2
GAGTACTG	2
TTTACTCT	2
TTTACGTG	2
CGACTCTT	2
CGAGATTA	2
GAGTGGGG	2
GAGTGGGT	2
GAGTGGTG	2
GAGTGGTT	2
CGACTTTC	2
GAGTGTCT	2
CGACTTAA	2
GAGTGTTG	2
GATAACCA	2
CGACTGTT	2
GAGTGGAG	2
GATACACC	2
CGACTCGC	2
CGACTCAA	2
GATAGCTG	2
GATAGCTT	2
CGACGATA	2
GATAGGTT	2
GATAGTGA	2
GATATAAT	2
CGACCTTG	2
CGACCTTA	2
GAGTCTTG	2
CGCATGTT	2
CGCATACA	2
CGCACTTG	2
GAGTCTCT	2
CGCACTCG	2
CGCAATCA	2
CGATGAAT	2
CGATCCAA	2
TTTGTCCA	2
GAGTCTGT	2
GAGTCTTC	2
GAGCCTTG	2
TTTGTCGA	2
GAGTGAAT	2
CGATAACA	2
GAGTGACT	2
CGAGTCAT	2
GAGTGAGT	2
CGAGGCTA	2
GAGTGATA	2
GAGTGATT	2
CGAGCACG	2
GACATAGT	2
CNGGTAAT	2
TTTCTTAG	2
CNGATAAT	2
TTTCTATG	2
GACACACG	2
GACACACT	2
CNCTTCCT	2
GACACTCT	2
CNCTTATA	2
GACAGCAC	2
TTTGGGCT	2
GAATTTAT	2
GACATGAC	2
GACATTAT	2
CNCGCATT	2
GACCAAAA	2
CNCCTAAA	2
GACCAAAT	2
TTTCATCA	2
TTTCAGGC	2
GACCCCAT	2
GACCCGGC	2
GACCTAAA	2
GAATCAGC	2
TTTGCATC	2
GAAGCTAT	2
CNTCAGGG	2
GAAGCTGA	2
GAAGCTGT	2
GAAGGAGC	2
GAAGGCCA	2
CNTCAGGA	2
GAATAGAC	2
CNTCAAGT	2
GAATATAG	2
CNCCAGGC	2
GAATCTGA	2
GAATGATC	2
GAATGGTT	2
GAATTATA	2
TTTGAGGC	2
CNGTGTGC	2
CNGTCCAA	2
TTTGACCT	2
TTTGACCC	2
TTTCTTCA	2
CGTTGAAG	2
GAGAGAAT	2
GAGAGACA	2
TTTCAATA	2
GAGAGAGG	2
GAGAGAGT	2
TTTGGTTG	2
CNAAAACC	2
CNAAAAAC	2
GAGAGTAA	2
CGTTTCTT	2
GAGAGTTG	2
GAGAGAAG	2
GAGAGTTT	2
CGTTCCAC	2
CGTGTCTC	2
CGTGACTC	2
TTTATTAA	2
CGTCTTTA	2
GAGCATAC	2
GAGCATCT	2
CGTCCCCT	2
CGTCCACA	2
GAGCCTCT	2
GAGACAAT	2
GACCTATA	2
GACCTCCT	2
TTTGGGTT	2
CNATTCAG	2
GAGAAATA	2
GAGAAATG	2
CNATAGCC	2
CNACCAAT	2
CNACAGAC	2
CNACAATG	2
CNACAACA	2
CGACCATC	2
GAGACATA	2
CNAATTCC	2
GAGACCTT	2
CNAATCAA	2
CNAAGGGA	2
GAGACGAA	2
CNAAACGG	2
GAGACTGA	2
GAGACTGT	2
GAGAGAAA	2
TATGCGCA	2
TATGACTT	2
TATGAGCA	2
TATGATAA	2
TATGATAG	2
TATGATCT	2
TATGCAAC	2
TATGCAAG	2
TNAGTCCC	2
TATGCACA	2
TATGCAGC	2
TNAGGTAA	2
TATGCATG	2
TNAGGCCA	2
TATGCCGA	2
TATGCGAA	2
TATGACTC	2
TATGCTAC	2
TATGCTCG	2
TATGCTCT	2
TATGGAGG	2
TNACGTAA	2
TNACATAG	2
TATGGGAC	2
TATGGGGT	2
TNAATTCC	2
TNAATGCT	2
TATGGTGG	2
TNAACTTC	2
TGTTTTTG	2
TGTTTTCA	2
TATGTACA	2
TATCTAAC	2
TATCAATT	2
TATCACCA	2
TATCACCT	2
TATCATGT	2
TATCATTT	2
TATCCAAC	2
TATCCCAA	2
TATCCCTA	2
TATCCTTA	2
TATCGAGG	2
TATCGATC	2
TATCGCAA	2
TATCGCAG	2
TATCGCAT	2
TATCGCTA	2
TGTTTGTT	2
TATCTAGA	2
TATCTATC	2
TATCTCCC	2
TATCTGCC	2
TATCTGGG	2
TATCTTGT	2
TATGAACC	2
TATGAACT	2
TATGAAGA	2
TATGAAGC	2
TATGAAGG	2
TATGACGC	2
TNATAAAT	2
TATGACTA	2
TCAACATC	2
TATTGGTA	2
TATTTAAC	2
TATTTCCA	2
TATTTCCC	2
TATTTGAT	2
TATTTGCC	2
TATTTTAG	2
TATTTTTA	2
TCAAAACT	2
TCAAATGC	2
TCAAATGG	2
TCAAATTA	2
TCAAATTC	2
TCAACACA	2
TCAACAGC	2
TATTGCTT	2
TCAACCTA	2
TCAAGCAT	2
TCAAGCCT	2
TCAATTAT	2
TCAATTGC	2
TCACAAAA	2
TCACACAC	2
TCACACGG	2
TCACAGAG	2
TCACAGCC	2
TCACATGG	2
TCACTCAA	2
TCACTGCA	2
TCACTGTG	2
TGTTATAG	2
TATGTCAA	2
TATGTCTC	2
TATGTGAT	2
TATGTGCC	2
TATGTGGC	2
TATGTGTC	2
TATGTTCG	2
TGTTGCCT	2
TGTTCCTC	2
TATGTTGG	2
TATGTTTG	2
TATTAATC	2
TATTACCT	2
TGTTCATC	2
TATTAGTG	2
TATCAATA	2
TATTCAAG	2
TATTCAGT	2
TATTCATA	2
TATTCCAC	2
TGTGTTGA	2
TATTCCCC	2
TATTCGCT	2
TATTCTTT	2
TATTGAAA	2
TGTGTGCT	2
TATTGCAC	2
TGTGTGCC	2
TATTGCGG	2
TATTGCTA	2
TTAAAACA	2
TAGCTAGA	2
TAGCTCCA	2
TAGCTGAT	2
TTAAAATT	2
TAGCTTCA	2
TAGGAATA	2
TTAAAATG	2
TAGGACCT	2
TAGGAGCT	2
TAGGATAG	2
TTAAAATC	2
TAGGCAAT	2
TAGGCACC	2
TAGGCATA	2
TTAAAAGT	2
TAGCTACC	2
TAGGCCAN	2
TAGGCCCC	2
TAGGCCCG	2
TNTTGCCA	2
TNTGTGTG	2
TAGGCGCC	2
TNTGTCCA	2
TAGGCGTA	2
TAGGCTAT	2
TAGGGCAA	2
TAGGGCAG	2
TNTGTACT	2
TAGGGCTT	2
TAGGGGCA	2
TTAAATAC	2
TAGAGTAA	2
TAGATATA	2
TAGATCGA	2
TTAATACC	2
TAGATGCA	2
TAGCACCA	2
TTAATAAC	2
TTAAGTGT	2
TTAAGTGG	2
TTAAGTAG	2
TTAAGGCA	2
TTAAGGAA	2
TTAAGATT	2
TTAAATGA	2
TAGCCACG	2
TAGGGGCC	2
TAGCCAGT	2
TAGCCATG	2
TAGCCCTC	2
TAGCCGGT	2
TAGCCTAG	2
TAGCCTAT	2
TTAAAGAG	2
TAGCCTTT	2
TAGCGCCC	2
TAGCGCCG	2
TTAAAGAA	2
TTAAACGA	2
TAGCTAAT	2
TTAAACCC	2
TATAGCAT	2
TNTAGCCC	2
TNGTTATA	2
TNGGTATA	2
TNGCCAAC	2
TNGATCGG	2
TNGATCAA	2
TNCTAATT	2
TNCGGCCA	2
TNCGGAGC	2
TNCGCAAT	2
TNCCTATG	2
TATACCTC	2
TATAGACC	2
TNCCCTAG	2
TNCCCAAT	2
TNTAGCTA	2
TATAGCGA	2
TATAGCTA	2
TATAGCTG	2
TATAGGAT	2
TATAGGCA	2
TNATGGCC	2
TATAGTGG	2
TATAGTTC	2
TATATAAA	2
TATATAAT	2
TNATCGAT	2
TATATCGC	2
TATATGCT	2
TATCAACA	2
TATAAGGT	2
TAGTAAAC	2
TAGTAAAT	2
TAGTAATA	2
TAGTACAT	2
TAGTAGAT	2
TAGTCTAT	2
TAGTGCCA	2
TAGTGCCT	2
TAGTTAAA	2
TAGTTTAG	2
TATAAAAC	2
TNTGGTTA	2
TATAAATT	2
TATAACCA	2
TATAACCT	2
TCACTTAC	2
TATAATAA	2
TATACACT	2
TATACCCA	2
TNTGGTGA	2
TNTGGTCT	2
TNTGGTCA	2
TNTGGGGA	2
TNTGGGCC	2
TNTGGCGG	2
TNTGGCGA	2
TNTGCTAA	2
TNTGACCT	2
TNTGACAA	2
TNTCTCTC	2
TGTGACCC	2
TGACTCAT	2
TGACTGGC	2
TGACTGTT	2
TGTGCAAG	2
TGTGATCT	2
TGACTTAG	2
TGTGAGCC	2
TGAGACAG	2
TGAGCATT	2
TGAGCCAT	2
TGAGCCTC	2
TGAGCGTG	2
TGAGCTTA	2
TGAGGGGG	2
TGTGAGAG	2
TGACTACC	2
TGAGTGAT	2
TGTGACCA	2
TGATAATA	2
TGATACAC	2
TGATAGAT	2
TGATGCCC	2
TGATGGCT	2
TGATGGTT	2
TGATGTAT	2
TGATGTCT	2
TGTCTTTA	2
TGCAAAGA	2
TGCACACA	2
TGCACGAC	2
TGCATAAG	2
TGAAAAGG	2
TCTTCTTT	2
TCTTGCAC	2
TCTTGCCA	2
TCTTGCCT	2
TCTTGCTA	2
TCTTGCTG	2
TCTTGCTT	2
TCTTGGCA	2
TGTGCCAT	2
TCTTGGCC	2
TCTTGGTA	2
TCTTGGTT	2
TCTTGTCC	2
TCTTTCCA	2
TCTTTGCA	2
TGCATGCC	2
TGAACGTT	2
TGAAGCAC	2
TGAAGGCA	2
TGAATCAC	2
TGAATCTC	2
TGAATGGT	2
TGACACTA	2
TGACAGGA	2
TGACATAT	2
TGACATTC	2
TGACGACA	2
TGACGGAA	2
TGTGCATC	2
TGACGGCT	2
TGGGTCCT	2
TGGCCCAC	2
TGGCCCTT	2
TGGCCGAG	2
TGGCCGGT	2
TGGCCTCT	2
TGGCGAAT	2
TGGCTATA	2
TGGCTGAG	2
TGGCTGTA	2
TGTCGCAG	2
TGGGCACA	2
TGGGCGCA	2
TGGGCTGA	2
TGGGGGGA	2
TGGGGGGG	2
TGGCCACT	2
TGGGTTAT	2
TGGGTTGG	2
TGGTAATA	2
TGGTGAGT	2
TGGTGGCA	2
TGGTGTAT	2
TGGTGTGT	2
TGGTGTTG	2
TGTACCAC	2
TGTAGATG	2
TGTAGCCG	2
TGTATCTC	2
TGTATTTT	2
TGTCCATG	2
TGCGTCCT	2
TGCCAATG	2
TGTCTTGT	2
TGCCACCA	2
TGCCACTG	2
TGCCAGCC	2
TGCCAGGA	2
TGCCATCT	2
TGCCCACA	2
TGCCCTTA	2
TGCCCTTC	2
TGCCGGCC	2
TGCCGTTA	2
TGCCTAAA	2
TGCCTAGA	2
TGCGAGAT	2
TCTTCTTC	2
TGCGTCTC	2
TGCGTGTG	2
TGCTAGAT	2
TGCTCACA	2
TGCTCCTC	2
TGCTGTGC	2
TGCTTCTC	2
TGCTTGCT	2
TGCTTTTG	2
TGGACAAG	2
TGGACGTA	2
TGTCTGAG	2
TGGCCAAG	2
TGTCTCTT	2
TCCGACCA	2
TCCCATAA	2
TCCCATCC	2
TCCCCACA	2
TCCCCCAC	2
TCCCCTAG	2
TCCCCTCT	2
TCCCCTGT	2
TCCCCTTC	2
TCCCGACA	2
TCCCTAAG	2
TCCCTATC	2
TCCCTCTC	2
TCCCTGGC	2
TCCCTTAT	2
TCCCTTTC	2
TCCCAGAG	2
TCCGATCT	2
TGTGGGGG	2
TCCGCACC	2
TCCGCCGT	2
TCCGTCCT	2
TCCGTTTA	2
TGTGGGCT	2
TCCTAAAA	2
TCCTAGGC	2
TCCTATAG	2
TCCTCATG	2
TCCTGAAT	2
TCCTGACA	2
TCCTGGTG	2
TCCAAATT	2
TCAGATCT	2
TCAGCATC	2
TCAGGCCA	2
TCATACCT	2
TCATACTC	2
TCATAGCC	2
TCATATGC	2
TCATCGCC	2
TGTGGTGA	2
TCATCTGT	2
TCATCTTC	2
TCATGAGG	2
TCATGCAT	2
TCATTGGT	2
TCCAAAAG	2
TCCTTATA	2
TCCAAGAC	2
TCCAAGCA	2
TGTGGGTT	2
TCCACAAA	2
TCCACATG	2
TCCACCTC	2
TCCACGAG	2
TCCACGTA	2
TCCAGCTC	2
TCCATGGC	2
TCCCAAGA	2
TCCCAAGT	2
TCCCACGC	2
TCCCACTT	2
TCTGGCAA	2
TCTCTCAC	2
TCTCTCTA	2
TGTGGCAA	2
TCTCTCTG	2
TCTCTCTT	2
TCTCTGCC	2
TCTCTGGG	2
TCTCTGTG	2
TCTCTTTG	2
TCTGAGCG	2
TCTGCAAT	2
TGTGGACA	2
TCTGCAGC	2
TCTGCCAC	2
TCTGGACA	2
TCTCGTCT	2
TCTGGCTC	2
TCTGGCTT	2
TCTGGGCA	2
TGTGGAAT	2
TCTGTCGG	2
TGTGCTTG	2
TCTGTTGT	2
TCTTAATT	2
TCTTATCA	2
TCTTATGG	2
TCTTCCTC	2
TCTTCGGG	2
TGTGCCTT	2
TGTGCCCA	2
TCTCCAGG	2
TCCTTGCC	2
TCGAAGAA	2
TCGAGCTA	2
TCGCCAGT	2
TCGCGCAG	2
TCGGCAAG	2
TCGGCCAA	2
TCGGTTAT	2
TCGTCTAC	2
TCGTGTTG	2
TCTCAAAC	2
TCTCACAA	2
TCTCACAC	2
TCTCATCA	2
TCTCCACT	2
TAGAGGTA	2
TCTCCCAG	2
TCTCCCTC	2
TCTCCCTG	2
TCTCCGCG	2
TCTCCGTT	2
TCTCCTAC	2
TCTCCTTT	2
TGTGGCAT	2
TCTCGCAG	2
TGTGGCAG	2
TCTCGGAA	2
TGTGGCAC	2
TCTCGGTA	2
TCTCGTAT	2
GGGTAACG	2
GGGCATAC	2
GGGCGAAT	2
TTCTTGCT	2
GGGCGTAN	2
GGGCGTAT	2
GGGCTCTA	2
GGGCTTGT	2
GGGGAGTG	2
GGGGATCG	2
GGGGCTGC	2
GGGGGCAC	2
TTCTTCTT	2
GGGGGGTT	2
GGGGGTAA	2
TTCTTCCT	2
GGGCAATT	2
GGGTAATA	2
GGGTAATC	2
TTCTCAGC	2
TTCTATGC	2
TTCTATCC	2
GGGTAGCA	2
GGGTAGTC	2
GGGTATGT	2
GGGTCAAA	2
TTCGTCTT	2
GGGTCAAC	2
TTCGCTGA	2
GGGTCATT	2
GGGTGAAT	2
GGGTGAGG	2
GGCCTCCC	2
GGATTATA	2
TTCTTTGA	2
GGATTGGG	2
GGATTTGG	2
GGCACTCT	2
GGCACTTC	2
GGCAGATC	2
GGCAGTCT	2
GGCATACA	2
GGCATTGT	2
GGCCAAGA	2
TTCTTTCT	2
GGCCACTC	2
GGCCCAAA	2
GGCCTAAC	2
GGGTGATT	2
GGCCTTAG	2
GGCGGTAA	2
GGCGTATA	2
GGCTAAAA	2
TTCTTGGC	2
GGCTGCTC	2
GGCTGTAT	2
GGCTTATA	2
GGCTTGCA	2
GGGACTCT	2
GGGAGAAG	2
GGGAGTGA	2
GGGATGAC	2
GGGCAACA	2
GGTGTTTT	2
TTCCTCCT	2
GGTCTGAC	2
GGTGCAAT	2
GGTGCATG	2
GGTGCCAC	2
TTCCTCAA	2
GGTGCCTC	2
GGTGCTAA	2
GGTGGACA	2
GGTGGCAG	2
GGTGGCCA	2
GGTGGTGC	2
GGTGTATG	2
GGTGTATT	2
GGTGTCGA	2
GGTCCGTT	2
GGTTACCT	2
GGTTACGT	2
GGTTATAA	2
GGTTCGAG	2
GGTTCTTT	2
GGTTGAAA	2
GGTTGAAG	2
GGTTGCTC	2
GGTTGGGG	2
GGTTGTCA	2
GGTTGTGG	2
GGTTTTCT	2
GNAAATTC	2
GNAACTGG	2
GGTAGATA	2
GGGTGCGC	2
GGGTGGAA	2
GGGTGGAG	2
GGGTGGTA	2
TTCCTTTA	2
GGGTTCTC	2
GGGTTGAA	2
GGGTTGGT	2
GGGTTGTT	2
GGGTTTGC	2
GGGTTTGG	2
GGTAAATT	2
GGTAACAG	2
GGTAACTA	2
TTCCTTGT	2
GGATGTGG	2
GGTAGCTT	2
GGTATGCA	2
GGTATGCT	2
TTCCTTCA	2
GGTATTGT	2
GGTCAAAA	2
GGTCACTT	2
TTCCTGGA	2
GGTCAGAA	2
TTCCTGAA	2
GGTCATCT	2
GGTCCACA	2
GGTCCCTC	2
TTCCTCTC	2
GGAATCAA	2
GGAACTCA	2
GGAACTTT	2
GGAAGAAC	2
GGAAGCCA	2
GGAAGGTG	2
GGAAGTAA	2
TTGGGCTA	2
GGAATAAA	2
GGAATAAT	2
TTGGGCAT	2
GGAATACA	2
GGAATACT	2
TTGGGCAG	2
TTGGGAAG	2
TTGGCTCT	2
GGAACTAG	2
GGAATCCC	2
GGAATGAA	2
TTGGCGAA	2
GGAATGAC	2
GGAATGAT	2
TTGGCCTT	2
GGAATGCC	2
GGAATGGG	2
GGAATGGT	2
GGAATGTA	2
TTGGCCTC	2
GGAATTAN	2
TTGGCCGC	2
TTGGCCGA	2
GCTTCCTA	2
TTGTAAGG	2
GCGGAAAA	2
GCGTAACG	2
TTGGTTAT	2
GCGTCGCC	2
GCGTTATA	2
GCGTTTAT	2
GCTCAAAA	2
GCTCACAA	2
GCTCACAC	2
GCTCATGC	2
GCTCGAAG	2
GCTCTTTG	2
GCTGCCGA	2
TTGGTTAG	2
GGAATTCG	2
GCTTCTGC	2
GCTTCTTC	2
TTGGTATA	2
GCTTCTTT	2
GCTTGTAC	2
GGAAAAAG	2
GGAAAGAG	2
GGAAAGTG	2
GGAAATGA	2
GGAAATGG	2
GGAAATGT	2
GGAAATTA	2
GGAACCGA	2
GGAACGAT	2
TTGAGCAT	2
TTGCTATC	2
TTGCGGGA	2
GGAGGTAC	2
GGAGGTGA	2
GGAGGTTA	2
TTGCATCG	2
GGAGTAAT	2
GGAGTGTG	2
GGAGTTGA	2
TTGATGGC	2
TTGAGTGG	2
GGAGTTTG	2
GGATAAGG	2
TTGAGCTT	2
TTGAGCCT	2
TTGCTTTA	2
GGATAGAN	2
TTGACCTA	2
TTGACCGA	2
GGATATGA	2
TTGACCAA	2
GGATCATT	2
TTGACAAG	2
TTGACAAA	2
TTGAACTC	2
GGATGAAC	2
GGATGCCT	2
GGATGCTA	2
GGATGCTT	2
TTGAACCT	2
GGACTAAT	2
TTGGCAGT	2
GGACACAC	2
GGACACAT	2
TTGGCAAT	2
GGACATTA	2
GGACCAAA	2
GGACCAAT	2
GGACCACT	2
GGACCGTA	2
TTGGCAAA	2
TTGGATCG	2
GGACGAGT	2
GGACGCTA	2
GGACGGAA	2
GGACGGCA	2
GNAATAAC	2
GGACTTCA	2
GGACTTCC	2
GGACTTGG	2
GGACTTGT	2
TTGGACAA	2
TTGGAATT	2
GGACTTTG	2
GGAGAGCT	2
GGAGCAAT	2
GGAGGACA	2
GGAGGAGC	2
GGAGGAGG	2
GGAGGATT	2
GGAGGGAA	2
TAAGGCTG	2
TAACTACA	2
TAACTATA	2
TAACTGGC	2
TAACTTGA	2
TAAGAATG	2
TAAGACCA	2
TAAGAGAT	2
TAAGAGGA	2
TAAGCAAT	2
TAAGCCTC	2
TTAGGCTA	2
TTAGGCCT	2
TAAGGATT	2
TTAGGCCA	2
TAAGGCAT	2
TTAGTGGT	2
TAAGGTCA	2
TAAGGTTG	2
TAAGTTAA	2
TAAGTTAT	2
TAATAAAA	2
TAATACTT	2
TAATAGAA	2
TAATAGCA	2
TAATATCC	2
TAATCACA	2
TAATGAAA	2
TAATGCAT	2
TAATGCTC	2
TTAATTTC	2
TAAATAGA	2
GTTTGTGT	2
GTTTTCCC	2
GTTTTCCT	2
GTTTTGAT	2
TAAAAAAA	2
TAAAAAAT	2
TAAAATCC	2
TAAAATTA	2
TAAACATC	2
TAAACTCA	2
TAAAGAGG	2
TAAAGATN	2
TAAAGCTC	2
TAAATACA	2
TAAATACG	2
TAATGGCG	2
TAAATATC	2
TAAATCTC	2
TTATAGGT	2
TAAATTCT	2
TAAATTGC	2
TAACAACA	2
TAACATAG	2
TAACATAT	2
TAACATCC	2
TAACATTT	2
TAACGAAT	2
TAACGCAA	2
TTATACAC	2
TAACGGAT	2
TACGGCAA	2
TACCAGAA	2
TACCATAC	2
TACCATTT	2
TACCCTTT	2
TACCTAAT	2
TTAATGAA	2
TACCTATT	2
TACCTGCT	2
TACCTGTT	2
TTAATCTT	2
TACGACCA	2
TACGAGTA	2
TACGAGTG	2
TACGCCCT	2
TTAATCCA	2
TACCACTG	2
TACGGCAG	2
TACGGCTG	2
TACGGCTT	2
TACGTGCT	2
TACGTTTT	2
TAGAAAAT	2
TAGAAGTA	2
TAGACATC	2
TAGACGTG	2
TAGACTAT	2
TAGACTTA	2
TAGACTTG	2
TAGAGATC	2
TAGAGCCT	2
TACACGAT	2
TAATGGCT	2
TAATGTTG	2
TAATTCAT	2
TAATTCCA	2
TAATTCCC	2
TAATTCCT	2
TAATTCTA	2
TAATTCTT	2
TAATTTAT	2
TAATTTGC	2
TACAAAAA	2
TACAAGTC	2
TACACACT	2
TACACATA	2
TACACCCC	2
GTTTGATT	2
TACACGGC	2
TACACTTA	2
TTAATTCT	2
TACAGAGG	2
TACAGCCG	2
TACAGCCT	2
TACATAAT	2
TACATACA	2
TACATCCC	2
TACATCGG	2
TACATGGT	2
TTAATTCC	2
TACCAATC	2
TACCACTA	2
GTAGTGTC	2
GNTGGCCA	2
GTAAAAAT	2
GTAAAATA	2
GTAAAGGC	2
GTAAATGC	2
GTAAATTC	2
GTAACAAA	2
TTCCAAAT	2
GTAATCAA	2
TTCATTGC	2
GTACGTAA	2
GTACGTAT	2
GTACGTGT	2
GTACTTTA	2
GTAGAAAC	2
GNTCTAAT	2
TTCATGAC	2
GTATATGG	2
GTATATGT	2
GTATGAAA	2
GTATGCAC	2
GTATGGTG	2
TTCACCAA	2
TTCACACG	2
GTCACAAC	2
GTCACGAA	2
GTCAGGCA	2
GTCCCAGA	2
GTCCCTTG	2
GTCCTCCA	2
TTCCGATT	2
GNAATAGA	2
GNAATCGT	2
GNAATTGA	2
GNACATAT	2
TTCCGTTT	2
GNAGAATA	2
TTCCGGTC	2
GNATCGCC	2
GNATGTAA	2
GNCACCAA	2
GNCCAACA	2
GNCCAAGA	2
GNCCTCAG	2
TTCCGGCG	2
GNCGTATA	2
GTCCTTGA	2
GNCTATAG	2
GNCTCGCA	2
GNGAGTAC	2
TTCCATAG	2
TTCCACTA	2
GNGGAAAT	2
GNGGAATA	2
GNGGAATT	2
TTCCACAC	2
GNGGGATA	2
GNGGGCCA	2
TTCCAATN	2
TTCCAATC	2
GNTAATTC	2
GTGTGTGG	2
GTGGGATA	2
GTGGGATG	2
GTGGGGTG	2
GTGGGTGT	2
GTGTAAGT	2
GTGTATTT	2
GTGTCTGT	2
GTGTGCAT	2
GTGTGCGT	2
GTGTGGCA	2
GTGTGGGT	2
GTGTGTAG	2
TTATGTTG	2
TTATGTTA	2
TTATGTCT	2
GTGGGAAT	2
TTATGGTA	2
GTGTTGTC	2
GTTACAAA	2
GTTATAGA	2
TTATGATG	2
GTTCCCCT	2
GTTCGTGG	2
GTTGGACA	2
GTTGGCAT	2
GTTGGTAC	2
GTTGGTCT	2
GTTGGTTA	2
GTTTAAGC	2
GTTTAATT	2
GTGACTGC	2
TTCAATTG	2
GTCTCAAA	2
GTCTCTCC	2
GTCTCTCT	2
GTCTCTGC	2
GTCTCTTC	2
GTCTGATA	2
GTCTGTAT	2
GTCTGTGT	2
GTCTTGCC	2
TTATTTTG	2
TTATTGGC	2
GTCTTTTC	2
GTGAACAT	2
GTGAAGGA	2
GCGCATCT	2
GTGAGCAT	2
GTGATATA	2
GTGATCTC	2
GTGATTCG	2
GTGCACAC	2
GTGCATGT	2
GTGCGAAT	2
GTGCTAGA	2
GTGCTCTA	2
GTGCTCTT	2
GTGCTGCA	2
GTGCTTTT	2
GTGGATGC	2
GTGGCCAC	2
AGTCGCTA	2
AGTCACGA	2
AGTCAGCC	2
AGTCAGTT	2
AGTCATAA	2
AGTCATAG	2
AGTCATCT	2
AGTCCAAG	2
AGTCCATT	2
AGTCCTCT	2
AGTCCTGT	2
AGTCCTTG	2
AGTCGAAA	2
AGTCGAAT	2
AGTCGACA	2
AGTCGAGA	2
AGTCACAA	2
AGTCGCTC	2
AGTCGGAC	2
AGTCGGGC	2
AGTCTCAC	2
AGTCTCGG	2
AGTCTCTA	2
AGTCTTAA	2
AGTCTTAG	2
AGTCTTTT	2
AGTGAAAC	2
AGTGAAGT	2
AGTGACCA	2
AGTGATCT	2
AGTGCAAG	2
AGTGCTAC	2
AGGTTGTA	2
AGGTGAAG	2
AGGTGACC	2
AGGTGAGC	2
AGGTGATT	2
AGGTGGCT	2
AGGTGTCA	2
AGGTGTCN	2
AGGTTACC	2
AGGTTAGC	2
AGGTTATC	2
AGGTTCCT	2
AGGTTCGC	2
AGGTTCTC	2
AGGTTCTT	2
AGGTTGAC	2
AGTGCTAG	2
AGGTTGTC	2
AGGTTTCA	2
AGGTTTCC	2
AGGTTTGA	2
AGTAAAAA	2
AGTAATCA	2
AGTAATCC	2
AGTAATTA	2
AGTACATC	2
AGTACGTT	2
AGTAGTTA	2
AGTATGAG	2
AGTATGGG	2
AGTCAACA	2
AGTCAATG	2
ANACTAAA	2
ANACACAT	2
ANACACTG	2
ANACAGCC	2
ANACATAG	2
ANACATGT	2
ANACATTA	2
ANACATTG	2
ANACCCTG	2
ANACGATA	2
ANACGATT	2
ANACGCTC	2
ANACGCTT	2
ANACGGAT	2
ANACGGTA	2
ANACGGTG	2
ANAATTGT	2
ANACTAAC	2
ANACTCCT	2
ANACTCTC	2
ANACTTAC	2
ANACTTAG	2
ANACTTAT	2
ANACTTCT	2
ANAGATAG	2
ANAGGCTT	2
ANAGTTAA	2
ANATAGAT	2
ANATATAG	2
ANATATAT	2
ANATCACG	2
ANCAATTA	2
AGTTGGAA	2
AGTGGAAA	2
AGTGGCAA	2
AGTGGGCC	2
AGTGGTTA	2
AGTGTAAC	2
AGTGTAAT	2
AGTGTAGG	2
AGTGTGAT	2
AGTGTTAT	2
AGTTAATG	2
AGTTATTC	2
AGTTCGGG	2
AGTTCTCC	2
AGTTGATT	2
AGTTGCAT	2
AGGTCTTA	2
AGTTGGGA	2
AGTTGTAA	2
AGTTTCGT	2
AGTTTGAT	2
AGTTTGCC	2
ANAAAAAA	2
ANAAATCC	2
ANAAATTC	2
ANAACATC	2
ANAACGCG	2
ANAACGTA	2
ANAAGTTA	2
ANAATAAT	2
ANAATTGC	2
AGCCTTCT	2
AGCCTAAT	2
AGCCTACA	2
AGCCTACC	2
AGCCTAGG	2
AGCCTAGT	2
AGCCTATT	2
AGCCTCCA	2
AGCCTCCT	2
AGCCTCGC	2
AGCCTCGG	2
AGCCTCGT	2
AGCCTCTA	2
AGCCTGAC	2
AGCCTTAA	2
AGCCTTAG	2
AGCCGGTG	2
AGCCTTGA	2
AGCCTTGG	2
AGCCTTTA	2
AGCGAAAT	2
AGCGACAA	2
AGCGAGAG	2
AGCGCGAT	2
AGCGCTCC	2
AGCGCTCT	2
AGCGGCAA	2
AGCGGCCT	2
AGCGGTTA	2
AGCGTACA	2
AGCGTAGT	2
AGCGTCAG	2
AGCCCAAA	2
AGCATGCC	2
AGCATGGA	2
AGCATTGT	2
AGCCAAGA	2
AGCCAAGT	2
AGCCAATG	2
AGCCAATT	2
AGCCACAA	2
AGCCACCA	2
AGCCAGCT	2
AGCCATAA	2
AGCCATAG	2
AGCCATAT	2
AGCCATCT	2
AGCCATGT	2
AGCGTCTC	2
AGCCCTCT	2
AGCCCTTA	2
AGCCCTTT	2
AGCCGAAC	2
AGCCGACG	2
AGCCGACT	2
AGCCGAGA	2
AGCCGAGT	2
AGCCGATT	2
AGCCGCAG	2
AGCCGCCG	2
AGCCGCCT	2
AGCCGCTT	2
AGCCGGCC	2
AGCCGGGG	2
AGGTAACT	2
AGGCGGTG	2
AGGCTAAA	2
AGGCTAGG	2
AGGCTATT	2
AGGCTCAA	2
AGGCTCAT	2
AGGCTTAT	2
AGGCTTTG	2
AGGGCACC	2
AGGGCTAT	2
AGGGGGGG	2
AGGGTCCT	2
AGGGTGAA	2
AGGGTGGG	2
AGGGTTGG	2
AGGCGGAT	2
AGGTAATC	2
AGGTAATG	2
AGGTACAC	2
AGGTAGAA	2
AGGTAGGG	2
AGGTATAN	2
AGGTATGG	2
AGGTATTA	2
AGGTCAAA	2
AGGTCACA	2
AGGTCATG	2
AGGTCCCG	2
AGGTCCGC	2
AGGTCGCC	2
AGGTCTAG	2
AGGAGGTT	2
AGCGTGTC	2
AGCGTGTG	2
AGCGTTAG	2
AGCGTTTG	2
AGGAAAAG	2
AGGAATAG	2
AGGAATTC	2
AGGACAAA	2
AGGACACG	2
AGGACCTA	2
AGGACTAT	2
AGGACTTA	2
AGGAGAAT	2
AGGAGCTA	2
AGGAGGAA	2
ANCACGCA	2
AGGATCAG	2
AGGATTCG	2
AGGATTGG	2
AGGCAAAC	2
AGGCAGGT	2
AGGCATGC	2
AGGCATGT	2
AGGCATTG	2
AGGCCACA	2
AGGCCTGT	2
AGGCGATG	2
AGGCGCGA	2
AGGCGCGG	2
AGGCGCTC	2
ATCCCCAG	2
ATCCACTG	2
ATCCAGTC	2
ATCCATAA	2
ATCCATAG	2
ATCCATCG	2
ATCCATTA	2
ATCCCAAC	2
ATCCCAAG	2
ATCCCAAT	2
ATCCCACC	2
ATCCCACT	2
ATCCCAGA	2
ATCCCAGC	2
ATCCCAGT	2
ATCCCATC	2
ATCCACGT	2
ATCCCCAN	2
ATCCCCCC	2
ATCCCCCG	2
ATCCCCGG	2
ATCCCCTA	2
ATCCCGAC	2
ATCCCGAG	2
ATCCCGTA	2
ATCCCTAC	2
ATCCCTGC	2
ATCCGACT	2
ATCCGCCT	2
ATCCGCGA	2
ATCCGCGG	2
ATCCGTGT	2
ATCACTCC	2
ATATCTGA	2
ATATGGCG	2
ATATGGGA	2
ATATGTGC	2
ATATTGAT	2
ATATTGCC	2
ATATTTCG	2
ATCAAAAG	2
ATCAAAAT	2
ATCACAAC	2
ATCACCAC	2
ATCACCGT	2
ATCACCTT	2
ATCACGAA	2
ATCACTCA	2
ATCCGTTA	2
ATCACTTA	2
ATCAGATC	2
ATCAGCAC	2
ATCATCAT	2
ATCATCCA	2
ATCATCTT	2
ATCATGCG	2
ATCATGGT	2
ATCATTAT	2
ATCATTCG	2
ATCATTCT	2
ATCCAATG	2
ATCCACAT	2
ATCCACCA	2
ATCCACGA	2
ATGGCCAN	2
ATGCATGT	2
ATGCATTA	2
ATGCCATG	2
ATGCCTAA	2
ATGCGAAA	2
ATGCGAAT	2
ATGCGCAG	2
ATGCGGGA	2
ATGCGTAA	2
ATGCGTAC	2
ATGCTAGC	2
ATGCTTAT	2
ATGGAAAG	2
ATGGAACC	2
ATGGCCAG	2
ATGCAGTA	2
ATGGCCCT	2
ATGGCCGA	2
ATGGCCGT	2
ATGGCGTG	2
ATGGCTAG	2
ATGGGCCA	2
ATGGGCTC	2
ATGGGGGA	2
ATGGGGTT	2
ATGGTAGA	2
ATGGTATG	2
ATGGTGGC	2
ATGGTGTG	2
ATGGTTGG	2
ATGTATAT	2
ATCGTATT	2
ATCCTATT	2
ATCCTTCA	2
ATCCTTTC	2
ATCGACTA	2
ATCGAGCT	2
ATCGCACA	2
ATCGCATT	2
ATCGCCTA	2
ATCGCCTT	2
ATCGCGGA	2
ATCGCTAG	2
ATCGCTAT	2
ATCGCTCA	2
ATCGGGCA	2
ATCGGTGA	2
ATATCTCA	2
ATCGTCTT	2
ATGAACTC	2
ATGAAGTC	2
ATGACAAC	2
ATGACAAT	2
ATGACCCC	2
ATGACGAC	2
ATGACTAG	2
ATGAGGCC	2
ATGATGAT	2
ATGCACAA	2
ATGCACAT	2
ATGCACCA	2
ATGCAGCC	2
ATAACTGG	2
ATAAATGA	2
ATAAATGC	2
ATAAATGG	2
ATAAATGT	2
ATAAATTG	2
ATAACACC	2
ATAACCAG	2
ATAACCAT	2
ATAACCTA	2
ATAACGCC	2
ATAACGGT	2
ATAACGTA	2
ATAACTAC	2
ATAACTCA	2
ATAACTGA	2
ATAAATCC	2
ATAACTTC	2
ATAACTTT	2
ATAAGACA	2
ATAAGACT	2
ATAAGAGA	2
ATAAGAGC	2
ATAAGATA	2
ATAAGCGA	2
ATAAGCTA	2
ATAAGGCC	2
ATAAGGCT	2
ATAAGGGC	2
ATAAGGGT	2
ATAAGGTC	2
ATAAGGTG	2
ANGTTAAA	2
ANCACGGA	2
ANCCAATC	2
ANCCACTA	2
ANCCGCCG	2
ANCCTAAG	2
ANCCTAAT	2
ANCCTAGA	2
ANCGCAAT	2
ANCGTATA	2
ANGATAAT	2
ANGCCTTA	2
ANGGCGAG	2
ANGGTTAA	2
ANGTATAG	2
ANGTCGGA	2
ATAAGTAC	2
ANTCGGAA	2
ANTGCTCA	2
ANTGGCCT	2
ATAAAAAT	2
ATAAAAGA	2
ATAAAATG	2
ATAAACCA	2
ATAAACGA	2
ATAAACGT	2
ATAAAGAC	2
ATAAAGGG	2
ATAAAGGT	2
ATAAATAC	2
ATAAATCA	2
ATAGGTCC	2
ATACGCCC	2
ATACGCTN	2
ATACTAAT	2
ATACTCGT	2
ATACTTAC	2
ATACTTAT	2
ATACTTTT	2
ATAGACGT	2
ATAGAGAG	2
ATAGCAAT	2
ATAGCCGT	2
ATAGGAGA	2
ATAGGAGG	2
ATAGGCTT	2
ATAGGTAA	2
ATACGCAA	2
ATAGGTCT	2
ATAGGTTA	2
ATAGTATA	2
ATAGTCGT	2
ATAGTCTT	2
ATAGTGCC	2
ATATAAAT	2
ATATAATG	2
ATATAGGA	2
ATATATGC	2
ATATATTG	2
ATATCAGA	2
ATATCCTC	2
ATATCGGT	2
ATATCGTA	2
ATAATTAG	2
ATAAGTGG	2
ATAAGTTT	2
ATAATAAT	2
ATAATACA	2
ATAATAGA	2
ATAATAGG	2
ATAATATT	2
ATAATCAC	2
ATAATCAT	2
ATAATCGC	2
ATAATCGT	2
ATAATCTG	2
ATAATGGC	2
ATAATGTC	2
ATAATTAC	2
AGCAGTAT	2
ATAATTGA	2
ATAATTGT	2
ATAATTTA	2
ATAATTTC	2
ATAATTTG	2
ATACAACG	2
ATACAATG	2
ATACACAG	2
ATACAGGG	2
ATACATAC	2
ATACATAT	2
ATACATTA	2
ATACGAAC	2
ATACGAAT	2
ACAAATAA	2
AATGGCGG	2
AATGGTAT	2
AATGGTTG	2
AATGTAAT	2
AATGTCAT	2
AATGTTCT	2
ACAAAACC	2
ACAAAATG	2
ACAAACAC	2
ACAAACTT	2
ACAAAGCC	2
ACAAAGGC	2
ACAAAGTA	2
ACAAAGTC	2
ACAAAGTT	2
AATGGCAG	2
ACAACAAC	2
ACAACCCA	2
ACAAGACT	2
ACAAGATC	2
ACAAGTAT	2
ACAATATA	2
ACAATATT	2
ACAATCAT	2
ACAATGGC	2
ACAATTAA	2
ACACAAAC	2
ACACAAGA	2
ACACAATA	2
ACACAATT	2
ACACACTA	2
AATCTGGA	2
AATCCCCA	2
AATCCTCC	2
AATCCTCT	2
AATCCTTG	2
AATCGATG	2
AATCGCAC	2
AATCGCTT	2
AATCGTTG	2
AATCTACA	2
AATCTAGA	2
AATCTATC	2
AATCTATG	2
AATCTCCA	2
AATCTCCG	2
AATCTGAA	2
ACACAGAG	2
AATCTTAG	2
AATCTTGG	2
AATCTTTA	2
AATGAATT	2
AATGACCT	2
AATGACGT	2
AATGAGAG	2
AATGCAAA	2
AATGCATG	2
AATGCCTC	2
AATGCGCC	2
AATGCTCA	2
AATGCTCT	2
AATGCTTC	2
AATGCTTG	2
ACCCATCT	2
ACATGTCC	2
ACCAAATT	2
ACCAAGCG	2
ACCACAGG	2
ACCACATG	2
ACCACCTC	2
ACCACGGG	2
ACCAGTCG	2
ACCATCTG	2
ACCATCTT	2
ACCATGGC	2
ACCCAAGC	2
ACCCAATT	2
ACCCACTC	2
ACCCATCG	2
ACATGCCA	2
ACCCCAGT	2
ACCCCATA	2
ACCCCCCA	2
ACCCCGTA	2
ACCCCTCT	2
ACCCCTTT	2
ACCCGAAT	2
ACCCGCTA	2
ACCCGTAA	2
ACCCGTCG	2
ACCCGTTC	2
ACCCTAAG	2
ACCCTAAT	2
ACCCTACT	2
ACCCTCCC	2
ACACTAAT	2
ACACAGGC	2
ACACATGA	2
ACACATGG	2
ACACCACA	2
ACACCACC	2
ACACCAGT	2
ACACCATA	2
ACACCATC	2
ACACCTGG	2
ACACGAAC	2
ACACGCTC	2
ACACGCTG	2
ACACGGTT	2
ACACTAAG	2
ACACTAAN	2
AATCCATT	2
ACACTACA	2
ACACTACC	2
ACACTCAA	2
ACACTCAC	2
ACACTCCA	2
ACACTCCT	2
ACACTCTT	2
ACAGGGAA	2
ACAGTTTG	2
ACATACAC	2
ACATAGCG	2
ACATAGTA	2
ACATATAC	2
ACATATGA	2
AAACTGGG	2
AAACCAAC	2
AAACCTAT	2
AAACCTGG	2
AAACCTTA	2
AAACCTTG	2
AAACCTTT	2
AAACGAAT	2
AAACGAGA	2
AAACGCCA	2
AAACGCTC	2
AAACGGCA	2
AAACTACA	2
AAACTACC	2
AAACTCAT	2
AAACTGGA	2
AAACATAC	2
AAAGAAAA	2
AAAGAAAT	2
AAAGAAGT	2
AAAGAATT	2
AAAGAGAT	2
AAAGAGGA	2
AAAGATAA	2
AAAGATCA	2
AAAGCAAG	2
AAAGCTCT	2
AAAGCTGC	2
AAAGCTTG	2
AAAGGAAG	2
AAAGGAGA	2
AAAGGCAC	2
AAAAGATT	2
AAAAAAAC	2
AAAAAAGT	2
AAAAAGTC	2
AAAAAGTT	2
AAAAATAA	2
AAAAATGT	2
AAAAATTG	2
AAAAATTT	2
AAAACACC	2
AAAACCCA	2
AAAACCTT	2
AAAACGTT	2
AAAACTTG	2
AAAAGAAA	2
AAAAGATA	2
AAAGGGAA	2
AAAAGGTG	2
AAAAGTAG	2
AAAATAAC	2
AAAATCAT	2
AAAATCCT	2
AAAATTAA	2
AAAATTCA	2
AAACAAGG	2
AAACAATA	2
AAACAATT	2
AAACACGA	2
AAACACGT	2
AAACACTC	2
AAACAGGC	2
AAACATAA	2
AATATCAT	2
AATAACAA	2
AATAACAT	2
AATAACTC	2
AATAAGTC	2
AATAATAA	2
AATAATCT	2
AATAATGA	2
AATACATT	2
AATACTGT	2
AATACTTC	2
AATAGAGC	2
AATAGTTC	2
AATATATA	2
AATATATG	2
AATATCAA	2
AATAAATC	2
AATATGCC	2
AATATGGA	2
AATATGTG	2
AATATTCA	2
AATATTTG	2
AATCAAAT	2
AATCAAGA	2
AATCAAGT	2
AATCAATC	2
AATCACAA	2
AATCACAT	2
AATCAGCA	2
AATCAGGC	2
AATCATCT	2
AATCCAAA	2
AAGCAGTT	2
AAAGGTAA	2
AAAGTGAT	2
AAAGTTCC	2
AAGAAAAA	2
AAGAAAAT	2
AAGAACGT	2
AAGAATGG	2
AAGAATTA	2
AAGAGGTT	2
AAGAGTAC	2
AAGAGTGA	2
AAGATATA	2
AAGCAAAA	2
AAGCAATA	2
AAGCACCT	2
ACCCTGGG	2
AAGCCAAA	2
AAGCCCAA	2
AAGCCTCA	2
AAGCGGGT	2
AAGCTATG	2
AAGCTCAA	2
AAGCTTAA	2
AAGGCGTA	2
AAGGCTAA	2
AAGGCTTG	2
AAGGGAAC	2
AAGGGACA	2
AAGGGCAC	2
AAGGGGAC	2
AGAGCAGT	2
AGACCGAT	2
AGACCGCC	2
AGACCGGC	2
AGACCGTG	2
AGACCGTT	2
AGAGAACT	2
AGAGAATT	2
AGAGACGT	2
AGAGAGTA	2
AGAGATAT	2
AGAGATCA	2
AGAGATCG	2
AGAGCAAG	2
AGAGCAAT	2
AGAGCACT	2
AGACCCTC	2
AGAGCATG	2
AGAGCCTT	2
AGAGCGTG	2
AGAGCTCT	2
AGAGCTTT	2
AGAGGAAA	2
AGAGGATC	2
AGAGGATG	2
AGAGGCTG	2
AGAGTACA	2
AGAGTACG	2
AGAGTACT	2
AGAGTATC	2
AGAGTCAG	2
AGAGTCCA	2
AGACAAGC	2
AGAAGAGG	2
AGAAGCAC	2
AGAAGGAC	2
AGAAGGTA	2
AGAATAAT	2
AGAATAGC	2
AGAATGAG	2
AGAATGGT	2
AGAATGTA	2
AGAATTAG	2
AGAATTCC	2
AGAATTCT	2
AGAATTGA	2
AGACAAAG	2
AGACAACT	2
AGAGTCCT	2
AGACAAGG	2
AGACACAC	2
AGACACCG	2
AGACACGA	2
AGACACTC	2
AGACACTT	2
AGACAGGT	2
AGACCAAC	2
AGACCAGG	2
AGACCAGT	2
AGACCATT	2
AGACCCAT	2
AGACCCCC	2
AGACCCGA	2
AGACCCGG	2
AGCAAGCC	2
AGATGCTC	2
AGATGGGC	2
AGATGGTG	2
AGATTAAT	2
AGATTAGC	2
AGATTATT	2
AGATTCGA	2
AGATTCGG	2
AGATTCTT	2
AGATTGAC	2
AGATTGGT	2
AGATTGTG	2
AGATTTGT	2
AGCAACCC	2
AGCAACCT	2
AGATGCAT	2
AGCAAGGG	2
AGCAATGG	2
AGCAATTC	2
AGCACAAG	2
AGCACACA	2
AGCACACG	2
AGCACCCT	2
AGCACCTA	2
AGCACGAA	2
AGCACGTA	2
AGCACTCA	2
AGCAGCAA	2
AGCAGCAG	2
AGCAGGAA	2
AGCAGTAC	2
AGATATTG	2
AGAGTGAG	2
AGAGTGGA	2
AGAGTGGT	2
AGAGTTAG	2
AGAGTTGG	2
AGAGTTTG	2
AGATAACA	2
AGATAATC	2
AGATACGA	2
AGATAGAG	2
AGATAGGC	2
AGATAGGG	2
AGATAGGN	2
AGATATGA	2
AGATATTA	2
AGAAGAGA	2
AGATCAAC	2
AGATCAAG	2
AGATCAAT	2
AGATCCCA	2
AGATCCCC	2
AGATCCTA	2
AGATCGCC	2
AGATCTAT	2
AGATCTCT	2
AGATCTTA	2
AGATCTTC	2
AGATGAAC	2
AGATGATA	2
AGATGATT	2
ACTCCATA	2
ACTCACAC	2
ACTCACAG	2
ACTCACAT	2
ACTCACCC	2
ACTCACTC	2
ACTCACTT	2
ACTCAGGA	2
ACTCAGTA	2
ACTCATAG	2
ACTCATCC	2
ACTCATCG	2
ACTCATGG	2
ACTCCAAT	2
ACTCCACT	2
ACTCCAGC	2
ACGTTTCA	2
ACTCCATT	2
ACTCCCGT	2
ACTCCCTT	2
ACTCCGAT	2
ACTCCTAG	2
ACTCCTCG	2
ACTCCTGC	2
ACTCCTTG	2
ACTCGAGT	2
ACTCGATT	2
ACTCGCAC	2
ACTCGCAT	2
ACTCGCCA	2
ACTCGCCG	2
ACTCGGTG	2
ACGCAATT	2
ACCCTTGA	2
ACCGAAAA	2
ACCGCCCA	2
ACCGCCGA	2
ACCGCGTC	2
ACCGCTAA	2
ACCGTAGT	2
ACCGTATT	2
ACCGTTAT	2
ACGAAAAA	2
ACGAACTA	2
ACGAGATA	2
ACGAGGTT	2
ACGATATA	2
ACGATTAG	2
ACTCGTCA	2
ACGCATGG	2
ACGCCTCT	2
ACGCCTTA	2
ACGCGGAA	2
ACGGAAAA	2
ACGGCTTG	2
ACGGGCAC	2
ACGTAACT	2
ACGTACAG	2
ACGTACTT	2
ACGTAGCG	2
ACGTGGTG	2
ACGTGTGT	2
ACGTTAGA	2
AGAAATTA	2
ACTTTTAC	2
AGAAAAAT	2
AGAAAACC	2
AGAAAAGA	2
AGAAAATA	2
AGAAACAC	2
AGAAACCA	2
AGAAACCC	2
AGAAACTA	2
AGAAACTC	2
AGAAACTT	2
AGAAAGAG	2
AGAAAGGA	2
AGAAAGTA	2
AGAAATCA	2
ACTTTGTC	2
AGAACAGA	2
AGAACAGT	2
AGAACATA	2
AGAACCAA	2
AGAACCAC	2
AGAACCGG	2
AGAACGAA	2
AGAACGAG	2
AGAACGCA	2
AGAACGGT	2
AGAACGTG	2
AGAACGTT	2
AGAACTGA	2
AGAACTGG	2
AGAAGACA	2
ACTGTGCC	2
ACTCGTCG	2
ACTCGTTA	2
ACTCTAGA	2
ACTCTAGG	2
ACTCTCAT	2
ACTCTCCA	2
ACTCTCGT	2
ACTCTTCC	2
ACTCTTGG	2
ACTGCAAT	2
ACTGCCTA	2
ACTGCGCC	2
ACTGGCCA	2
ACTGGTCC	2
ACTGGTGA	2
ANATTAGA	2
ACTGTTCC	2
ACTTAAAA	2
ACTTAACA	2
ACTTAACT	2
ACTTATGC	2
ACTTATGT	2
ACTTCACA	2
ACTTCATT	2
ACTTCTCC	2
ACTTGAAC	2
ACTTGAAT	2
ACTTGGGT	2
ACTTTGCT	2
ACTTTGGG	2
CATGCCCT	2
ATTGCCTT	2
ATTGCGTA	2
ATTGCTAG	2
ATTGGCAT	2
CATGGGCA	2
CATGGATT	2
CACGCATG	2
CACGCTCT	2
CATGCTCT	2
CATGCTCA	2
ATTGCACT	2
CATGCCCC	2
CATGGGGC	2
CATGGGGG	2
CATGGGTC	2
CATGGTCA	2
CATGGTCC	2
ATTGGCCA	2
ATTGTCTT	2
CATGGTGA	2
CACCTCAC	2
CACATCCA	2
CACCAAAA	2
CACCAACA	2
CACCAATT	2
CACCCTCA	2
CACCGTTA	2
CACCTAAC	2
CACCTAAT	2
CACCTATT	2
CATGGTTT	2
CACCTCCC	2
CACCTCTG	2
CACCTTAT	2
CACGAGAA	2
CACGATAA	2
CACGATAG	2
CCATCATG	2
CCATCACC	2
ATTGCAAA	2
CAAAAAGA	2
ATTTACAC	2
ATTTCAAT	2
CATGTGTG	2
CATTAAAA	2
ATTTCTAG	2
ATTTTGAT	2
ATTTTGTA	2
ATTTTTGA	2
CAAAAACC	2
CATGTGGT	2
CCACAAGC	2
CCACAAGG	2
CCACAATC	2
CCACACCA	2
CCACACGA	2
CCACAGAT	2
CCACAGGA	2
CATTAATG	2
CCACAGTT	2
CATGTGCC	2
CATGCCAT	2
CATGCACA	2
CATGATGA	2
CATGATCC	2
CATGAGAG	2
CATGTAGG	2
CATGTCTC	2
CATGTCTT	2
CATGTGAC	2
CACATCAA	2
CAAGGGAG	2
CAAGGAGC	2
CAAGGACT	2
CAAGGAAA	2
CAGAACTG	2
CAGACACA	2
CAGACCAT	2
CAGATAAT	2
CATGTGGG	2
CCATTAGG	2
ATTCGTTA	2
ATTCTAGA	2
ATTCTCGN	2
ATTCTTAC	2
ATTCTTCC	2
ATTCTTTT	2
ATTGACTT	2
ATTGAGGA	2
CCATTATG	2
CCATTAGT	2
ATTCGTGC	2
CCATTAAT	2
CCATGTGG	2
CCATGTCC	2
CCATGGCG	2
CCATGGAA	2
CAAGTTTT	2
CAATAAAA	2
CAATAATT	2
CAATAGCC	2
CAAGTGCA	2
CATGGCTA	2
CATGGCGC	2
ATTCCGCT	2
ATTCCTAA	2
ATTCCTAG	2
ATTCCTAT	2
ATTCCTGG	2
ATTCGCAG	2
CAAGGTAA	2
CCATGCAA	2
CAAGTTCA	2
ATTCGCAT	2
ATTCGCCA	2
CATGGGAG	2
ATTCGCCG	2
ATTCGCTA	2
CATTTGAA	2
CATTTGTG	2
ATTCGGAA	2
CACACTAG	2
CACAATGA	2
CACAATGG	2
CCATCTAA	2
CACACAAT	2
CACACACC	2
CACACACN	2
CACACACT	2
CCATCGCT	2
CACACCAG	2
CACAATAG	2
CCATCGAT	2
CACACTCA	2
CCATCCTG	2
CCATCCCT	2
CCATCCCA	2
CACAGGCT	2
CCATCCAT	2
CACAGTAC	2
CACATAAA	2
CAATTTGA	2
CAATCATG	2
CAATCCCT	2
CAATCTCA	2
CAATGCTT	2
CAATGGCC	2
CAATGGCT	2
CCATGACC	2
CAATTCAC	2
CAATTGCA	2
CCACATCC	2
CACAAAAA	2
CCATGAAT	2
CACAAAAT	2
CACAAACA	2
CACAAACT	2
CACAAATA	2
CACAAATT	2
CACAAGGC	2
CCATCTAC	2
CATCTAAA	2
CCATAGTT	2
CCATATAC	2
CCATATCT	2
CATGACCA	2
CATGAATA	2
CATCTCTC	2
CCATATGG	2
CATCTCAG	2
CATCTAAT	2
CCATAGGA	2
CATCGCTA	2
CCATATGT	2
CATCCTTC	2
CATCCATT	2
CATCCAAA	2
CATCATTT	2
CATCATCC	2
CATCAGGT	2
CCATATTC	2
CATTCTCT	2
CAGCTTAT	2
CAGGATAG	2
CAGGCAGT	2
CAGGGCCA	2
CAACAACT	2
CCATCAAG	2
CAACAAAA	2
CCATAAGC	2
CCATACGT	2
CATCACTG	2
CAGTAAAA	2
CAGTCTCA	2
CAGTTGTT	2
CCATAGAT	2
CCATAGCC	2
CATTGGTC	2
CATTGTTG	2
CAAAATTC	2
CATTTCGC	2
CAAAGCGC	2
ATGTGTCG	2
ATGTGGGC	2
ATGTGCTT	2
ATGTGAAG	2
ATGTCTTA	2
ATGTCTAA	2
CAAACAGT	2
CAAACCCG	2
CAAACGCT	2
ATGTGTTG	2
CAAAGCTA	2
CAAAGCTT	2
CAAAGGAA	2
CAAAGGAT	2
CAAATAAT	2
CAAATATA	2
CAAATATG	2
CAAATCAA	2
CAAATTAT	2
CAAACAAG	2
CATCACCA	2
CATCAAAT	2
CATCAAAC	2
ATTCAAGG	2
ATTCAAGC	2
ATTATGGT	2
ATTATGGC	2
ATTATCCT	2
ATTATCAT	2
CCACATGT	2
ATTAGGAA	2
ATTACTCA	2
ATTACCCT	2
ATTAATGA	2
ATTAATCA	2
ATTAAGGC	2
ATTAAGCA	2
ATTAAACC	2
ATGTTGCC	2
CCACTGTC	2
CCACCTTA	2
CCACGAAA	2
CCACGAAT	2
CCACGCAA	2
CCACGCGT	2
CCACTACC	2
CCACTAGA	2
CCACTCCA	2
CCACTCTC	2
CCACCTGT	2
CCACTTAG	2
CCACTTCC	2
CCAGACAA	2
CCAGACCT	2
CAAGACAA	2
CAAGAAGC	2
CCAGAGAG	2
CAAGAAAT	2
CAACTTTT	2
CCACCCTT	2
CCACATTA	2
CCACATTT	2
CCACCACA	2
CCACCACG	2
CCACCACT	2
CCACCAGC	2
CCACCATA	2
CCACCCAG	2
CCACCCCC	2
ATTCACTT	2
CAAAAGCA	2
CAAAATCA	2
CCACCTCT	2
CAAGCGCT	2
CAAGCATG	2
CATTAATT	2
CATTAGTG	2
CATTCATA	2
CCACCTGA	2
CAACACCG	2
CAACATTT	2
CCAGGATT	2
CCAGGTCT	2
CCATAAAT	2
CCATAACT	2
CCATAAGA	2
CAACATGC	2
CAACATGA	2
CAACAGCC	2
CAACGGAT	2
CAACAAGG	2
CAGATGAA	2
ATTCCGCG	2
ATTCCCTG	2
ATTCCCCC	2
ATTCCCAC	2
ATTCATTG	2
CAGCTGAT	2
CCAGGAAA	2
CAACTTCT	2
CAACGGAC	2
CAACCTTG	2
CAACCTCT	2
CAACCCGG	2
CCAGAGCA	2
CCAGATTT	2
CCAGCAGA	2
CCAGCTCG	2
CCAGCTCT	2
CCATTCAA	2
CCATTCAC	2
CCATTCCC	2
CCATTGAC	2
CCATTGCT	2
CCATTTAA	2
CCATTTTA	2
CCAGCTGG	2
