process_radtags v2.5, executed 2022-06-06 21:09:27 (zlib-1.2.11)
/opt/Software/stacks-2.5/process_radtags -P -p ./raw/rowD/ -o ./fastqs/ -b ./barcodes/stacks-rowD-barcodes.csv -c -q -r --inline_null --renz_1 ecoRI --renz_2 mseI
File	Retained Reads	Low Quality	Barcode Not Found	RAD cutsite Not Found	Total
Pteridium_Plate1_RowD_S212_L002_R1_001.fastq.gz	11381364	893257	115724	13478933	25869278

Total Sequences	25869278
Barcode Not Found	115724
Low Quality	893257
RAD Cutsite Not Found	13478933
Retained Reads	11381364

Barcode	Filename	Total	NoRadTag	LowQuality	Retained
AACT	arach1654-7	2094482	1156793	69101	868588
CCTA	arach205-10	3947468	2143857	132958	1670653
TTACC	gry509-6	608686	323868	20878	263940
GAGGT	camp3785	5001908	2729184	167520	2105204
AGACGT	ruf5014	56076	37983	1341	16752
CCGATC	glab1375	8052	7051	72	929
ATCTCGC	paedo3844	2278372	1147547	71021	1059804
TATGGCC	paedo3328	137502	75554	4540	57408
GGAATTGC	gry2932	47436	37911	693	8832
CCTCAGGC	aqui5015	11573572	5819185	425133	5329254

Sequences not recorded
Barcode	Total
CTCAGGCA	14756
TTATAGAT	13260
ATAGATCG	9268
ATCCGCAA	8994
AGGTAATT	7460
TCTCGCAA	4906
TATAGATC	4544
ACTCGCAA	3928
CTAAATTC	3608
AGATCGGA	3432
GGGTAATT	3396
TACCAATT	2652
ATTCGCAA	2462
GAGTAATT	2338
CCCTCAGG	1508
CCAGGCAA	966
TCCTCAGG	766
CNCAGGCA	570
AATATAGA	452
CAGGCAAT	444
CCCTAAAT	410
AATCAGGC	380
TCCTAAAT	308
TGAGGTAA	296
CAACAGGC	286
ACACAGGC	282
ATCGCAAT	280
CTCTCTCT	280
CTCGCAAT	274
ATGGCCAA	272
ACAAAATT	258
AATAATTC	254
CNTCGGGC	246
TTCCAATT	242
CGCAATTC	220
TCAGGCAA	216
TATGCCAA	210
CACACACA	208
TNATAGAT	200
CAAAAATT	200
AGGTATAG	194
CTCATGTT	192
ATAACGCA	176
GTGTGTGT	170
GGAGGTAA	166
GNGATATA	166
AATAAATT	164
GAGTATAG	164
TAGATCGG	158
GGTAATTC	156
CNTCAGAC	156
TCCGCAAT	144
TATCTCGC	138
AAAAAATT	134
TTTACCAA	128
CATCAAAA	126
CNTCAGGT	124
ACACACTA	124
ANCCGCAA	122
ANAGATCG	122
ANGTAATT	120
CNTCAGCA	120
CNTCGGCA	120
TTGGCCAA	114
ATCCTCGC	112
GAAGGTAA	112
CCCGGCAA	112
AAACTAAT	110
CTCAGCAA	110
ATTCTCGC	110
GAATTGCA	108
CTATAGAT	102
ANTCGCAA	96
TAGGCCAA	96
GGGTATAG	96
ACTCCTAA	94
GGATGGTT	94
CNTTAGGC	92
AATCTCGC	88
ACCGCAAT	86
ATCCGCAC	84
TNTCAGGC	82
CTAGGCAA	76
CATCAGGA	76
TNTCGCAA	72
GNGTAATT	70
CCGGCAAT	70
GAGTAAAT	66
ATCCGCCT	66
ANTCAGGC	66
ATATAGAT	66
CNTCAAGC	64
CTCGGCAA	64
TCTCTCTC	62
AAAAACAA	62
GAATTGCT	62
TACCTAGA	60
ANATCGGA	60
TTTATAGA	60
TNTAGATC	58
GGATTGCA	58
CTCAGGCT	58
ATCCCAAT	58
TNCCAATT	56
GNGATAAT	56
ACTCAGTC	56
AGGCAATT	56
ATCACTAA	54
TCGCAATT	52
GAGTAGAT	52
ACTCAGGA	52
GNTCAGGC	52
ACCAATTC	50
ATCCGCCC	48
CNAAATTC	46
TGTGTGTG	46
TAACTAAT	46
ATCCGCAT	46
ANTAATTC	46
ATCCGCCA	44
AAACAGGC	44
ANGGTAAT	44
ATCCGCTA	44
ATCCGCTT	42
CATCATGC	42
ATCCGCAG	42
ACCAGGCA	42
ATCCCCAA	42
GACCAAGA	40
CCACAGGA	38
AAAAAGCA	38
ATCCGCCG	36
CACAGGCA	36
GNAGTAAT	36
CNACAGGC	36
GGAATGCA	34
CNTCCGGC	34
ACACACAC	34
ATCCCCAT	34
TGAGGTAT	32
TCTGCAAT	32
ATATCGTT	32
ACTCATGC	32
ATCCGCTG	32
ATCCCCCC	32
TTCGCAAT	32
ACTCGGGC	32
CCCTATAG	30
CNCCAGGC	30
CNTTATAG	30
GGAATAGA	30
GGAATTAT	30
GGCAATTC	30
GNAATTGT	30
ACTCTCTC	28
AAAAAAAA	28
ACTGCAAT	28
ATCCCAAA	28
CCGCAATT	28
AAGGGAGG	28
CTCATGCA	28
CCCGCATT	26
TAACAAAT	26
ATCCGCGT	26
AAAAAAAT	26
ATATAGCA	26
TCTCCAAT	26
TTATAGAN	26
CCACATGC	24
AAAAAATA	24
ATCCGCTC	24
ATGCAATT	24
ATCCCCTC	24
CNTCATGC	24
CATCGGGC	24
ANTAAATT	24
GTAGATCG	22
CNCTCAGG	22
CATCAGTC	22
CGGCAATT	22
ATCCCCTT	22
CCACACGC	22
GAGAGAGA	22
ACTCCATC	22
ACGCAATT	22
CNTCAGGA	22
ATCCGCGG	22
ATCCGCGC	22
ATCCGCGA	22
CNTCAGGG	22
GAGAGATA	22
TTCATGCA	22
AGGTTAGA	20
CCACGGGC	20
CCACAGTC	20
GGATAGAT	20
TCTCGCTA	20
GGATTGCT	20
CTCAGGCN	20
ATCACTCA	20
ATAAAGCA	20
CTGCCTAC	20
ACAAAGGC	20
ATCCCCCT	20
CNAAAATT	20
GTTGGTCC	20
AGATATAG	18
AAACAAAT	18
CATCAAGC	18
GAATTGTA	18
CAAATAGA	18
CTCACACA	18
AGGTGATT	18
CTCAGGTA	18
GAGAATTC	18
GNCTAATT	18
GATGAAAT	18
GATCTAAT	18
ACTCAGAC	18
TTATGGCC	18
TCCCCAAT	18
TCCAATTC	18
ATTCCGCA	18
ACTCGCTA	18
CCACACCC	18
ATCCCTTG	18
TAATAGAT	18
CTAGATCG	18
ACTCCAAT	18
ATCCGCAN	18
AAACCAAT	18
ACACAGGA	18
GGGGGAAT	18
TTAAAGAT	18
AGCAATTC	16
GGTCAACA	16
CTAAGGCA	16
CNTCAGTC	16
GAACTAAT	16
GACCTAAT	16
AATGTAAT	16
TTATAGAA	16
AATAGATC	16
ATCCCATC	16
GGAATTAG	16
CATCAGCC	16
ATCCCACA	16
ATCCCAAG	16
ACTTATAG	16
CCCGGGCA	16
GATAGATC	16
CNTCTGGC	16
TGGCCAAT	16
CTCTTATA	14
TTCATGAT	14
GGGATATA	14
CTCTCACA	14
ATTCCAAT	14
ANCACGCA	14
TAGGAAAT	14
ANCCCGCA	14
CTCAGGCG	14
GGAATTCA	14
ATTGCAAT	14
CCACAAAA	14
ATCCCGAC	14
ACTCCTTT	14
CCGTATAG	14
ATCCCACC	14
ACTCTACA	14
GTGGGAAT	14
GTATAGAT	14
AAGCTAAT	14
CNTCCAGG	14
ATAAAGGG	14
ATAATTCC	14
CCCCAAAA	12
GTATGTGT	12
GNCTCGCA	12
GTGTATGT	12
CTCTCTCA	12
AGAGAGAG	12
GNGGCAAT	12
CAACAGTC	12
ACTCGCAT	12
AAAAATAG	12
CAAAAGGC	12
TCTCAGGA	12
TAAACAAT	12
ACTCAGGT	12
TCTCAGGN	12
ATAAGCAA	12
ANTATAGA	12
ATCCACAA	12
GAGAGTAC	12
ACCGCATA	12
ACCAAAAA	12
GACGAAAT	12
TGGAATTG	12
ATCAGGCA	12
ATCCCTTC	12
TTCTTGCA	12
CATCAGGT	12
AATAAGGC	12
GGATATAG	12
GGATTGTA	12
GATATAGA	12
ANTTATAG	12
CATGCACA	10
GAGCAAAT	10
ACCCTTCT	10
ATCAGCAA	10
GAGTGATT	10
CAGGAAAT	10
ACACAGTC	10
ATCCGAAA	10
ATCAAGCA	10
CCACAAGC	10
ATCCCATG	10
ATCCCTCT	10
TTATGGAT	10
TNACTATA	10
CCACACTC	10
CTAAGTTC	10
ACTCCTGA	10
ATCCCCAC	10
ATCCCATT	10
ACTCCCAA	10
ACTCGCAN	10
CAGCTAAT	10
ACTCCCCC	10
ATCCCAAC	10
ATCCACTA	10
CATCAGCA	10
ATCCAAAG	10
ATCATTGG	10
AATCAGGA	10
GGGTTATA	10
AGACTAGA	10
CNTCAGAT	10
ACAATATA	10
ATTATAGA	10
CNCGGCAA	10
ATTCGCCA	10
GGAATTTA	10
CATCAACA	10
CTTCAGGN	10
GGGTAATA	10
TAGCTAAT	10
ATGGCCTA	10
TCCGATCT	10
CNCTAAAT	10
ATTAGATC	10
TCTCGGCA	10
ATAAGTTC	10
GAGAAAAT	10
CATCAGAC	10
ATCGATCG	10
CCATATAG	10
ATACGCAA	10
AGATCAGA	10
TATATAGA	10
ATACAAAT	10
TTATATAT	10
GAGTAATA	10
CAAAAGCA	10
GGTCAGGC	10
ACTCAGCA	10
ACTCAAGC	8
ACTCACTA	8
CGATCTAG	8
ACCCAAAA	8
ATCCTAGA	8
ACTCAGCC	8
TATGGTAG	8
CNGGCAAT	8
TTATACAT	8
AAACAAAA	8
TAGTTAAT	8
TAGTTATA	8
TTATAAAT	8
AAAATAGA	8
CATCACAC	8
TACACACA	8
TCCAGGCA	8
ACCGCCTA	8
TAATTATA	8
CNTGAATT	8
ACCGCACT	8
AAACATAC	8
ACCCTCCC	8
TCATCTGC	8
CNTTCAGG	8
ACCCGACA	8
ATAGAACG	8
ATCACCCA	8
GAGAGAGT	8
ATATGGCA	8
ATATCTCA	8
ATATCGAA	8
ATATATAT	8
ATAGGTCG	8
ATAGATCN	8
GAGTGTAC	8
GATTATAG	8
ATAATTTT	8
ATAATTCA	8
GCAATTCT	8
ATAATAAT	8
ATAAGGTG	8
GCGCAGGC	8
ATAACACA	8
ATCACGTA	8
GAGTGAAT	8
ATCATCCT	8
GAGTCTTG	8
ATCGGGCA	8
GAGTCGCA	8
GAGTCATC	8
ATCCCACT	8
ATCCCAGC	8
ATCCCCTA	8
ATCCCTCA	8
ATCCCTCC	8
ATCCCTTT	8
ATCCTCCA	8
AAAGTAAT	8
AGATCGAA	8
ACTCAGGG	8
ACTCAGTA	8
ACTCCCAT	8
ACTCCCTA	8
ACTCCTAC	8
ACTCGAAA	8
CAGACAGA	8
GTGCATGT	8
CACGTAAT	8
GTCTCACA	8
GTATGGTG	8
AGACAGAC	8
TTGTTTTG	8
CTCAGGAA	8
AGAGGAGC	8
AAACCAAA	8
GGTATAGA	8
ATTGCTTT	8
ATTCGCTC	8
AGGTAATA	8
AGGTAATN	8
AGGTCAAC	8
AGGTTAAT	8
AGTCGCAA	8
CTCTCTCC	8
ATGGGGGG	8
CTTCGGGC	8
CTTGCTTA	8
GCTGGCCA	8
GCGTTTAT	8
ATAAATGG	8
CCACAGCC	8
TCCGCTCA	8
TCTCCCCT	8
CCACAGTA	8
ACAATAGA	8
ACACTTAT	8
TCCGTTTT	8
TNTAAATT	8
ACAAAATA	8
CCCCAAGC	8
AATCGCAA	8
TCTTATAG	8
TCTCATTT	8
ACAAAAAT	8
CCCTGGCA	8
TCTCGCAG	8
CCACAGAC	8
TAGGCCAT	6
TAGTTTAT	6
TACCGATT	6
TTCTCTAA	6
ATATCACA	6
GACAGACA	6
ATAATTCT	6
ACAGGCAA	6
AATGTTAT	6
CCCCGGGC	6
CTATGCAA	6
GTCTACAC	6
GATGAAAA	6
CCATCAAT	6
CACCATAC	6
ATAGATGG	6
CCATAGGA	6
GTCCGCAA	6
CACCTATA	6
GACCAAAT	6
AGTTATAG	6
ACACTAAC	6
GATGGTCC	6
ATAGAGCG	6
ACGCTATT	6
CNCTCTCT	6
GATATATA	6
TCCCCCCT	6
TATGTAGA	6
ATCACGAA	6
ATCACCTT	6
TATGGTAT	6
TGGACCTT	6
AGGTGGCC	6
CTCACGCA	6
TTTCTTCA	6
GNGTATAG	6
GNTAAATT	6
GNTAATTC	6
CATCAGAT	6
ATATCCCA	6
CTCAAGCA	6
CTCTCCAA	6
ATCAAAAG	6
GGGGGTAG	6
ATTCGCAC	6
CCATCTAG	6
CNCAAATT	6
AGTAATTC	6
ATATCGGA	6
GAGAATGA	6
ATTCGAAC	6
CATCAATA	6
TATAGAAC	6
GGAATAAT	6
ACTCAGGN	6
ATAACTCT	6
TTATATAG	6
ATAACTCA	6
ACTGCAAA	6
AAACTTAT	6
CCACAGGT	6
CTTCAGCA	6
CTTCAGGA	6
ACTCTCAC	6
GAAGAAAT	6
ACTCCCAC	6
ATAAATTC	6
ATAACTTC	6
GGAAGTGT	6
CCACACCA	6
ACTCCCTC	6
ATAAAGGT	6
GGAAATGT	6
ACTCGCTT	6
GTTCCGCT	6
GTGTGTAT	6
CCACACTA	6
ACTCGCGC	6
ANTTCGCA	6
ATAAACAA	6
CTTTTCAC	6
CNTGAGGC	6
ATAATGCA	6
GGGAATTG	6
TTATAGAG	6
ATTCCACT	6
GCAAGAGA	6
ATAATCTC	6
ATAATCTA	6
GAATTTAT	6
ATAATATG	6
AAAGATCG	6
ACACAGTA	6
ATAAGTTT	6
ATAAGTGA	6
TCTCAGAC	6
ATAAGGTT	6
CNTGGCAA	6
TAAGTAAT	6
CTGCAATT	6
ATAAGGCT	6
CTAAAGTC	6
ATGTGTGC	6
ATAAGCTT	6
CCAGGTGA	6
GCCCATTG	6
ATGTAATT	6
ATAAGACT	6
CCCTAATT	6
AGATCGGN	6
TNATCAAT	6
ACCCTTAA	6
CAACAAAT	6
ATCGCCAA	6
ATCGCATA	6
ACCCTTAT	6
CTCAGGTT	6
CCACCGGC	6
AAACTATA	6
ACCGCAAA	6
ACCGCAAC	6
GNCCAAGA	6
CCCCACCA	6
CCACCACA	6
GAGTCCCT	6
GAGTCCGA	6
CTCTATTA	6
ACCCAGGC	6
GGTTGGAA	6
TCCCCTTC	6
AGACTCTT	6
CTCCCATG	6
TNCTAATT	6
AGGGTAAT	6
ACCGCATT	6
ATCGCCGA	6
ATCCCGTT	6
ATCCCGTA	6
ATCGCCCA	6
ACCCCTCT	6
CGCAGGCA	6
CAACACGC	6
AAAACGCA	6
AGATAGGA	6
AGGAAATT	6
ATCCCTAG	6
ATCCCTAT	6
ATCCCCGG	6
ATCACTTT	6
ACCCCCAC	6
ATCCCCGA	6
GAGTATCG	6
TTCATGAC	6
ATCCCCCG	6
ACCCGTTA	6
ATCCCCCA	6
ATCCCCAG	6
CCATTTGG	6
ATCGCCTC	6
CAACATGC	6
CCCCATAA	6
ATCCGTCT	6
TCTCCTTT	6
ACCGCTGC	6
CAAAAATA	6
GAGTCTGA	6
ACCGCTCT	6
ACCGCCTT	6
CGTCAGAC	6
GAGCAGGC	6
ACCGCGAC	6
GNGGAATT	6
AAGATATA	6
ATCCTCAT	6
GNGCTATA	6
ATTCGCTA	6
GGTGTTAT	6
TCCCCATC	6
AAGATTAT	6
TATTGGCC	6
TNCTCAGG	6
CAAAAAAT	6
ATCCAACC	6
ACCGCCCC	6
GAGTAATC	6
ACCGCCAG	6
ATCAGCGC	6
CGACCAGA	6
TATTATAG	6
CAACTTAT	6
CTCAGGCC	6
TCTCCTCA	4
ATGTCACA	4
GGTTAAAA	4
CCACTCCT	4
CTGGCATG	4
TTGGGGGG	4
ATTCGCTT	4
ATAAAACG	4
TTCCATAT	4
CTGGCAAT	4
ANTTTAGA	4
CTGGAAGG	4
ATAAAAAG	4
GGATCGGA	4
ATAAAACC	4
CTCGTCAT	4
AATAAAAT	4
ATAAAAAT	4
ATGCCAAT	4
AGCCTTAT	4
GGAATAGT	4
TTCCTTTG	4
AGCGTAAT	4
GGTGGCAG	4
AGCCGGCA	4
GGTCTCTC	4
GGAATTCT	4
GGAAGTCT	4
ATGAGGTT	4
ATGACAAC	4
CTTCCGAT	4
GGAAGATG	4
AAAAAACA	4
AAAAACCA	4
ANGTATAG	4
GGTCGTCC	4
CTCCGGGC	4
GGAGGTAT	4
GGTGTAAT	4
AATCGCTT	4
CAAAACAC	4
GGTGTGTG	4
ATTGGCCA	4
TGAAAGGT	4
CTCGCAGT	4
TTCGCTCT	4
AGGGTATA	4
TCTCCTCT	4
AAACTCAT	4
AGGTAAAT	4
AGTACCAG	4
AGGGTTTG	4
AGTCACAA	4
TCCCCCGT	4
ATTCGAAA	4
GGGTAAAG	4
CTCTCCCT	4
ATTCCTTA	4
GGGGCTGG	4
TCTCGCTG	4
GGGGAATT	4
AGTGCAGC	4
ATTCCTAC	4
TCTCGGAA	4
TCTCCTTG	4
CTCTCAGG	4
ATTCGCCT	4
AGGTCAAG	4
CTCTCAGT	4
GGGTACTT	4
TCTCGCAC	4
GGGTACAG	4
AGGTATTG	4
AGTGTGTG	4
GGGTAAGT	4
AATCCATG	4
GGGTCAAA	4
GGGTAAAT	4
CCACGTAA	4
GGGTCACC	4
AGGTAATG	4
TCTCGCCA	4
TTAAAAAT	4
GGGACATC	4
AATCCTTG	4
TCTCTACG	4
AATACGTG	4
ANATAATT	4
ATTCAGGC	4
ATTCACAA	4
CTCTTTGT	4
CTCTTAGT	4
GGGTTATG	4
CTGAGGCA	4
GGGTTCTG	4
CTGAGGTA	4
AATAATGC	4
GGGTTCTT	4
CTGCCACA	4
GGGTTGGC	4
CTCTCTCG	4
GGGTCGTC	4
ATTCGTGG	4
GGGCTAAT	4
GGGTGATT	4
GGGCCTTT	4
AGTTAATT	4
ATTCTCAA	4
AGGCGGTG	4
ANCGCAAT	4
AGTTCGGA	4
TTGGCTTC	4
ATTCCCCT	4
ATTCCCAC	4
TCTCGGGC	4
ATTCCATA	4
GGGTTAGT	4
GAGTCTTC	4
ATCACTAC	4
AAGCACTA	4
AAGCAAGA	4
GAGCAAAA	4
GAGCAAAC	4
ATCAGTAG	4
ATCATAGC	4
ATCATCCA	4
CCATGCTT	4
CCATGGCA	4
ATCATGCA	4
GAGTGGTT	4
ATCATTAT	4
TGGTACAA	4
GAGTCGGT	4
ATCGCTTT	4
ATCCAAAA	4
GAGTCGGA	4
CCATGTCC	4
ATCCACAC	4
GAGTCCTG	4
ATCCACCT	4
CCATGTTG	4
GATATAAT	4
CCATCATA	4
CCATCATC	4
ATATGGCC	4
GATCCCAG	4
GAGACTGA	4
GAGAGAAA	4
ATCAACAA	4
ATCAACCA	4
GATATGAT	4
TGCGTTTA	4
ATCAAGAA	4
GAGTCCTC	4
CCCCGGCA	4
AAGGCAAA	4
ATCACACA	4
GAGTGTTC	4
GAGTGTGT	4
ATCACCAC	4
AAGGAAAT	4
AAGCTTAT	4
GAGAGCCA	4
CCCCCTTT	4
CCCCAACC	4
TNACTAGA	4
ATCCCTGC	4
ATCCCTGT	4
TNAGGTAA	4
CCCCACAA	4
ATCCGACA	4
GAGCGCGC	4
ATCGCAAA	4
TTGAGAAT	4
TTGATCGA	4
TNCCCTAT	4
ATCCCTCG	4
AAAGTGCT	4
ATCCGGCA	4
GAGTAGGC	4
ATCCGGTG	4
ATCCGTAT	4
GAGTAATN	4
ATCCGTTA	4
ATCCTCCC	4
GAGTAGAG	4
GAGTACTC	4
TNGATCGG	4
TGTGTGTA	4
GAGCATCT	4
GAGTCCCC	4
ATCGCGTG	4
GAGCCAAA	4
CCCCCACA	4
GAGCCCTT	4
AAGAACAG	4
GAGCCGGA	4
GAGCCTAT	4
ATCCCATA	4
TGTGGTTA	4
CCATCAGG	4
CCCCAGGT	4
ATCCCCGT	4
CCCCAGGN	4
CCATTTTG	4
ATCCCCTG	4
GAGTCAAC	4
GAGTCAAA	4
GAGTATGC	4
ATCCCTAA	4
ATCGCCAC	4
ATAACTCC	4
GAAGAAGA	4
ATAACCCA	4
GAAGACTG	4
ATAACCTC	4
ATAACCTG	4
ATAACGAT	4
ATAACGCC	4
GCCTAATT	4
GCCGGTTA	4
ATAACTAC	4
ATAACTAG	4
ATAACCAA	4
ATAACTTT	4
ATAAGAAA	4
ATAAGAAG	4
GAAGGGAG	4
ATAAGAGT	4
TTGGCCTA	4
GAAGGTTG	4
ATAAGCCG	4
ATAAGCCT	4
ATAAGCGC	4
GAATCAGC	4
ATAAAGAG	4
GCTCCGGC	4
ATAAAATG	4
CTTTTGTT	4
ATAAACCA	4
ATAAACCG	4
ATAAACCT	4
GCTCAGTC	4
ATAAACTG	4
GAAATTGT	4
ATAAAGAA	4
ATAAAGAC	4
ATAAGGCC	4
ATAAAGAT	4
CCCGATCT	4
ATAAAGCT	4
CCCGAAAA	4
GCGTGGAC	4
ATAAAGTT	4
ATAAATCA	4
ATAAATCG	4
ATAAATTG	4
ATAACAAT	4
GATCTTCA	4
GACATATA	4
GACATCTC	4
GACCAAAA	4
TGCAGAAG	4
GACGAAAA	4
TGCATGTA	4
GAGAAAAA	4
ATAGATTG	4
CCCCTAAC	4
ATAGGCGC	4
GATCTTTG	4
GATTCCTG	4
AAGGGATG	4
ATATAGAA	4
GAGAACGG	4
GAGAACTC	4
ATATATCG	4
GAGAAGGT	4
ATATCATA	4
ATATCCCT	4
AAGGGAGC	4
GATCGTCT	4
CCCCTCTT	4
GAATTAAT	4
GAATTATA	4
ATAAGGTA	4
ATAAGTCA	4
GCACCTGT	4
TGAGGTTA	4
GCAATTCC	4
ATAATATC	4
GCAATTCA	4
ATAATCAC	4
ATAATCCC	4
ATAAAACT	4
ATAATGAA	4
ATAATGAG	4
ATAATGGA	4
ATAATGGC	4
GATTTAAT	4
GATTGGGA	4
TGATGACC	4
TGATTAAG	4
ATACAATA	4
ATACACAC	4
GTGTGCCC	4
TTAGATCG	4
TCGCAGGC	4
TATGGATC	4
ACATCGGC	4
CATCATAA	4
ACTCGTAA	4
CCGGCAGA	4
ACTCGTCA	4
ACTCGTCC	4
ACTCGGCA	4
CTACACAA	4
CTACAGGC	4
TATGTAAT	4
CCACAGGG	4
CATCATGA	4
CGTCGGCA	4
CAGAAAAT	4
ACTCTCTT	4
TCCTTTGC	4
ACTCCTTG	4
TATCAGGC	4
CTAATTCC	4
CCCTGATC	4
ACTCGACT	4
ACTCGAGC	4
CAGATATA	4
GTGTTATA	4
GTGTGTTG	4
TATTAGAT	4
TTAAGAAT	4
CNAGGCAA	4
CATCACGC	4
CATCACTA	4
GTGTGTGG	4
CCGCTAGC	4
GTGTGTGA	4
TATGCACC	4
GTGAGGTT	4
ACCGCCCA	4
ACCGCCAT	4
ACTTAGAT	4
ACTTAGGC	4
TCTCACAA	4
ACCGCCAC	4
ACCGCCAA	4
TCACAGGC	4
CATGAAAT	4
CTAGCTCC	4
CCGGCCCT	4
ACTTCAGT	4
CGGAAAAT	4
ACTTCTCA	4
CCACATAG	4
ACCGCACA	4
CACGTATA	4
CATGGATG	4
ACCGCGGC	4
GTGGGACG	4
ACCGCTCA	4
CTACGTTT	4
CTACTAAT	4
CGTCAAGC	4
ACCGCTAC	4
CATCGGCA	4
TATTTAAT	4
GTGGCAAT	4
CTAATTCA	4
CTACTTGA	4
ACTGCCAC	4
ACTGCCAG	4
ACCGCGCT	4
ACATGTTA	4
CATCTAAA	4
CATCTCTA	4
CATCTGGC	4
TCCGCTAT	4
TCCGCGTC	4
TTAATAGG	4
CTAAATAC	4
TTATAGGT	4
TAACAAAA	4
CCGCAGGT	4
ACGCCTCC	4
ACTCACGA	4
TAAATTCA	4
ACACACGC	4
ACTCACTC	4
ACACAAGC	4
TAAATGCT	4
CTAAATTA	4
CNCGCAAT	4
TAAAGATC	4
ACGCATGT	4
CCACAAAT	4
CNTCCCTC	4
TCCGCATT	4
TACGTAAT	4
ACACCACA	4
TAGAGATC	4
TACCAATN	4
TTTATGCA	4
TAGATAAT	4
CNTCAAGG	4
ACACATAC	4
CTAAATTN	4
AAACAACA	4
TACAAGGA	4
TACAAAGA	4
AAACAGGA	4
CNGATATA	4
ACACACTC	4
CNGAAATT	4
ACGCTCAT	4
TCCCTATG	4
TCCTATAG	4
CCGCGGCA	4
ACTCCCCG	4
ACTCCCCT	4
ACAAAAAA	4
ACTCCCTT	4
CCCTGGCT	4
TATAGATN	4
TATAGGTC	4
ACTCCCCA	4
GTTGAAAA	4
ACTCCGGC	4
CAGCAGGC	4
CAGCAGCG	4
TATCAAAA	4
CAGCAAAA	4
ACTCCTCT	4
TCCTTAGT	4
TCCCTGGA	4
CCACAAGA	4
TAAACACA	4
ACGCAGGC	4
ACTCATTG	4
ACTCCAAA	4
ACTCCAAG	4
ACAACACC	4
CAGGAATA	4
CCACCTTC	4
TAGTGGCC	4
ACTCCAGA	4
CCACACAC	4
ACTCCATG	4
TCCCTCGA	4
TATACACA	4
ACGAATTC	4
TATAGATA	4
CGCCACCC	4
GGTTGCAA	4
GNTATAGA	4
AGATCCGA	4
TCTCATTA	4
CAAGTAAT	4
GTAATTCC	4
CAACACAC	4
CGATCAAT	4
TCTCCCTC	4
TCCATCTT	4
CTATTTTG	4
TCCATTAC	4
CACACATA	4
AGATGGGA	4
ACCCCGTG	4
AGACTAAT	4
CAAAGCAA	4
CCACATTC	4
ACCCAAAT	4
ACCCAAAG	4
CACATACA	4
TCTCCACC	4
CAACTAAT	4
CTATTATG	4
ACCCCCTA	4
CTCATGTA	4
ACCCCTTC	4
TCCCATCC	4
ACCCACTT	4
ACCACCTC	4
TCTCCAAA	4
GNGGGAAT	4
CAATTGCT	4
CCCTCATT	4
CTCAGACA	4
CTCACTTT	4
ACCCAGTT	4
CTCATGCT	4
TCTCATGC	4
ACCCAAGC	4
AATCTCTA	4
ACCCGCAA	4
TCCACAGG	4
GNGGGTGG	4
ACCACACA	4
TTCAAATT	4
CTCAGCTT	4
CATTCAGG	4
CATTATAG	4
CACACACT	4
CACACAGT	4
CAAAATCA	4
CGCAATTA	4
AGCACGCA	4
ACCCCAGC	4
ACCATAGA	4
GGTTAGAT	4
ACCCATGC	4
GTCATCCA	4
CACCAGGC	4
TCATCAAG	4
CAAAATTC	4
GNATGGTT	4
TCCCCATT	4
GTCGGGGA	4
GTCTAGCA	4
ACCCCAAA	4
CGAGGACT	4
ACCCCACC	4
AGAAATGG	4
ACCCCACA	4
CCACCTCT	4
CCGGGCAA	4
CCGGGGGG	4
ACCCGTGC	4
AGACAGCC	4
GNAATTAC	4
AATGTAGA	4
CTATGTGT	4
ACCCCCAT	4
GTAGTGTC	4
CCACATGA	4
CACGAAAA	4
ACCCCCAA	4
CATGTAAT	4
CATGTAGT	4
TTGTGTTG	4
TCCCCACA	4
CACCAAAA	4
CAACAGCC	4
CAACAGGA	4
ACCATTCT	4
AGATAGAT	4
CCGCCCCA	2
TTGCTAGT	2
GAGAAGCT	2
GAGAAATA	2
GACACCAA	2
CGATCTCC	2
GAGAAGCA	2
TTGCTTAT	2
CCGCCCAC	2
CNCATGCT	2
CNCATGTT	2
GAGCGTTC	2
CCCCAATC	2
GAGAAATT	2
CCGCCTAT	2
CGATGGCA	2
GACAGTTT	2
CGACAATA	2
CCCCTCAT	2
TTGCTTGT	2
TTGCATCC	2
CNGCAATT	2
GACATTGT	2
CCGCACCA	2
GACATGAG	2
TTTGCTTG	2
CGAGGCGC	2
CNTCAAAA	2
GACATAAT	2
GACCAATT	2
CGAGGATT	2
CCCCTCCA	2
CGACAGGC	2
GACAGTTA	2
GACAGCAT	2
CNTCACGC	2
CCCCTCTA	2
TTTCAAAA	2
GCCTGGAA	2
GACACTAG	2
CGCTGGGG	2
GACGCTCT	2
CGATCGGA	2
CNCGCATT	2
CCGCATTG	2
GAGTAAAA	2
TTGCATTC	2
CCCCAAAC	2
CCGCATAT	2
GAGTAAGT	2
CGATCATA	2
CCCCTATG	2
GACGGCTC	2
CNCCCTAA	2
GACGCATG	2
CGAGTTAT	2
GACGCACA	2
CCGCAGAC	2
GACGAATA	2
CCCCTCAG	2
GACGAAGT	2
CNCTCGCA	2
CCGCACGC	2
CGAAGAGT	2
GACCGGGG	2
CCCCCCCC	2
GAGCAGTT	2
CGGGTTAC	2
CGGTAAAT	2
CCCCAGTG	2
GAGCAATA	2
CGCCGCCT	2
TTTCATAA	2
CGCCCTAT	2
CGCCAGGG	2
GAGCCTCG	2
CGTCAGGG	2
CGGGAAAA	2
GAGAGTTC	2
GAGAGTTA	2
CGTCAGTC	2
GAGAGTGG	2
CCCCCCTG	2
CCCCCTCA	2
CGTCAGTT	2
GAGAGGTA	2
GAGAGGGA	2
CGTCCGGC	2
CGTCGGGC	2
CCCCATAG	2
GAGCATGG	2
GAGCCACC	2
GAGCCATG	2
CCCCCATT	2
CGCTCTCT	2
CCGGGATT	2
CGCTAATG	2
CCGGCGGG	2
CCCCCAAC	2
CGGCAGGC	2
CCCCATGC	2
CCCCCTTG	2
CGCCTTGG	2
CCCCATAC	2
GAGCATCA	2
CCCCCCAC	2
CCCCCCAT	2
CGGCAGGG	2
CGGCGGCA	2
CGCCTTAT	2
CCCCCCCA	2
GAGCATAA	2
CCGGCCAT	2
CCCCACGA	2
CGAAATGC	2
GAGCGAAT	2
CNATGTAG	2
GAGCGATA	2
CGCATGCG	2
GAGACGTG	2
CGCAGGTA	2
GAGACAAC	2
CCGCGGGC	2
CGCAATTG	2
CCCCACTC	2
GAGAGAAG	2
CNCACACA	2
TTTCAGGC	2
GAGAATGC	2
CGCAAGCA	2
CGCAAATC	2
GAGAATAT	2
GAGAATAG	2
CGCAAAAG	2
CCGCGATG	2
CGATTTCT	2
CGATGTTC	2
TTTCACAC	2
GAGAGCTG	2
TTTCACTC	2
GAGAGCGG	2
GAGAGCCT	2
CGCCACAC	2
CGTTACTC	2
GAGAGCAC	2
CGTTCCAA	2
CCGGAATT	2
CGCATGTT	2
GAGAGAGG	2
CNCAGGGC	2
CCCCGACC	2
CNAAGGGA	2
GAGAGACC	2
TTTCAATG	2
CCGCTTTT	2
CCGCTTAT	2
CCCCAGCT	2
CNACAGAC	2
TTTCAACA	2
CCCCAGCA	2
GAGAGAAT	2
CTCTGAAC	2
CTATCGCT	2
CTATCGCA	2
CCCTCTGC	2
CTCTCTCN	2
CCCTAGCT	2
CTCTCTTC	2
CTATATAC	2
CTCTCTTT	2
CTATCTAT	2
CTCTGGCA	2
TTTAACTC	2
CTCTTAAT	2
CTATACCG	2
CTAGTGTG	2
CTAGGTTA	2
CTAGGCCA	2
CTCTTCCC	2
CTATCTCC	2
CTATCTCT	2
CCCTCGTT	2
CTCTCTAG	2
CTCTCGTG	2
CTCTCCTT	2
CTATGGAG	2
CCCTAGGC	2
CCCTAGTG	2
CTCTCCAC	2
CTATTCTG	2
CTCAATGC	2
CTCTCATC	2
CTCTCATA	2
CTCACGTT	2
CTAGCTAG	2
CTGGCCAA	2
CCCTAACC	2
CCCTAAGT	2
CTAGATAG	2
CTGGATCG	2
CTGGAATT	2
CTAGATCA	2
CCCTCTTT	2
CTGCTTCT	2
CTAGCAGT	2
CTAGCCTT	2
CCCTAGAC	2
CTGCTCCC	2
CTGCTATT	2
CTAGCGCC	2
TTTTGACA	2
CTGCGGCG	2
CTGCCTCT	2
CCCTAGAG	2
CTGCAGTG	2
CTAGCTGA	2
CTGATTGA	2
CTGATGCC	2
CTGAATTC	2
CTAGCTTG	2
CCCTAGAT	2
CTCTTTTC	2
CCCTAGCC	2
CTCTTCTA	2
CTAGGAGG	2
CTAGGAGT	2
CTCCTCGC	2
CTCCGCAT	2
CTCCGGGA	2
CTCCGGTC	2
CTCCTAAC	2
CTCCTAGT	2
CCCTCAGN	2
CTCCTATT	2
CTCCTCAG	2
CTCCCTCT	2
CTCCTTAT	2
TTTTATAG	2
CTCCTTTC	2
TTGTAGAT	2
CTCGCCTT	2
CTCGCGCT	2
CTCGGGCA	2
CTCATCCC	2
CTCCCCTA	2
CTCCATTT	2
CTCCATTG	2
CTCCATCT	2
CTCCAGGT	2
TTGTGTGT	2
CTCCAGGC	2
CTCCAAAA	2
CTCCAAAG	2
CTCCACTG	2
TTGTATTG	2
CTCCACTC	2
CTCCACCG	2
CCCTCATA	2
CTCCAACC	2
TTGTTCAT	2
TTGTTTGA	2
CTCACTCC	2
CTCAGATA	2
TTGTTGGT	2
CTCAGCAG	2
CTCAGCGG	2
CTCAGCTC	2
CCCTATCC	2
CCCTATTT	2
CCCTCACA	2
CTCTCAAA	2
CCCTCGCA	2
TTGTTGCA	2
CCCTCCTC	2
CTCTATGC	2
CTGTAAAG	2
CCCTCCGC	2
CTCTATCT	2
CTCAGGGC	2
CTCTAGGT	2
CCCTCCCC	2
CTCTAGAA	2
CCCTCCAT	2
CTCAGTCA	2
CCCTCCAC	2
TTGTTAGT	2
CTCTACTA	2
CTCTACCT	2
CTCTAAAT	2
CTCATATA	2
CTCGTTTA	2
GAATATAG	2
CCCTGTGT	2
GAAGGAAT	2
CCCTTATC	2
TTTAATCC	2
CCCTTCTT	2
GAAGGAGA	2
GAAGGGCA	2
GAATATAA	2
GAAGCTGA	2
CTAAATGC	2
CTAAATCT	2
GAATCAAC	2
GAATCACC	2
GAATCATC	2
GAATCGGA	2
GAATGACG	2
GAATGCCC	2
GAAGCTAA	2
GAAGCGGG	2
CCCTGTCC	2
GAAGCCAG	2
GAAGAAGG	2
CTAACCAA	2
CCCCTTCC	2
CTAACTTC	2
GAACTTCC	2
GAACTGTA	2
CCCCTTCT	2
CCCCTTGA	2
CCCTGTAC	2
GAACCGCA	2
GAACCCTA	2
CNTCGATC	2
GACACACA	2
GACACAAC	2
CNTCAGCC	2
CNTCAGCG	2
GACACAAA	2
GACAAGGC	2
TTGGAATT	2
CCGCAAGC	2
GACAAAGG	2
GACAAAAT	2
CCGCAACA	2
CCGCAAAA	2
GAATTGTG	2
TTTAGTGT	2
TTTGGACT	2
CCCCTTGT	2
CNTCGCAA	2
TTTACTGT	2
CCCCTGAC	2
TTGGAGGT	2
CNTCGTGT	2
GAATTCTT	2
CCCCTGAG	2
CCCTTTGC	2
GAATTCTA	2
CNTGCAAC	2
GAATTCCC	2
CCCTTTAG	2
CCCCTGGC	2
TTTACCTA	2
CCCTTGAG	2
CTTCTCAA	2
CTTCCTTT	2
CTACAGGT	2
CCCTAAAG	2
CCCTGACA	2
CCCGGCAT	2
CTTCGGCA	2
CCCGGAAA	2
CTTCTAGC	2
CCCTAAAN	2
CTTCTCCA	2
CTACAACC	2
CTTCTCTA	2
CTTCTCTC	2
CTTCTTGT	2
CTTGAGCC	2
CTTGAGGC	2
CTTGAGGT	2
CTTCCTTG	2
CTACATCC	2
CTTCCCAG	2
CTTCCACA	2
CTTCAGTT	2
CTTCAGTC	2
CTACATGC	2
CTTCAGGG	2
CTTCAGCC	2
CTACATGT	2
CTTCACGT	2
CTTCACGC	2
CTTCAACA	2
CTGTGTGT	2
CTGTCCTC	2
CTACAAAT	2
GAACCCGG	2
GAACCAAA	2
GAACATAC	2
CTAAGGTC	2
CCCGAGGC	2
GAACAGTC	2
CTAAGGTT	2
GAACAGAT	2
CTAATAGA	2
GAAATGAA	2
CCCTGGAA	2
CTAATTCT	2
CTTTGCTA	2
CTTTGCCT	2
CTAATTTC	2
TTTATTTT	2
TTTTGTTT	2
CTTTCTCT	2
CTTTCCTA	2
CTTTCACA	2
CTTTATAG	2
CTTTACAC	2
CTTTAAGA	2
CCCTGACC	2
CTTGTTTA	2
CTTGTTAT	2
CCCGCGTC	2
CTTGTGGA	2
CTTGTAAG	2
CCCGCTTT	2
CTTGCTCA	2
TTAGTCTC	2
TATAAAGA	2
TATAGAGC	2
TATAGATG	2
TATATATA	2
TATATCCA	2
TATCCAAA	2
TATCCCTA	2
TATCCCTG	2
TATCCCTT	2
TATCCGCA	2
TATCTAAA	2
TATCTAAT	2
TAGTTTAG	2
TATCTCTA	2
TATCTTAT	2
TATCTTTC	2
TATGACTA	2
TATGCACA	2
TATGCACT	2
TATGCCAC	2
TATGCCAT	2
TATGCTTA	2
TTAGAGAT	2
TATGGGTT	2
TAGCTATA	2
TTATAGAC	2
TACCTTAT	2
TAGACGTA	2
TAGATAGT	2
TAGATATA	2
TAGATCGA	2
TAGATTAT	2
TAGCCAGA	2
TAGCCGAT	2
TAGCTAAA	2
TAGCTAGC	2
TATGGTTA	2
TAGCTTAT	2
TAGCTTCA	2
TAGGAATA	2
TAGGCCTA	2
TAGGGCAA	2
TAGGGTAG	2
TAGTAAAT	2
TAGTATCT	2
TAGTGCTT	2
TAGTGTCG	2
TAGTTAAA	2
TCATTTGT	2
TCAGCTAA	2
TTAGAACC	2
TTAATTGT	2
TCAGGTAG	2
TCAGGTTT	2
TCATAAAT	2
TCATCAGG	2
TCATCCTC	2
TCATCTAC	2
TCATCTCT	2
TCATTGCT	2
TCATTTGC	2
TCAGCAAT	2
TCCAAAAG	2
TCCAAAGG	2
TCCAAGAT	2
TCCACTAC	2
TCCAGTCT	2
TCCATATG	2
TCCATTTT	2
TCCCAAAG	2
TCCCAATC	2
TCCCAATG	2
TCCCAATT	2
TATTTTAG	2
TATGTACA	2
TATGTATA	2
TATGTCAC	2
TATGTGTT	2
TATGTTAT	2
TATTACAA	2
TATTACCC	2
TATTCCCA	2
TATTGACA	2
TATTGATC	2
TATTGTCA	2
TACCTAAT	2
TATTTTCC	2
TATTTTGC	2
TCAAAATT	2
TCAAATTC	2
TCAATCTT	2
TCAATGAT	2
TCAATTCA	2
TCACACAC	2
TCACATGC	2
TCACGCAA	2
TCAGACGA	2
GTGGCTAA	2
GTGAGTGC	2
GTGAGTTA	2
GTGATAAT	2
GTGATATA	2
GTGATGAG	2
GTGATGTT	2
GTGATTAT	2
GTGATTTA	2
GTGGAATT	2
GTGGAGAG	2
GTGGAGCA	2
TTATTATA	2
GTGAGAGT	2
GTGGGATA	2
TTATGTTG	2
GTGGGATC	2
GTGTACAA	2
GTGTACCT	2
GTGTATTG	2
GTGTCGCA	2
GTGTGCGT	2
TTATGTAT	2
TTATGGGA	2
GTGTGTTC	2
GTCGTCCT	2
GTAGGAAT	2
GTATCGCA	2
GTATTATA	2
GTCAATCC	2
GTCAATGC	2
GTCACGCA	2
GTCAGAGA	2
GTCCACTA	2
GTCCCTCC	2
GTCGAGAG	2
GTCGCAAT	2
GTGTTATG	2
GTCTCCCC	2
GTCTCCCT	2
GTCTCCTA	2
GTCTCGTA	2
GTCTCTCT	2
GTCTGGCA	2
GTCTGTGT	2
GTCTTTGT	2
GTGAACTG	2
GTGAATGG	2
GTGAATGT	2
TACAAATT	2
TAACTTCA	2
TAAGCATT	2
TAAGTCCA	2
TAAGTTAT	2
TAATATGC	2
TAATCAAT	2
TAATGGCC	2
TAATTAAG	2
TAATTAAT	2
TAATTCTT	2
TACAAATA	2
TAACAATT	2
TACAATTC	2
TACACCAT	2
TACATGCT	2
TACCAAAA	2
TACCAAAT	2
TACCAAGA	2
TACCAATA	2
TACCACTT	2
TACCCAAA	2
TACCCAAT	2
TACCCGAT	2
GTTGTGGT	2
GTGTTGTG	2
GTGTTTTC	2
GTTAAGTA	2
GTTCAATG	2
GTTCACAA	2
GTTCATGT	2
GTTCCCTC	2
GTTCGCGT	2
GTTGCAGC	2
GTTGGCTG	2
GTTGGTTA	2
TCCCACAC	2
GTTTGCGT	2
GTTTGTTA	2
TAAAAAAA	2
TAAACAAA	2
TAAACACT	2
TTATATAA	2
TAAAGTGG	2
TAAATCGG	2
TAAATTCC	2
TAACAAAC	2
TAACAATA	2
TGACTTTG	2
TCTGTCTC	2
TCTGTGTG	2
TCTTCTAC	2
TCTTGCCA	2
TCTTTACC	2
TCTTTATA	2
TGAAAATA	2
TGAAGGAT	2
TGAATTTC	2
TGACACTT	2
TGACGAGG	2
TGACTCAT	2
TCTGTCGG	2
TGAGAGAT	2
TGAGATAT	2
TNTGGTCA	2
TNTGGCTC	2
TGAGGTGA	2
TGAGGTGG	2
TGAGGTTT	2
TGATCATG	2
TGATCGAA	2
TGATTATA	2
TGATTGGG	2
TCTCGCCC	2
TTAAATAG	2
TCTCCGGC	2
TCTCCTAA	2
TCTCCTAC	2
TCTCCTAG	2
TCTCCTCC	2
TCTCCTGA	2
TCTCCTTA	2
TCTCGAAA	2
TTAAAGTG	2
TCTCGCAN	2
TGCAATTC	2
TTAAAGAG	2
TCTCGGCC	2
TCTCTCAC	2
TTAAAAGT	2
TCTCTGTC	2
TTAAAAAA	2
TCTGCCCA	2
TCTGCCTT	2
TNTTGCCA	2
TCTGCTGA	2
TCTGGACA	2
TGTTGTTG	2
TGTAAAAA	2
TGTACTAG	2
TGTATATG	2
TGTATGTG	2
TNTGCCAA	2
TGTCATTC	2
TGTCGCAA	2
TGTGCGTG	2
TGTGTGCA	2
TNTCCCTC	2
TGTGTGTT	2
TGGTTTTA	2
TGTTTCCC	2
TNACAAAT	2
TNACAATT	2
TNACAGAT	2
TNTACCAA	2
TNATCTGC	2
TNCACTTA	2
TNCCCATT	2
TNCGCAAT	2
TNCTAAAT	2
TNGCCAAT	2
TGGAACGA	2
TGCACTGT	2
TGCATGTG	2
TGCATTGC	2
TGCCAATG	2
TGCCACCA	2
TNTGGCTA	2
TGCCTCAT	2
TGCCTGAG	2
TGCCTTTA	2
TGCGCTCT	2
TGCTATTG	2
TCTCCGCT	2
TGGCATTT	2
TGGCCATC	2
TGGCTGTA	2
TGGGAAGC	2
TGGGTAAT	2
TGGGTATA	2
TGGGTGTC	2
TGGTACGA	2
TGGTCCTA	2
TGGTGGCT	2
TGGTTATA	2
TCCCTCCT	2
TCCCCTCT	2
TCCCCTGA	2
TCCCCTTG	2
TCCCCTTT	2
TCCCGATG	2
TCCCGCAA	2
TCCCGGCT	2
TCCCGGTT	2
TCCCTACA	2
TCCCTAGA	2
TCCCTCAA	2
TCCCTCCA	2
TCCCCTCC	2
TCCCTCTC	2
TCCCTCTT	2
TCCCTGTT	2
TCCCTTAT	2
TCCCTTCC	2
TCCCTTGC	2
TCCGCAAA	2
TTAATGAA	2
TCCGCACT	2
TCCGCCCC	2
TCCGCCTT	2
TCCCCAGA	2
TCCCAGAA	2
TCCCAGAG	2
TCCCAGGA	2
TCCCATAA	2
TCCCATAG	2
TCCCATCA	2
TCCCATCT	2
TCCCATGA	2
TCCCATTC	2
TCCCCAAC	2
TCCCCACC	2
TCCGCGCC	2
TTAATTAT	2
TCCCCCAT	2
TCCCCCCA	2
TCCCCCTT	2
TCCCCGAA	2
TCCCCGAC	2
TCCCCGAG	2
TCCCCTAC	2
TCCCCTAG	2
TTAATTAG	2
TCCCCTCA	2
TCTCAGCC	2
TCCTTGCT	2
TCCTTTCT	2
TCGCACTG	2
TCGCATTC	2
TCGCCTAT	2
TCGGTGTG	2
TCGGTTAT	2
TCTCAAAG	2
TCTCAAGC	2
TCTCACAC	2
TCTCAGCA	2
TCCTTGAG	2
TCTCAGCT	2
TCTCATAC	2
TCTCCAAG	2
TTAAATTT	2
TCTCCACT	2
TCTCCATA	2
TCTCCATC	2
TCTCCATT	2
TCTCCCAT	2
TCTCCCCA	2
TCTCCCCG	2
TCCTAATA	2
TCCGCGCG	2
TTAATCTA	2
TTAATCCT	2
TCCGCGTT	2
TCCGCTGT	2
TCCGCTTC	2
TCCGCTTG	2
TCCGCTTT	2
TCCGGTCC	2
TCCGTAGT	2
TTAAGTTT	2
GTAGACAA	2
TTAAGGCC	2
TCCTAGAT	2
TCCTATTG	2
TTAAGCAC	2
TCCTCATC	2
TCCTCCAC	2
TCCTCGCG	2
TCCTGAAT	2
TCCTGAGG	2
TCCTGGCT	2
TCCTTATA	2
GCCCCCCC	2
GCAGGAAT	2
GCATCATG	2
GCATCCAC	2
GCATCGAC	2
GCATGAAT	2
GCATGATC	2
GCATGCTA	2
GCATGTGT	2
GCCAAGAG	2
GCCACACA	2
GCCACTCA	2
GCCCATAC	2
GCAGCCTT	2
GCCCCCTC	2
GCCCTTGG	2
GCCGATCT	2
GCCGCCAT	2
TTCGGGTT	2
GCCTATCC	2
GCCTCTAA	2
TNGGCCAA	2
GCGAATCC	2
GCGATATA	2
GCGCAAGC	2
GATTTTTT	2
GATTCATC	2
GATTCCCA	2
GATTCTTT	2
GATTGCAA	2
GATTGCTA	2
GATTGGGC	2
GATTGGTC	2
GATTGTAG	2
GATTTATT	2
GATTTGGA	2
GATTTTAC	2
GCGCCCTG	2
GCAAAGAC	2
GCAACAAC	2
GCAACACN	2
GCAAGTGA	2
GCAATCAT	2
GCAATGTG	2
GCACAATT	2
GCACACAT	2
GCACCACA	2
GCACTAGA	2
GCAGCAAC	2
TTCGCAAC	2
TTCGCCTG	2
GCTTCCTG	2
TTCGCACC	2
GCTTGCTG	2
GCTTTTTC	2
GGAAAACA	2
GGAAATTG	2
GGAACTGA	2
GGAACTGT	2
GGAAGCAA	2
GGAAGCTA	2
GGAAGCTG	2
GCTTCCAC	2
GGAATCAT	2
GGAATGGG	2
GGAATGGT	2
TTCCTTCA	2
TTCCTCCC	2
GGACAGCA	2
GGACGGAG	2
GGACTTGT	2
GGAGATTC	2
GGAGCAGG	2
GGAGCCAA	2
GCTCCATA	2
GCGCGTGC	2
GCGCTCTA	2
GCGGAAAA	2
GCGGAACA	2
GCGGGAAT	2
GCGGGATA	2
GCGTGAAA	2
GCTCACAT	2
GCTCAGAC	2
GCTCAGGG	2
GCTCCACT	2
GATTATGT	2
GCTCCATG	2
GCTCGGGC	2
GCTCTAAA	2
GCTCTAGT	2
GCTCTATC	2
TTCGCTTC	2
GCTGGTAT	2
GCTGGTCC	2
GCTTATAG	2
TTCGCTAG	2
GCTTCATG	2
GAGTCGTC	2
TTCTGAGT	2
GAGTCACA	2
GAGTCAGA	2
TTCTCTCT	2
TTCTCTAG	2
GAGTCCAC	2
GAGTCCAG	2
GAGTCCAT	2
GAGTCCCA	2
GAGTCCGC	2
GAGTCCTT	2
GAGTCGGC	2
TTCTTGTC	2
GAGTCTCC	2
GAGTCTCG	2
GAGTCTGC	2
GAGTGAAC	2
GAGTGAAG	2
GAGTGACC	2
GAGTGAGA	2
GAGTGAGG	2
GAGTGAGT	2
GAGTGATA	2
GAGTGGAA	2
TTGATAAT	2
GAGTACCT	2
GAGTACGG	2
TTGCATAA	2
GAGTAGCT	2
GAGTAGGA	2
GAGTAGGG	2
GAGTAGGT	2
TTGCAATT	2
TTGATGGA	2
TTGATGCC	2
TTGATAGN	2
GAGTGGCT	2
TTGACAGT	2
TTGACAAA	2
TTCTTTTC	2
TTCTTTCA	2
GAGTAGTT	2
TTCTTGTT	2
GAGTATCT	2
GAGTATGA	2
GAGTATTC	2
GAGTATTG	2
GAGTCAAT	2
GATGCCTT	2
GATCTTAC	2
TTCTCCAA	2
TTCTCAGG	2
GATCTTAT	2
GATCTTCT	2
GATGAATC	2
GATGAGGC	2
TTCTAGCC	2
GATGATCT	2
GATGATGC	2
GATGCAAT	2
GATCTGGA	2
GATGCGGT	2
GATGGCAT	2
GATGGTCA	2
GATGGTCG	2
GATGGTCT	2
GATGGTTG	2
GATTAAAA	2
GATTAACG	2
GATTAATT	2
GATTACTA	2
GATTATGC	2
GATATTAT	2
GAGTGGGA	2
GAGTGGTG	2
GAGTGTAA	2
GAGTGTAT	2
GAGTGTCC	2
GAGTGTCG	2
GAGTGTCT	2
GAGTGTGG	2
GAGTGTTG	2
GATACCAT	2
GATAGTGT	2
GGAGCCAG	2
GATATTGC	2
GATCAAAT	2
GATCAACT	2
GATCAGCC	2
GATCATCG	2
GATCCCTC	2
TTCTCCAC	2
GATCCTAA	2
GATCCTCG	2
GATCCTTG	2
GATCTAGA	2
GGTGTATT	2
GGTGATCT	2
GGTGCAAA	2
GGTGCCGC	2
GGTGCCTT	2
GGTGGAGA	2
GGTGGCTC	2
GGTGGGCA	2
GGTGGGGT	2
GGTGGTAC	2
GGTGGTAT	2
GGTGTACC	2
GGTGTATG	2
GGTGAAGG	2
GGTGTGGT	2
GGTTAAGG	2
GGTTAAGT	2
GGTTAATG	2
GGTTAATT	2
GGTTATAG	2
GGTTCAGC	2
GGTTCTCC	2
GGTTCTTT	2
GGTTGGCT	2
GGTTTATG	2
GGTAGTTT	2
GGGTTCTC	2
GGGTTGCA	2
GGGTTGTA	2
GGGTTTCT	2
GGGTTTGG	2
GGGTTTGT	2
GGTAAGCC	2
TTCAGAAA	2
GGTACATA	2
GGTACGGT	2
GGTAGGAA	2
TTCACTTT	2
GGTCACAA	2
GGTCACTG	2
GGTCAGCC	2
GGTCAGCT	2
GGTCCACG	2
GGTCCCAA	2
GGTCCCCA	2
GGTCCTGA	2
GGTCTCCT	2
GGTCTGCT	2
GGTGAAGC	2
GNGGGTGT	2
GNGGACAT	2
GNGGAGCT	2
GNGGAGTT	2
GNGGATAG	2
GNGGCATC	2
GNGGCTAT	2
GNGGCTTT	2
GNGGGACA	2
GNGGGGGT	2
GNGGGTAA	2
GNGGGTCT	2
GNGGACAA	2
GNGTACCA	2
GNGTGGAG	2
GNGTGGTT	2
GNTAGATC	2
TTATTTTG	2
GNTGGCTT	2
GNTGTAAT	2
GTAAAAAT	2
GTAATTCT	2
GTAATTGA	2
GTAATTGT	2
GNATGAAC	2
GGTTTCAT	2
GGTTTCTG	2
GGTTTTTG	2
GNAACTGC	2
GNAATTCC	2
TTCACTAG	2
GNAGAAGG	2
GNAGCAGG	2
TTCACACA	2
GNAGTCTT	2
GNAGTTAG	2
GGGTTCCT	2
GNATTGCA	2
GNATTGTA	2
GNCATTTT	2
GNGAACTC	2
TTCACAAC	2
TTCAATTT	2
GNGCTAAT	2
GNGCTTAT	2
TTCAAGTT	2
GNGGAAAA	2
GNGGAATA	2
GGCGATGT	2
GGCACCGA	2
GGCACTCA	2
GGCAGGCT	2
GGCATTGT	2
GGCCATTT	2
GGCCGATA	2
GGCCTAAA	2
TTCCACCC	2
GGCCTCTT	2
GGCCTGTC	2
GGCCTGTT	2
GGCGATGC	2
TTCCAGTT	2
GGCGGCAA	2
GGCGTGTG	2
GGCTAGGG	2
TTCCAAAG	2
GGCTGTCA	2
GGGAAATG	2
GGGAAATT	2
GGGAACGC	2
TTCCAAAA	2
GGGAAGAG	2
GGGAAGGA	2
GGAGTGAT	2
GGAGCTAG	2
GGAGGACA	2
GGAGGAGC	2
GGAGGGCC	2
TTCCTAAA	2
GGAGGTAG	2
GGAGGTCC	2
GGAGGTCG	2
GGAGTAAT	2
GGAGTATC	2
GGAGTCGC	2
GGGAGAGA	2
GGAGTGTT	2
GGAGTTAT	2
GGAGTTGG	2
GGAGTTGT	2
GGATCAGT	2
GGATCGGG	2
GGATGAAC	2
GGATGGCC	2
GGATGGTC	2
TTCCGCAA	2
GGATTACA	2
GGGTCCTC	2
GGGGGTAA	2
GGGGGTTA	2
GGGTAATC	2
TTCATTCA	2
GGGTACTA	2
GGGTAGAT	2
GGGTAGCA	2
TTCATGCG	2
GGGTATTT	2
GGGTCATT	2
GGGTCCGA	2
GGGGGGGT	2
GGGTCGAC	2
GGGTCTCT	2
GGGTCTTC	2
GGGTGATC	2
GGGTGCAC	2
GGGTGCTT	2
GGGTGGTC	2
GGGTTAAC	2
GGGTTAGA	2
GGGTTCAG	2
GGGTTCCC	2
GGGCATGT	2
GGGAGGCT	2
GGGAGGGG	2
GGGATCGA	2
GGGATGAC	2
GGGATTCC	2
GGGATTGT	2
GGGATTTG	2
GGGCAAAA	2
GGGCAACA	2
GGGCAATT	2
GGGCAGGG	2
GAGTACAC	2
GGGGAAAT	2
GGGGAATA	2
GGGGACTT	2
GGGGCCCG	2
GGGGCTAC	2
GGGGCTGC	2
GGGGGACT	2
GGGGGAGA	2
GGGGGAGT	2
GGGGGATA	2
GGGGGGCA	2
ANGCAATT	2
ANCCGAAC	2
ANCCGCAT	2
ANCCGCCA	2
ANCCGCGT	2
ANCCTCGC	2
ANCCTCTT	2
ANCGCGCA	2
ANCGGCGA	2
ANCGTAGA	2
ANGAAGGG	2
ANGATCTA	2
ANGATGTA	2
ANCCCTGC	2
ANGCGTAA	2
ANGGTTAT	2
ANGTCGCA	2
ANTAATGA	2
ANTCCAAT	2
ANTCCCCA	2
ANTCCTCT	2
ANTGCAAT	2
ANTTAATT	2
ANTTAGAT	2
ATAAAACA	2
ANACACTA	2
AGTTGAGT	2
AGTTTCTC	2
AGTTTGAC	2
ANAAAATA	2
ANAAAATG	2
ANAAAATT	2
ANAAACCT	2
ANAAAGCC	2
ANAACGCA	2
ANAACTGG	2
ANAATCAT	2
ATAAAAGA	2
ANACAGGC	2
ANAGATGG	2
ANATCCTT	2
ANATCGAG	2
ANATCGCA	2
ANCAAAAG	2
ANCACAAG	2
ANCCAAAG	2
ANCCAATT	2
ANCCCCAT	2
ANCCCCCA	2
ATAAGCAG	2
ATAACCTT	2
ATAACGGA	2
ATAACGGT	2
ATAACTAA	2
ATAACTGC	2
ATAAGACA	2
ATAAGACC	2
ATAAGATA	2
ATAAGATC	2
ATAAGATG	2
ATAAGATT	2
ATAAGCAC	2
ATAACCGT	2
ATAAGCTA	2
ATAAGCTC	2
ATAAGGAA	2
ATAAGGAG	2
ATAAGGAT	2
ATAAGGCA	2
ATAAGGCG	2
ATAAGGGA	2
ATAAGGGT	2
ATAAGTAT	2
ATAAGTCT	2
ATAAATAT	2
ATAAAAGC	2
ATAAAATC	2
ATAAACAC	2
ATAAACCC	2
ATAAACTC	2
ATAAACTT	2
ATAAAGCC	2
ATAAAGGA	2
ATAAAGTA	2
ATAAAGTC	2
ATAAATAC	2
AGTTATTT	2
ATAAATGA	2
ATAACAAA	2
ATAACAAG	2
ATAACAGC	2
ATAACATG	2
ATAACATT	2
ATAACCAC	2
ATAACCAG	2
ATAACCAT	2
ATAACCCC	2
ATAACCCG	2
AGCCCTGC	2
AGCAAATG	2
AGCAACAA	2
AGCACTTC	2
AGCATGGG	2
AGCATGTT	2
AGCCAAAA	2
AGCCAAAG	2
AGCCAAAT	2
AGCCAATT	2
AGCCATCT	2
AGCCATTT	2
AGCCCATA	2
AGCAAAAA	2
AGCCCTTA	2
AGCCGGGT	2
AGCCTCCT	2
AGCCTTGA	2
AGCGAATT	2
AGCGGCTG	2
AGCGTAGA	2
AGCGTCTC	2
AGCGTGTT	2
AGCGTTCT	2
AGCGTTGC	2
AGATAAGC	2
AGACTAGG	2
AGACTCCT	2
AGAGAAAC	2
AGAGACAG	2
AGAGATCG	2
AGAGCTAA	2
AGAGGGGC	2
AGAGTAAT	2
AGAGTGCA	2
AGAGTTAG	2
AGATAAGA	2
AGGAAGTG	2
AGATAATT	2
AGATCAAG	2
AGATCATG	2
AGATCGCA	2
AGATCGGG	2
AGATCTGA	2
AGATGCAA	2
AGATGGAA	2
AGATGGTT	2
AGATTATA	2
AGATTGGA	2
AGTCAGGC	2
AGGTGGCG	2
AGGTGTAG	2
AGGTGTGA	2
AGGTTAAA	2
AGGTTAAC	2
AGGTTAAG	2
AGGTTATA	2
AGGTTCTT	2
AGGTTGCT	2
AGGTTTGG	2
AGTAAGGG	2
AGGTCTAT	2
AGTCAGGG	2
AGTCCAAA	2
AGTCGCCA	2
AGTCGCGA	2
AGTCTCAT	2
AGTCTTAT	2
AGTCTTGA	2
AGTGGAGA	2
AGTGGGAA	2
AGTGTGTT	2
AGTTAAGN	2
AGGGGGGG	2
AGGAATTA	2
AGGACACT	2
AGGATACT	2
AGGCCAAT	2
AGGCCTAC	2
AGGCCTCC	2
AGGCTAGA	2
AGGCTAGT	2
AGGCTATA	2
AGGGCAAG	2
AGGGGGGC	2
ATAAGTGG	2
AGGGTCAT	2
AGGTAACC	2
AGGTAACT	2
AGGTAGAG	2
AGGTAGAT	2
AGGTAGCT	2
AGGTATAA	2
AGGTCAAT	2
AGGTCAGG	2
AGGTCATT	2
AGGTCGAC	2
ATCGCAAC	2
ATCCTAAA	2
ATCCTAAG	2
ATCCTACA	2
ATCCTACT	2
ATCCTCAA	2
ATCCTCGG	2
ATCCTCTA	2
ATCCTGGT	2
ATCCTTGG	2
ATCCTTTA	2
ATCCTTTG	2
ATCGAAAC	2
ATCCGTTG	2
ATCGCATT	2
ATCGCCCC	2
ATCGCCCT	2
ATCGCCTA	2
ATCGCCTT	2
ATCGCGAA	2
ATCGCGGC	2
ATCGCTAA	2
ATCGCTCA	2
ATCGCTTG	2
ATCGGCAT	2
ATCCCCGC	2
ATCCAGAA	2
ATCCAGCA	2
ATCCATAG	2
ATCCATAT	2
ATCCATCA	2
ATCCATCG	2
ATCCATGC	2
ATCCATTA	2
ATCCCACG	2
ATCCCAGA	2
ATCCCAGT	2
ATGAATAC	2
ATCCCGAA	2
ATCCCTAC	2
ATCCCTGG	2
ATCCGACC	2
ATCCGACT	2
ATCCGGAA	2
ATCCGGCT	2
ATCCGGTA	2
ATCCGTCA	2
ATCCGTCG	2
ATCCGTTC	2
ATTAACTT	2
ATGGTAAT	2
ATGGTTAT	2
ATGTATGC	2
ATGTATTG	2
ATGTCTTC	2
ATGTGTGA	2
ATGTGTGT	2
ATGTTAGT	2
ATGTTATA	2
ATGTTGCA	2
ATGTTTAC	2
ATTAAATT	2
ATGGCTAT	2
ATTAAGGC	2
ATTAAGGT	2
ATTAATGA	2
ATTACGGG	2
ATTAGGCA	2
ATTATCTT	2
ATTATGTG	2
ATTCATGC	2
ATTCCACA	2
ATTCCAGA	2
ATTCCATT	2
ATGCCTAG	2
ATGACGGC	2
ATGAGTCT	2
ATGATACC	2
ATGATCAA	2
ATGCAAAG	2
ATGCATAG	2
ATGCATGG	2
ATGCATTA	2
ATGCCCCC	2
ATGCCCTT	2
ATGCCGTA	2
ATCCACTT	2
ATGCCTCC	2
ATGCCTCT	2
ATGCCTTT	2
ATGCGGGT	2
ATGCTACA	2
ATGCTTAC	2
ATGCTTTG	2
ATGGACGG	2
ATGGATCG	2
ATGGCGGC	2
ATGGCTAG	2
ATAGCCAC	2
ATACACAG	2
ATACACTT	2
ATACGAGG	2
ATACGCAT	2
ATACTACT	2
ATACTTCT	2
ATAGAAAA	2
ATAGAAGA	2
ATAGAGTA	2
ATAGATAG	2
ATAGATCA	2
ATAGATCT	2
ATAATTGC	2
ATAGCCGT	2
ATAGGAGC	2
ATAGGCTT	2
ATAGGGAA	2
ATAGGGGG	2
ATAGGTTA	2
ATATATCA	2
ATATATCC	2
ATATATTT	2
ATATCCTA	2
ATATCCTC	2
ATAATGAC	2
ATAAGTTG	2
ATAATACA	2
ATAATAGA	2
ATAATAGC	2
ATAATAGT	2
ATAATCAA	2
ATAATCCT	2
ATAATCGA	2
ATAATCGG	2
ATAATCTG	2
ATAATCTT	2
ATATGCTC	2
ATAATGCC	2
ATAATGCG	2
ATAATGCT	2
ATAATGGT	2
ATAATGTA	2
ATAATGTG	2
ATAATGTT	2
ATAATTAC	2
ATAATTAG	2
ATAATTAT	2
ATAATTGA	2
ATCATGCT	2
ATCAGAAG	2
ATCAGACA	2
ATCAGACC	2
ATCAGCAT	2
ATCAGCCA	2
ATCAGGGA	2
ATCAGGTC	2
ATCAGTTG	2
ATCATCGC	2
ATCATCTT	2
ATCATGCC	2
ATCACTGG	2
ATCATGGG	2
ATCATGTC	2
ATCATTAC	2
ATCATTCA	2
ATCATTGA	2
ATCATTGT	2
ATCATTTA	2
ATCCAAAT	2
ATCCAACT	2
ATCCAATA	2
ATCCACAT	2
ATCAAGGC	2
ATATGGCT	2
ATATTACA	2
ATATTTGT	2
ATCAAACA	2
ATCAAACT	2
ATCAAAGA	2
ATCAACGT	2
ATCAACTA	2
ATCAACTT	2
ATCAAGAC	2
ATCAAGAT	2
AGACTAGC	2
ATCAATGT	2
ATCACAGC	2
ATCACATA	2
ATCACCAA	2
ATCACCAT	2
ATCACCCT	2
ATCACCGC	2
ATCACCTA	2
ATCACGAG	2
ATCACGGG	2
ATCACTCC	2
ACAACTAG	2
AATGTCTC	2
AATGTGGA	2
AATGTTGT	2
AATGTTTG	2
AATGTTTT	2
ACAAAAAN	2
ACAAAACA	2
ACAAAAGA	2
ACAAAAGC	2
ACAAACGA	2
ACAACCCA	2
ACAACGAG	2
AATGTCGC	2
ACAAGATG	2
ACAAGGAA	2
ACAATCAT	2
ACAATTCC	2
ACAATTTG	2
ACACAAAT	2
ACACACAA	2
ACACACAT	2
ACACACGA	2
ACACATAA	2
ACACATCC	2
AATCTTTT	2
AATCCCTA	2
AATCCTTC	2
AATCGCTC	2
AATCGGCT	2
AATCGTTA	2
AATCGTTG	2
AATCTAAT	2
AATCTCTG	2
AATCTCTT	2
AATCTTAT	2
AATCTTGT	2
ACACATGC	2
AATGAAAT	2
AATGAATC	2
AATGACCT	2
AATGATGG	2
AATGCATC	2
AATGCTAC	2
AATGCTCG	2
AATGGAAA	2
AATGGGTG	2
AATGGTGA	2
AATGGTTG	2
ACCAGATT	2
ACCAAATT	2
ACCAACCG	2
ACCAAGAG	2
ACCAAGGC	2
ACCACAAC	2
ACCACAAG	2
ACCACAGA	2
ACCACCAT	2
ACCACGGT	2
ACCACTAC	2
ACCACTGA	2
ACCACTTT	2
ACCAAAGA	2
ACCAGGAA	2
ACCAGTGG	2
ACCATACA	2
ACCATACC	2
ACCATATG	2
ACCATTGA	2
ACCCAAAC	2
ACCCAACA	2
ACCCAACC	2
ACCCAACG	2
ACCCAATC	2
ACAGGGCT	2
ACACATGT	2
ACACCACC	2
ACACGCAA	2
ACACTAAA	2
ACACTCAT	2
ACACTCTA	2
ACACTCTT	2
ACACTTTC	2
ACAGACAT	2
ACAGATCG	2
ACAGGGAA	2
AATCCCCA	2
ACAGTAAA	2
ACATACAC	2
ACATACAT	2
ACATACTA	2
ACATATAG	2
ACATCAAA	2
ACATCCTG	2
ACATCGCA	2
ACATCGGA	2
ACATGACA	2
ACCAAAAT	2
AAAGGAAA	2
AAACCCTT	2
AAACCTAA	2
AAACCTTC	2
AAACGAAA	2
AAACTAAA	2
AAACTAGG	2
AAACTGAA	2
AAAGAATG	2
AAAGAATT	2
AAAGAGGT	2
AAAGCATG	2
AAAGCCCA	2
AAACCCAC	2
AAAGGACT	2
AAAGGATA	2
AAAGGTTA	2
AAAGTCCA	2
AAAGTGTG	2
AAAGTTAT	2
AAAGTTGC	2
AAGAAAAA	2
AAGAAACT	2
AAGAATTT	2
AAGACCAT	2
AAAATAAT	2
AAAAACAC	2
AAAAAGCC	2
AAAAAGGC	2
AAAAATAT	2
AAAAATTC	2
AAAACAAA	2
AAAACCAA	2
AAAACTCA	2
AAAAGAAA	2
AAAAGATT	2
AAAAGGAA	2
AAGACGTT	2
AAACAACT	2
AAACAATA	2
AAACAATG	2
AAACAATT	2
AAACACTA	2
AAACACTC	2
AAACATCT	2
AAACATGC	2
AAACATTC	2
AAACCACA	2
AAACCATA	2
AATAGGAA	2
AATAAGTA	2
AATAAGTT	2
AATAATAA	2
AATAATAG	2
AATACACA	2
AATACCTC	2
AATACTCA	2
AATACTGC	2
AATAGAAA	2
AATAGAGA	2
AATAGCCT	2
AATAAAGA	2
AATAGTCT	2
AATATATA	2
AATATCTT	2
AATCAACA	2
AATCAATA	2
AATCAGCC	2
AATCATCA	2
AATCATGC	2
AATCCAAC	2
AATCCACT	2
AATCCCAA	2
AAGCTATA	2
AAGAGAAG	2
AAGAGAGA	2
AAGAGAGT	2
AAGAGTCA	2
AAGATAAT	2
AAGATGAT	2
AAGATGCA	2
AAGATTCT	2
AAGCAAGC	2
AAGCACAC	2
AAGCCTCG	2
ACCCAATT	2
AAGCTGCA	2
AAGCTGTG	2
AAGCTTTC	2
AAGGAAGA	2
AAGGCAAT	2
AAGGCACA	2
AAGGCCAA	2
AAGGCTAT	2
AAGGCTGT	2
AAGGGACT	2
AATAAAAA	2
ACTCTAAA	2
ACTCCTTN	2
ACTCGACA	2
ACTCGAGG	2
ACTCGATN	2
ACTCGCAG	2
ACTCGCCA	2
ACTCGCCC	2
ACTCGCCT	2
ACTCGCGG	2
ACTCGCTC	2
ACTCGTAT	2
ACTCGTCG	2
ACTCCTTC	2
ACTCTAAG	2
ACTCTAGA	2
ACTCTAGG	2
ACTCTCAT	2
ACTCTCGA	2
ACTCTTCA	2
ACTGAAAA	2
ACTGAGGC	2
ACTGATTC	2
ACTGCAGC	2
ACTGCCAA	2
ACTCCCGC	2
ACTCACGC	2
ACTCAGAG	2
ACTCAGAT	2
ACTCAGCT	2
ACTCATCT	2
ACTCATGT	2
ACTCCAAC	2
ACTCCACG	2
ACTCCACT	2
ACTCCATA	2
ACTCCCAG	2
ACTGCCAT	2
ACTCCCTG	2
ACTCCGAT	2
ACTCCGCA	2
ACTCCGCC	2
ACTCCGGA	2
ACTCCGGT	2
ACTCCGTC	2
ACTCCGTT	2
ACTCCTAG	2
ACTCCTAT	2
ACTCCTCG	2
AGACAATA	2
AGAACATA	2
AGAACTCG	2
AGAAGAAG	2
AGAAGACC	2
AGAAGATG	2
AGAAGGAA	2
AGAATAGG	2
AGAATCGG	2
AGAATTGT	2
AGACAAAA	2
AGACAAGA	2
AGAAATTC	2
AGACACAC	2
AGACACAT	2
AGACACCA	2
AGACACCC	2
AGACACTC	2
AGACAGGA	2
AGACAGTT	2
AGACCAGC	2
AGACCAGG	2
AGACCGGA	2
AGACCGTA	2
ACTTCAAT	2
ACTGCCCA	2
ACTGCCGC	2
ACTGCTAA	2
ACTGCTAC	2
ACTGCTCC	2
ACTGCTGC	2
ACTGCTTC	2
ACTGCTTG	2
ACTGGAAA	2
ACTTATTC	2
ACTTATTT	2
ACTCACCC	2
ACTTCCCA	2
ACTTCTCC	2
ACTTGACC	2
ACTTGAGA	2
ACTTGATT	2
ACTTGCAA	2
ACTTTACN	2
ACTTTCCA	2
ACTTTCGG	2
AGAAAAGG	2
AGAAAAGT	2
ACCGCACC	2
ACCCTAAG	2
ACCCTAAT	2
ACCCTATC	2
ACCCTCCT	2
ACCCTCGA	2
ACCCTGGT	2
ACCCTGTC	2
ACCCTTAG	2
ACCCTTCC	2
ACCCTTTA	2
ACCGAAAA	2
ACCGCAAG	2
ACCCGTCC	2
ACCGCACG	2
ACCGCAGC	2
ACCGCAGG	2
ACCGCATC	2
ACCGCATG	2
ACCGCCCG	2
ACCGCCCT	2
ACCGCCGC	2
ACCGCCTC	2
ACCGCCTG	2
ACCGCGAA	2
ACCCCGGA	2
ACCCAGGT	2
ACCCATCG	2
ACCCATCT	2
ACCCATTC	2
ACCCATTT	2
ACCCCACT	2
ACCCCAGA	2
ACCCCATA	2
ACCCCATC	2
ACCCCATT	2
ACCCCGAA	2
ACCGCGAG	2
ACCCCTAA	2
ACCCCTCA	2
ACCCCTCC	2
ACCCCTCG	2
ACCCCTGA	2
ACCCGACC	2
ACCCGCAC	2
ACCCGCTC	2
ACCCGGCT	2
ACCCGGGT	2
ACCCGTAC	2
ACGTAATT	2
ACGCCCCG	2
ACGCCGAA	2
ACGCCGAT	2
ACGCCGTT	2
ACGCGCAA	2
ACGCTAAT	2
ACGCTACA	2
ACGCTATC	2
ACGGCACC	2
ACGGCACT	2
ACGGTAAT	2
ACGCCCAT	2
ACGTCTTC	2
ACGTGTCA	2
ACGTTATA	2
ACTCAAAC	2
ACTCAACA	2
ACTCAACC	2
ACTCAAGA	2
ACTCAATT	2
ACTCACAA	2
ACTCACAC	2
ACTCACCA	2
ACCGTCTT	2
ACCGCGAT	2
ACCGCGCC	2
ACCGCGGT	2
ACCGCGTG	2
ACCGCTAA	2
ACCGCTAG	2
ACCGCTCC	2
ACCGCTGG	2
ACCGCTGT	2
ACCGCTTA	2
ACCGCTTC	2
ATATGGGA	2
ACGAGAAC	2
ACGAGATG	2
ACGATGCA	2
ACGCAATA	2
ACGCAATG	2
ACGCACAC	2
ACGCACGG	2
ACGCAGAG	2
ACGCAGCG	2
ACGCATTC	2
ACGCCATA	2
CCACTCAG	2
CCACCTCA	2
CCACCTTG	2
CCACGACG	2
CCACGAGC	2
CCACGCGC	2
CCACGGCA	2
CCACGGCT	2
CCACGGTG	2
CCACGTCA	2
CCACGTCC	2
CCACGTGC	2
CCACTACA	2
CCACTACC	2
CCACCGTT	2
CCACTCCA	2
CCACTGGC	2
CCACTTAG	2
CCACTTCT	2
CCACTTGT	2
CCACTTTA	2
CCAGAATG	2
CCAGATCG	2
CCAGATGC	2
CCAGCAAG	2
CCAGCAAT	2
CCAGCACA	2
CCACACCT	2
CAACAGAC	2
CAACACCT	2
CAACACCA	2
CAAATTGC	2
CAAATAGG	2
CAAACTTG	2
CAAACATA	2
CAAACACA	2
CAAAAGCC	2
CCACAACC	2
CCACACAA	2
CCACACAT	2
CCAGGAAA	2
CCACACGA	2
CCACAGAT	2
CCACAGCA	2
CCACAGGN	2
CCACATAC	2
CCACATAT	2
CCACATCA	2
CCACATGG	2
CCACCAAA	2
CCACCATG	2
CCACCCCT	2
CCACCGTC	2
CCATTTTT	2
CCATGGTC	2
CCATGGTG	2
CCATGTAA	2
CCATTAGG	2
CCATTATA	2
CCATTATT	2
CCATTCTA	2
CCATTGGA	2
CCATTGGC	2
CCATTGTA	2
CCATTGTC	2
CCATTTGT	2
CCATTTTC	2
CCATGCCT	2
CAAAAGAC	2
CAAAACGC	2
CAAAAACA	2
CAAAAAAC	2
CAAAAAAA	2
ATTTTTGT	2
ATTTTTAC	2
ATTTTCTA	2
ATTTTCAT	2
ATTTGGCA	2
ATTTGGAC	2
ATTTGCAT	2
CCATACTT	2
CCAGGCAN	2
CCAGGCCC	2
CCAGGCCT	2
CCAGGCGA	2
CCAGGCTA	2
CCAGGGCA	2
CCAGGGTA	2
CCAGGGTG	2
CCAGTAAC	2
CCAGTGCA	2
CCAGTGGT	2
CCAGTTTT	2
CAACATGA	2
CCATAGAT	2
CCATAGGC	2
CCATATCT	2
CCATATTC	2
CCATCAAG	2
CCATCACC	2
CCATCTCC	2
CCATCTCT	2
CCATGACC	2
CCATGAGG	2
CCATGATA	2
CCATGCCA	2
CATCACCA	2
CATCCGGC	2
CATCCATG	2
CATCCAGG	2
CATCATTT	2
CATCATTC	2
CATCATGT	2
CATCATCC	2
CATCAGTA	2
CATCAGGN	2
CATCAGGG	2
CATCAGAA	2
CATCACTC	2
CATCACGA	2
CATCCGGT	2
CATCACAA	2
CATCAATG	2
CATCAATC	2
CATCAAGG	2
CATCAAAC	2
CAGTTTAT	2
CAGGGTGT	2
CAGGGCCA	2
CAGGCACT	2
CAGGCAAA	2
CAGGAAAA	2
CAGCTAGT	2
CATGTAGA	2
CATTTTCA	2
CATTTTAT	2
CATTTGGT	2
CATTTAAT	2
CATTGTGT	2
CATTGGCA	2
CATTCTCT	2
CATTCTCA	2
CATTAGGC	2
CATGTGTG	2
CATGTGGG	2
CATGTCTT	2
CAGCGGCA	2
CATGTAAA	2
CATGGTTC	2
CATGGCAA	2
CATGCTTC	2
CATGCTCA	2
CATGAGGC	2
CATCTTTA	2
CATCTGTG	2
CATCTGAA	2
CATCTAGA	2
CATCTAAT	2
CATCCTGC	2
CACAAAAT	2
CACAGTCA	2
CACAGGTT	2
CACAGGAA	2
CACACGTT	2
CACACGCA	2
CACACACG	2
CACACACC	2
CACACAAT	2
CACACAAA	2
CACAATCA	2
CACAAGGC	2
CACAACTA	2
CACATCCA	2
CAATTAGA	2
CAATCTCC	2
CAAGTAGG	2
CAAGCAAG	2
CAAGAAGC	2
CAAGAAAT	2
CAACTGGC	2
CAACGCGT	2
CAACGATT	2
CAACCTCA	2
CAACCAAC	2
CAACATGT	2
CACGCGCC	2
CAGCCCAT	2
CAGCCAAA	2
CAGCAATT	2
CAGCAATG	2
CAGATTAT	2
CAGATAAT	2
CAGACTCA	2
CAGAATTC	2
CAGAAGGC	2
CAGAACTA	2
CAGAACCA	2
CAGAAAAA	2
ATTCCCCA	2
CACGCCAA	2
CACGCACA	2
CACCTTGA	2
CACCTCAA	2
CACCGTGT	2
CACCCCTG	2
CACCAGCA	2
CACCACCA	2
CACCAAGG	2
CACCAAGA	2
CACATGTT	2
CACATGCA	2
ATTGCTAT	2
ATTCGCAN	2
ATTCGCAG	2
ATTTCTTT	2
ATTTCTCT	2
ATTGCACA	2
ATTGCACT	2
ATTGCCAA	2
ATTGCCTA	2
ATTTCGTT	2
ATTGCCTC	2
ATTCGCAT	2
ATTGCTTC	2
ATTGGAAA	2
ATTGGGAG	2
ATTGGGGG	2
ATTGTTGG	2
ATTCCTGC	2
ATTCGATG	2
ATTCCTTG	2
ATTTCAAT	2
ATTTCAAA	2
ATTCCTCA	2
ATTCCCTT	2
ATTCCGCT	2
ATTCCGGC	2
ATTGATGA	2
ATTCTCTT	2
ATTCTCCA	2
ATTCGTTA	2
ATTCGTAT	2
ATTCCTAA	2
ATTCGGCC	2
ATTCGCCC	2
ATTCGCTG	2
ATTCGCGT	2
ATTGCAAG	2
ATTCCTCC	2
ATTCCTCT	2
ATTCCCAT	2
ATTCCCTC	2
ATTCGCGG	2
ATTCCCCC	2
ATTTGCAA	2
