process_radtags v2.5, executed 2022-06-06 21:03:13 (zlib-1.2.11)
/opt/Software/stacks-2.5/process_radtags -P -p ./raw/rowC/ -o ./fastqs/ -b ./barcodes/stacks-rowC-barcodes.csv -c -q -r --inline_null --renz_1 ecoRI --renz_2 mseI
File	Retained Reads	Low Quality	Barcode Not Found	RAD cutsite Not Found	Total
Pteridium_Plate1_RowC_S211_L002_R1_001.fastq.gz	27616500	2186544	594624	31732152	62129820

Total Sequences	62129820
Barcode Not Found	594624
Low Quality	2186544
RAD Cutsite Not Found	31732152
Retained Reads	27616500

Barcode	Filename	Total	NoRadTag	LowQuality	Retained
AACT	paedo361-10	606478	505486	7752	93240
CCTA	arach1611-3	5721570	3125251	196094	2400225
TTACC	gry509-2	8815934	4511358	326469	3978107
GAGGT	gry404-5	6678760	3533164	238755	2906841
AGACGT	arach2838	50	41	1	8
CCGATC	camp1	174	174	0	0
ATCTCGC	arach2128	12814440	6435064	409528	5969848
TATGGCC	paedo2570	11666216	5904837	435629	5325750
GGAATTGC	harp868	202	107	4	91
CCTCAGGC	083WAWA	15231372	7716670	572312	6942390

Sequences not recorded
Barcode	Total
TATGCCAA	71712
TATAGATC	65572
TTATAGAT	58540
ATGGCCAA	52016
TACCAATT	47488
ATCCGCAA	41390
ATAGATCG	26916
TCTCGCAA	25582
CTCAGGCA	21372
TTGGCCAA	20056
ACTCGCAA	19264
TAGGCCAA	16324
AGGTAATT	13032
ATTCGCAA	11140
GGGTAATT	5598
TTCCAATT	5136
CTAAATTC	4322
GAGTAATT	4220
TGGCCAAT	2330
ATGCCAAT	1988
CCCTCAGG	1836
TTTACCAA	1730
TTATGGCC	1634
AGATCGGA	1474
ATCGCAAT	1462
CTCGCAAT	1448
ACCAATTC	1344
CCAGGCAA	1174
CGCAATTC	1102
TNTGCCAA	1022
TCCTCAGG	1016
TNTAGATC	932
CCCGCATT	926
GGCCAATT	874
TNATAGAT	872
ATAACGCA	854
CNCAGGCA	792
TNCCAATT	782
ANGGCCAA	758
CTGGCCAA	728
AGGCCAAT	656
TCCGCAAT	624
TATCTCGC	580
ANCCGCAA	578
ATCACTAA	564
ACCGCAAT	542
TNGGCCAA	514
TNTAGCCA	512
CAGGCAAT	504
TATTGGCC	500
AATCAGGC	494
TATTGAAT	490
TATGGTTA	486
AATCTCGC	486
GCTGGCCA	464
CCCTAAAT	456
CAACAGGC	440
CNTCGGGC	436
ANTCGCAA	418
TGAGGTAA	414
ATCCTCGC	404
ANAGATCG	398
ATTCTCGC	396
TNTCGCAA	388
TCCTAAAT	388
TAATGGCC	388
ACACAGGC	372
CNTCAGGT	356
TATGGTAT	336
ATGGCCTA	336
TAGCCAAT	334
TAGATCGG	320
CTATAGAT	312
GGTAATTC	308
CTCATGTT	302
ACAAAATT	300
CNTCAGAC	288
CAAAAATT	280
CATCAAAA	264
TAACAAAT	264
ACTCCTAA	264
TNTGACCA	262
TCAGGCAA	262
TACCTAGA	260
AAAAAGCA	254
ATATAGAT	252
GGAGGTAA	248
ATCCCAAT	242
AATAAATT	238
TATGGATC	234
GAAGGTAA	234
AGGTATAG	232
AATATAGA	230
CTCAGGCT	224
TCGCAATT	220
AAACCAAT	214
AAAAACAA	212
ANGTAATT	210
CATCCGGT	204
ATGGCAAT	200
GGATGGTT	198
TATATAGA	194
TGCCAATT	194
TTTATAGA	194
GAGTATAG	192
AAACAAAA	184
GNGTAATT	180
CCCGGCAA	172
ACACACTA	170
AATCACCA	166
ATGGCCAT	164
AAACAAAT	162
TTCGCAAT	156
ANCCCGCA	156
CNTCAGCA	154
TCCAATTC	152
AAAGGCCA	152
TNTGGCTA	152
CTCAGCAA	148
TCCGATCT	144
CTAGGCAA	142
CNCCAGGC	140
CNTCAAGC	136
TAAGGACA	132
AAACTAAT	132
ATATAGCA	130
TNTCAGGC	130
TAAACAAT	126
ACGCAATT	126
CNTTAGGC	126
CCCTATAG	122
TNTGGTCA	120
ANTCAGGC	120
TATCGACA	118
TCTCCAAT	118
TATAGATA	118
GNGATATA	116
TATTCCCA	114
CNTCGGCA	112
GTATAGAT	112
ATCACTCA	110
CATCAGGA	110
TAAGTCCA	106
AAACTCAA	104
TCTGCAAT	102
TAACAAAA	102
TATGTCAA	98
TCCCCAAT	98
ACTCCAAT	98
TNGCCAAT	98
TATGACAA	96
CCGCAATT	96
TAAAGATC	94
TNTGGCAA	94
CCGGCAAT	94
ANGGTAAT	94
CNAAATTC	92
AAAAAAAT	92
ATGGCCAN	90
ATCAAGCA	90
TATGCAAT	90
TAATAGAT	90
ATACAAAT	88
TATTATAG	88
ACTCTCTC	88
TAAGGCAA	86
AGGCAATT	84
GNGATAAT	84
GNCTCGCA	82
ATTCCAAT	82
ANTTCGCA	82
ATTCCGAT	82
ACTCAGGA	82
TTTCTTCA	82
CTCGGCAA	82
ATGCAATT	80
ACTCAGTC	80
ATCCGCTA	80
ATACGCAA	80
TATCCAAT	80
ATCACACA	78
ATTGCAAT	78
GAGTAAAT	78
AAACAGGC	76
TATGGGGG	74
TTGGCCTA	74
TATTGACA	74
TAATGCCA	72
TTAAAAAT	72
TATGTAAA	72
TTAAAAAA	72
TCATCTGC	70
TATAGATN	70
GGGTATAG	68
AAAAAAAA	68
TATGCCAN	68
TAAGCCAA	66
CCACAGGA	66
AAAAAATT	64
CATCAGTC	64
ATCCGCAN	64
TTATAGAN	64
TATGCAAA	64
AGCAATTC	62
ATAACAAA	62
TAACAATT	62
TATAGAAC	62
ATATCGAA	60
CTAGATCG	60
TTATGGAT	60
AATGGCAA	60
AAAACGCA	60
TNACAATT	60
TAATCCCA	60
CGGCAATT	58
TACCAATA	58
TATATATC	58
ACTGCAAT	58
TATGGATA	58
ACTCGGGC	58
GACCAAGA	56
AAACCAAA	56
TATTTCCA	56
TATGCCTA	56
TATGCCAT	56
TTAAAGAT	54
TAAGCCCA	54
ATAACAAT	54
ATTAGATC	54
AATAAAAA	52
TTATATAT	52
CTCATGCA	50
TAACGCCA	50
ATAAAGCA	50
CATCATGC	50
GCCAATTC	50
CNTCCGGC	50
TATGTAGA	50
TATACCAA	48
TATTGCAA	48
GNAGTAAT	48
TTGGCCAT	48
AATGCCAA	48
TATGGAAA	48
ACTCATGC	48
AATAGATC	46
TATAGACA	46
ACAAAGGC	46
CAAAAGCA	46
ATGGCCAG	46
ANCACGCA	46
TACCAAAT	46
ATATCTCA	46
CATCGGGC	44
ACTCACCA	44
ANATCGCA	44
TTGGGGGG	44
CNTTATAG	44
TATGGTAG	44
ATATCACA	44
TATGTACA	44
AATGTCCA	44
TACCAATN	44
ATGGCCGA	42
ATCACGAA	42
CACAGGCA	42
ATCCTAGA	42
CCACAGTC	42
AATGGACA	42
TTCATGCA	42
GNTCAGGC	42
TTATAGAA	42
CCACACGC	42
ANTAAATT	42
TNCGGCCA	40
TCTCGCTA	40
CTTCAACA	40
TATGCACA	40
TTAGATCG	40
ATGGGCAA	40
GATCTAAT	38
CCATATAG	38
TTATAAAT	38
TTTGCCAT	38
TATATCCA	38
TATGCCAG	38
ACTCGCTA	38
CATCAGAC	36
ATAAAGAA	36
TCAGGCCA	36
CNTCAGGG	36
TATTAGAT	36
TCTCGCAN	36
TACATGCT	36
ATCCGCAC	36
CNTCATGC	36
TACAAATT	36
GNTGGCCA	36
TATAGATT	36
CTCTCTCT	36
ACTCTCTT	36
ATAGATCA	36
CTCAGGCG	34
TATCTCCA	34
GTTGGTCC	34
TNTGGACA	34
CCGTATAG	34
TATAAATC	34
TTGGCAAT	34
TNACTATA	34
TNAGGCCA	34
GATGGACA	32
GAGTAGAT	32
GGCAATTC	32
GATAGATC	32
ATCACCCA	32
TNAACAAT	32
CNCTCAGG	32
TCTGGCAA	32
CNACAGGC	32
TTAAGAAT	32
CNTCAGGA	32
ACTTATAG	32
AAGGCCAA	32
TCCATTTT	32
ATAACACA	32
TACAATTC	30
TNACTAAT	30
ANCGCAAT	30
ATCCGCAG	30
TATCCAAA	30
ATGGCAAA	30
CNTCCAGG	30
ANGCCAAT	30
TACGCCAA	28
TNTTGCCA	28
CATCAGGT	28
GTGGCCAA	28
CCACAGAC	28
ATAAACAA	28
ATCAGCAA	28
TAAACAAA	28
AGCCAATT	28
TATCCCCA	28
CTCAGGTA	28
ATCGATCG	28
ACTGGCCA	28
TNACAAAT	28
TTCCTTCA	28
ATGACCAA	28
ATCCAATT	28
TATGCTAG	26
ATAGATCN	26
TTTGCCAA	26
ATAGCCAA	26
TCTCGCAC	26
TACCGATT	26
CNTCAGTC	26
AATAAGGC	26
ATATATCG	26
ACCCGCAA	26
CATCACGC	26
TACCAGTT	26
GGTGGCCA	26
ATGGACAA	26
CTCAGGCC	26
TTTTATAG	26
ATCCCCAA	26
TCTGTCCA	26
TATGGGGT	26
ATCCCCAT	26
ATCCCACA	24
ATAGAACG	24
AAACCCCA	24
TNATGGCC	24
TCTCACAA	24
GAGCAAAT	24
TCTTGCCA	24
CTCAGGAA	24
TATCGCAA	24
TATGAGCA	24
ACTCAGGT	24
CTCAGGCN	24
ATCCGCTC	24
TTGGGCAA	24
TTGTTTTG	24
TATAGATG	24
AAAACAAT	24
AAAGATCG	24
AGGTAATA	24
ATCCGGAA	24
AATCGCCA	22
GGGTAATA	22
ACACTCAA	22
GNACCAAT	22
ACAGATCG	22
TNATCAAT	22
TNTACCAA	22
ATCCGAAA	22
ATAGGTCG	22
TCTCGGGC	22
TAAAGCCA	22
ATGGCGAA	22
CCCCGGGC	22
TCTCAGGT	22
ATAAAGAC	22
TCGGCCAA	22
TATAGGTC	22
TATGCCAC	22
ATAGATAG	22
ANTCCTAA	22
AGGTTAGA	22
ATAGATTG	22
AATAATTC	22
TCCTCATT	22
TATTACCA	22
AGGTAATN	22
ANACCAAT	22
AAAAAACA	22
CTTGCTTA	22
ANATCGGA	22
ATCGGGCA	22
TATGACTA	22
GATGAAAT	22
ACTCAGAC	20
GNGGCAAT	20
ATTGCCAA	20
CAAAAGGC	20
TNTGGGCA	20
AAAAAGCC	20
CTGCCTAC	20
ATAGAGCG	20
ATAGATGG	20
TTATAGAG	20
ACCAGGCA	20
ATCACTAC	20
GCAATTCC	20
ATCAGGCA	20
CCCGGGCA	20
ACAAAATA	20
AATCGCAA	20
CNTCTGGC	20
TAAGACCA	20
TATAGAAA	20
CCACAGCC	20
CTTTATAG	20
CTAAGGCA	20
AATAGCCA	20
TATCACCA	20
CTCTTATA	18
CATCAGCC	18
TCTCGGAA	18
ACTCCCAA	18
CCACATGC	18
ATCACCAA	18
TGTCCATA	18
TATTTCAA	18
ATCAACAA	18
ATAAGTGT	18
ATAATCCA	18
TTCATGAT	18
TAAGTCAA	18
CCACGGGC	18
ACTCTCAA	18
TACCAATC	18
ACTCGTCC	18
TCTGGACA	18
ACTCACGC	18
ACTCAAGC	18
CTACAGGC	18
CCACACTA	18
CNTGGCCA	18
TATCCCAA	18
GATTATAG	18
CATCAATA	18
TCTGGGCA	18
TGTGCCAA	18
CNACCAAT	18
ACAATAGA	18
CNCAATTC	18
AATAAAAT	18
ATAAAGAG	18
TTTAAAAA	18
TAGCTAAT	16
TAGGCCAN	16
GCAATTCA	16
ATATGGCA	16
TCATAGAT	16
GATTTAAT	16
AAAGCCCA	16
GTCCGCAA	16
CACGTAAT	16
TNACTAGA	16
ACAAAGAC	16
ACTCAGCC	16
TACCAATG	16
ATAACGAA	16
TGAGGTAT	16
CGTCGGGC	16
CAAATAGA	16
CTTCAAGC	16
CNAAAATT	16
ATTCGCAN	16
GAGAATGA	16
CCCTTCCT	16
CNAGGCAA	16
ATTATAGA	16
CATCAGCA	16
TAGAGATC	16
ACGGCCAA	16
TNTGTCCA	16
TCTCGCAT	16
AGGTTATA	16
TATGCCGA	16
ATAACTCA	16
TATGCCTC	16
TCTCGAAA	16
ATAAGAGA	16
ATAAGCAA	16
AAACATAC	16
ATGGCCAC	16
GAGTAAAA	16
TATCAATT	16
ATGCCCAA	16
GAGTAATA	16
TATAGCTA	16
GCTCGCAA	16
CCATAGGC	16
TTATTATA	16
GTCTCACA	16
TTATACAT	16
AATCAGGA	16
AAAAAGAA	16
CCACACCC	16
CTCCAATT	16
TTTACCTA	16
GTGTTATA	16
ACTTAGGC	14
ATAATGCA	14
TNCTCAGG	14
ACTCGCAT	14
TAATTCCA	14
CTCTTTTC	14
AAAACCAA	14
ATGGCTAT	14
GAAGGCCA	14
ATGGTCAA	14
AATCACCC	14
TAGGAAAT	14
TATGCAGC	14
CTTCAGAC	14
TTGTCCAA	14
TCTCAGGA	14
GAGTAATN	14
TTGGCCAN	14
ATCCTCAA	14
GGTATAGA	14
TCGGGCCA	14
ATTCGCTA	14
ATAAAAGA	14
TTGGACAA	14
CTCAGACA	14
ATAAAACA	14
TAGGCAAT	14
CAACAGGA	14
ATAACCAT	14
CGCAGGCA	14
ATCACAAT	14
TTAATTCT	14
ATAACACT	14
TGTAGATC	14
TTATAGGT	14
AGGAAATT	14
TTATATAG	14
ATAAATCT	14
CTTCGGGC	14
ATAAATCG	14
TATGCGAA	14
TCCGTTTT	14
TACCAAGT	14
ATGTCCAA	14
ATGGTTAT	14
TAGGGCAA	14
CTCAAGCA	14
ACACAGGA	14
TATGAACA	14
ACAATTCA	14
AAAGTAAT	12
CAACAGTC	12
GNGGAAAT	12
CCATTTGT	12
CATCAGGG	12
ATAAAAAT	12
ATAATTGC	12
ATAGATCT	12
TAAGGCTA	12
ATCAACCA	12
GGGTTATA	12
CNCGCATT	12
CNCGCAAT	12
GCGGGCCA	12
TAAAAAAT	12
ATATGCAA	12
TTGGCGAA	12
GCTCCCAA	12
ATATCGTA	12
ANTATAGA	12
CAACATGC	12
ATATCCAA	12
GAACTAAT	12
GGCTCGCA	12
TATTCCAA	12
ATAAAGCT	12
CTTCATAT	12
GGGATATA	12
CTTCATGT	12
TAGCTTAT	12
TATGCTAA	12
ATAAGCAC	12
CNTTCAGG	12
CCGCCTCT	12
TTCTTGCA	12
ACTCTAGA	12
TAGGCCTA	12
TAAAGACA	12
ATAAAGGA	12
TCTCGCAG	12
TAGTTAAT	12
TCTCGCCA	12
TAAAGGAA	12
AGGTAAAT	12
ATAAATCC	12
TCTCAGGN	12
AATGCCCA	12
AAACTCCA	12
CATCAAGC	12
CTCATGCT	12
AGTCGCAA	12
CCACACTC	12
ATAATTGT	12
CAAAAATA	12
TACGTAAT	12
CATCACAC	12
ATAATGTG	12
ATAATGGA	12
CCCCAGAC	12
CCACAGGT	12
GAAAGGTG	12
ATGGATCG	12
ACTCGCAN	12
TNCGCAAT	12
ACAAAAAT	12
TCTGCCCA	12
GACCAATT	12
GGTCAACA	12
TTCCTTAT	12
TTAATCTT	12
TTAATGAA	12
GATAATTC	12
ATCCCCCC	12
ATCGCCAA	12
TTAATTCA	12
TATCGCTA	12
CCCGAAAA	12
GCAATTCT	12
TCACATGG	12
CATTAGGC	12
GATCAAAA	12
TTAATGGA	12
AAAAAGGC	12
CNTGAATT	10
AAAACGAA	10
GNGGAATT	10
ATGGCCCA	10
CCACAGCA	10
ACTCGGCA	10
TATGGAAT	10
ATAAACAC	10
ATAATGAA	10
AGTAATTC	10
ATCCGCGA	10
ACTCCGGC	10
TNTAAATT	10
CCCTGAGG	10
TTGGCAAA	10
TTAATAAT	10
CCACAAGC	10
ATAAAACT	10
ACCATGGC	10
ATAAAAGG	10
TATGGGTA	10
GAGAAATA	10
TCTCAGGG	10
CTCATGCG	10
TTCAATTC	10
ACTCACCC	10
ACTCACGA	10
ANCCTCGC	10
TCTCAGAC	10
TATGGGAA	10
ACTCAGTA	10
GAGAAAAT	10
AAAACAAA	10
CTTTTGCT	10
ATAAGAAC	10
ATAACTTC	10
TAACTCAA	10
TCATCTAC	10
TAACGAAT	10
ATAAAGAT	10
ATAACTAA	10
TATGCCGT	10
CNTCAAGG	10
TTGACCAA	10
TAACTACA	10
ATAACCTT	10
ATAACCTC	10
TTAGAGAT	10
TGTCCATG	10
CACCAATT	10
CCCCAGGT	10
TGGGCCAA	10
ATCCCTAC	10
TTCCATAT	10
ATTCAGGC	10
ATGGCCCC	10
CNTCACGC	10
TATAGGCA	10
TNCCCCAA	10
CTCGGGCA	10
CAGTTAAT	10
AAGGAAAT	10
ATAAACCA	10
ATAAGGTG	10
CCGCATAT	10
CNTGAGGC	10
ATCCGCAT	10
AATCAGTC	10
GACGAAAT	10
ATAAGGAC	10
ACACGCAA	10
ATAAGCTT	10
ACACAGTC	10
ATAAGCAT	10
ATAAGCAG	10
ANCAATTC	10
CTCTATTA	10
TATCCACA	10
ATATATCA	10
ATAAAAAC	10
TTGGCTAT	10
TAAGTACA	10
TACCACTT	10
AAAGTCAA	10
AAAGGCAA	10
ATAAAAAG	10
TCCCGCAA	10
TTATGCCA	10
GNAGGTAA	10
CTACAAAT	10
TCACACGG	10
GNGCTATA	10
CCCTGGCA	10
TNTGCCCA	10
GAGAGTAC	10
CCCTCCAT	10
GCAATTCG	10
CCATTAGG	10
ATATACCA	10
TTTCTATG	10
CTAGGCCC	10
ATAACTTA	8
CCATTGTG	8
ATAAGAAA	8
ATGTCACA	8
ACACACTC	8
TAACTCCA	8
ATCAAGAA	8
AGATATAG	8
TATGCGCA	8
ATCCCCCA	8
ATCAAGAT	8
TGTTTATG	8
CTGCAATT	8
CAACATAC	8
TAGGCAAA	8
ANGGTATA	8
TTTCAATG	8
AAGGAGTT	8
GCGCAGGC	8
TTTGGGTT	8
ANTCTCGC	8
ACTTGCAA	8
CCGCCCTC	8
GTCTCCAA	8
GNTAAATT	8
GAGAGAGA	8
ATGGGCCA	8
GATAGCCA	8
TATGCTAT	8
CNCTAAAT	8
TCTCCTTC	8
ACACATGC	8
ATAAGCCA	8
AATCACAA	8
TTAAAGCA	8
CAGGAAAT	8
ACACAGTA	8
AAAGTCCA	8
GGTGTAAT	8
ATAAGATT	8
ATAAGATG	8
CTCTTAAT	8
AGGTGGCC	8
ACAAAAAA	8
ATAACCAA	8
ATCCCTAA	8
CTCGGCAC	8
ATAACATG	8
AGGTCATT	8
TAATCCAA	8
ATAAAGTC	8
ATAACAAG	8
CATGCTAA	8
ATAAAGTT	8
TTGTAGAT	8
ATAAATTC	8
TAGTTATA	8
ACAAAGGA	8
ATAAATAA	8
CACAGCTT	8
CACAGCTC	8
TCTCGGCA	8
AGGTACTT	8
GACAAAAT	8
TCTCGGCC	8
CACACAAA	8
AGGTAGTT	8
ATAAATAC	8
TAACGCAA	8
ATAACGAG	8
ATCCCCTA	8
TAGGCCAT	8
TAATGCAT	8
TGTGGCTA	8
AAAGGACA	8
TAATGCAA	8
ATAACGTG	8
CTCTTTTG	8
TAGGCTAT	8
TTGGTCAA	8
ANTAATTC	8
TAGGGCTA	8
GTATCGCA	8
GTTATAGA	8
CAAAAAAT	8
CGCAGCTA	8
AAGGCTAT	8
TAATCTGT	8
TAGTGCCA	8
CCCGCAGT	8
CCATAAGT	8
AAGGGAGG	8
ATAACCCA	8
GATGCCAA	8
AAACACAA	8
TCTCAGCA	8
CCCCCCCA	8
AAACTATA	8
ATCCACAA	8
ATCCGGCA	8
TACAAAAA	8
AAAATAGA	8
ACTCCAAC	8
AAACTTAT	8
TAGAATTC	8
ACTCCAGA	8
GAACTTAT	8
ATTCCCAA	8
TATGTAAT	8
CCCCATGT	8
TAGAGCCA	8
TAACACAA	8
TGATAGAT	8
TTAAGTAT	8
ATATCCCA	8
TCTCTCTT	8
CTTCAGGA	8
TTTTTGCA	8
TTTAGATC	8
CCACGGCA	8
TATGGAAG	8
CCCTTCTT	8
TNTCTCGC	8
CTCATATA	8
TATGGGTT	8
GATCGCCA	8
TNTATAGA	8
CTCAGTCA	8
CTCTTGAC	8
TTGGCCAC	8
GATTGCCA	8
TTGGCCAG	8
CCACAATC	8
TAAAAGAT	8
TACGAATT	8
TAATTATA	8
TATGATAT	8
ATAAAAGT	8
GATGGTCA	8
ATCGCACA	8
CCATGTAA	8
TATGGGGC	8
ACTCACTA	8
CNCAAATT	8
GGGTGATT	8
ATAAAATC	8
TTAATCAA	8
ACTCAGCA	8
AAGCTTAT	8
GAGTCCCC	8
ATAAGGTC	8
CCACAGTA	8
ACTCGGAA	8
TACCAACT	8
TTTGACAA	8
TATCCTAA	8
CTTCAGTC	8
CCCCGTTT	8
TNCTAAAT	8
GAGAGATA	8
TAGCAGAT	8
CATCATAC	8
TCCTCATG	8
CCCCAGGA	8
AATGTAAT	8
TATGTTAT	8
GAAGGTTA	8
GATATAGA	8
ATAAGTGA	8
TTAAAATA	8
TTCCAAAG	8
ATAAGGGT	8
ATAATCGA	8
TCTTATAG	8
TCCCAATT	8
ATAATCAC	8
ATAATCAA	8
CCCCAGCC	8
AATCTAAT	8
TATAGTCA	8
ACTCGCAG	8
CCACATCA	8
TAGCAAAT	8
ATCCGCCA	8
ACTCGCAC	8
AAGCTAAT	8
TAATTCAA	8
GACCTAAT	6
ATAAACCT	6
TTCGCCAA	6
TTTTGATG	6
TTCTAGAT	6
ATTCGCAT	6
CTCATTAA	6
CCAGGCAN	6
TAAATATC	6
ATAAACCC	6
ATAAAGGG	6
GAGAATTC	6
GGATGGCT	6
ATAAAGCC	6
TAACAAAG	6
CTCCCTCT	6
CTCCCAAT	6
CAAAAAAA	6
ATAAAGGC	6
CCCCATGG	6
ATTCGCAG	6
ATAAAATG	6
TCTCTCTC	6
ATAAACTT	6
ATTCGCCA	6
ANTGGCCA	6
TTCTGGCC	6
CCCCATGA	6
CCCCCACA	6
ATCACAAA	6
TCAGGCTA	6
CTCAGCAG	6
CTCAGCCA	6
TCAGCCTC	6
GTAACAAA	6
GNTGTAAT	6
TTGTCCTT	6
TCACGCAA	6
TTTGCCCT	6
TATTTTAG	6
GAGTGGTT	6
CCCCAAAA	6
TATTGTCA	6
ATCATACA	6
GCCCCCAA	6
ATCAATCA	6
TTGGGCTA	6
TATTCTGT	6
GCGAAAAA	6
AAAAAATA	6
ATCAAATT	6
GCGATAGA	6
TCCTAGAT	6
TATTACAC	6
ATCAAACA	6
TAAAAAAA	6
TCCTCCAC	6
GTCTGGCA	6
TTTCAGGC	6
GATGCCAC	6
TCATGGCC	6
TCATTTGC	6
ATCCCCCT	6
GATGAGCA	6
ATCCCCAG	6
TTTAGTGC	6
CTATTTTG	6
ATCCCATA	6
ATCCGCCC	6
ATCCCACT	6
ATCCGCCT	6
TATGTCTA	6
ATCCCAAA	6
CTCACACA	6
GTAGATCG	6
GTACAAAT	6
ATCCGGCT	6
GTAATTCC	6
TTTACAAA	6
TTTAAATT	6
GATCTAAA	6
ATCATATG	6
ATCGCCAC	6
GTGGGAAT	6
ATAACTTG	6
ATAAGTGG	6
TCTCCGCA	6
GAGCCCTT	6
ATAAGGTT	6
TAAACTAG	6
ATAAGGGC	6
ATAAGGCT	6
ATAAGGCC	6
TCTCCTAG	6
ATAAGATC	6
ATAAGAGT	6
ATAAGAGC	6
ATAAGAAT	6
ATAAGTTG	6
TATGCCTT	6
TATGCCTG	6
ATAACTCT	6
TTGACAAT	6
ATAACTAG	6
ATAACGCG	6
CCCCAGGG	6
ATAACCTG	6
ATAACATA	6
ATAACAGG	6
ATAACACC	6
CTACTAAT	6
ATAAATTT	6
TTGCTTTG	6
GCTCAGGG	6
CCCCAAGC	6
TTGGCCTG	6
CTCAGGGA	6
GCTCAGGT	6
TTGGCCCT	6
ATATACAA	6
ATATAACA	6
ATAGTCCA	6
TATGGTTT	6
ATAGGAGA	6
TTTGGCTT	6
TCGCGCAA	6
ATAAATGG	6
TAAAAGAA	6
GAGTAGAA	6
TATGGGGA	6
ATAATTTC	6
ATAATTTA	6
ATAATGGG	6
ATAATGCT	6
ATCCCTCT	6
TCTCATGC	6
ATGGCAAG	6
ATGGCATA	6
AAACGCCA	6
TAGTTAAA	6
CTTCAGGG	6
ACGCAGGC	6
AGGGGGGC	6
ACTCCTTA	6
AGGGGGGA	6
CATGCCAA	6
CTTGGGCC	6
ACTCCTTC	6
TATAACAA	6
ACTCCTTG	6
CACCAGGT	6
ACTCGAAA	6
ACCGATCT	6
ACCGCATG	6
GGGGCAAT	6
CATGCAAG	6
AATAGGCG	6
CTCTCACA	6
CGTCAGCA	6
ACTCGCCA	6
TAACGGAT	6
CTCTCAAT	6
CTTCAGGN	6
TTAAGAAA	6
TATACCCA	6
CTCCGCAA	6
TACCAAAA	6
CAATTCCT	6
CTGGCAAT	6
ACTCCCAT	6
TACCAACA	6
ACTCCCCC	6
CATGTAAT	6
TNTTGAAT	6
TNGATCGG	6
TTATGTGG	6
GGGGGCCA	6
CACAAGGC	6
CGTCAGGA	6
TTAAGCTA	6
CCGGGGGG	6
TTCCATTC	6
CTCTCAGG	6
ACCCTATA	6
ACTCCTAT	6
ACTCCTCC	6
CTTTAGGC	6
CCCTCTGA	6
CTTCCACA	6
AATGGTGG	6
CATCGGCA	6
TAGCCCTC	6
TAGGACAA	6
AGATCGCA	6
CAGCTAAT	6
TTAAACAA	6
CAGGAAAA	6
TNACAGAT	6
CCCTTATA	6
TTAAACCA	6
CAGGCTAG	6
CNCTCGCA	6
CGGGGCTT	6
TTAAAGCT	6
AATGTCAA	6
GGGTAATN	6
GGGTAATC	6
TAAGGCTT	6
TNAGGTAA	6
TTAAACTG	6
CTTCATGC	6
ACTTCGCA	6
CATCCGGC	6
TACCCAAT	6
CNCATGTT	6
TTAAATTT	6
AATGGGCA	6
CATCTTTG	6
CCGCGGGC	6
CTTCAGGT	6
TAGGCCCA	6
GNCGTAAT	6
TGTGGTCA	6
AATGGTCG	6
AATATACA	6
CNTCAGCC	6
TAGCCAAA	6
TGTTATAG	6
CGGCAAGA	6
CCGCAGAC	6
CGGCATAT	6
GGGTAGTT	6
TTAAAACC	6
CATCATCA	6
TTAAAAGA	6
AGATGGAA	6
TACCCATT	6
TTAATCGA	6
TTCAATGC	6
CCCTAATT	6
ACTCAATC	6
CTCTCCAA	6
ANCCCAAT	6
TTAATGCT	6
TTAATGCA	6
ACATCGCA	6
TNTGGATC	6
AATGACCA	6
TTAATCTG	6
TATCGGCA	6
ANATAGAT	6
CAACACGC	6
TAAGCTTG	6
TTAATCAC	6
ACCACATC	6
ACCACGCA	6
CTCTTCCT	6
TNGGTAAT	6
ACTCAGGN	6
CCACACGA	6
CCACAAGA	6
CNTCCGGT	6
CCCGCTAA	6
CTCCTAAT	6
TTAGGACT	6
TAATCCAT	6
CTGGGATG	6
TAATCTTA	6
TNTCGCCA	6
TATCTCAA	6
AAAACCCA	6
CATCAGAA	6
TTAATTGA	6
TTCCTTCT	6
ACACACGA	6
ACACACGC	6
CATCACAA	6
CAAAATTC	6
CCCTTTCC	6
CAAACACA	6
TNTGCCGA	6
CCCTTTGA	6
AGTATAGA	6
ACCCAATT	6
CCCCTTGG	6
CCACGTAA	6
CAAGGCTA	6
CNTCAGAT	6
AATAAATA	6
CCCTCCTT	6
TATATAAC	6
CGTCAGGT	6
TACCTAAA	6
CTCTTGCT	6
TGGCAATT	6
CCACGCTC	6
TATAGCTT	6
TTAAGTAG	6
CTCGCAAC	6
TGGCCATT	6
TTATGTTT	6
CGTCAGGG	6
TATAGCAA	6
CAATTCAA	6
TACGGTCA	6
TTTCGCAA	6
TAACATCT	6
CTCTTCTA	6
TTAATAAG	6
TNTGGGCC	6
CTCTTGCG	6
TATCAATA	6
TAACATAG	6
CCATTAGC	4
TATGTTCT	4
TATGTCGA	4
TATGGTGT	4
CCCCAATC	4
TAAAAACC	4
TATGTCTT	4
TATGTGCT	4
TATGGTGC	4
GGGTTAAG	4
CCATTTTG	4
AAACAGGT	4
GCGATATA	4
TAAGGAAA	4
GCTCATCC	4
TATGGTTG	4
GNATGGTT	4
CCACAACA	4
GNCAATTC	4
TACCGCGG	4
TACCTATT	4
CCATTATA	4
CCCTTGAA	4
TAAGGCTC	4
CCACAAAA	4
TATGTTCA	4
TATGTCTG	4
AAACACTA	4
TAAGGATG	4
CATCACCC	4
GGGTTAAT	4
GCTCCGGC	4
TATGTCAT	4
ATCGCAAN	4
CCCTCAGA	4
TCATCAGG	4
GTGCATAT	4
CATTGTAC	4
ATCCGTAA	4
CATTGGTT	4
TACAAAAT	4
GTAATTCG	4
ATCCTGCA	4
CCCTCCAC	4
TCAGTGTA	4
GGTCAGGC	4
CATTATAG	4
CCCTCCTA	4
CCCTCCTG	4
TACAGCCA	4
GTGGGATA	4
GGTAATTA	4
TCAGGCCT	4
CATGTTAT	4
TCAGGCAT	4
ATCGCTCT	4
TACATGTT	4
CCCGTTTG	4
TAATCAAC	4
TAATATAC	4
ATCCCTGG	4
ATCCCTTA	4
CCCGGATT	4
ATCCCTTT	4
CTCAAGCT	4
ATCCGAAT	4
TAATAACG	4
TAATGCTT	4
CCCGCACT	4
GATTTGTC	4
CCCTAAAG	4
GGTTTATG	4
AAACAACA	4
CCCTAGAA	4
TAATGTTT	4
CCCTAGGC	4
TAATTAGA	4
TAATTCTT	4
TCATCCGC	4
TAATTGAG	4
CCCTATGC	4
CATCTAAT	4
CATGAAAT	4
GGGTTGAT	4
AAAGAATG	4
TATTGCTT	4
TATTGCTA	4
TATTGCAT	4
CATCTCCT	4
CCCTTAAT	4
TATTGATC	4
CCCTTACA	4
GCCTCGCA	4
CCACAGGG	4
TATTCCCT	4
GCCTTTCT	4
GNTAATTC	4
TATTATGG	4
TAAGGTCA	4
TAAGGGAA	4
GGGTTCAC	4
TATTAGCT	4
TACCCCAT	4
TACCCTAC	4
TACCCTAT	4
TCACAGGC	4
GTAACAAT	4
GATTTTTC	4
TCACTCCA	4
GTAAAAAA	4
TCACTCAA	4
TACCAACC	4
CATGGTAG	4
CCCTCTCA	4
TTTGTGCA	4
AAACAGGA	4
CCCTCTCT	4
TATTACAA	4
CATGCCTT	4
GCAGTGCC	4
TCAATTCA	4
GTTCCGCT	4
TCAAGGCC	4
TCAAAATT	4
GCCAAGGG	4
GNTCAGGT	4
CATGATGC	4
TATTTGGG	4
CATGACTC	4
GGGAAATT	4
GGGATTTT	4
GNGCCTTT	4
TAAAGTGT	4
GNGCTAAT	4
CCCCCTTT	4
GGACCAAT	4
CCACGCGA	4
TATAGCTC	4
CCGTATGC	4
CAATAGCT	4
TATATAAA	4
TATGCATA	4
CAATTCTC	4
AAAAGATC	4
ATTCCCTC	4
CAAGGCCA	4
TATATCTT	4
TATCAACA	4
GGCTATAG	4
TATCAATG	4
CCCCCTTC	4
GNGGCATA	4
TATCCAAC	4
TAAATGAT	4
CAACATTC	4
TAACGGAA	4
CCACCGGC	4
ATTACCAA	4
ATTACGCA	4
CACCAGGC	4
CCATAAGA	4
CCCCAGGN	4
TATAACCA	4
CACCAAAA	4
TATAACCG	4
CCCCAGTT	4
GGGCTTAT	4
CCAGGGAA	4
CCCCATTT	4
CCCCGCAA	4
TATACACA	4
CACACACA	4
TATACATC	4
GNGGGAAT	4
TATACCTC	4
ATTAGCAA	4
CCCCGATG	4
TAACGACA	4
CCACCTAG	4
TATAGACC	4
TATAGAGC	4
TATGAATC	4
ATTCGTAT	4
TAACACAT	4
AAACCTAG	4
TATCGATC	4
CCAGAAAG	4
GGCCAATA	4
AAACACAT	4
GGAGGTTT	4
ATTGGCAA	4
ATTGGCCA	4
TATCTACA	4
GGAGTAAT	4
TTTGGTTT	4
CCCCCCCT	4
CAAAATCA	4
ATTTATAG	4
TATGAAGA	4
TATGAAAC	4
TATGAAAA	4
TATCTTTG	4
TATCTTTC	4
CCCCCCTC	4
CAAAAGCC	4
GGATTATA	4
TAACAAGA	4
CAACAAAA	4
TAAATGGA	4
CCAGCCAC	4
CAACATCC	4
ATTCGAAA	4
AAACCCAA	4
CCCCCTCT	4
CAACAGCC	4
CCCCCAAA	4
CCAGATCG	4
ATTCGCAC	4
GNGGAATA	4
TAAATTCA	4
CACCTAAT	4
CCACTCGG	4
CCCCCGGC	4
CAAATTCT	4
CAAATTCA	4
GGAGGTAN	4
GGAGGTAT	4
ATTCGCGA	4
TATCCTTC	4
CCCCCAGG	4
TAAATTGG	4
TTTTCTAG	4
CAAAGTCG	4
TAGATCTT	4
TAGAACGT	4
AAACTAAA	4
CCATCTGG	4
TTTGTGTT	4
GGGTATGG	4
TATGGAGT	4
ATGCGAAT	4
ATGCGCAA	4
CCACAGGN	4
TATGGAGC	4
TAAACACA	4
CCGCAAGG	4
TATGGATG	4
CCCCAGCA	4
CCATCATC	4
TAGATTAT	4
AAACGGAA	4
TAGCAAGT	4
CCATCACC	4
TAAACCAA	4
TAGCATAT	4
TATGCTTG	4
TTTTGTGC	4
CCACATAT	4
AAACCTGT	4
CCACACAT	4
TATGGTAC	4
TAAAACCA	4
TATGGTAA	4
TACCTTTC	4
CATCAAAT	4
CCCTTTAT	4
ATGACGCA	4
AAACATAA	4
CCACAATA	4
TAAGCATG	4
ATGCACAT	4
CCACACAC	4
CAGTAAAA	4
TAAAAGCA	4
CCATGGCA	4
TACGGCAA	4
GGGTGACA	4
CCCCACCT	4
CCACACCT	4
CCCCACGC	4
GNGGGTAA	4
TACGGGCA	4
CCACAGAA	4
TATGGATT	4
GGGTCTTA	4
GGGGGGGG	4
TAGGACCC	4
TAGGACCT	4
CCACCATG	4
CAGCAAGT	4
CAGCAAAT	4
CAGCAAAA	4
TAGGCCAC	4
TAGGCCAG	4
CCATAGGA	4
ATGTCGGC	4
TAGGCCCC	4
TAGGCGAA	4
TAGGACCA	4
CCGCGTGC	4
TATGCCGG	4
CCATAGAT	4
GGGGGAAT	4
GGGGGAAA	4
TAACTAAT	4
CACGTAAA	4
TAGTCTTT	4
CACCTTTT	4
TAAAGAGC	4
CACCTGGT	4
ATGTTGCA	4
CCACATGT	4
GGGTAGCA	4
ATGGCCTC	4
CCGCATAG	4
TAGCGCCT	4
ATGGCCTT	4
CCACATCC	4
ATGGCGAT	4
CAGGCGAT	4
TAAGAGCC	4
TAAAGAAC	4
TAGCTATA	4
TATGCTCA	4
TAAAAATC	4
ATGGGGGG	4
TAAGAACA	4
TAAGAAAA	4
CCCCGGCA	4
CCGCCTCA	4
CCCCGCTT	4
CAGCGCTT	4
CCCCGCTC	4
CCATAGTG	4
ATGTAATT	4
CAGCATGC	4
TATGCGTT	4
ANAAGCTT	4
AATGGAAA	4
CNTCATTG	4
AATGGAAT	4
TGATTATA	4
AATGGACC	4
TGCAATTC	4
TTATTAAT	4
AATGGCAC	4
TTTGACAT	4
TTATGGGA	4
AATGGTCA	4
TGCCAATG	4
AATGTACA	4
CNTCAGTA	4
TTATGCTT	4
AATGTTAT	4
GAAGAAAT	4
AATGCAAA	4
TTCACTAA	4
TTCACAAT	4
CTCTAGAT	4
AATGAGAA	4
TTTGACCA	4
TTCAAGGA	4
ANCCAAGA	4
TGAGTTAT	4
AATGTTGA	4
TTCAAATT	4
ANCACTAA	4
CTCTATCA	4
CTCTATGA	4
AATGCTAA	4
GAAGGTGA	4
AATGCTAT	4
TTATTGCC	4
TGGTCCCT	4
TTAGAGTC	4
AGGTCGAC	4
TTAGACCC	4
TTAATTTT	4
TGGGACCA	4
TGGGCCTA	4
TTAATTTG	4
CTTTCATG	4
TGGCCTTT	4
AGGTAATG	4
AGGTAATC	4
CTCTGAAT	4
AGGTAACT	4
CTCTGCCC	4
CGAAATTC	4
CTTGTTAA	4
AGGGTAAT	4
TGGCCAAA	4
TTATAGGG	4
TTATAGCT	4
AGTTAATT	4
TTATACCC	4
AAAAATTG	4
CTCTCGTA	4
GAAATCTA	4
AGTCAGGC	4
TTTGAGGT	4
ACAAACTA	4
AGGTTAAC	4
AGGTGGCA	4
AGGTGGAA	4
CTCTCTAT	4
TGGCCGGT	4
CTTTGGCT	4
ANGTGTTA	4
GAGAGGCA	4
CTCGGCAT	4
TCTCTTGC	4
GAGAGAAT	4
CTCGGCCA	4
CTCGGCCC	4
ANTAAGGC	4
TCTGAGGC	4
TTCCAGTT	4
ANGTATAG	4
TCTGCCAA	4
TCTGCCTC	4
TCTGCTAA	4
TTCCAATN	4
TCTGTCAA	4
TTCCAATG	4
CTCGGCTA	4
ATAAACTG	4
ATAACCCT	4
ATAACCAC	4
ATAACATC	4
TCTCGCGA	4
ATAAATTG	4
ATAAATTA	4
TCTCGTAA	4
GAGCAAGC	4
AATCACAC	4
ATAAACTC	4
TCTCTACC	4
TCTCTAGA	4
GAGCAAAA	4
ATAAAATT	4
CTCGCTCC	4
TTCCATCC	4
ATAAAACG	4
GAATTATA	4
CTCTAAGT	4
AATCGACA	4
GACATAAA	4
AATCTAGC	4
AATCTCAA	4
TTCATGAC	4
AATCTCCA	4
GAATTCTT	4
TCTTTGGC	4
TTCATCTT	4
GAATGGTT	4
TTCATCCC	4
TGAGGCCA	4
AATCTTTG	4
TTCATAAT	4
TTCACTTT	4
CTCTACTA	4
TCTTGCTT	4
AATCACTA	4
AATCAGAC	4
TTTCACCC	4
TCTTGCAA	4
TCTTGCCT	4
TTCCAACA	4
AATCATCA	4
TTCCAAAT	4
TTAATTGC	4
TCTTGGCA	4
TCTTGGCC	4
GACCAAAT	4
AATCCACA	4
AATCCCCA	4
AATCCTAT	4
TCTTTGCC	4
CTTCACCA	4
ACCCCTAA	4
TTAAGGAT	4
ACTCCAAA	4
CTTCAGCA	4
TNGGGCCA	4
ACTCAGGG	4
CTTCACGC	4
CTGAGGCA	4
TTAAGGGA	4
ACTCACTC	4
ACTCAACT	4
ACCCTAAC	4
CTTCAACC	4
TNTAGCCT	4
CGTGGTCC	4
CTGCAGGC	4
TTAAGAGG	4
ACCCATCA	4
ACTCGTCT	4
TTAAGTGA	4
ACTCGCGC	4
ACTCGCGA	4
ACCCAGGC	4
ACTCCTTT	4
TTTCTTCC	4
TNCTCGCA	4
CTGCATCG	4
ACTCCCCT	4
TNGCAATT	4
ACTCCATC	4
ACTCCAGG	4
ACCCCAAA	4
CTCTTTCT	4
TTTCTGTG	4
ACCCCCTC	4
TTAAACCT	4
CNCAGGCT	4
TTAAATTC	4
TTAAATGG	4
CNGCCCTC	4
TTAAAACT	4
TTAAAAGG	4
TTAAAATT	4
CNGCAATT	4
CTGCTGTG	4
TTAAACTC	4
TTAAAGAA	4
CTGCCTCT	4
CNGAAATT	4
TTAAAGGA	4
TTAAAGGC	4
TTAAATAA	4
CTGCCACA	4
ACCGCCAA	4
TTAAGACC	4
TNTGACCT	4
TNTGCAAT	4
TTTCTAAT	4
ACCGCACT	4
CNACCAGT	4
ACCGCATT	4
CNACGCTC	4
TNCCCTAT	4
TNTGGCAT	4
ACCGCCAG	4
TNTGGTCT	4
ACCGCCCC	4
CNGGCCAA	4
ACCGCTAG	4
CNGGCAAT	4
ACAGGCTT	4
CTTGCTAA	4
CGCATCAT	4
TTAATGGT	4
TTAATGGG	4
ACACTCTA	4
TGTGGCAT	4
ACACTCTT	4
TTAATGGC	4
AGGACTAT	4
CGCTGTGT	4
TTAATGCC	4
CGGAAAAA	4
TTAATGAT	4
TTAATGAG	4
ATCCCTCC	4
TNAAAGTG	4
ACCAAAAT	4
CGAGCGCA	4
AGGGGGGG	4
CGACATTG	4
TGTCCAAT	4
AGGGAGCT	4
AGGGACAT	4
AGGCTATA	4
CGACCAGA	4
CTTGGCGC	4
TTAATGAC	4
ACACAGCC	4
TTTCATCA	4
AGGCCAAN	4
TTAATGTG	4
CGCAATTT	4
CGCACTTC	4
TGTGACCA	4
TTTCTTGT	4
CTTCATCC	4
ACTGAGGC	4
TTAATACC	4
ACTCTTTG	4
ACCCAACT	4
ACCCAAGC	4
ACCCAATA	4
CTTCAGTG	4
ACCAGCTT	4
ACTCTGAG	4
TTAAGTTT	4
ACCCACGT	4
ACTCTCTG	4
TNCCCAAT	4
TNCCCTAG	4
ACTCTCAC	4
ACTCTACA	4
TTAATCCA	4
AGATTTGT	4
CTTCCCCA	4
AGATGGGA	4
CGGCCAAT	4
AGATCGAA	4
AGATAGGA	4
TNACGAAT	4
TTAATCCT	4
GACCTTTT	4
TTAATATA	4
TNAGGCAA	4
CTTCATTC	4
CTTCATTA	4
ACCAGCCC	4
TNATCTAG	4
ACTTAGAT	4
AAGCAAAT	4
CTACTTAT	4
CTACTTGA	4
AAGGCACA	4
AAGGATCC	4
CTACTTTG	4
CTCCAAGC	4
CTCCAAAT	4
GAGTGCAT	4
TTGATGTG	4
ATCAATAA	4
AAAGGAAA	4
CTCATTAC	4
AAAAACAC	4
ATCAATTC	4
CTACTCTT	4
TTGCGAAT	4
CTCATGTG	4
ATCAATTT	4
ATCACAAG	4
AAGATATA	4
CTAGCCAA	4
TTGCTATA	4
GAGTGGTC	4
AAGAGGTT	4
TCCCTCTC	4
TTGCTTGC	4
TTGCTTGT	4
TTTCAAAA	4
CTCAGGTT	4
ATATTGCA	4
TCCTTATA	4
TTCTCCAA	4
ATATAGAA	4
AAAGGCCT	4
TCCTTAGG	4
ATATATAT	4
ATATCAAA	4
GAGTCAAT	4
GAGTCATA	4
TTCTGTCG	4
CTCCCAGG	4
TCCTCGGG	4
TTCTTAGC	4
GAGTCCCT	4
TTGGCCCA	4
ATATTTGC	4
CTCCCACT	4
CTCCATAT	4
AAGGGTTA	4
AAGGGTAT	4
CTCCAGGC	4
AAGGGGAA	4
GAGTCTAT	4
ATCAACAT	4
TTGAAAAG	4
AAGGGCCA	4
AAGGGAAT	4
ATCAAGAC	4
AAAGCATG	4
ATCATGCA	4
ATCATGCT	4
ATCATGGA	4
ATCATGGT	4
ATCATGTA	4
TCCATATC	4
ATCATTCG	4
ATCATTGC	4
TCCAGGCA	4
ATCCACTA	4
CTCAATGC	4
CTCAAAAT	4
ATCCCAAC	4
ATCCCAAG	4
CTCACGCA	4
GATGAATA	4
ATCCCAGA	4
TCCACTAA	4
ATCCCATC	4
TCCACAGG	4
CTCAAGGC	4
ATCCCCAC	4
ATCCCCCG	4
ATCCCCTT	4
GATGCAAC	4
GATGCATC	4
TCATGGAT	4
GATGCCCA	4
CTCAGGAT	4
TTGGCCTT	4
TTGGCGCA	4
TTGGCGTG	4
GAGTGTTG	4
TTGGCTAA	4
TTGGGCAT	4
TTGGGCCA	4
CTAGTTGT	4
TTGGTGCC	4
TTGGTGGA	4
TCCCCGGC	4
TTGGTTAT	4
ATCACGGG	4
ATCACGTA	4
TTTGCACC	4
TCCCCCTC	4
TTGTCCTC	4
GATATTAT	4
ATCAGGAG	4
ATCAGGGC	4
TTGTGTGA	4
TTGTGTGC	4
TCCCACTC	4
CTATGGAG	4
GATCATCC	4
TTGTTCTC	4
CTCAGAAT	4
GATCCTAC	4
ATAAGGTA	4
GAGTAGGC	4
ATACGAAT	4
CTCCCCCA	4
CTACATTG	4
TTCCGGTT	4
ATAAGGAT	4
ATAATGTA	4
TCGCCTGC	4
ATAATGAT	4
ATAATGTT	4
ATAAGCCG	4
ATAGACAC	4
ATAAGCCC	4
GAGTAGTT	4
CTCGCATT	4
ATAATTGA	4
ATAATCGG	4
TCGCAGGC	4
ATAATCTT	4
ATACAATG	4
ATAAGGAA	4
ATAATCCT	4
ATAATCCC	4
CTACACAT	4
ATAATCAG	4
ATACAAAA	4
ATAAGCTA	4
TTCGCCCA	4
ATAAGACA	4
ATAAGCTC	4
TCTCAACC	4
GAGTACTT	4
TTCTAAAC	4
TTCCTATG	4
CTCCTCAG	4
TTCCTAAA	4
ATAATTCG	4
ATAGGTCT	4
ATAAGTTC	4
ATAACTCC	4
ATAACTAT	4
TCTCCTAC	4
ATAAGTGC	4
TTTTTTCA	4
CTCCCCCC	4
ATAACGCT	4
TTCTCAGG	4
TCTCCGAT	4
GAGTCAAA	4
GAGTAAGA	4
CTAATCTA	4
CTAAATTA	4
CTCGCCTC	4
TCCTTCCT	4
ATAACCGC	4
ATAATTGG	4
ATAGATCC	4
ATAATTTG	4
TCTCCATT	4
TTCTAGTT	4
CTACACAA	4
TCTCCCAA	4
TTCCTAGA	4
ATAATAAC	4
ATAAGAAG	4
CTAATTTC	4
ATAACTTT	4
ATAACTGT	4
ATAATAAA	4
GAGTAAGT	4
ATAACTGG	4
ATAACTGC	4
TTCCTTTG	4
CTCTTGGC	2
TTTTTTTC	2
GTAAGATG	2
CTCTTTGC	2
CTCGGCCT	2
GGTAAGCG	2
CTGCAATC	2
CTCAGCTA	2
GNCTATAG	2
GNTATAGA	2
GGGTAACC	2
GNGCTTAT	2
CTCGGCTT	2
CTCGGCTC	2
CTCAGCTT	2
CTCAGCTC	2
GNTCTAAA	2
GNTCTTCA	2
GTAAGAAT	2
CTCAGCGT	2
CTCAGCGC	2
CTCCTTTA	2
CTCCTTTC	2
CTCAGCCT	2
GTAAAACT	2
GTAAAGAA	2
CTCGACAC	2
CTCGGCGC	2
TTTTTTAC	2
GGGTTGCC	2
GTAGGGTA	2
CTCACAAT	2
CTGCATCT	2
GTAGGTCA	2
GTAGTTAT	2
GTATAGAA	2
TTTGTTTA	2
GGGTTGCT	2
CTGCATTC	2
CTCAAGTT	2
GTATAGGG	2
CTCGCCCG	2
TTTTTTGA	2
CTCGCTAG	2
GTATATAT	2
GGGTTCTT	2
CTGCATTG	2
GTATCAAT	2
CTCGCCGT	2
GTATCTCA	2
CTGCCAAT	2
TATGATCA	2
GTATGGCC	2
GTCCAATT	2
GTACGAAT	2
GTAATGGA	2
CTCGAGGC	2
CTCTTTTA	2
CTCAGAAA	2
CTCGAGGT	2
GTAATTCT	2
GTACAAAA	2
CTGAGCAA	2
GTACAAGG	2
GGGTTTGT	2
CTGATAGA	2
CTCACCTC	2
CTCTTTGT	2
CTCTAAAG	2
CTGCAATG	2
GNGAGAGC	2
CTCGGCCG	2
CTGCACAT	2
GTACTCGT	2
CTCACCTA	2
GTAGCAAT	2
GGGTTGTT	2
CTGCAGGG	2
GGGTTGGA	2
CTCTCTTA	2
GGTTACGT	2
CTCTATGT	2
GGTTACAC	2
GGTTAATT	2
GNGGCTAT	2
CTCCCGCA	2
GGTTAATG	2
GGTTAAGA	2
CTCCCTAC	2
CTCTCTCA	2
CTCCATCT	2
GNGGCAAG	2
GNGGGCCA	2
GGTTAGAT	2
GGTTAAAC	2
CTCCACTA	2
TTTTACCA	2
GGTGTTCT	2
CTCTCTTC	2
GGTGTTAT	2
CTCCCTCC	2
CTCCCTGT	2
TTTTTGCT	2
CTCCAATA	2
CTCCGGCC	2
GNGGATAG	2
CTCCCATG	2
GNAGTTAA	2
CTCTCAAA	2
CTCCCCAT	2
GNAGTATA	2
CTCCCCAA	2
GNAGGTGT	2
CTCTCACT	2
CTCCCCTC	2
CTCCCGAT	2
GNACGTGT	2
CTCCCATT	2
GNACCTGT	2
CTCCAAGT	2
CTCTCATT	2
CTCTCCCA	2
CTCTCCCT	2
CTCTCCTC	2
GNGGCTAG	2
GGTTCGCA	2
CTCCCAGT	2
GGTTCAAA	2
TTTTAAAA	2
CTCTCTAA	2
CTCTCTAC	2
GGTTATAG	2
CTCATGAC	2
TTTTACTA	2
GGTCTCTC	2
GNGTCTGA	2
GNGTGAAG	2
GGTCTCAG	2
GGTCATCA	2
CTCATGGC	2
CTCCTATT	2
GGTCACAT	2
CTCTTCAA	2
GNGTGTGA	2
CTCATGAT	2
TTTGTTGT	2
CTCTTCAT	2
CTCCTCGC	2
GGTATGCC	2
CTCAGTTA	2
CTCAGTGC	2
GNGTTAAT	2
CTCCTCTG	2
GNGTTTAT	2
CTCCTGAC	2
GNCTAATT	2
CTCTTCGT	2
CTCTTCTT	2
CTCTACAA	2
CTCTGGCA	2
GGTGGTTT	2
CTCCAAGG	2
GGTGGCCG	2
GNGGGGAC	2
CTCTGGTT	2
CTCTGTTA	2
CTCATTTT	2
CTCATTGG	2
GGTGGAAG	2
TTTTACCT	2
CTCATTCC	2
CTCCTGAG	2
GGTGGAAA	2
GGTGCTTA	2
GGTGCATC	2
CTCTTATC	2
GNCCAATT	2
GGTGAGGA	2
GGTGAATG	2
GNCCTATT	2
CTCATGTA	2
GGTCTTGC	2
GGTCTTAC	2
CTCATGGG	2
GAGTAGTA	2
GAGTCATG	2
GCTCAGTC	2
GAGTCAAG	2
GCTCCATC	2
GAGTCAAC	2
GAGTATTT	2
GAGTATGA	2
GCTCGAGA	2
GAGTATCG	2
TTTTGTTT	2
GAGTATAA	2
GAGTCATT	2
GAGTAGGT	2
GCTCTAGC	2
GAGTAGCT	2
GAGTACTC	2
GAGTACCG	2
GAGTAATG	2
GCTGAATC	2
GCTGAGCT	2
GCTGAGGA	2
GAGTAAGC	2
GCTGCATG	2
GAGTCGAG	2
GAGTGATA	2
GCCTTGCC	2
GAGTGAGA	2
GAGTGAAT	2
GAGTCTTT	2
GCGAAATT	2
GAGTCTTC	2
GAGTCTGT	2
GAGTCGGG	2
GAGTCGGC	2
GAGTCGGA	2
GAGCGGGA	2
GAGTCCTT	2
GCGCCCGC	2
GCGCCTTA	2
GCGGCCAA	2
GAGTCCGA	2
GCGTAGCA	2
GCGTCCTC	2
GCGTTGGT	2
GCGTTTAT	2
GCTCAAGC	2
GCTCAGGA	2
GAGAATAT	2
TTTTGATT	2
GGACTATA	2
GAGAGTCT	2
GGAGAGTT	2
GAGAGGGG	2
GGAGCTCG	2
GAGACATC	2
GGAGGAAT	2
GAGACAAA	2
GGAGGATT	2
GAGAATCT	2
GAGCAATA	2
GAGAAGGT	2
GAGAAATT	2
GAGAAACT	2
GAGAAAAG	2
GACGCCTA	2
GACGAATA	2
GGAGGTGG	2
GACGAAGA	2
GACGAAAA	2
GACCTGAT	2
GACCACTT	2
GCTGTCTG	2
GAGCGATA	2
GAGCCTTG	2
GAGCCTTC	2
GCTGCCGA	2
GAGCCTGC	2
GAGCCTAT	2
GCTGGCCC	2
GAGCCATA	2
GAGCCAAT	2
GAGCATGA	2
GCTGTCCA	2
GCCTTATA	2
GCTTGTAG	2
GGAAAGCT	2
GGAACAAA	2
GAGCATAG	2
GGAACAGG	2
GAGCAGCA	2
GAGCAGAG	2
GAGCAGAC	2
TTTTGTAT	2
GAGCACAT	2
GAGCAATT	2
GATTTATG	2
GATCGTTC	2
GATCCCGC	2
GATTGCTT	2
GATTTAAA	2
GATCCAAG	2
GATCAGTT	2
GATCACCA	2
GATCAATA	2
GATTTATA	2
GATCAACT	2
GATTTATC	2
GATTGATA	2
GATTTCTA	2
GATCAAAT	2
GATATGTT	2
GCAAACCA	2
GCAAACCG	2
GCAACACT	2
GATATATA	2
GATAGTCT	2
GATAGGAT	2
GATAGCTA	2
GATAATGG	2
GATCTTCA	2
GATGCGAA	2
GATGGAAT	2
GATGCAAT	2
GATGAGTA	2
GATGGCAA	2
GATGACCT	2
GATGACCA	2
GATGGCGA	2
GATGGCTA	2
GATCTTGA	2
GATGGGCA	2
GCACAGGC	2
GATCTGCA	2
GATCTCCC	2
GATTAAGC	2
GATTACAT	2
GATCTATA	2
GATTATTG	2
GATTATTT	2
GATTCAAG	2
GATTCGAA	2
GATTCTGA	2
GATTGAGG	2
GCCGCCTC	2
GAGTGGGG	2
GCCAGTCC	2
GCCATGGG	2
GCCCAAAA	2
GCCCAAAT	2
GCCCAATT	2
GCCCACGC	2
GCCCTCAA	2
GAGTGGAT	2
GCCCTCAC	2
GCCGCATG	2
GCCAGGCA	2
GAGTGGAA	2
GAGTGCTG	2
GAGTGCGA	2
GCCTCATT	2
GCCTCCTC	2
GCCTCTAC	2
GAGTGATT	2
GCCTCTCT	2
GCCTCTTG	2
GCCTGATG	2
GCCTGTTT	2
GCATGGAT	2
GCACAGGT	2
GATAAACT	2
GCACCTGT	2
GCACGTGT	2
GCAGGGCC	2
GATAAAAT	2
GCATAGAC	2
GCATATGA	2
GCATCTAG	2
GCATGGAG	2
GAGTGTTC	2
GGATAATT	2
GCATGGTT	2
GCATGTCA	2
GCCAAAGG	2
GAGTGTGG	2
GAGTGTGA	2
GCCAATCG	2
GAGTGTCT	2
GCCACATG	2
GAGTGTAA	2
GCCACCAT	2
GCCAGCCC	2
CTTCCAAC	2
GGGTAAAT	2
CTTCGGCA	2
CTTCGCAA	2
GGGTAACT	2
CTTCGACA	2
CTTCCTTT	2
CTTCCTTG	2
GGGTAAGT	2
CTTCCCAC	2
CTTCCAGG	2
CTTCCACT	2
CTTCGTGC	2
CTTCATTT	2
CTTCATCT	2
GGGTAATG	2
CTTCATCA	2
TTTTCCTC	2
GGGTACAG	2
CTTCATAG	2
GGGTACCA	2
GGGTAGAA	2
GGGTAGGC	2
GGGTAGGG	2
CTTGATTG	2
CTTGGCCC	2
GGGGAGGA	2
CTTGCTCA	2
GGGGCATA	2
TTTTCTAA	2
TTTTTCTT	2
GGGGCCAT	2
GGGGCCGA	2
GGGGCGGC	2
GGGGCTAC	2
GGGGCTGC	2
GGGTATAT	2
CTTGAGTT	2
CTTGAGCT	2
CTTGAATT	2
CTTGAACG	2
GGGGGGGT	2
GGGGGTAT	2
CTTCTTGG	2
CTTCTTGC	2
CTTCTGGC	2
CTTCTCAC	2
CTTCTATG	2
CTGGCATA	2
CTGTAGTA	2
GGGTGGTA	2
CTGGTGTT	2
GGGTGGTG	2
GGGTGTCA	2
GGGTGTGC	2
CTGGGAGT	2
CTGGCCTA	2
CTGGCCGA	2
CTGGCCAT	2
GGGTGTTG	2
CTGTGGCT	2
CTGGCAGC	2
CTGGCACT	2
CTGGCAAC	2
CTGGACGT	2
CTGCTGTC	2
GGGTTACA	2
CTGCTCCA	2
CTGCTAGA	2
GGGTTACC	2
CTGCGGGA	2
CTGCGATA	2
GGGTCTCT	2
GGGTATGA	2
TTTTCCAA	2
GGGTCAAG	2
TTTTCATT	2
GGGTCAGG	2
CTTCAGCC	2
GGGTCATT	2
GGGTCCCA	2
GGGTCCTC	2
GGGTCGGG	2
GGGTCTCC	2
GGGGAATT	2
GGGTCTGG	2
GGGTCTTC	2
GGGTCTTT	2
GGGTGATA	2
GGGTGATC	2
GGGTGCAG	2
GGGTGGCA	2
CTTCAATG	2
CTTCAATC	2
CTTCAAAC	2
GGGTGGGC	2
GAAGGTCA	2
GAATCAAG	2
GAATATAG	2
GAATAACA	2
GAAGGTTC	2
GGCCACTT	2
GGCCAGTT	2
GAAGGTGT	2
GGCCATAG	2
GGCCCTGA	2
GGCCGAAG	2
GAAGGTCG	2
GAATCTTA	2
GAAGGTAT	2
GAAGGTAG	2
GGCCTAGA	2
TTTTTCCA	2
GGCCTAGG	2
GAAGGGTT	2
GAAGGGTG	2
GAAGGGGG	2
GGCGAATC	2
GAAGGCAG	2
GGCGAGAG	2
GACAACTT	2
GGATATAG	2
GGATCGGA	2
GGATGAGC	2
GACATTGT	2
GACATTAT	2
GACATATA	2
GGATGGGT	2
TTTTGACC	2
GACATAAT	2
GACAGGCT	2
GGCAAGGG	2
GGCGGAGA	2
GGCAATCC	2
GAATTTAT	2
GAATTGTG	2
GAATTAAT	2
GAATTAAA	2
GAATGGCC	2
GGCAGGCA	2
GAATGGAA	2
GGCCAATN	2
GAATGCCC	2
GAATGAGT	2
CTTTGCTA	2
GAAAAGGG	2
GAAAAGCA	2
GAAAAAAT	2
GAAAAAAA	2
CTTTTAGC	2
CTTTGTCT	2
GGGATCTT	2
GGGCAAAA	2
GGGCAGAC	2
CTTTGGCA	2
CTTTGCTT	2
GAAAATCC	2
CTTTGAGG	2
CTTTGAAT	2
CTTTCTAT	2
CTTTCGTG	2
CTTTCCTA	2
GGGCCTTT	2
GGGCTGCT	2
GGGCTGTT	2
CTTGTCGG	2
CTTGGGTG	2
GGGCTTGG	2
GAACATTT	2
GGCTACTG	2
GGCTAGAT	2
GAAGCCTT	2
GAAGCACC	2
GAAGAAAA	2
GAACTAAA	2
GAACGGTG	2
GGCTATTG	2
GAACGGCG	2
GAACGAAA	2
GGCTCGCT	2
GGGTTCAA	2
GAACATCA	2
GAACAAAG	2
GAAATTCA	2
GAAATTAT	2
GGGAGGAC	2
GAAATTAG	2
GGGAGGTA	2
GAAAGGTT	2
GAAAGCTT	2
GAAACTTC	2
GAAACAGC	2
TGTCACTG	2
TGTCTCTC	2
TGTCTACT	2
TTTGAAAA	2
TGTCGCCA	2
TGTCGCAA	2
TGTCCTGG	2
TGTCCCTA	2
TGTCCCCT	2
TGTCTTGT	2
TGTATGCC	2
TGTAGTCC	2
TGTAGCTT	2
TGTAGCCA	2
TGTAAGCC	2
TGGTTATA	2
TTTGAAAT	2
TGGTAATT	2
TGTGAAGG	2
TGTGCATA	2
TGTGCCTC	2
TGTGCTAA	2
TGTGCTTC	2
TGTGGAAA	2
TGTGGACA	2
TGTGGCAA	2
TGTGGCAG	2
TGTGGCGC	2
TGTGGCGG	2
TGTGGCTT	2
TGTGGGGG	2
TGTGGTTT	2
TGTGTCTC	2
TGCTGGCC	2
TGGCATCG	2
TGGCACTA	2
TGGATTGA	2
TGGATTAC	2
TGGATTAA	2
TGGACCCC	2
TGGACAAT	2
TGGAAGGT	2
TGGCATTG	2
TGCTGCAC	2
TGCTAGAA	2
TGCGTTCT	2
TGCGGTGG	2
TGCGGCTC	2
TGCGACAG	2
TGCCTTCT	2
TGTGTGCA	2
TTTGAATG	2
TGGCCACT	2
TGGCCCCT	2
TGGCCCTC	2
TGGCCGAA	2
TGGCCGAT	2
TGGCCTCC	2
TGGCTACA	2
TGGCTACC	2
TGGCTATA	2
TGGCTTTT	2
TTTGAAGA	2
TGGGGCCC	2
TGGGGCGG	2
TGGGTAAT	2
TNGGCCAT	2
TNTAGATT	2
TTTCTGTC	2
TNTAATTA	2
TNGTGGCC	2
TNGTCCAT	2
TNGGTTAT	2
TNGGTCAA	2
TNGGCTAA	2
TTTCTGAG	2
TTTCTTAT	2
TNGGCAAT	2
TNGCACAC	2
TNCTATAG	2
TNCTAGAT	2
TNCGTTCA	2
TTTCTTGG	2
TNCCTAGA	2
TNTAGGTC	2
TNTATAAA	2
TNTATATC	2
TNTATATG	2
TNTCAAGC	2
TTTCTCCT	2
TNTCCAAT	2
TNTCCTCT	2
TTTCTATT	2
TNTGACAA	2
TNTGGAAA	2
TNTGGACC	2
TNTGGATA	2
TTTCTAAC	2
TNTGGCGA	2
TNACTTAG	2
TGTGTGTA	2
TGTGTTAT	2
TGTGTTCC	2
TGTGTTTC	2
TGTTGCCA	2
TNAACACC	2
TNAAGGAC	2
TNAAGGTC	2
TNAATGCC	2
TNAATTAA	2
TNAATTCC	2
TNAATTGA	2
TTTCTTTT	2
TNACAAGA	2
TNACGGCC	2
TGCCTGTA	2
TNACTTCT	2
TNAGCAAT	2
TNAGCTTG	2
TNAGGCCT	2
TNAGTAAA	2
TNAGTTCC	2
TTTCTTTA	2
TNATCATA	2
TNATCTGC	2
TNATGCCA	2
TNATTGAG	2
TNCACCTC	2
TNCAGATC	2
TNCATGCT	2
TNCCGCAA	2
TCTCCCCA	2
TCTCCTGC	2
TCTCCTCT	2
TCTCCTAT	2
TCTCCTAA	2
TCTCCGTT	2
TCTCCGGC	2
TCTCCGCT	2
TCTCCCTA	2
TCTCCTGT	2
TCTCCCAT	2
TCTCCATC	2
TCTCCACA	2
TCTCCAAG	2
TCTCATTG	2
TCTCATCC	2
TCTCATAC	2
TCTCATAA	2
TCTCCTTT	2
TCTCGAAT	2
TTTGCATG	2
TCTCGTAT	2
TCTCTAGT	2
TCTCTCAA	2
TCTCTCCT	2
TCTCTCTG	2
TCTCTGGC	2
TCTCTTAT	2
TCTCTTCT	2
TCTCTTGT	2
TTTGCAAT	2
TTTGCAAA	2
TCTCTTTA	2
TCGCCAAT	2
TCCTCAGT	2
TCCTCATC	2
TCCTCGCA	2
TCCTCTCA	2
TCCTGATC	2
TCCTGCTA	2
TCCTGCTG	2
TTTGCCCA	2
TCCTTATT	2
TCCTTGAC	2
TCCTTTAT	2
TCCTTTTT	2
TCGAATTC	2
TTTGCCAC	2
TCGCAGTT	2
TCTCTTTC	2
TCGCCAGC	2
TCGCTAGA	2
TCGGCTTT	2
TCGGGGGG	2
TCGGTTAT	2
TCGTCTAC	2
TCTCAAAA	2
TCTCAAGC	2
TCTCAATA	2
TCTCAATG	2
TCTCACAG	2
TCTCACCA	2
TCTCACCC	2
TCTCAGTC	2
TCTCAGTT	2
TGAGGTAN	2
TGATCTTA	2
TGATCTCC	2
TGATCAAT	2
TGAGGTTG	2
TGAGGTTA	2
TTTGAGGC	2
TGAGGTGT	2
TGAGGTCC	2
TGATGGAG	2
TGAGGGAA	2
TGAGGCCT	2
TGAGCTTA	2
TGAGCTAA	2
TGAGAGTA	2
TGACGCAG	2
TGACATGA	2
TGACAGAT	2
TGATGGTA	2
TGATGTAA	2
TGATTAAG	2
TGCAAACC	2
TGCACCTA	2
TGCAGTCG	2
TGCATAAA	2
TGCATTAT	2
TGCCAATA	2
TGCCAGTA	2
TGCCATAG	2
TGCCATAT	2
TGCCCAAA	2
TGCCCAAT	2
TGCCGCTG	2
TCTTCCAA	2
TCTGACAT	2
TCTGGAAA	2
TTTGATGT	2
TCTGGCGA	2
TCTGGTCA	2
TCTGTAGA	2
TCTGTCCT	2
TCTGTCGG	2
TCTTACGT	2
TCTTAGCC	2
TCTTCAAC	2
TCTTCAAT	2
TCTTCAGG	2
TCTTCATA	2
TCTTCATG	2
TTTCGGGG	2
TCTTCCCA	2
TCTTCTCT	2
TCTTCTTC	2
TCTTGCCC	2
TCTTTATC	2
TCTTTCCA	2
TCTTTCTA	2
TCTTTGCA	2
TCTTTGGT	2
TCTTTGTA	2
TCTTTTCA	2
TCTTTTGG	2
TGAAGTAG	2
TGACAAAG	2
TGACAAAT	2
TTCTACAT	2
TTCTCCCA	2
TTCTCCAG	2
TTCTCATT	2
TTCTCAAG	2
TTCTATTA	2
TTCTATAG	2
TTCTAGCC	2
TTCTAGAC	2
TTCTCTTC	2
TTCGGCTA	2
TTCGCTAG	2
TTCGCTAC	2
TTTCAAAG	2
TTCGATTC	2
TTCGAGCA	2
TTCGACAT	2
TTCGAAGC	2
TTCTCTTT	2
TTCTGATG	2
TTCTTAAA	2
TTCTTATG	2
TTCTTCTT	2
TTCTTGCT	2
TTCTTGTT	2
TTCTTTTA	2
TTCTTTTT	2
TTGAAAAA	2
TTGAAACC	2
TTGAACAA	2
TTGAAGTG	2
TTGAATGA	2
TTGACAAG	2
TTCCATGT	2
TTCCTAAG	2
TTCCGTCG	2
TTCCGCCA	2
TTCCGCAA	2
TTCCGAGC	2
TTCCGAGA	2
TTCCGAAT	2
TTCCATTG	2
TTCCTACA	2
TTCCATGG	2
TTCCATCA	2
TTCCATAA	2
TTCCAGGC	2
TTCCACTT	2
TTCCACTG	2
TTCCACTC	2
TTGACATA	2
TTTCAACT	2
TTCCTATC	2
TTCCTATT	2
TTCCTCAA	2
TTCCTCCA	2
TTCCTCCC	2
TTCCTCCT	2
TTCCTCGG	2
TTCCTCTA	2
TTCCTGAG	2
TTCCTGCC	2
TTCCTGGC	2
TTCCTGTT	2
TTCCTTAG	2
TTCCTTCG	2
TTGTCCAT	2
TTGTGTTG	2
TTGTGTGT	2
TTGTGTGG	2
TTGTGTCT	2
TTGTGGAA	2
TTGTGAAA	2
TTGTCTCT	2
TTGTCCTA	2
TTGTTAAT	2
TTGTATTG	2
TTGTATCC	2
TTGTATAG	2
TTGTAAAG	2
TTGGTCCT	2
TTGGTCAC	2
TTGGTATA	2
TTGGTACA	2
TTTAAGGT	2
TTTATGTA	2
TTTACCAT	2
TTTACCTT	2
TTTACGCT	2
TTTACGGA	2
TTTACTAA	2
TTTAGAAC	2
TTTAGCCA	2
TTTAGCGC	2
TTTAGGCT	2
TTTATGGT	2
TTTATAGN	2
TTTATATA	2
TTTATATG	2
TTGCTATG	2
TTGACCAT	2
TTGACTGT	2
TTGAGAAA	2
TTGAGCAC	2
TTGAGTTC	2
TTGATAGT	2
TTGATTAA	2
TTGCACAC	2
TTGCATAC	2
TTGCATGA	2
TTGCATTG	2
TTGCGTGG	2
TTGCTAAT	2
TTGCTACC	2
TTGCTAGC	2
TTCCACTA	2
TTGCTCTT	2
TTGCTGGC	2
TTGCTGTT	2
TTGGACCA	2
TTGGACTA	2
TTGGACTC	2
TTGGCAAC	2
TTGGCACA	2
TTGGCACC	2
TTGGCACT	2
TTGGCATG	2
TTTATGTG	2
TTGGCCGA	2
TTGGCCGC	2
TTGGCTGT	2
TTAAGATA	2
TTAAGGAG	2
TTAAGCTT	2
TTAAGCTG	2
TTAAGCTC	2
TTAAGCGT	2
TTAAGCGC	2
TTAAGCAG	2
TTAAGCAA	2
TTAAGGCC	2
TTAAGAGT	2
TTAAGAGA	2
TTTCATTG	2
TTAAGAAG	2
TTAAGAAC	2
TTAAATTG	2
TTAAATGC	2
TTAAATCT	2
TTAAGGCT	2
TTAAGGTC	2
TTAAGTAA	2
TTAAGTAC	2
TTAAGTCA	2
TTAAGTGC	2
TTAATAAA	2
TTAATACT	2
TTAATAGA	2
TTAATAGG	2
TTAATAGT	2
TTAATATG	2
TTTCATGC	2
TTAATCTA	2
TTAATGTC	2
TTAAAAAG	2
TNTGGCTC	2
TNTGGCTG	2
TNTGGCTT	2
TNTGGTAT	2
TNTGGTTA	2
TNTGTCAA	2
TNTGTCCC	2
TNTTACAA	2
TNTTAGAT	2
TNTTCCCT	2
TNTTGGCA	2
TNTTGGCC	2
TNTTTGCA	2
TTTCGAAT	2
TTAAAAAC	2
TTAATGTT	2
TTAAAACA	2
TTAAAACG	2
TTAAAATC	2
TTAAACAG	2
TTAAACAT	2
TTAAACTA	2
TTAAAGAC	2
TTAAAGAG	2
TTAAAGGT	2
TTAAAGTG	2
TTAAATAC	2
TTAAATAG	2
TTAAATAT	2
TTAAATCA	2
TTAAATCC	2
TTATTCTC	2
TTCACAAA	2
TTCAATTT	2
TTCAATCC	2
TTCAAATA	2
TTCAAAGC	2
TTCAAAAA	2
TTATTTTG	2
TTATTGAT	2
TTCACTAG	2
TTATTACA	2
TTATGTTA	2
TTATGTAA	2
TTATGGGT	2
TTATGGGC	2
TTATGGCG	2
TTTCACTT	2
TTATGGCA	2
TTTCACCT	2
TTCATGCG	2
TTCATGTA	2
TTCATGTT	2
TTCATTCC	2
TTCATTGC	2
TTCATTGT	2
TTTCACCA	2
TTCCAACC	2
TTCCAACG	2
TTCCAATA	2
TTTCACAT	2
TTCCACAC	2
TTCCACCA	2
TTCCACCT	2
TTAGGTAG	2
TTAATTAG	2
TTTCATAA	2
TTAATTAN	2
TTAATTCG	2
TTAATTGG	2
TTAATTGT	2
TTAATTTA	2
TTTCAGTG	2
TTAGAAAT	2
TTAGATAT	2
TTAGATGT	2
TTAGGCAT	2
TTAGGCCA	2
TTAGGCTC	2
TTAGGTAC	2
TCCTCAGC	2
TTAGTACA	2
TTAGTAGA	2
TTAGTCTA	2
TTAGTCTC	2
TTAGTCTT	2
TTAGTGAA	2
TTAGTGAC	2
TTATAACC	2
TTATAGAC	2
TTTCAGCA	2
TTATAGTC	2
TTATATTA	2
TTATATTT	2
TTATGCAC	2
TTATGCTA	2
TACACTAT	2
TACCACCA	2
TACCACAC	2
TACCACAA	2
TACCAAGG	2
TACCAAGA	2
TACATACT	2
TACAGGCT	2
TACAGATC	2
TACCACCT	2
TACACCCT	2
TACACATT	2
TACACACA	2
TACACAAA	2
TACAAGGC	2
TAATTTTG	2
TAATTTTC	2
TAATTTGT	2
TACCACTC	2
TACCAGGG	2
TACCATAT	2
TACCATCT	2
TACCATTT	2
TACCCAAG	2
TACCCACA	2
TACCCATG	2
TACCCCAA	2
TACCCCCT	2
TACCCTCT	2
TACCCTTG	2
TACCGCCA	2
TACCGCTT	2
TACCGTTC	2
TAATGCCT	2
TAATGGTT	2
TAATGGTC	2
TAATGGGG	2
TAATGGCT	2
TTTGTGAT	2
TAATGGAC	2
TAATGGAA	2
TAATGCTA	2
TAATGTAC	2
TAATGAGT	2
TAATGAGA	2
TAATGACA	2
TAATGAAT	2
TAATGAAG	2
TAATGAAA	2
TAATCTTC	2
TACCGTTG	2
TAATGTAT	2
TAATGTCC	2
TAATGTCT	2
TAATGTGT	2
TAATTACA	2
TAATTAGC	2
TAATTAGG	2
TAATTCCT	2
TAATTCTG	2
TAATTGAC	2
TAATTGCT	2
TAATTGTT	2
TAATTTAA	2
TAATTTAT	2
TAATTTCA	2
TAGCCATT	2
TAGCCTTT	2
TAGCCTCT	2
TAGCCTAC	2
TAGCCGGT	2
TAGCCGGG	2
TAGCCGAT	2
TAGCCCGT	2
TAGCCCCA	2
TAGCGTGA	2
TAGCCATG	2
TTTGTCTT	2
TAGCAATT	2
TAGCAATG	2
TAGATTCA	2
TAGATCCT	2
TAGAGCTA	2
TAGACTTT	2
TAGCTAAA	2
TAGCTAGA	2
TTTGTCGT	2
TAGCTTCT	2
TAGGAATA	2
TAGGAGAG	2
TAGGATAG	2
TAGGATCT	2
TAGGATGA	2
TAGGCACA	2
TAGGCGAG	2
TAGGCGGT	2
TAGGCTAG	2
TAGGGACA	2
TAGGGCGA	2
TACGGCAT	2
TACCTAAG	2
TTTGTGAA	2
TACCTAGC	2
TACCTATC	2
TACCTCTT	2
TACCTGGT	2
TACCTGTT	2
TACCTTGC	2
TACCTTTT	2
TACGAAAA	2
TACGAAAT	2
TACGCAAT	2
TACGCGCT	2
TACGCTCT	2
TACGGCAC	2
TAATCATG	2
TACGGCGG	2
TACGGCGT	2
TACGGCTA	2
TACGGGGT	2
TACGTAAA	2
TACGTATA	2
TACGTCCA	2
TACGTTCA	2
TACGTTGG	2
TAGAACGC	2
TAGAAGGC	2
TAGAAGGG	2
TAGACACT	2
TAGACCAA	2
TAGACTTA	2
NCCAGGCA	2
TAAAATCT	2
TAAAATCC	2
TAAAATAT	2
TAAAAGTC	2
TAAAAGAC	2
TAAAAAGA	2
TAAAAACT	2
TAAAAACA	2
TAAAATGG	2
GTTTGTGT	2
GTTTAGTG	2
GTTGTCTG	2
GTTGGTTC	2
GTTGGCCT	2
GTTGATGC	2
GTTCCAAC	2
GTTATGTC	2
TAAAATGT	2
TAAACACC	2
TAAACATC	2
TAAACATG	2
TAAACCCA	2
TAAACGCA	2
TAAAGACC	2
TTTGTGGG	2
TAAAGCAA	2
TAAAGCTT	2
TAAAGTAG	2
TAAAGTCC	2
TAAAGTCG	2
TAAAGTTC	2
TAAAGTTT	2
GTGCCAAT	2
GTCCCGCA	2
GTCCTCCC	2
GTCCTTCA	2
GTCGCGCA	2
GTCGCTCA	2
GTCTACAA	2
GTCTAGGC	2
GTCTCATA	2
GTCTCCCA	2
GTCTCGGC	2
GTCTTGCA	2
GTGAATTT	2
GTGACAAT	2
GTGATGAA	2
GTGATTAT	2
TAAATCCA	2
GTGCTAAT	2
GTGCTAGA	2
GTGGAAAT	2
GTGGCAAA	2
GTGGCAAT	2
GTGGGAAG	2
GTGGGACT	2
GTGTATAT	2
GTGTGCTG	2
GTGTGGAT	2
GTGTGTCT	2
GTGTGTGT	2
GTGTGTTG	2
GTGTTTAT	2
GTTAGTGC	2
TAAGCTTA	2
TAAGTCGG	2
TAAGTCCT	2
TAAGTAAT	2
TAAGGGGC	2
TAAGGGCC	2
TAAGGGAG	2
TAAGGCAC	2
TAAGGATA	2
TAAGTCTC	2
TAAGCACT	2
TAAGCAAA	2
TAAGATGA	2
TAAGAGTC	2
TAAGAGAG	2
TAAGACAA	2
TAAGAAAT	2
TAACTTAG	2
TAAGTGCC	2
TAAGTTCC	2
TAATAAAA	2
TAATAACA	2
TAATAACT	2
TAATAAGG	2
TAATAATA	2
TAATACTA	2
TAATATAT	2
TAATATTA	2
TAATATTT	2
TAATCAAG	2
TAATCAAT	2
TAATCACT	2
TAATCAGC	2
TAACAGTT	2
TAAATCTT	2
TAAATGAA	2
TAAATGCT	2
TAAATTAT	2
TAAATTCC	2
TAAATTGA	2
TAAATTTC	2
TTTGTGCT	2
TAACAAAC	2
TAACAACA	2
TAACAAGT	2
TAACAATA	2
TAACACGT	2
TAACACTA	2
TAACAGGT	2
TAGGGCTC	2
TAACATAC	2
TAACATCA	2
TAACATGC	2
TAACATGG	2
TAACATGT	2
TAACATTG	2
TAACATTT	2
TAACGAAA	2
TAACGAGG	2
TAACGCGC	2
TAACGTGT	2
TAACTAGA	2
TAACTCCT	2
TAACTCGC	2
TAACTGGG	2
TCAGGTTG	2
TCATAGGC	2
TCATAGCT	2
TCATAGAA	2
TCAGTTTC	2
TCAGTGCA	2
TCAGTCCA	2
TCAGTCAA	2
TTTGCTCT	2
TCATATAG	2
TCAGGCTT	2
TCAGGCTG	2
TCAGGCCC	2
TCAGGCAC	2
TTTGCTGT	2
TCAGCTAT	2
TCAGCTAC	2
TCAGCCCT	2
TCATATGC	2
TCATCAAT	2
TCATCAGC	2
TCATCAGT	2
TCATCATC	2
TCATCCCT	2
TTTGCTAC	2
TCATCGGC	2
TCATCTGG	2
TCATCTTC	2
TCATGAAT	2
TCATGCAG	2
TCATGCGG	2
TCATGTGC	2
TCATTTTC	2
TATTTTAT	2
TCAAGGGG	2
TCAAGCAA	2
TCAAGAGA	2
TCAACCTC	2
TCAAAGGA	2
TATTTTGT	2
TATTTTGA	2
TATTTTCA	2
TCAATAAT	2
TATTTTAC	2
TATTTGAA	2
TATTTCCT	2
TATTTATG	2
TATTTATA	2
TATTTACA	2
TATTTAAT	2
TCCAACTG	2
TCACAAAA	2
TCACAATC	2
TCACAATG	2
TCACACAA	2
TCACACCT	2
TCACACGA	2
TCACATCA	2
TCACATCG	2
TCACATGA	2
TCACTAAG	2
TCACTAAT	2
TCACTACA	2
TCACTGTC	2
TCACTTAT	2
TCAGAATT	2
TCCCGCGA	2
TCCCTTCA	2
TCCCTTAT	2
TCCCTGGG	2
TCCCTCAG	2
TCCCTCAC	2
TCCCTATA	2
TCCCTAGC	2
TCCCGGAT	2
TCCCTTCT	2
TCCCGATC	2
TCCCCTTT	2
TCCCCTTC	2
TCCCCGGA	2
TTTGCCTT	2
TCCCCCCT	2
TCCCCCCC	2
TCCCCCCA	2
TCCCTTTG	2
TCCGCACC	2
TCCGCCCT	2
TCCGCCGG	2
TCCGCCTC	2
TCCGCCTT	2
TCCGCTAA	2
TCCGCTCA	2
TCCGGGTT	2
TTTGCCCC	2
TCCTAACT	2
TCCTAATC	2
TCCTATAG	2
TCCTATTC	2
TCCTCACT	2
TCCATTCA	2
TCCAAGAT	2
TCCAATGC	2
TTTGCGTT	2
TCCACCGT	2
TCCAGAAA	2
TCCAGAGA	2
TCCAGAGC	2
TCCAGCCA	2
TCCAGTCC	2
TCCATAGC	2
TCCATCAG	2
TCCATCTA	2
TCCATGAC	2
TCCATGGC	2
TCCATGTT	2
TATTGTTG	2
TCCATTCT	2
TCCATTGT	2
TCCATTTC	2
TCCCAAAA	2
TCCCAACA	2
TCCCAATC	2
TCCCAGCA	2
TCCCAGGC	2
TCCCAGTC	2
TCCCAGTT	2
TCCCATCA	2
TCCCCAAG	2
TCCCCAGG	2
TCCCCCAA	2
TCCCCCAC	2
TATCCATG	2
TATCGTAT	2
TATCGGCC	2
TATCCTTG	2
TATCCTTA	2
TATCCTCA	2
TATCCCTG	2
TATCCCTA	2
TATCCCCT	2
TATCGTCA	2
TATCCATA	2
TATCCAAG	2
TATCATGC	2
TATCAGGC	2
TATCAGGA	2
TATCACGA	2
TATCAAGT	2
TATATGTG	2
TATCTAGC	2
TATCTCAT	2
TATCTCCC	2
TTTGGTGC	2
TATCTCTC	2
TATCTTAT	2
TATCTTGT	2
TATGAAGC	2
TATGAAGG	2
TATGAAGT	2
TATGAATA	2
TTTGGTAG	2
TATGACAT	2
TATGACTT	2
TTTATGGC	2
TATAATGG	2
TAGGGCTT	2
TAGGGGCA	2
TAGGGTAT	2
TAGGGTCA	2
TAGGGTTT	2
TAGTAGTT	2
TAGTCCTT	2
TAGTGCTT	2
TAGTGGCA	2
TAGTGGCC	2
TAGTGGCT	2
TAGTTATT	2
TATAAATT	2
TATAAGCA	2
TATAAGGC	2
TATGATCT	2
TATACAAA	2
TATACACG	2
TATAGACT	2
TATAGAGG	2
TTTGTCAT	2
TTTGTATT	2
TATAGCGA	2
TATAGTCT	2
TATAGTTA	2
TATAGTTC	2
TTTGTAGC	2
TATATATA	2
TATATCAA	2
TATATCGG	2
TATATGAT	2
TATGTTGA	2
TTTGGCTC	2
TATTCACA	2
TATTATAT	2
TATTACGC	2
TATTAATC	2
TATTAAGA	2
TATGTTTA	2
TATGTTGG	2
TATTCCCC	2
TATGTTCC	2
TATGTGTG	2
TATGTGGG	2
TATGTGCG	2
TATGTGCA	2
TATGTGAG	2
TATGTGAA	2
TATGTCGG	2
TATTCCTC	2
TATTCGGC	2
TATTCGTG	2
TATTCTAA	2
TATTCTCA	2
TTTGGCAC	2
TATTCTTT	2
TATTGAAA	2
TTTGGACT	2
TATTGCTC	2
TATTGGAC	2
TATTGGCA	2
TATTGGCG	2
TATTGGCT	2
TATTGTAT	2
TATGCTTA	2
TTTGGTAA	2
TATGATGG	2
TATGATTG	2
TATGCACC	2
TATGCAGG	2
TATGCATG	2
TATGCATT	2
TATGCCGC	2
TATGCGTA	2
TATGCTAN	2
TATGCTCC	2
TATGCTCT	2
TATGCTGA	2
TATGCTGC	2
TATGCTGG	2
GTCCCAAT	2
TATGCTTC	2
TTTGGGCT	2
TATGGAGA	2
TATGGGAC	2
TATGGGAG	2
TTTGGGCA	2
TATGGGTC	2
TATGGTGG	2
TATGGTTC	2
TATGGTTN	2
TATGTAAG	2
TATGTACG	2
TATGTATG	2
TATGTATT	2
TATGTCAC	2
ATTTTGCA	2
CAAAATGC	2
CAAAATAT	2
CAAAAGAT	2
CAAAACTC	2
CAAAACAT	2
CAAAAAGC	2
CAAAAACA	2
ATTTTTAC	2
CAAAATTA	2
ATTTGGCA	2
ATTTGCAA	2
ATTTCGTG	2
ATTTCCCG	2
ATTTCCCA	2
ATTTCACA	2
ATTTAGCA	2
ATTGGTCC	2
CAAAGCAT	2
CAACACTC	2
CAACACAC	2
CAACAAAT	2
CAAATTGT	2
CAAATTGG	2
CAAATTGC	2
CAAATGGC	2
CAAATAAA	2
ATTGCCGT	2
CAAAGATT	2
CAAAGATC	2
CAAAGAAC	2
CAAACGGC	2
CAAACGAC	2
CAAACGAA	2
CAAACAGT	2
ATGTCTCA	2
ATTCAAGA	2
ATTCAACA	2
ATTAGATN	2
ATGTTATA	2
ATGTGTGC	2
ATGTGTAC	2
ATGTGTAA	2
ATGTCTTT	2
ATTCAGAG	2
ATGTCGTA	2
ATGTCGGA	2
ATGTCCTC	2
ATGTATTA	2
ATGTATAG	2
ATGGTCTA	2
ATGGTCAC	2
ATGGTATA	2
ATTCCTTG	2
ATTGCCGC	2
ATTGCCAG	2
ATTGACAA	2
ATTCGCGG	2
ATTCGCCT	2
ATTCGCCC	2
ATTCGAAT	2
ATTCCTTT	2
CAACAGAC	2
ATTCCTTC	2
ATTCCTAG	2
ATTCCGCA	2
ATTCCCTT	2
ATTCCCGA	2
ATTCCCCT	2
ATTCCATA	2
CAATTCGT	2
CACAAATC	2
CACAAACG	2
CACAAAAT	2
CACAAAAA	2
CAATTTCT	2
CAATTGGC	2
CAATTGCA	2
CAATTCTA	2
CACAAATG	2
CAATTCCC	2
CAATTCAT	2
CAATTCAC	2
CAATTACG	2
CAATTACA	2
CAATGTCG	2
CAATGTCC	2
CAATGGCT	2
CACAGTCT	2
CACCTAGA	2
CACCGATC	2
CACCCTCA	2
CACCCACT	2
CACCAGGG	2
CACCAAAT	2
CACATGGT	2
CACATACA	2
CAATGGAT	2
CACAGGAT	2
CACAGCCG	2
CACAGAAT	2
CACACAGA	2
CACAATCT	2
CACAATCG	2
CACAACCG	2
CAACCTAG	2
CAAGATGA	2
CAAGACTA	2
CAACTTTC	2
CAACTCTC	2
CAACTAAT	2
CAACGGTT	2
CAACCTTG	2
CAACCTCC	2
CAAGCACA	2
CAACCGGT	2
CAACCCTT	2
CAACCAGA	2
CAACCAAT	2
CAACATGA	2
CAACATCT	2
CAACAGGT	2
CAACAGCT	2
CAAGTAAT	2
CAATCATA	2
CAATCAAG	2
CAATATGT	2
CAATAGTC	2
CAATAGAT	2
CAAGTTTT	2
CAAGTTGG	2
CAAGTATA	2
ATGGGGGA	2
CAAGGGTG	2
CAAGGGGG	2
CAAGGCGT	2
CAAGGCCC	2
CAAGGCAA	2
CAAGGATT	2
CAAGCTAC	2
ATCATAAA	2
ATCATCCT	2
ATCATCAA	2
ATCATAGT	2
ATCATAGN	2
ATCATAGA	2
ATCATACC	2
ATCATAAT	2
ATCATAAC	2
ATCATCGG	2
ATCAGTTT	2
ATCAGTGG	2
ATCAGTGA	2
ATCAGTCA	2
ATCAGTAA	2
ATCAGGAA	2
ATCAGCTC	2
ATCAGCCA	2
ATCCACTC	2
ATCCCCAN	2
ATCCCATT	2
ATCCCATG	2
ATCCCAGT	2
ATCCCAGG	2
ATCCCACC	2
ATCCATGT	2
ATCCAGCA	2
ATCAGCAT	2
ATCCACCC	2
ATCCAAGA	2
ATCATTGG	2
ATCATTAG	2
ATCATGTT	2
ATCATGGG	2
ATCATCGT	2
ATCAAGTA	2
ATCAATTG	2
ATCAATGG	2
ATCAATGC	2
ATCAATGA	2
ATCAATCC	2
ATCAAGTT	2
ATCAAGTG	2
ATCAAGTC	2
ATCACACG	2
ATCAAGGT	2
ATCAAGGA	2
ATCAAGCT	2
ATCAACTT	2
ATCAACCG	2
ATCAACCC	2
ATCAAATG	2
ATCAAATC	2
ATCACCTT	2
ATCAGATC	2
ATCAGATA	2
ATCAGAGG	2
ATCAGAGA	2
ATCACTTT	2
ATCACTCT	2
ATCACTCC	2
ATCACTAT	2
ATCCCCGC	2
ATCACCTC	2
ATCACCCG	2
ATCACATT	2
ATCACATG	2
ATCACATA	2
ATCACAGC	2
ATCACACT	2
ATGCACGC	2
ATGCCGAT	2
ATGCCCCC	2
ATGCCCCA	2
ATGCCCAT	2
ATGCCATT	2
ATGCCATC	2
ATGCCAAN	2
ATGCATAT	2
ATGCCTAG	2
ATGCAAAT	2
ATGAGGTT	2
ATGACCTT	2
ATGACAAT	2
ATCGTGCA	2
ATCGGCAA	2
ATCGCTCA	2
ATCGCTAT	2
ATGGCCCG	2
ATGGGCTA	2
ATGGGAAT	2
ATGGCTTA	2
ATGGCTAA	2
ATGGCGTC	2
ATGGCGGA	2
ATGGCCGG	2
ATGGCCCT	2
ATCGCTAA	2
ATGGCATT	2
ATGGACAT	2
ATGGAAGC	2
ATGCTGCA	2
ATGCTATA	2
ATGCCTTT	2
ATGCCTCT	2
ATCCGAGG	2
ATCCGGTC	2
ATCCGGGG	2
ATCCGCTT	2
ATCCGCTN	2
ATCCGCGT	2
ATCCGCGC	2
ATCCGCCG	2
ATCCGATC	2
ATCCGTTA	2
ATCCGACA	2
ATCCCTTG	2
ATCCCTCG	2
ATCCCTCA	2
ATCCCTAT	2
ATCCCGTT	2
ATCCCGTA	2
ATCCCGGC	2
ATCGATGT	2
ATCGCGTA	2
ATCGCCGT	2
ATCGCCCT	2
ATCGCCAT	2
ATCGCAGC	2
ATCGCACT	2
ATCGCAAC	2
ATCGCAAA	2
CACCTAGG	2
ATCGAGCA	2
ATCGACAC	2
ATCCTTGT	2
ATCCTTGC	2
ATCCTCGN	2
ATCCTCCC	2
ATCCTCAC	2
CCATAAGG	2
CCATCACG	2
CCATCACA	2
CCATATGT	2
CCATATGC	2
CCATATGA	2
CCATATAT	2
CCATAGCT	2
CCATACGG	2
CCATCCAC	2
CCATAAAA	2
CCAGTTGA	2
CCAGTTAT	2
CCAGTATT	2
CCAGTAAT	2
CCAGGTAA	2
CCAGGCTT	2
CCAGGCTC	2
CCATGCGT	2
CCATTACA	2
CCATGTTG	2
CCATGTTA	2
CCATGTCA	2
CCATGTAG	2
CCATGGGC	2
CCATGGAG	2
CCATGCTC	2
CCAGGCGT	2
CCATGCAA	2
CCATGAGA	2
CCATGAAT	2
CCATCTGC	2
CCATCTCT	2
CCATCTCA	2
CCATCCTT	2
CCACTCTT	2
CCAGACAA	2
CCACTTTC	2
CCACTTCT	2
CCACTTAG	2
CCACTGTT	2
CCACTGGC	2
CCACTGCT	2
CCACTGCA	2
CCAGAGAA	2
CCACTCTG	2
CCACTCTA	2
CCACTCAC	2
CCACTATA	2
CCACTAGG	2
CCACTACT	2
CCACTAAA	2
CCACGTCT	2
CCAGCCCT	2
CCAGGCGG	2
CCAGGCCG	2
CCAGGCAT	2
CCAGGCAG	2
CCAGGCAC	2
CCAGCTCT	2
CCAGCTAA	2
CCAGCGCC	2
CCATTAGA	2
CCAGCATT	2
CCAGATAC	2
CCAGAGTT	2
CCAGAGTC	2
CCAGAGGA	2
CCAGAGCC	2
CCAGAGAC	2
CCCCTGGC	2
CCCGCAAT	2
CCCGATTC	2
CCCCTTTG	2
CCCCTTGC	2
CCCCTTCT	2
CCCCTTCA	2
CCCCTTAT	2
CCCCTGTA	2
CCCGCATA	2
CCCCTGCA	2
CCCCTCCC	2
CCCCTATA	2
CCCCTAAT	2
CCCCGTCC	2
CCCCGTCA	2
CCCCGGTT	2
CCCCGGGT	2
CCCGCTAT	2
CCCGTTTT	2
CCCGTCTC	2
CCCGTAAA	2
CCCGGTAA	2
CCCGGGGG	2
CCCGGGGA	2
CCCGGCGG	2
CCCGGAAA	2
CCCCGCGC	2
CCCGCGTT	2
CCCGCGTG	2
CCCGCGCC	2
CCCGCGAA	2
CCCGCCTC	2
CCCGCCCC	2
CCCGCATG	2
CCCCAAAC	2
CCCCAGAA	2
CCCCACTC	2
CCCCACAG	2
CCCCAATT	2
CCCCAATG	2
CCCCAAGG	2
CCCCAACT	2
CCCCAACC	2
CCCCATAA	2
CCATTGTT	2
CCATTGGT	2
CCATTGGA	2
CCATTGCA	2
CCATTCGT	2
CCATTCCA	2
CCATTCAT	2
CCATTATG	2
CCCCCGCC	2
CCCCGCCA	2
CCCCGATC	2
CCCCGATA	2
CCCCGAAT	2
CCCCCTTA	2
CCCCCTGT	2
CCCCCTCA	2
CCCCCTAG	2
CCACGTCC	2
CCCCCGAG	2
CCCCCCAA	2
CCCCCATT	2
CCCCATTG	2
CCCCATTC	2
CCCCATGC	2
CCCCATCC	2
CATCACTT	2
CATCATGT	2
CATCATCC	2
CATCATAT	2
CATCATAA	2
CATCAGTG	2
CATCAGGN	2
CATCAGCT	2
CATCAGAT	2
CATCCACA	2
CATCACTC	2
CATCACGT	2
CATCACGA	2
CATCACCG	2
CATCACCA	2
CATCAATC	2
CATCAAGT	2
CATCAACT	2
CATCTCCA	2
CATGCAGG	2
CATGAGTT	2
CATGACTT	2
CATGACCA	2
CATGAATA	2
CATGAAAA	2
CATCTGTA	2
CATCTGGC	2
CATCAACA	2
CATCTATA	2
CATCTAAA	2
CATCGCAT	2
CATCGATT	2
CATCGAAC	2
CATCCTTC	2
CATCCGGG	2
CAGAAAAT	2
CAGATATT	2
CAGATAAT	2
CAGATAAA	2
CAGAGGAA	2
CAGACCTT	2
CAGACCAT	2
CAGAAATT	2
CAGAAATA	2
CAGCACAC	2
CACGGCCA	2
CTCAAGCC	2
CACGCACA	2
CACGACGC	2
CACGAAGC	2
CACCTTCT	2
CACCTGTT	2
CACCTCTA	2
CAGGCAAG	2
CATCAAAC	2
CAGTTAAA	2
CAGTACTG	2
CAGGCTAA	2
CAGGCGGG	2
CAGGCCAG	2
CAGGCATC	2
CAGGCACT	2
CATGCCCT	2
CAGGCAAA	2
CAGGATAA	2
CAGGAAGA	2
CAGCCATC	2
CAGCAGGC	2
CAGCACTG	2
CAGCACCT	2
CCACATTC	2
CCACCCAT	2
CCACCATT	2
CCACCAGG	2
CCACCAGC	2
CCACCACA	2
CCACCAAC	2
CCACCAAA	2
CCACATTT	2
CCACCCCC	2
CCACATGG	2
CCACATGA	2
CCACATCT	2
CCACATCG	2
CCACATAC	2
CCACATAA	2
CCACAGCG	2
CCACACAA	2
CCACCGTT	2
CCACGTAG	2
CCACGAAA	2
CCACCTTT	2
CCACCTTG	2
CCACCTGT	2
CCACCTCT	2
CCACCTAC	2
CCACCTAA	2
CCACAATG	2
CCACCGTG	2
CCACCGTC	2
CCACCGGT	2
CCACCGCC	2
CCACCCTT	2
CCACCCTG	2
CCACCCCT	2
CATGGGCT	2
CATGTGTT	2
CATGTCTT	2
CATGTCCA	2
CATGTCAA	2
CATGTATA	2
CATGTACA	2
CATGGTGC	2
CATGGTCC	2
CATGTTGT	2
CATGGGCA	2
CATGGCTT	2
CATGGCTC	2
CATGGCTA	2
CATGGCGA	2
CATGGCAT	2
CATGGCAA	2
CATTGCTA	2
CCACAACC	2
CCACAAAC	2
CATTTGAT	2
CATTTACC	2
CATTTAAT	2
CATTGGGT	2
CATTGGCA	2
CATTGGAT	2
ATCAAATA	2
CATTGCCC	2
CATTATCC	2
CATTAGCC	2
CATTAGAT	2
CATTACCA	2
CATTAATT	2
CATTAACC	2
AATGGGAT	2
ACAAACTC	2
AATGTTTG	2
AATGTGTG	2
AATGTGGC	2
AATGTGAG	2
AATGTCTA	2
AATGGTTG	2
AATGGGTA	2
ACAAATCA	2
AATGGCTA	2
AATGGACT	2
AATGGAAG	2
AATGCTTT	2
AATGCTTA	2
AATGCTCT	2
AATGCTCA	2
AATGCCAT	2
ACAATACA	2
ACACACCC	2
ACACACAC	2
ACACACAA	2
ACACAATT	2
ACACAACA	2
ACACAAAA	2
ACAATTCT	2
ACAATATT	2
AATGCATG	2
ACAAGGCC	2
ACAAGGCA	2
ACAAGATC	2
ACAAGACA	2
ACAAGAAA	2
ACAACACC	2
ACAAATTC	2
AATCCAGA	2
AATCTACA	2
AATCGTCG	2
AATCGCGC	2
AATCCTTT	2
AATCCTAC	2
AATCCGCA	2
AATCCCTT	2
AATCCCGC	2
AATCTCAC	2
AATCATGC	2
AATCATAA	2
AATCACAT	2
AATCAACA	2
AATCAAAT	2
AATATTGG	2
AATATGCC	2
AATATCTA	2
AATGACCC	2
AATGCATC	2
AATGCATA	2
AATGCACA	2
AATGAGGC	2
AATGAGCT	2
AATGAGCC	2
AATGAGAG	2
AATGACCT	2
ACACACGT	2
AATGACAA	2
AATGAAGT	2
AATGAAGG	2
AATGAAAT	2
AATGAAAA	2
AATCTTAT	2
AATCTCTC	2
ACCCCGCA	2
ACCCGTCC	2
ACCCGGCT	2
ACCCGCTT	2
ACCCGATA	2
ACCCGACT	2
ACCCCTTC	2
ACCCCTCC	2
ACCCCGCC	2
ACCCTAAA	2
ACCCCCTT	2
ACCCCCAA	2
ACCCCAAT	2
ACCCCAAC	2
ACCCATTT	2
ACCCATGC	2
ACCCATCC	2
ACCCAGAA	2
ACCGCCAC	2
ACGCAGAC	2
ACGACTGC	2
ACGAAATT	2
ACCGTCGC	2
ACCGGCCA	2
ACCGCTAC	2
ACCGCGAC	2
ACCGCCAT	2
ACCCACTC	2
ACCGCAAG	2
ACCCTTGC	2
ACCCTTCC	2
ACCCTCTT	2
ACCCTCCA	2
ACCCTCAT	2
ACCCTAGG	2
ACAGTCAC	2
ACCAAGGC	2
ACCAAGCA	2
ACCAAATC	2
ACCAAACT	2
ACATTGAT	2
ACATGGAA	2
ACATCAGC	2
ACAGTCCA	2
ACCAATGT	2
ACAGCCAA	2
ACAGACAA	2
ACACGGGC	2
ACACGACG	2
ACACCTGA	2
ACACATTG	2
ACACATTC	2
ACACAGAC	2
ACCAGGAA	2
ACCCACAC	2
ACCCAACA	2
ACCCAAAG	2
ACCCAAAA	2
ACCATTAG	2
ACCATGCC	2
ACCATGAA	2
ACCAGTAC	2
AATATCAA	2
ACCAGCAA	2
ACCACTGA	2
ACCACCAA	2
ACCACACC	2
ACCAATTT	2
ACCAATTN	2
ACCAATTA	2
AAACTCAT	2
AAAGCATC	2
AAAGCACA	2
AAAGAGAG	2
AAAGACAC	2
AAAGAACA	2
AAAGAAAA	2
AAACTTTG	2
AAACTTAC	2
AAAGCTAC	2
AAACGCAA	2
AAACCTGC	2
AAACCTCT	2
AAACCGCA	2
AAACCCTT	2
AAACCCAT	2
AAACCAGT	2
AAACCACA	2
AAAGGTTT	2
AAGAATTC	2
AAGAAGGG	2
AAGAAACC	2
AAGAAAAA	2
AAAGTTCT	2
AAAGTGGT	2
AAAGTAAG	2
AAAGTAAA	2
AAACCAAC	2
AAAGGTAT	2
AAAGGGTC	2
AAAGGGTA	2
AAAGGGGT	2
AAAGGGGC	2
AAAGGAGA	2
AAAGCTAG	2
AAAACGGG	2
AAAAGCCA	2
AAAAGCAC	2
AAAAGAGG	2
AAAAGAAG	2
AAAACTTG	2
AAAACTTC	2
AAAACTCA	2
AAAACTAA	2
AAAAGCGA	2
AAAACCTA	2
AAAACCCG	2
AAAACACA	2
AAAAACTT	2
AAAAACGC	2
AAAAACCC	2
AAAAACAT	2
AAAAAAGT	2
AAACAAAC	2
AAACATGC	2
AAACATCT	2
AAACAGTG	2
AAACAGCA	2
AAACAGAC	2
AAACACAC	2
AAACAATG	2
AAACAAGA	2
AAGACAAA	2
AAAATTGG	2
AAAATTCA	2
AAAATCTC	2
AAAATCAG	2
AAAATATA	2
AAAATACA	2
AAAAGGCA	2
AATAACTT	2
AATACACA	2
AATACAAT	2
AATACAAG	2
AATAATGT	2
AATAATGA	2
AATAAGGG	2
AATAAGGA	2
AATAAGCC	2
AATACACG	2
AATAAAGC	2
AATAAACC	2
AATAAACA	2
AAGGGTTC	2
AAGGGTAA	2
AAGGGGGC	2
AAGGGCTG	2
AAGGGCTA	2
AATAGCCT	2
AATATATG	2
AATATATA	2
AATATAGC	2
AATATAAA	2
AATAGTTC	2
AATAGTGA	2
AATAGGTG	2
AATAGCTC	2
AAGGCTTT	2
AATAGCAA	2
AATAGATG	2
AATAGAGA	2
AATAGACT	2
AATACCTT	2
AATACCTC	2
AATACATA	2
AAGAGGGT	2
AAGCCCCG	2
AAGCCAAT	2
AAGCAAAA	2
AAGATTGT	2
AAGATTAT	2
AAGATCAA	2
AAGATACT	2
AAGATAAT	2
AAGCCTCC	2
AAGAGGGA	2
AAGAGCTG	2
AAGAGCTA	2
AAGAGATT	2
AAGACTTC	2
AAGACTCT	2
AAGACCAC	2
AAGGACAA	2
AAGGCTGA	2
AAGGCCCT	2
AAGGCCAT	2
AAGGCATG	2
AAGGCACT	2
AAGGATGG	2
AAGGATAC	2
AAGGACTT	2
ACGCATCA	2
AAGGAAGG	2
AAGCTTTT	2
AAGCTTGG	2
AAGCTTCT	2
AAGCGTTA	2
AAGCGTAT	2
AAGCGCAT	2
ANTAGATC	2
ANTTTTAC	2
ANTTATAG	2
ANTTAGCA	2
ANTGGCCT	2
ANTGCATT	2
ANTCTACA	2
ANTCGTCC	2
ANTAGCAT	2
ATAAAAAA	2
ANTAAGCA	2
ANTAAAAA	2
ANGTCGCA	2
ANGGGGAC	2
ANGGCTCC	2
ANGGCCTA	2
ANGGCCCT	2
ANGGCCAT	2
ATAAAGTG	2
ATAACCCG	2
ATAACCCC	2
ATAACATT	2
ATAACAGT	2
ATAACAAC	2
ATAAATGT	2
ATAAATGC	2
ATAAATCA	2
ANGGAAAA	2
ATAAAGTA	2
ATAAAGGT	2
ATAAACGG	2
ATAAACGA	2
ATAAACCG	2
ATAAACAG	2
ATAAAATA	2
ANAAACAA	2
ANACAAAT	2
ANAATTGA	2
ANAAGTCG	2
ANAAGGTC	2
ANAAGCGG	2
ANAAGCAT	2
ANAAGAAA	2
ANAAAGCA	2
ANACAGGC	2
ANAAAATT	2
ANAAAATA	2
ANAAAAAT	2
AGTTTGGT	2
AGTTTATA	2
AGTTGAGC	2
AGTTATAG	2
AGTTAGCA	2
ANCATCCT	2
ANGCGCAA	2
ANGCAGGG	2
ANGCAATT	2
ANGAATTC	2
ANCGCGCA	2
ANCCGCTA	2
ANCCCTAA	2
ANCCAATT	2
ATAACCGA	2
ANCAGGCA	2
ANCAAACA	2
ANATCCCA	2
ANAGCCTT	2
ANAGATCT	2
ANACTAAT	2
ANACGCAA	2
ATACTCCA	2
ATAGCTCC	2
ATAGCGCA	2
ATAGATAT	2
ATAGATAC	2
ATAGAGTT	2
ATAGACCG	2
ATAGAACC	2
ATAGAAAT	2
ATAGCTCG	2
ATACTAAT	2
ATACGAAA	2
ATACATCG	2
ATACACTC	2
ATACACAT	2
ATAATTTT	2
ATAATTCT	2
ATAATTCC	2
ATATGCAT	2
ATCAAAGT	2
ATCAAAGG	2
ATCAAAGC	2
ATCAAAGA	2
ATCAAAAG	2
ATCAAAAA	2
ATATGTGC	2
ATATGGGG	2
ATAATTAT	2
ATATCGGG	2
ATATCGAT	2
ATATATAA	2
ATAGTTCG	2
ATAGTGTG	2
ATAGTGTC	2
ATAGTAAT	2
ATAAGCCT	2
ATAAGTCC	2
ATAAGTCA	2
ATAAGTAA	2
ATAAGGGG	2
ATAAGGGA	2
ATAAGGCA	2
ATAAGCGG	2
ATAAGCGC	2
ATAAGTCG	2
ATAAGAGG	2
ATAAGACT	2
ATAAGACG	2
ATAACTGA	2
ATAACTCG	2
ATAACGGA	2
ATAACGAT	2
ATAACCGT	2
ATAATAGG	2
ATAATGGT	2
ATAATGGC	2
ATAATGCG	2
ATAATGAG	2
ATAATCTG	2
ATAATCTC	2
ATAATCAT	2
ATAATATT	2
AGTTACCC	2
ATAATAGC	2
ATAATAGA	2
ATAATACT	2
ATAATACC	2
ATAATACA	2
ATAAGTTT	2
ATAAGTCT	2
ACTGCCGT	2
AGAAAGCA	2
AGAAAAAA	2
ACTTTTGT	2
ACTTTATA	2
ACTTGTGC	2
ACTTATTA	2
ACTTAAGA	2
ACTGTATG	2
AGAACGGA	2
ACTGCCAT	2
ACTCTTCC	2
ACTCTTAA	2
ACTCTGTA	2
ACTCTGCA	2
ACTCTCTA	2
ACTCTCGC	2
ACTCTCGA	2
AGATAAGT	2
AGCCATTT	2
AGCAGGCA	2
AGATTGCC	2
AGATCGGG	2
AGATCGGC	2
AGATCCGA	2
AGATCACA	2
AGATAATT	2
ACTCTAAA	2
AGAGGCTT	2
AGAGGATT	2
AGAGATCG	2
AGAGAGAG	2
AGACACTT	2
AGAAGAAG	2
AGAACTAA	2
ACGGTGCT	2
ACTCATCT	2
ACTCATAA	2
ACTCAGAA	2
ACTCACTG	2
ACTCACAA	2
ACTCAACA	2
ACTCAAAG	2
ACTCAAAA	2
ACTCATGG	2
ACGGCAAT	2
ACGCTAGA	2
ACGCGGAT	2
ACGCGCTC	2
ACGCGCAA	2
ACGCGAGA	2
ACGCCCTA	2
ACGCCAAA	2
ACTCCGAT	2
ACTCGTAG	2
ACTCGTAA	2
ACTCGGAT	2
ACTCGAAT	2
ACTCCTGA	2
ACTCCTCA	2
ACTCCTAG	2
ACTCCGCA	2
AGCCCAGT	2
ACTCCCTT	2
ACTCCCCG	2
ACTCCCAC	2
ACTCCAGT	2
ACTCCACT	2
ACTCCACA	2
ACTCCAAG	2
AGGTGCCA	2
AGGTTGTG	2
AGGTTGGC	2
AGGTTGAC	2
AGGTTCCA	2
AGGTTAAT	2
AGGTTAAA	2
AGGTGCGT	2
AGGTGCGG	2
AGGTTGTT	2
AGGTGATT	2
AGGTCGGA	2
AGGTCCTT	2
AGGTCCCT	2
AGGTCATA	2
AGGTCACA	2
AGGTATTT	2
AGGTATGT	2
AGTCGGAA	2
AGTTAACT	2
AGTTAAAC	2
AGTTAAAA	2
AGTGGGCC	2
AGTGGCCT	2
AGTGCTAT	2
AGTGAGAG	2
AGTGACCC	2
AGGTATGC	2
AGTCATGC	2
AGTAGAAA	2
AGTACAAA	2
AGTAATTA	2
AGTAAATT	2
AGGTTTCT	2
AGGTTTAC	2
AGGATTCA	2
AGGCCTAA	2
AGGCCCAC	2
AGGCCAGT	2
AGGCCAGC	2
AGGCCAAA	2
AGGCAGCA	2
AGGCACAA	2
AGGCAAAT	2
AGGCGCTA	2
AGGATCAG	2
AGGAAAAT	2
AGCGGCAA	2
AGCCTGAG	2
AGCCTCGT	2
AGCCGCAA	2
AGCCCTAA	2
AGGGTACA	2
AGGTATAA	2
AGGTAGTA	2
AGGTAGGG	2
AGGTAGGA	2
AGGTAGAG	2
AGGTAAAG	2
AGGGTTAT	2
AGGGTATA	2
CACGCATG	2
AGGGGTGG	2
AGGGGGCC	2
AGGGGGCA	2
AGGGCCCC	2
AGGGATAG	2
AGGGAGTA	2
AGGGAAAA	2
CGGCTTCT	2
CGTGCTGC	2
CGTGCGCA	2
CGTCTTCC	2
CGTCGGCA	2
CGTCCGGC	2
CGTCATTG	2
CGTCATGC	2
CGTCAGTA	2
CGTCAGCC	2
CGTCAGAC	2
CGGTTGTT	2
CGGTAATT	2
CGGGAAAA	2
CGGCTTGC	2
CGTGGATT	2
CGGCGGAC	2
CGGCCTCT	2
CGGCCAAC	2
CGGCATGC	2
CGGCATAG	2
CGGCAGTT	2
CGGATAGA	2
CGGAATTC	2
CGGAAATT	2
CGCTTATA	2
CGCTGATC	2
CGCTCTTC	2
CGCTAGAT	2
CNCAGATC	2
CNGCAACA	2
CNCTTACC	2
CNCTCCAA	2
CNCGGGCA	2
CNCGGCAA	2
CNCGCTAA	2
CNCCTGTT	2
CNCCGCAC	2
CNCCCTCA	2
CNCAGGCC	2
CNCAGCTC	2
CNCAGCCA	2
CNCAGCAA	2
CGCTACAG	2
CNCACCGC	2
CNCACAAA	2
CNATTTTG	2
CNATAGAT	2
CNAGTTTT	2
CNAGGATA	2
CNACCATG	2
CNACACAT	2
CNAATGTC	2
CNAAACAC	2
CGTTCATC	2
CGTTAGGC	2
CGTGGCCA	2
CCGCGTGA	2
CCGGCTCC	2
CCGGCTCA	2
CCGGCCAC	2
CCGGCCAA	2
CCGGCATG	2
CCGGCATA	2
CCGGAGTT	2
CCGGAGCA	2
CCGGAAAA	2
CCGCTTCG	2
CCGCTTCA	2
CCGCTTAC	2
CCGCTATT	2
CCGCTAGA	2
CCGGGGAT	2
CCGCGATT	2
CCGCGACG	2
CCGCGACA	2
CCGCGAAT	2
CCGCCTTC	2
CCGCCTCC	2
CCGCCTAG	2
CCGCCCTT	2
CCGCCATA	2
CCGCCAGC	2
CCGCATGC	2
CCGCATCT	2
CCGCAGTC	2
CGACAGGA	2
CGCGCCCC	2
CGCCTTAT	2
CGCCTGCA	2
CGCCCCGA	2
CGCCAGGC	2
CGCCAAGG	2
CGCAGGTN	2
CGAGTTTA	2
CGAGGAAA	2
CGAGACCA	2
CGACTCAC	2
CGACAGTT	2
CGACAGGC	2
CNGCATTC	2
CGACAATA	2
CGAAGTAT	2
CGAAATAG	2
CGAAAAAA	2
CCGTTTGG	2
CCGTGTAT	2
CCGGTTTT	2
CCGGTTGC	2
CCGGTGCA	2
CCGGTAAT	2
CCGGGTGA	2
CCGGGTAG	2
CCGGGGCC	2
CTAGCAAT	2
CTAGGGTG	2
CTAGGCTG	2
CTAGGCTA	2
CTAGGCCT	2
CTAGGCAT	2
CTAGCTTC	2
CTAGCGCA	2
CTAGCCTT	2
CTAGCCTC	2
CTAGCCGC	2
CTAGCCGA	2
CTAGCATT	2
CTAGCATA	2
CTAGCACA	2
CTAGGTAA	2
CTAGATTC	2
CTAGAGAT	2
CTAGAGAG	2
CTAGAGAC	2
CTAGACTT	2
CTAGAATG	2
CTAGAAGG	2
CTACTTTT	2
CTACTTTC	2
CTACTGTC	2
CTACTGAC	2
CTACTCTG	2
CTACGGGT	2
CTATCTCT	2
CTCAACTT	2
CTATTTGT	2
CTATTGTT	2
CTATTGGG	2
CTATTGAT	2
CTATTCTC	2
CTATGTCA	2
CTATGGGC	2
CTATGGCC	2
CTATGGAT	2
CTATGAGG	2
CTATCTTT	2
CTATCTTA	2
CTACGACA	2
CTATCGCA	2
CTATCGAA	2
CTATCCCA	2
CTATCACA	2
CTATATGC	2
CTATATAT	2
CTATATAA	2
CTATAGAN	2
CTAGTTTA	2
CTAGTGTG	2
CTAGTCCA	2
CTAGGTTG	2
CTAGGTAT	2
CNTCGGAC	2
CTAAAATT	2
CTAAAAAA	2
CNTTTACC	2
CNTTCTCG	2
CNTTAATT	2
CNTGTAGA	2
CNTGGCAC	2
CNTGCTTA	2
CNTGCTAG	2
CNTGCTAA	2
CNTCTGTT	2
CNTCGGTA	2
CNTCGGGG	2
CNTCGGCG	2
CTAAACAC	2
CNTCGCAA	2
CNTCCATG	2
CNTCATGT	2
CNTCATAG	2
CNTCATAA	2
CNTCAGCT	2
CNTCAGCG	2
CNTCACCT	2
CNTCACCG	2
CNTCACCC	2
CNTCACCA	2
CNTCACAC	2
CNGGCCTG	2
CTAAGTTC	2
CTACATCG	2
CTACATCA	2
CTACATAA	2
CTACAGAC	2
CTACACGA	2
CTACACCC	2
CTACAAGC	2
CTACAACA	2
CTACAAAA	2
CTAATTTG	2
CTAATTGG	2
CTAATAGA	2
CTAAGTTG	2
CCCTACAN	2
CTAAGCTC	2
CTAAGCCT	2
CTAAGCCC	2
CTAACTAC	2
CTAACGCA	2
CTAACCAT	2
CTAAATTT	2
CTAAATTN	2
CTAAATAG	2
CTAAATAC	2
CTAAAGCT	2
CTAAAGCA	2
CTAAACCT	2
CCCTTGGG	2
CCCTTACG	2
CCCTTACT	2
CCCTTAGG	2
CCCTTATC	2
CCCTTATG	2
CCCTTCAC	2
CCGCAGGA	2
CCGCAGCT	2
CCCTTCAT	2
CCCTTCCA	2
CCCTTGAT	2
CCCTTGCA	2
CCCTACAC	2
CCCTTGGT	2
CCCTTGTA	2
CCCTTTGC	2
CCCTTTGT	2
CCCTTTTG	2
CCCTTTTT	2
CCGCAGGT	2
CCGCAAGC	2
CCGCACCG	2
CCGCACGT	2
CCGCACTA	2
CCGCAGAG	2
CCCTGTTT	2
CCCTAGGG	2
CCCTAGGA	2
CCCTAGCA	2
CCCTACTG	2
CCCTAGTT	2
CCCTATCC	2
CCCTATGA	2
CCCTATTG	2
CCCTCAAA	2
CCCTCAAC	2
CCCTCAGN	2
CCCTCATT	2
CCCTCCCT	2
CCCTCGCA	2
CCCTCGGC	2
CCCTTAAC	2
CCCTCTAC	2
CCCTCTCG	2
CCCTCATC	2
CCCTGTCA	2
CCCTGCAT	2
CCCTGAAT	2
