IMPORTANT WARNING: Alignment column 43885 contains only undetermined values which will be treated as missing data
IMPORTANT WARNING: Alignment column 43886 contains only undetermined values which will be treated as missing data
IMPORTANT WARNING: Alignment column 43887 contains only undetermined values which will be treated as missing data
IMPORTANT WARNING: Alignment column 43888 contains only undetermined values which will be treated as missing data
IMPORTANT WARNING: Alignment column 104384 contains only undetermined values which will be treated as missing data
IMPORTANT WARNING: Alignment column 104385 contains only undetermined values which will be treated as missing data
IMPORTANT WARNING: Alignment column 104386 contains only undetermined values which will be treated as missing data
IMPORTANT WARNING: Alignment column 104387 contains only undetermined values which will be treated as missing data
IMPORTANT WARNING: Alignment column 132608 contains only undetermined values which will be treated as missing data
IMPORTANT WARNING: Alignment column 132609 contains only undetermined values which will be treated as missing data
IMPORTANT WARNING: Alignment column 132610 contains only undetermined values which will be treated as missing data
IMPORTANT WARNING: Alignment column 132611 contains only undetermined values which will be treated as missing data
IMPORTANT WARNING: Alignment column 151727 contains only undetermined values which will be treated as missing data
IMPORTANT WARNING: Alignment column 151728 contains only undetermined values which will be treated as missing data
IMPORTANT WARNING: Alignment column 151729 contains only undetermined values which will be treated as missing data
IMPORTANT WARNING: Alignment column 151730 contains only undetermined values which will be treated as missing data
IMPORTANT WARNING: Alignment column 158305 contains only undetermined values which will be treated as missing data
IMPORTANT WARNING: Alignment column 158306 contains only undetermined values which will be treated as missing data
IMPORTANT WARNING: Alignment column 158307 contains only undetermined values which will be treated as missing data
IMPORTANT WARNING: Alignment column 158308 contains only undetermined values which will be treated as missing data
IMPORTANT WARNING: Alignment column 170768 contains only undetermined values which will be treated as missing data
IMPORTANT WARNING: Alignment column 170769 contains only undetermined values which will be treated as missing data
IMPORTANT WARNING: Alignment column 170770 contains only undetermined values which will be treated as missing data
IMPORTANT WARNING: Alignment column 170771 contains only undetermined values which will be treated as missing data
IMPORTANT WARNING: Alignment column 179986 contains only undetermined values which will be treated as missing data
IMPORTANT WARNING: Alignment column 179987 contains only undetermined values which will be treated as missing data
IMPORTANT WARNING: Alignment column 179988 contains only undetermined values which will be treated as missing data
IMPORTANT WARNING: Alignment column 179989 contains only undetermined values which will be treated as missing data
IMPORTANT WARNING: Alignment column 375309 contains only undetermined values which will be treated as missing data
IMPORTANT WARNING: Alignment column 375310 contains only undetermined values which will be treated as missing data
IMPORTANT WARNING: Alignment column 375311 contains only undetermined values which will be treated as missing data
IMPORTANT WARNING: Alignment column 375312 contains only undetermined values which will be treated as missing data
IMPORTANT WARNING: Alignment column 443901 contains only undetermined values which will be treated as missing data
IMPORTANT WARNING: Alignment column 443902 contains only undetermined values which will be treated as missing data
IMPORTANT WARNING: Alignment column 443903 contains only undetermined values which will be treated as missing data
IMPORTANT WARNING: Alignment column 443904 contains only undetermined values which will be treated as missing data
IMPORTANT WARNING: Alignment column 1004630 contains only undetermined values which will be treated as missing data
IMPORTANT WARNING: Alignment column 1004631 contains only undetermined values which will be treated as missing data
IMPORTANT WARNING: Alignment column 1861028 contains only undetermined values which will be treated as missing data
IMPORTANT WARNING: Alignment column 1861029 contains only undetermined values which will be treated as missing data
IMPORTANT WARNING: Alignment column 1861030 contains only undetermined values which will be treated as missing data
IMPORTANT WARNING: Alignment column 1861031 contains only undetermined values which will be treated as missing data
IMPORTANT WARNING: Alignment column 2005855 contains only undetermined values which will be treated as missing data
IMPORTANT WARNING: Alignment column 2005856 contains only undetermined values which will be treated as missing data
IMPORTANT WARNING: Alignment column 2005857 contains only undetermined values which will be treated as missing data
IMPORTANT WARNING: Alignment column 2005858 contains only undetermined values which will be treated as missing data
IMPORTANT WARNING: Alignment column 2106998 contains only undetermined values which will be treated as missing data
IMPORTANT WARNING: Alignment column 2106999 contains only undetermined values which will be treated as missing data
IMPORTANT WARNING: Alignment column 2107000 contains only undetermined values which will be treated as missing data
IMPORTANT WARNING: Alignment column 2107001 contains only undetermined values which will be treated as missing data
IMPORTANT WARNING: Alignment column 2148159 contains only undetermined values which will be treated as missing data
IMPORTANT WARNING: Alignment column 2148160 contains only undetermined values which will be treated as missing data
IMPORTANT WARNING: Alignment column 2148161 contains only undetermined values which will be treated as missing data
IMPORTANT WARNING: Alignment column 2148162 contains only undetermined values which will be treated as missing data
IMPORTANT WARNING: Alignment column 2380676 contains only undetermined values which will be treated as missing data
IMPORTANT WARNING: Alignment column 2380677 contains only undetermined values which will be treated as missing data
IMPORTANT WARNING: Alignment column 2380678 contains only undetermined values which will be treated as missing data
IMPORTANT WARNING: Alignment column 2380679 contains only undetermined values which will be treated as missing data
IMPORTANT WARNING: Alignment column 2773196 contains only undetermined values which will be treated as missing data
IMPORTANT WARNING: Alignment column 2773197 contains only undetermined values which will be treated as missing data
IMPORTANT WARNING: Alignment column 2773198 contains only undetermined values which will be treated as missing data
IMPORTANT WARNING: Alignment column 2773199 contains only undetermined values which will be treated as missing data
IMPORTANT WARNING: Alignment column 3207954 contains only undetermined values which will be treated as missing data
IMPORTANT WARNING: Alignment column 3207955 contains only undetermined values which will be treated as missing data
IMPORTANT WARNING: Alignment column 3207956 contains only undetermined values which will be treated as missing data
IMPORTANT WARNING: Alignment column 3207957 contains only undetermined values which will be treated as missing data
IMPORTANT WARNING: Alignment column 3352850 contains only undetermined values which will be treated as missing data
IMPORTANT WARNING: Alignment column 3352851 contains only undetermined values which will be treated as missing data
IMPORTANT WARNING: Alignment column 3352852 contains only undetermined values which will be treated as missing data
IMPORTANT WARNING: Alignment column 3352853 contains only undetermined values which will be treated as missing data
IMPORTANT WARNING: Alignment column 3356371 contains only undetermined values which will be treated as missing data
IMPORTANT WARNING: Alignment column 3356372 contains only undetermined values which will be treated as missing data
IMPORTANT WARNING: Alignment column 3356373 contains only undetermined values which will be treated as missing data
IMPORTANT WARNING: Alignment column 3356374 contains only undetermined values which will be treated as missing data
IMPORTANT WARNING: Alignment column 3357098 contains only undetermined values which will be treated as missing data
IMPORTANT WARNING: Alignment column 3357099 contains only undetermined values which will be treated as missing data
IMPORTANT WARNING: Alignment column 3357100 contains only undetermined values which will be treated as missing data
IMPORTANT WARNING: Alignment column 3357101 contains only undetermined values which will be treated as missing data
IMPORTANT WARNING: Alignment column 3357317 contains only undetermined values which will be treated as missing data
IMPORTANT WARNING: Alignment column 3357318 contains only undetermined values which will be treated as missing data
IMPORTANT WARNING: Alignment column 3357319 contains only undetermined values which will be treated as missing data
IMPORTANT WARNING: Alignment column 3357320 contains only undetermined values which will be treated as missing data
IMPORTANT WARNING: Alignment column 3362238 contains only undetermined values which will be treated as missing data
IMPORTANT WARNING: Alignment column 3362239 contains only undetermined values which will be treated as missing data
IMPORTANT WARNING: Alignment column 3362240 contains only undetermined values which will be treated as missing data
IMPORTANT WARNING: Alignment column 3362241 contains only undetermined values which will be treated as missing data
IMPORTANT WARNING: Alignment column 3366008 contains only undetermined values which will be treated as missing data
IMPORTANT WARNING: Alignment column 3366009 contains only undetermined values which will be treated as missing data
IMPORTANT WARNING: Alignment column 3366010 contains only undetermined values which will be treated as missing data
IMPORTANT WARNING: Alignment column 3366011 contains only undetermined values which will be treated as missing data
IMPORTANT WARNING: Alignment column 3368312 contains only undetermined values which will be treated as missing data
IMPORTANT WARNING: Alignment column 3368313 contains only undetermined values which will be treated as missing data
IMPORTANT WARNING: Alignment column 3368314 contains only undetermined values which will be treated as missing data
IMPORTANT WARNING: Alignment column 3368315 contains only undetermined values which will be treated as missing data
IMPORTANT WARNING: Alignment column 3426879 contains only undetermined values which will be treated as missing data
IMPORTANT WARNING: Alignment column 3426880 contains only undetermined values which will be treated as missing data
IMPORTANT WARNING: Alignment column 3426881 contains only undetermined values which will be treated as missing data
IMPORTANT WARNING: Alignment column 3426882 contains only undetermined values which will be treated as missing data
IMPORTANT WARNING: Alignment column 3586760 contains only undetermined values which will be treated as missing data
IMPORTANT WARNING: Alignment column 3586761 contains only undetermined values which will be treated as missing data
IMPORTANT WARNING: Alignment column 3586762 contains only undetermined values which will be treated as missing data
IMPORTANT WARNING: Alignment column 3586763 contains only undetermined values which will be treated as missing data
IMPORTANT WARNING: Alignment column 3620605 contains only undetermined values which will be treated as missing data
IMPORTANT WARNING: Alignment column 3620606 contains only undetermined values which will be treated as missing data
IMPORTANT WARNING: Alignment column 3620607 contains only undetermined values which will be treated as missing data
IMPORTANT WARNING: Alignment column 3620608 contains only undetermined values which will be treated as missing data
IMPORTANT WARNING: Alignment column 3693958 contains only undetermined values which will be treated as missing data
IMPORTANT WARNING: Alignment column 3693959 contains only undetermined values which will be treated as missing data
IMPORTANT WARNING: Alignment column 3693960 contains only undetermined values which will be treated as missing data
IMPORTANT WARNING: Alignment column 3693961 contains only undetermined values which will be treated as missing data
IMPORTANT WARNING: Alignment column 3988001 contains only undetermined values which will be treated as missing data
IMPORTANT WARNING: Alignment column 3988002 contains only undetermined values which will be treated as missing data
IMPORTANT WARNING: Alignment column 3988003 contains only undetermined values which will be treated as missing data
IMPORTANT WARNING: Alignment column 3988004 contains only undetermined values which will be treated as missing data
IMPORTANT WARNING: Alignment column 4044496 contains only undetermined values which will be treated as missing data
IMPORTANT WARNING: Alignment column 4044497 contains only undetermined values which will be treated as missing data
IMPORTANT WARNING: Alignment column 4044498 contains only undetermined values which will be treated as missing data
IMPORTANT WARNING: Alignment column 4044499 contains only undetermined values which will be treated as missing data
IMPORTANT WARNING: Alignment column 4267026 contains only undetermined values which will be treated as missing data
IMPORTANT WARNING: Alignment column 4267027 contains only undetermined values which will be treated as missing data
IMPORTANT WARNING: Alignment column 4267028 contains only undetermined values which will be treated as missing data
IMPORTANT WARNING: Alignment column 4267029 contains only undetermined values which will be treated as missing data
IMPORTANT WARNING: Alignment column 4284317 contains only undetermined values which will be treated as missing data
IMPORTANT WARNING: Alignment column 4284318 contains only undetermined values which will be treated as missing data
IMPORTANT WARNING: Alignment column 4284319 contains only undetermined values which will be treated as missing data
IMPORTANT WARNING: Alignment column 4284320 contains only undetermined values which will be treated as missing data

IMPORTANT WARNING
Found 126 columns that contain only undetermined values which will be treated as missing data.
Normally these columns should be excluded from the analysis.

Just in case you might need it, an alignment file with 
undetermined columns removed is printed to file sa-pter.phy.reduced


Using BFGS method to optimize GTR rate parameters, to disable this specify "--no-bfgs" 


Alignment has 126 completely undetermined sites that will be automatically removed from the input data



This is RAxML version 8.2.12 released by Alexandros Stamatakis on May 2018.

With greatly appreciated code contributions by:
Andre Aberer      (HITS)
Simon Berger      (HITS)
Alexey Kozlov     (HITS)
Kassian Kobert    (HITS)
David Dao         (KIT and HITS)
Sarah Lutteropp   (KIT and HITS)
Nick Pattengale   (Sandia)
Wayne Pfeiffer    (SDSC)
Akifumi S. Tanabe (NRIFS)
Charlie Taylor    (UF)


Alignment has 465081 distinct alignment patterns

Proportion of gaps and completely undetermined characters in this alignment: 58.62%

RAxML rapid bootstrapping and subsequent ML search

Using 1 distinct models/data partitions with joint branch length optimization



Executing 100 rapid bootstrap inferences and thereafter a thorough ML search 

All free model parameters will be estimated by RAxML
ML estimate of 25 per site rate categories

Likelihood of final tree will be evaluated and optimized under GAMMA

GAMMA Model parameters will be estimated up to an accuracy of 0.1000000000 Log Likelihood units

Partition: 0
Alignment Patterns: 465081
Name: No Name Provided
DataType: DNA
Substitution Matrix: GTR




RAxML was called as follows:

/usr/bin/raxmlHPC-PTHREADS-AVX -s sa-pter.phy -n sa-pter.out -m GTRCAT -f a -x 7497 -N 100 -p 12605 -T 16 



Time for BS model parameter optimization 29.365743
Bootstrap[0]: Time 259.325920 seconds, bootstrap likelihood -6262199.731052, best rearrangement setting 14
Bootstrap[1]: Time 104.250947 seconds, bootstrap likelihood -6260944.917135, best rearrangement setting 5
Bootstrap[2]: Time 150.289214 seconds, bootstrap likelihood -6260492.730197, best rearrangement setting 7
Bootstrap[3]: Time 204.806115 seconds, bootstrap likelihood -6262912.382851, best rearrangement setting 10
Bootstrap[4]: Time 204.554558 seconds, bootstrap likelihood -6261743.868260, best rearrangement setting 10
Bootstrap[5]: Time 213.613370 seconds, bootstrap likelihood -6260481.605675, best rearrangement setting 11
Bootstrap[6]: Time 220.633418 seconds, bootstrap likelihood -6264343.031824, best rearrangement setting 10
Bootstrap[7]: Time 214.215771 seconds, bootstrap likelihood -6263477.107156, best rearrangement setting 9
Bootstrap[8]: Time 246.480569 seconds, bootstrap likelihood -6263111.026752, best rearrangement setting 14
Bootstrap[9]: Time 235.894272 seconds, bootstrap likelihood -6261767.798993, best rearrangement setting 12
Bootstrap[10]: Time 240.630217 seconds, bootstrap likelihood -6262948.431269, best rearrangement setting 11
Bootstrap[11]: Time 106.425955 seconds, bootstrap likelihood -6261652.194374, best rearrangement setting 5
Bootstrap[12]: Time 222.620098 seconds, bootstrap likelihood -6263785.568753, best rearrangement setting 10
Bootstrap[13]: Time 236.900068 seconds, bootstrap likelihood -6263957.065568, best rearrangement setting 13
Bootstrap[14]: Time 239.861653 seconds, bootstrap likelihood -6265833.200573, best rearrangement setting 13
Bootstrap[15]: Time 177.962512 seconds, bootstrap likelihood -6263519.498338, best rearrangement setting 8
Bootstrap[16]: Time 162.633283 seconds, bootstrap likelihood -6260947.827041, best rearrangement setting 7
Bootstrap[17]: Time 242.566241 seconds, bootstrap likelihood -6261715.974239, best rearrangement setting 15
Bootstrap[18]: Time 229.588441 seconds, bootstrap likelihood -6263267.210412, best rearrangement setting 10
Bootstrap[19]: Time 168.213524 seconds, bootstrap likelihood -6263454.148886, best rearrangement setting 7
Bootstrap[20]: Time 112.389490 seconds, bootstrap likelihood -6261852.383653, best rearrangement setting 5
Bootstrap[21]: Time 227.571550 seconds, bootstrap likelihood -6261852.176032, best rearrangement setting 10
Bootstrap[22]: Time 241.811573 seconds, bootstrap likelihood -6261980.359646, best rearrangement setting 13
Bootstrap[23]: Time 236.896459 seconds, bootstrap likelihood -6263378.334553, best rearrangement setting 11
Bootstrap[24]: Time 135.964498 seconds, bootstrap likelihood -6261382.923191, best rearrangement setting 6
Bootstrap[25]: Time 176.322312 seconds, bootstrap likelihood -6259504.091047, best rearrangement setting 7
Bootstrap[26]: Time 154.304471 seconds, bootstrap likelihood -6263974.165258, best rearrangement setting 6
Bootstrap[27]: Time 230.656219 seconds, bootstrap likelihood -6266743.313714, best rearrangement setting 13
Bootstrap[28]: Time 209.008436 seconds, bootstrap likelihood -6261349.370113, best rearrangement setting 10
Bootstrap[29]: Time 223.396093 seconds, bootstrap likelihood -6261519.696359, best rearrangement setting 15
Bootstrap[30]: Time 154.777605 seconds, bootstrap likelihood -6264907.285982, best rearrangement setting 7
Bootstrap[31]: Time 227.247218 seconds, bootstrap likelihood -6262600.369665, best rearrangement setting 15
Bootstrap[32]: Time 223.428066 seconds, bootstrap likelihood -6264042.941777, best rearrangement setting 15
Bootstrap[33]: Time 130.547696 seconds, bootstrap likelihood -6264814.330501, best rearrangement setting 6
Bootstrap[34]: Time 132.874985 seconds, bootstrap likelihood -6262677.529777, best rearrangement setting 6
Bootstrap[35]: Time 226.761724 seconds, bootstrap likelihood -6263947.738457, best rearrangement setting 14
Bootstrap[36]: Time 225.165055 seconds, bootstrap likelihood -6262258.615567, best rearrangement setting 13
Bootstrap[37]: Time 202.246051 seconds, bootstrap likelihood -6262160.100503, best rearrangement setting 10
Bootstrap[38]: Time 222.566183 seconds, bootstrap likelihood -6261359.258710, best rearrangement setting 12
Bootstrap[39]: Time 197.950588 seconds, bootstrap likelihood -6261826.503690, best rearrangement setting 9
Bootstrap[40]: Time 218.871212 seconds, bootstrap likelihood -6264280.026985, best rearrangement setting 11
Bootstrap[41]: Time 210.636952 seconds, bootstrap likelihood -6263177.984414, best rearrangement setting 10
Bootstrap[42]: Time 150.200902 seconds, bootstrap likelihood -6262551.202177, best rearrangement setting 7
Bootstrap[43]: Time 211.881098 seconds, bootstrap likelihood -6261628.515278, best rearrangement setting 11
Bootstrap[44]: Time 213.975510 seconds, bootstrap likelihood -6263194.391407, best rearrangement setting 12
Bootstrap[45]: Time 175.468452 seconds, bootstrap likelihood -6261193.468322, best rearrangement setting 8
Bootstrap[46]: Time 160.359262 seconds, bootstrap likelihood -6263479.394001, best rearrangement setting 7
Bootstrap[47]: Time 184.640661 seconds, bootstrap likelihood -6261775.866055, best rearrangement setting 9
Bootstrap[48]: Time 125.371351 seconds, bootstrap likelihood -6264826.544216, best rearrangement setting 6
Bootstrap[49]: Time 212.242044 seconds, bootstrap likelihood -6260939.403114, best rearrangement setting 11
Bootstrap[50]: Time 222.742555 seconds, bootstrap likelihood -6261769.710016, best rearrangement setting 14
Bootstrap[51]: Time 131.421660 seconds, bootstrap likelihood -6262412.051525, best rearrangement setting 6
Bootstrap[52]: Time 140.708859 seconds, bootstrap likelihood -6264127.240227, best rearrangement setting 6
Bootstrap[53]: Time 221.085733 seconds, bootstrap likelihood -6263015.231079, best rearrangement setting 15
Bootstrap[54]: Time 165.919084 seconds, bootstrap likelihood -6262640.165578, best rearrangement setting 7
Bootstrap[55]: Time 184.861970 seconds, bootstrap likelihood -6261902.088334, best rearrangement setting 8
Bootstrap[56]: Time 217.757985 seconds, bootstrap likelihood -6261869.451951, best rearrangement setting 14
Bootstrap[57]: Time 180.570213 seconds, bootstrap likelihood -6261837.600486, best rearrangement setting 8
Bootstrap[58]: Time 208.634662 seconds, bootstrap likelihood -6263665.259516, best rearrangement setting 9
Bootstrap[59]: Time 215.836136 seconds, bootstrap likelihood -6262173.761356, best rearrangement setting 12
Bootstrap[60]: Time 214.449238 seconds, bootstrap likelihood -6264348.626281, best rearrangement setting 11
Bootstrap[61]: Time 205.580532 seconds, bootstrap likelihood -6261245.227110, best rearrangement setting 10
Bootstrap[62]: Time 220.071132 seconds, bootstrap likelihood -6262093.545214, best rearrangement setting 12
Bootstrap[63]: Time 211.360019 seconds, bootstrap likelihood -6261740.139337, best rearrangement setting 11
Bootstrap[64]: Time 212.131499 seconds, bootstrap likelihood -6261170.215974, best rearrangement setting 10
Bootstrap[65]: Time 223.975870 seconds, bootstrap likelihood -6263315.391197, best rearrangement setting 14
Bootstrap[66]: Time 115.090984 seconds, bootstrap likelihood -6264412.383635, best rearrangement setting 5
Bootstrap[67]: Time 144.108181 seconds, bootstrap likelihood -6258987.148850, best rearrangement setting 7
Bootstrap[68]: Time 214.501587 seconds, bootstrap likelihood -6265379.779463, best rearrangement setting 13
Bootstrap[69]: Time 218.903631 seconds, bootstrap likelihood -6262457.226120, best rearrangement setting 15
Bootstrap[70]: Time 166.127442 seconds, bootstrap likelihood -6262680.755119, best rearrangement setting 8
Bootstrap[71]: Time 197.631701 seconds, bootstrap likelihood -6261027.152173, best rearrangement setting 10
Bootstrap[72]: Time 186.436277 seconds, bootstrap likelihood -6258441.132170, best rearrangement setting 9
Bootstrap[73]: Time 216.098194 seconds, bootstrap likelihood -6266854.622381, best rearrangement setting 15
Bootstrap[74]: Time 214.079715 seconds, bootstrap likelihood -6259733.848834, best rearrangement setting 12
Bootstrap[75]: Time 217.333857 seconds, bootstrap likelihood -6259170.861097, best rearrangement setting 15
Bootstrap[76]: Time 218.946918 seconds, bootstrap likelihood -6262506.575868, best rearrangement setting 15
Bootstrap[77]: Time 196.698140 seconds, bootstrap likelihood -6262707.603951, best rearrangement setting 10
Bootstrap[78]: Time 209.336895 seconds, bootstrap likelihood -6261459.020638, best rearrangement setting 10
Bootstrap[79]: Time 190.263385 seconds, bootstrap likelihood -6261177.853661, best rearrangement setting 9
Bootstrap[80]: Time 162.709772 seconds, bootstrap likelihood -6263606.226358, best rearrangement setting 8
Bootstrap[81]: Time 133.153187 seconds, bootstrap likelihood -6265012.361450, best rearrangement setting 7
Bootstrap[82]: Time 136.941733 seconds, bootstrap likelihood -6261208.700666, best rearrangement setting 7
Bootstrap[83]: Time 169.507402 seconds, bootstrap likelihood -6263801.129325, best rearrangement setting 8
Bootstrap[84]: Time 106.450752 seconds, bootstrap likelihood -6264349.861933, best rearrangement setting 5
Bootstrap[85]: Time 179.664403 seconds, bootstrap likelihood -6260695.891228, best rearrangement setting 8
Bootstrap[86]: Time 170.047898 seconds, bootstrap likelihood -6261433.251624, best rearrangement setting 8
Bootstrap[87]: Time 214.491059 seconds, bootstrap likelihood -6261373.755768, best rearrangement setting 13
Bootstrap[88]: Time 172.406913 seconds, bootstrap likelihood -6261424.968657, best rearrangement setting 9
Bootstrap[89]: Time 194.772867 seconds, bootstrap likelihood -6262551.156463, best rearrangement setting 10
Bootstrap[90]: Time 217.242099 seconds, bootstrap likelihood -6262024.045321, best rearrangement setting 13
Bootstrap[91]: Time 157.214263 seconds, bootstrap likelihood -6261384.969138, best rearrangement setting 7
Bootstrap[92]: Time 138.753832 seconds, bootstrap likelihood -6263437.582248, best rearrangement setting 7
Bootstrap[93]: Time 212.889610 seconds, bootstrap likelihood -6261200.598128, best rearrangement setting 11
Bootstrap[94]: Time 135.890515 seconds, bootstrap likelihood -6259229.503614, best rearrangement setting 6
Bootstrap[95]: Time 213.641722 seconds, bootstrap likelihood -6261695.951778, best rearrangement setting 11
Bootstrap[96]: Time 118.891152 seconds, bootstrap likelihood -6262149.296555, best rearrangement setting 6
Bootstrap[97]: Time 215.304662 seconds, bootstrap likelihood -6260701.728581, best rearrangement setting 13
Bootstrap[98]: Time 214.441788 seconds, bootstrap likelihood -6264392.301301, best rearrangement setting 15
Bootstrap[99]: Time 201.335230 seconds, bootstrap likelihood -6264578.222791, best rearrangement setting 10


Overall Time for 100 Rapid Bootstraps 19207.409068 seconds
Average Time per Rapid Bootstrap 192.074091 seconds

Starting ML Search ...

Fast ML optimization finished

Fast ML search Time: 7629.350848 seconds

Slow ML Search 0 Likelihood: -6577909.821334
Slow ML Search 1 Likelihood: -6577909.804157
Slow ML Search 2 Likelihood: -6577909.810555
Slow ML Search 3 Likelihood: -6577909.815332
Slow ML Search 4 Likelihood: -6577909.815426
Slow ML Search 5 Likelihood: -6577909.818497
Slow ML Search 6 Likelihood: -6577909.819386
Slow ML Search 7 Likelihood: -6577909.839357
Slow ML Search 8 Likelihood: -6577909.621101
Slow ML Search 9 Likelihood: -6577909.818112
Slow ML optimization finished

Slow ML search Time: 3358.478726 seconds
Thorough ML search Time: 1946.297149 seconds

Final ML Optimization Likelihood: -6577888.959208

Model Information:

Model Parameters of Partition 0, Name: No Name Provided, Type of Data: DNA
alpha: 0.020000
Tree-Length: 0.084072
rate A <-> C: 1.003369
rate A <-> G: 5.213623
rate A <-> T: 0.736650
rate C <-> G: 1.591799
rate C <-> T: 4.419167
rate G <-> T: 1.000000

freq pi(A): 0.266839
freq pi(C): 0.230710
freq pi(G): 0.211721
freq pi(T): 0.290729


ML search took 12934.127472 secs or 3.592813 hours

Combined Bootstrap and ML search took 32141.536556 secs or 8.928205 hours

Drawing Bootstrap Support Values on best-scoring ML tree ...



Found 1 tree in File /home/sylvia/Documents/pteridium/raxml/RAxML_bestTree.sa-pter.out



Found 1 tree in File /home/sylvia/Documents/pteridium/raxml/RAxML_bestTree.sa-pter.out

Program execution info written to /home/sylvia/Documents/pteridium/raxml/RAxML_info.sa-pter.out
All 100 bootstrapped trees written to: /home/sylvia/Documents/pteridium/raxml/RAxML_bootstrap.sa-pter.out

Best-scoring ML tree written to: /home/sylvia/Documents/pteridium/raxml/RAxML_bestTree.sa-pter.out

Best-scoring ML tree with support values written to: /home/sylvia/Documents/pteridium/raxml/RAxML_bipartitions.sa-pter.out

Best-scoring ML tree with support values as branch labels written to: /home/sylvia/Documents/pteridium/raxml/RAxML_bipartitionsBranchLabels.sa-pter.out

Overall execution time for full ML analysis: 32141.539170 secs or 8.928205 hours or 0.372009 days

